2019-04-04 23:27:58,166: control.pubsub.sub.0000: agent_0.staging.output.0        : MainThread     : INFO    : python.interpreter   version: 2.7.5 (default, May 31 2018, 09:45:54) [GCC 4.8.5 20150623 (Red Hat 4.8.5-28)]
2019-04-04 23:27:58,167: control.pubsub.sub.0000: agent_0.staging.output.0        : MainThread     : INFO    :                      pid/tid: 114615/MainThread
2019-04-04 23:27:58,167: control.pubsub.sub.0000: agent_0.staging.output.0        : MainThread     : INFO    : create control_pubsub - sub - tcp://128.219.134.82:40577
2019-04-04 23:27:58,167: control.pubsub.sub.0000: agent_0.staging.output.0        : MainThread     : DEBUG   : start process
2019-04-04 23:27:58,167: control.pubsub.sub.0000: agent_0.staging.output.0        : MainThread     : DEBUG   : ru_initialize_common (NOOP)
2019-04-04 23:27:58,167: control.pubsub.sub.0000: agent_0.staging.output.0        : MainThread     : DEBUG   : ru_initialize_parent (NOOP)
2019-04-04 23:27:58,167: control.pubsub.sub.0000: agent_0.staging.output.0        : MainThread     : DEBUG   : process class started (no child)
2019-04-04 23:27:58,422: control.pubsub.sub.0000: agent_0.scheduling.0            : MainThread     : INFO    : python.interpreter   version: 2.7.5 (default, May 31 2018, 09:45:54) [GCC 4.8.5 20150623 (Red Hat 4.8.5-28)]
2019-04-04 23:27:58,423: control.pubsub.sub.0000: agent_0.scheduling.0            : MainThread     : INFO    :                      pid/tid: 114636/MainThread
2019-04-04 23:27:58,423: control.pubsub.sub.0000: agent_0.scheduling.0            : MainThread     : INFO    : create control_pubsub - sub - tcp://128.219.134.82:40577
2019-04-04 23:27:58,423: control.pubsub.sub.0000: agent_0.scheduling.0            : MainThread     : DEBUG   : start process
2019-04-04 23:27:58,423: control.pubsub.sub.0000: agent_0.scheduling.0            : MainThread     : DEBUG   : ru_initialize_common (NOOP)
2019-04-04 23:27:58,423: control.pubsub.sub.0000: agent_0.scheduling.0            : MainThread     : DEBUG   : ru_initialize_parent (NOOP)
2019-04-04 23:27:58,423: control.pubsub.sub.0000: agent_0.scheduling.0            : MainThread     : DEBUG   : process class started (no child)
2019-04-04 23:27:58,611: control.pubsub.sub.0000: agent_0.staging.input.0         : MainThread     : INFO    : python.interpreter   version: 2.7.5 (default, May 31 2018, 09:45:54) [GCC 4.8.5 20150623 (Red Hat 4.8.5-28)]
2019-04-04 23:27:58,611: control.pubsub.sub.0000: agent_0.staging.input.0         : MainThread     : INFO    :                      pid/tid: 114666/MainThread
2019-04-04 23:27:58,611: control.pubsub.sub.0000: agent_0.staging.input.0         : MainThread     : INFO    : create control_pubsub - sub - tcp://128.219.134.82:40577
2019-04-04 23:27:58,611: control.pubsub.sub.0000: agent_0.staging.input.0         : MainThread     : DEBUG   : start process
2019-04-04 23:27:58,612: control.pubsub.sub.0000: agent_0.staging.input.0         : MainThread     : DEBUG   : ru_initialize_common (NOOP)
2019-04-04 23:27:58,612: control.pubsub.sub.0000: agent_0.staging.input.0         : MainThread     : DEBUG   : ru_initialize_parent (NOOP)
2019-04-04 23:27:58,612: control.pubsub.sub.0000: agent_0.staging.input.0         : MainThread     : DEBUG   : process class started (no child)
2019-04-04 23:27:59,753: control.pubsub.sub.0000: update.0                        : MainThread     : INFO    : python.interpreter   version: 2.7.5 (default, May 31 2018, 09:45:54) [GCC 4.8.5 20150623 (Red Hat 4.8.5-28)]
2019-04-04 23:27:59,754: control.pubsub.sub.0000: update.0                        : MainThread     : INFO    :                      pid/tid: 114688/MainThread
2019-04-04 23:27:59,754: control.pubsub.sub.0000: update.0                        : MainThread     : INFO    : create control_pubsub - sub - tcp://128.219.134.82:40577
2019-04-04 23:27:59,754: control.pubsub.sub.0000: update.0                        : MainThread     : DEBUG   : start process
2019-04-04 23:27:59,754: control.pubsub.sub.0000: update.0                        : MainThread     : DEBUG   : ru_initialize_common (NOOP)
2019-04-04 23:27:59,754: control.pubsub.sub.0000: update.0                        : MainThread     : DEBUG   : ru_initialize_parent (NOOP)
2019-04-04 23:27:59,754: control.pubsub.sub.0000: update.0                        : MainThread     : DEBUG   : process class started (no child)
2019-04-04 23:28:02,091: control.pubsub.sub.0000: agent_0.executing.0             : MainThread     : INFO    : python.interpreter   version: 2.7.5 (default, May 31 2018, 09:45:54) [GCC 4.8.5 20150623 (Red Hat 4.8.5-28)]
2019-04-04 23:28:02,092: control.pubsub.sub.0000: agent_0.executing.0             : MainThread     : INFO    :                      pid/tid: 114713/MainThread
2019-04-04 23:28:02,092: control.pubsub.sub.0000: agent_0.executing.0             : MainThread     : INFO    : create control_pubsub - sub - tcp://128.219.134.82:40577
2019-04-04 23:28:02,092: control.pubsub.sub.0000: agent_0.executing.0             : MainThread     : DEBUG   : start process
2019-04-04 23:28:02,092: control.pubsub.sub.0000: agent_0.executing.0             : MainThread     : DEBUG   : ru_initialize_common (NOOP)
2019-04-04 23:28:02,092: control.pubsub.sub.0000: agent_0.executing.0             : MainThread     : DEBUG   : ru_initialize_parent (NOOP)
2019-04-04 23:28:02,092: control.pubsub.sub.0000: agent_0.executing.0             : MainThread     : DEBUG   : process class started (no child)
2019-04-05 01:05:42,013: control.pubsub.sub.0000: agent_0.staging.input.0         : agent_0.staging.input.0.child.subscriber._cancel_monitor_cb: INFO    : parent stops child  114666 -> None [control.pubsub.sub.0000]
2019-04-05 01:05:42,013: control.pubsub.sub.0000: agent_0.staging.input.0         : agent_0.staging.input.0.child.subscriber._cancel_monitor_cb: DEBUG   : ru_finalize_parent (NOOP)
2019-04-05 01:05:42,013: control.pubsub.sub.0000: agent_0.executing.0             : agent_0.executing.0.child.subscriber._cancel_monitor_cb: INFO    : parent stops child  114713 -> None [control.pubsub.sub.0000]
2019-04-05 01:05:42,014: control.pubsub.sub.0000: agent_0.staging.output.0        : agent_0.staging.output.0.child.subscriber._cancel_monitor_cb: INFO    : parent stops child  114615 -> None [control.pubsub.sub.0000]
2019-04-05 01:05:42,014: control.pubsub.sub.0000: agent_0.staging.output.0        : agent_0.staging.output.0.child.subscriber._cancel_monitor_cb: DEBUG   : ru_finalize_parent (NOOP)
2019-04-05 01:05:42,014: control.pubsub.sub.0000: agent_0.executing.0             : agent_0.executing.0.child.subscriber._cancel_monitor_cb: DEBUG   : ru_finalize_parent (NOOP)
2019-04-05 01:05:42,015: control.pubsub.sub.0000: agent_0.scheduling.0            : agent_0.scheduling.0.child.subscriber._cancel_monitor_cb: INFO    : parent stops child  114636 -> None [control.pubsub.sub.0000]
2019-04-05 01:05:42,015: control.pubsub.sub.0000: agent_0.scheduling.0            : agent_0.scheduling.0.child.subscriber._cancel_monitor_cb: DEBUG   : ru_finalize_parent (NOOP)
2019-04-05 01:05:42,015: control.pubsub.sub.0000: update.0                        : update.0.child.subscriber._cancel_monitor_cb: INFO    : parent stops child  114688 -> None [control.pubsub.sub.0000]
2019-04-05 01:05:42,015: control.pubsub.sub.0000: update.0                        : update.0.child.subscriber._cancel_monitor_cb: DEBUG   : ru_finalize_parent (NOOP)
