2019-04-03 18:41:39,718: pmgr.0000.launching.0: MainProcess                     : MainThread     : INFO    : python.interpreter   version: 2.7.15 | packaged by conda-forge | (default, Feb 28 2019, 04:20:34) [GCC 8.2.0]
2019-04-03 18:41:39,719: pmgr.0000.launching.0: MainProcess                     : MainThread     : INFO    :                      pid/tid: 2674/MainThread
2019-04-03 18:41:39,719: pmgr.0000.launching.0: MainProcess                     : MainThread     : DEBUG   : alive check in term
2019-04-03 18:41:39,719: pmgr.0000.launching.0: MainProcess                     : MainThread     : DEBUG   : start process
2019-04-03 18:41:40,854: pmgr.0000.launching.0: MainProcess                     : MainThread     : INFO    : recv message: alive
2019-04-03 18:41:40,855: pmgr.0000.launching.0: MainProcess                     : MainThread     : INFO    : initialize pmgr.0000.launching.0
2019-04-03 18:41:40,857: pmgr.0000.launching.0: MainProcess                     : MainThread     : INFO    : cfg: {'agents': {},
 u'bridges': {u'control_pubsub': {'addr_in': 'tcp://128.219.134.73:45491',
                                  'addr_out': 'tcp://128.219.134.73:44933',
                                  u'bulk_size': 0,
                                  u'log_level': u'error',
                                  u'stall_hwm': 1},
              u'log_pubsub': {'addr_in': 'tcp://128.219.134.73:35611',
                              'addr_out': 'tcp://128.219.134.73:33357',
                              u'bulk_size': 0,
                              u'log_level': u'error',
                              u'stall_hwm': 1},
              u'pmgr_launching_queue': {'addr_in': 'tcp://128.219.134.73:42667',
                                        'addr_out': 'tcp://128.219.134.73:45363',
                                        u'bulk_size': 0,
                                        u'log_level': u'error',
                                        u'stall_hwm': 1},
              u'state_pubsub': {'addr_in': 'tcp://128.219.134.73:46545',
                                'addr_out': 'tcp://128.219.134.73:35123',
                                u'bulk_size': 0,
                                u'log_level': u'error',
                                u'stall_hwm': 1}},
 'cname': u'PMGRLaunchingComponent',
 u'components': {},
 u'count': 1,
 u'db_poll_sleeptime': 10.0,
 'number': 0,
 'owner': 'pmgr.0000',
 'uid': 'pmgr.0000'}
2019-04-03 18:41:40,857: pmgr.0000.launching.0: MainProcess                     : MainThread     : DEBUG   : alive check in term
2019-04-03 18:41:40,857: pmgr.0000.launching.0: MainProcess                     : MainThread     : DEBUG   : START: pmgr.0000.launching.0 register publisher log_pubsub
2019-04-03 18:41:40,857: pmgr.0000.launching.0: MainProcess                     : MainThread     : DEBUG   : using addr tcp://128.219.134.73:35611 for pubsub log_pubsub
2019-04-03 18:41:40,859: pmgr.0000.launching.0: MainProcess                     : MainThread     : DEBUG   : registered publisher : log_pubsub : log.pubsub.pub.0001
2019-04-03 18:41:40,859: pmgr.0000.launching.0: MainProcess                     : MainThread     : DEBUG   : alive check in term
2019-04-03 18:41:40,859: pmgr.0000.launching.0: MainProcess                     : MainThread     : DEBUG   : START: pmgr.0000.launching.0 register publisher state_pubsub
2019-04-03 18:41:40,859: pmgr.0000.launching.0: MainProcess                     : MainThread     : DEBUG   : using addr tcp://128.219.134.73:46545 for pubsub state_pubsub
2019-04-03 18:41:40,861: pmgr.0000.launching.0: MainProcess                     : MainThread     : DEBUG   : registered publisher : state_pubsub : state.pubsub.pub.0001
2019-04-03 18:41:40,861: pmgr.0000.launching.0: MainProcess                     : MainThread     : DEBUG   : alive check in term
2019-04-03 18:41:40,861: pmgr.0000.launching.0: MainProcess                     : MainThread     : DEBUG   : START: pmgr.0000.launching.0 register publisher control_pubsub
2019-04-03 18:41:40,869: pmgr.0000.launching.0: MainProcess                     : MainThread     : DEBUG   : using addr tcp://128.219.134.73:45491 for pubsub control_pubsub
2019-04-03 18:41:40,871: pmgr.0000.launching.0: MainProcess                     : MainThread     : DEBUG   : registered publisher : control_pubsub : control.pubsub.pub.0001
2019-04-03 18:41:40,871: pmgr.0000.launching.0: MainProcess                     : MainThread     : DEBUG   : parent name: pmgr.0000.launching.0.watch
2019-04-03 18:41:40,871: pmgr.0000.launching.0: MainProcess                     : MainThread     : DEBUG   : start thread
2019-04-03 18:41:40,871: pmgr.0000.launching.0: MainProcess                     : pmgr.0000.launching.0.watch: DEBUG   : child name: pmgr.0000.launching.0.watch.thread
2019-04-03 18:41:40,872: pmgr.0000.launching.0: MainProcess                     : pmgr.0000.launching.0.watch: INFO    : child (me) initializing
2019-04-03 18:41:40,872: pmgr.0000.launching.0: MainProcess                     : pmgr.0000.launching.0.watch: DEBUG   : ru_initialize_common (NOOP)
2019-04-03 18:41:40,872: pmgr.0000.launching.0: MainProcess                     : pmgr.0000.launching.0.watch: DEBUG   : ru_initialize_child (NOOP)
2019-04-03 18:41:40,872: pmgr.0000.launching.0: MainProcess                     : pmgr.0000.launching.0.watch: INFO    : send alive
2019-04-03 18:41:40,872: pmgr.0000.launching.0: MainProcess                     : pmgr.0000.launching.0.watch: INFO    : put message: [pmgr.0000.launching.0.watch.thread] alive
2019-04-03 18:41:40,873: pmgr.0000.launching.0: MainProcess                     : MainThread     : INFO    : get msg: alive
2019-04-03 18:41:40,873: pmgr.0000.launching.0: MainProcess                     : MainThread     : DEBUG   : ru_initialize_common (NOOP)
2019-04-03 18:41:40,873: pmgr.0000.launching.0: MainProcess                     : MainThread     : DEBUG   : ru_initialize_parent (NOOP)
2019-04-03 18:41:40,873: pmgr.0000.launching.0: MainProcess                     : MainThread     : DEBUG   : child thread pmgr.0000.launching.0.watch started
2019-04-03 18:41:40,873: pmgr.0000.launching.0: MainProcess                     : MainThread     : INFO    : child is alive
2019-04-03 18:41:40,873: pmgr.0000.launching.0: MainProcess                     : MainThread     : DEBUG   : process class started child
2019-04-03 18:44:41,693: pmgr.0000.launching.0: MainProcess                     : MainThread     : INFO    : stop pmgr.0000.launching.0 (2674 : 2823 : MainThread) [radical.pilot.pilot_manager.PilotManager.finalize_parent]
2019-04-03 18:44:41,696: pmgr.0000.launching.0: MainProcess                     : MainThread     : INFO    : parent stops child  2674 -> 2823 [pmgr.0000.launching.0]
2019-04-03 18:44:41,696: pmgr.0000.launching.0: MainProcess                     : MainThread     : INFO    : send message: [pmgr.0000.launching.0] STOP
2019-04-03 18:44:41,696: pmgr.0000.launching.0: MainProcess                     : MainThread     : DEBUG   : ru_finalize_common()
2019-04-03 18:44:41,696: pmgr.0000.launching.0: MainProcess                     : MainThread     : DEBUG   : TERM : pmgr.0000.launching.0 unregister publisher log_pubsub
2019-04-03 18:44:41,697: pmgr.0000.launching.0: MainProcess                     : MainThread     : DEBUG   : unregistered publisher log_pubsub
2019-04-03 18:44:41,697: pmgr.0000.launching.0: MainProcess                     : MainThread     : DEBUG   : TERM : pmgr.0000.launching.0 unregister publisher state_pubsub
2019-04-03 18:44:41,697: pmgr.0000.launching.0: MainProcess                     : MainThread     : DEBUG   : unregistered publisher state_pubsub
2019-04-03 18:44:41,697: pmgr.0000.launching.0: MainProcess                     : MainThread     : DEBUG   : TERM : pmgr.0000.launching.0 unregister publisher control_pubsub
2019-04-03 18:44:41,698: pmgr.0000.launching.0: MainProcess                     : MainThread     : DEBUG   : unregistered publisher control_pubsub
2019-04-03 18:44:41,698: pmgr.0000.launching.0: MainProcess                     : MainThread     : DEBUG   : pmgr.0000.launching.0 close prof
2019-04-03 18:44:41,700: pmgr.0000.launching.0: MainProcess                     : MainThread     : INFO    : parent stops child
2019-04-03 18:44:41,700: pmgr.0000.launching.0: MainProcess                     : MainThread     : DEBUG   : ru_finalize_parent (NOOP)
2019-04-03 18:44:41,700: pmgr.0000.launching.0: MainProcess                     : MainThread     : DEBUG   : ru_finalize_common (NOOP)
2019-04-03 18:44:41,791: pmgr.0000.launching.0: MainProcess                     : pmgr.0000.launching.0.watch: INFO    : watcher closes
2019-04-03 18:44:41,791: pmgr.0000.launching.0: MainProcess                     : pmgr.0000.launching.0.watch: INFO    : put message: [pmgr.0000.launching.0.watch.thread] work finished
2019-04-03 18:44:41,791: pmgr.0000.launching.0: MainProcess                     : pmgr.0000.launching.0.watch: DEBUG   : ru_finalize_child (NOOP)
2019-04-03 18:44:41,791: pmgr.0000.launching.0: MainProcess                     : pmgr.0000.launching.0.watch: DEBUG   : ru_finalize_common (NOOP)
2019-04-03 18:44:41,791: pmgr.0000.launching.0: MainProcess                     : pmgr.0000.launching.0.watch: INFO    : put message: [pmgr.0000.launching.0.watch.thread] terminating
2019-04-03 18:44:43,814: pmgr.0000.launching.0: MainProcess                     : MainThread     : WARNING : failed to stop child - terminate: 2674 -> 2823 [pmgr.0000.launching.0]
2019-04-03 18:44:44,038: pmgr.0000.launching.0: MainProcess                     : MainThread     : INFO    : stop pmgr.0000.launching.0 (2674 : 2823 : MainThread) [radical.pilot.utils.component.PilotManager.ru_finalize_common]
2019-04-03 18:44:46,589: pmgr.0000.launching.0: MainProcess                     : MainThread     : INFO    : stop pmgr.0000.launching.0 (2674 : 2823 : MainThread) [radical.pilot.session.Session.close]
