2019-04-03 18:43:31,672: umgr.0000           : task-manager                    : Thread-1       : INFO    : python.interpreter   version: 2.7.15 | packaged by conda-forge | (default, Feb 28 2019, 04:20:34) [GCC 8.2.0]
2019-04-03 18:43:31,674: umgr.0000           : task-manager                    : Thread-1       : INFO    :                      pid/tid: 6870/Thread-1
2019-04-03 18:43:31,674: umgr.0000           : task-manager                    : Thread-1       : DEBUG   : alive check in term
2019-04-03 18:43:31,675: umgr.0000           : task-manager                    : Thread-1       : DEBUG   : start process
2019-04-03 18:43:31,675: umgr.0000           : task-manager                    : Thread-1       : INFO    : initialize umgr.0000
2019-04-03 18:43:31,677: umgr.0000           : task-manager                    : Thread-1       : INFO    : cfg: {u'bridges': {u'umgr_reschedule_pubsub': {u'bulk_size': 0,
                                          u'log_level': u'error',
                                          u'stall_hwm': 1},
              u'umgr_scheduling_queue': {u'bulk_size': 0,
                                         u'log_level': u'error',
                                         u'stall_hwm': 1},
              u'umgr_staging_input_queue': {u'bulk_size': 0,
                                            u'log_level': u'error',
                                            u'stall_hwm': 1},
              u'umgr_staging_output_queue': {u'bulk_size': 0,
                                             u'log_level': u'error',
                                             u'stall_hwm': 1},
              u'umgr_unschedule_pubsub': {u'bulk_size': 0,
                                          u'log_level': u'error',
                                          u'stall_hwm': 1}},
 u'bulk_collection_size': 100,
 u'bulk_collection_time': 1.0,
 u'components': {u'UMGRSchedulingComponent': {u'count': 1},
                 u'UMGRStagingInputComponent': {u'count': 1},
                 u'UMGRStagingOutputComponent': {u'count': 1}},
 u'db_poll_sleeptime': 1.0,
 'owner': 'umgr.0000',
 u'scheduler': u'round_robin'}
2019-04-03 18:43:31,678: umgr.0000           : task-manager                    : Thread-1       : DEBUG   : start bridges   : {u'umgr_reschedule_pubsub': {u'bulk_size': 0,
                             u'log_level': u'error',
                             u'stall_hwm': 1},
 u'umgr_scheduling_queue': {u'bulk_size': 0,
                            u'log_level': u'error',
                            u'stall_hwm': 1},
 u'umgr_staging_input_queue': {u'bulk_size': 0,
                               u'log_level': u'error',
                               u'stall_hwm': 1},
 u'umgr_staging_output_queue': {u'bulk_size': 0,
                                u'log_level': u'error',
                                u'stall_hwm': 1},
 u'umgr_unschedule_pubsub': {u'bulk_size': 0,
                             u'log_level': u'error',
                             u'stall_hwm': 1}}
2019-04-03 18:43:31,678: umgr.0000           : task-manager                    : Thread-1       : INFO    : create bridge umgr_reschedule_pubsub
2019-04-03 18:43:31,690: umgr.0000           : task-manager                    : Thread-1       : INFO    : created bridge umgr_reschedule_pubsub (umgr.reschedule.pubsub.bridge.0000)
2019-04-03 18:43:31,692: umgr.0000           : task-manager                    : Thread-1       : INFO    : create bridge umgr_staging_input_queue
2019-04-03 18:43:31,701: umgr.0000           : task-manager                    : Thread-1       : INFO    : created bridge umgr_staging_input_queue (umgr.staging.input.queue.bridge.0000)
2019-04-03 18:43:31,702: umgr.0000           : task-manager                    : Thread-1       : INFO    : create bridge umgr_staging_output_queue
2019-04-03 18:43:31,711: umgr.0000           : task-manager                    : Thread-1       : INFO    : created bridge umgr_staging_output_queue (umgr.staging.output.queue.bridge.0000)
2019-04-03 18:43:31,712: umgr.0000           : task-manager                    : Thread-1       : INFO    : create bridge umgr_unschedule_pubsub
2019-04-03 18:43:31,724: umgr.0000           : task-manager                    : Thread-1       : INFO    : created bridge umgr_unschedule_pubsub (umgr.unschedule.pubsub.bridge.0000)
2019-04-03 18:43:31,724: umgr.0000           : task-manager                    : Thread-1       : INFO    : create bridge umgr_scheduling_queue
2019-04-03 18:43:31,736: umgr.0000           : task-manager                    : Thread-1       : INFO    : created bridge umgr_scheduling_queue (umgr.scheduling.queue.bridge.0000)
2019-04-03 18:43:31,736: umgr.0000           : task-manager                    : Thread-1       : DEBUG   : start components: {u'UMGRSchedulingComponent': {u'count': 1},
 u'UMGRStagingInputComponent': {u'count': 1},
 u'UMGRStagingOutputComponent': {u'count': 1}}
2019-04-03 18:43:31,736: umgr.0000           : task-manager                    : Thread-1       : DEBUG   : start 1 component(s) UMGRStagingInputComponent
2019-04-03 18:43:32,155: umgr.0000           : task-manager                    : Thread-1       : INFO    : umgr.0000                      starts umgr.0000.staging.input.0
2019-04-03 18:43:32,155: umgr.0000           : task-manager                    : Thread-1       : DEBUG   : start 1 component(s) UMGRStagingOutputComponent
2019-04-03 18:43:32,387: umgr.0000           : task-manager                    : Thread-1       : INFO    : umgr.0000                      starts umgr.0000.staging.output.0
2019-04-03 18:43:32,387: umgr.0000           : task-manager                    : Thread-1       : DEBUG   : start 1 component(s) UMGRSchedulingComponent
2019-04-03 18:43:32,632: umgr.0000           : task-manager                    : Thread-1       : INFO    : umgr.0000                      starts umgr.0000.scheduling.0
2019-04-03 18:43:32,632: umgr.0000           : task-manager                    : Thread-1       : DEBUG   : alive check in term
2019-04-03 18:43:32,633: umgr.0000           : task-manager                    : Thread-1       : DEBUG   : START: umgr.0000 register publisher log_pubsub
2019-04-03 18:43:32,633: umgr.0000           : task-manager                    : Thread-1       : DEBUG   : using addr tcp://128.219.134.73:35611 for pubsub log_pubsub
2019-04-03 18:43:32,635: umgr.0000           : task-manager                    : Thread-1       : DEBUG   : registered publisher : log_pubsub : log.pubsub.pub.0006
2019-04-03 18:43:32,635: umgr.0000           : task-manager                    : Thread-1       : DEBUG   : alive check in term
2019-04-03 18:43:32,635: umgr.0000           : task-manager                    : Thread-1       : DEBUG   : START: umgr.0000 register publisher state_pubsub
2019-04-03 18:43:32,635: umgr.0000           : task-manager                    : Thread-1       : DEBUG   : using addr tcp://128.219.134.73:46545 for pubsub state_pubsub
2019-04-03 18:43:32,638: umgr.0000           : task-manager                    : Thread-1       : DEBUG   : registered publisher : state_pubsub : state.pubsub.pub.0006
2019-04-03 18:43:32,638: umgr.0000           : task-manager                    : Thread-1       : DEBUG   : alive check in term
2019-04-03 18:43:32,638: umgr.0000           : task-manager                    : Thread-1       : DEBUG   : START: umgr.0000 register publisher control_pubsub
2019-04-03 18:43:32,638: umgr.0000           : task-manager                    : Thread-1       : DEBUG   : using addr tcp://128.219.134.73:45491 for pubsub control_pubsub
2019-04-03 18:43:32,640: umgr.0000           : task-manager                    : Thread-1       : DEBUG   : registered publisher : control_pubsub : control.pubsub.pub.0006
2019-04-03 18:43:32,640: umgr.0000           : task-manager                    : Thread-1       : DEBUG   : process class started (no child)
2019-04-03 18:43:32,640: umgr.0000           : task-manager                    : Thread-1       : INFO    : started umgr umgr.0000
2019-04-03 18:43:32,640: umgr.0000           : task-manager                    : Thread-1       : DEBUG   : START: umgr.0000 register output UMGR_SCHEDULING_PENDING
2019-04-03 18:43:32,640: umgr.0000           : task-manager                    : Thread-1       : DEBUG   : using addr tcp://128.219.134.73:33857 for output umgr_scheduling_queue
2019-04-03 18:43:32,643: umgr.0000           : task-manager                    : Thread-1       : DEBUG   : registered output    : UMGR_SCHEDULING_PENDING : umgr_scheduling_queue : umgr.scheduling.queue.input.0000
2019-04-03 18:43:32,644: umgr.0000           : task-manager                    : Thread-1       : DEBUG   : START: umgr.0000 register output UMGR_STAGING_OUTPUT_PENDING
2019-04-03 18:43:32,644: umgr.0000           : task-manager                    : Thread-1       : DEBUG   : using addr tcp://128.219.134.73:40543 for output umgr_staging_output_queue
2019-04-03 18:43:32,647: umgr.0000           : task-manager                    : Thread-1       : DEBUG   : registered output    : UMGR_STAGING_OUTPUT_PENDING : umgr_staging_output_queue : umgr.staging.output.queue.input.0000
2019-04-03 18:43:32,647: umgr.0000           : task-manager                    : Thread-1       : DEBUG   : START: umgr.0000 register idler umgr.0000.idler._state_pull_cb
2019-04-03 18:43:32,647: umgr.0000           : task-manager                    : Thread-1       : DEBUG   : parent name: umgr.0000.idler._state_pull_cb
2019-04-03 18:43:32,647: umgr.0000           : task-manager                    : Thread-1       : DEBUG   : start thread
2019-04-03 18:43:32,648: umgr.0000           : task-manager                    : umgr.0000.idler._state_pull_cb: DEBUG   : child name: umgr.0000.idler._state_pull_cb.thread
2019-04-03 18:43:32,648: umgr.0000           : task-manager                    : umgr.0000.idler._state_pull_cb: INFO    : child (me) initializing
2019-04-03 18:43:32,648: umgr.0000           : task-manager                    : umgr.0000.idler._state_pull_cb: DEBUG   : ru_initialize_common (NOOP)
2019-04-03 18:43:32,648: umgr.0000           : task-manager                    : umgr.0000.idler._state_pull_cb: DEBUG   : ru_initialize_child (NOOP)
2019-04-03 18:43:32,648: umgr.0000           : task-manager                    : umgr.0000.idler._state_pull_cb: INFO    : send alive
2019-04-03 18:43:32,648: umgr.0000           : task-manager                    : umgr.0000.idler._state_pull_cb: INFO    : put message: [umgr.0000.idler._state_pull_cb.thread] alive
2019-04-03 18:43:32,649: umgr.0000           : task-manager                    : Thread-1       : INFO    : get msg: alive
2019-04-03 18:43:32,649: umgr.0000           : task-manager                    : Thread-1       : DEBUG   : ru_initialize_common (NOOP)
2019-04-03 18:43:32,649: umgr.0000           : task-manager                    : Thread-1       : DEBUG   : ru_initialize_parent (NOOP)
2019-04-03 18:43:32,649: umgr.0000           : task-manager                    : Thread-1       : DEBUG   : child thread umgr.0000.idler._state_pull_cb started
2019-04-03 18:43:32,649: umgr.0000           : task-manager                    : Thread-1       : DEBUG   : umgr.0000 registered idler umgr.0000.idler._state_pull_cb
2019-04-03 18:43:32,650: umgr.0000           : task-manager                    : Thread-1       : DEBUG   : START: umgr.0000 register idler umgr.0000.idler._unit_pull_cb
2019-04-03 18:43:32,780: umgr.0000           : task-manager                    : Thread-1       : DEBUG   : parent name: umgr.0000.idler._unit_pull_cb
2019-04-03 18:43:32,781: umgr.0000           : task-manager                    : Thread-1       : DEBUG   : start thread
2019-04-03 18:43:32,781: umgr.0000           : task-manager                    : umgr.0000.idler._unit_pull_cb: DEBUG   : child name: umgr.0000.idler._unit_pull_cb.thread
2019-04-03 18:43:32,781: umgr.0000           : task-manager                    : umgr.0000.idler._unit_pull_cb: INFO    : child (me) initializing
2019-04-03 18:43:32,782: umgr.0000           : task-manager                    : umgr.0000.idler._unit_pull_cb: DEBUG   : ru_initialize_common (NOOP)
2019-04-03 18:43:32,782: umgr.0000           : task-manager                    : umgr.0000.idler._unit_pull_cb: DEBUG   : ru_initialize_child (NOOP)
2019-04-03 18:43:32,782: umgr.0000           : task-manager                    : umgr.0000.idler._unit_pull_cb: INFO    : send alive
2019-04-03 18:43:32,782: umgr.0000           : task-manager                    : umgr.0000.idler._unit_pull_cb: INFO    : put message: [umgr.0000.idler._unit_pull_cb.thread] alive
2019-04-03 18:43:32,782: umgr.0000           : task-manager                    : Thread-1       : INFO    : get msg: alive
2019-04-03 18:43:32,783: umgr.0000           : task-manager                    : Thread-1       : DEBUG   : ru_initialize_common (NOOP)
2019-04-03 18:43:32,783: umgr.0000           : task-manager                    : Thread-1       : DEBUG   : ru_initialize_parent (NOOP)
2019-04-03 18:43:32,783: umgr.0000           : task-manager                    : Thread-1       : DEBUG   : child thread umgr.0000.idler._unit_pull_cb started
2019-04-03 18:43:32,783: umgr.0000           : task-manager                    : Thread-1       : DEBUG   : umgr.0000 registered idler umgr.0000.idler._unit_pull_cb
2019-04-03 18:43:32,784: umgr.0000           : task-manager                    : Thread-1       : DEBUG   : START: umgr.0000 register subscriber umgr.0000.subscriber._state_sub_cb
2019-04-03 18:43:32,784: umgr.0000           : task-manager                    : Thread-1       : DEBUG   : using addr tcp://128.219.134.73:35123 for pubsub state_pubsub
2019-04-03 18:43:32,787: umgr.0000           : task-manager                    : Thread-1       : DEBUG   : parent name: umgr.0000.subscriber._state_sub_cb
2019-04-03 18:43:32,787: umgr.0000           : task-manager                    : Thread-1       : DEBUG   : start thread
2019-04-03 18:43:32,788: umgr.0000           : task-manager                    : umgr.0000.subscriber._state_sub_cb: DEBUG   : child name: umgr.0000.subscriber._state_sub_cb.thread
2019-04-03 18:43:32,788: umgr.0000           : task-manager                    : umgr.0000.subscriber._state_sub_cb: INFO    : child (me) initializing
2019-04-03 18:43:32,788: umgr.0000           : task-manager                    : umgr.0000.subscriber._state_sub_cb: DEBUG   : ru_initialize_common (NOOP)
2019-04-03 18:43:32,788: umgr.0000           : task-manager                    : umgr.0000.subscriber._state_sub_cb: DEBUG   : ru_initialize_child (NOOP)
2019-04-03 18:43:32,788: umgr.0000           : task-manager                    : umgr.0000.subscriber._state_sub_cb: INFO    : send alive
2019-04-03 18:43:32,789: umgr.0000           : task-manager                    : umgr.0000.subscriber._state_sub_cb: INFO    : put message: [umgr.0000.subscriber._state_sub_cb.thread] alive
2019-04-03 18:43:32,789: umgr.0000           : task-manager                    : Thread-1       : INFO    : get msg: alive
2019-04-03 18:43:32,789: umgr.0000           : task-manager                    : Thread-1       : DEBUG   : ru_initialize_common (NOOP)
2019-04-03 18:43:32,789: umgr.0000           : task-manager                    : Thread-1       : DEBUG   : ru_initialize_parent (NOOP)
2019-04-03 18:43:32,789: umgr.0000           : task-manager                    : Thread-1       : DEBUG   : child thread umgr.0000.subscriber._state_sub_cb started
2019-04-03 18:43:32,805: umgr.0000           : task-manager                    : umgr.0000.idler._unit_pull_cb: INFO    : units pulled:    0
2019-04-03 18:43:32,805: umgr.0000           : task-manager                    : Thread-1       : DEBUG   : umgr.0000 registered state_pubsub subscriber umgr.0000.subscriber._state_sub_cb
2019-04-03 18:43:32,859: umgr.0000           : task-manager                    : Thread-1       : DEBUG   : advance bulk size: 1 [False, False]
2019-04-03 18:43:32,881: umgr.0000           : task-manager                    : Thread-1       : DEBUG   : advance bulk size: 1 [True, True]
2019-04-03 18:43:32,882: umgr.0000           : task-manager                    : Thread-1       : DEBUG   : put bulk UMGR_SCHEDULING_PENDING: 1
2019-04-03 18:43:32,882: umgr.0000           : task-manager                    : umgr.0000.subscriber._state_sub_cb: DEBUG   : umgr state cb for unit: unit.000000
2019-04-03 18:43:32,882: umgr.0000           : task-manager                    : umgr.0000.subscriber._state_sub_cb: DEBUG   : unit.000000 calls state cb <bound method ComputeUnit._default_state_cb of {'resource_sandbox': None, 'uid': 'unit.000000', 'stdout': None, 'name': 'task.0000,md,stage.0000,OpenMM,pipeline.0000,MD', 'client_sandbox': None, 'umgr': 'umgr.0000', 'description': {'kernel': '', 'stdout': '', 'lfs_per_process': 0, 'post_exec': [], 'tag': None, 'gpu_process_type': '', 'executable': '/ccs/home/jdakka/.conda/envs/openmm/bin/python', 'cpu_thread_type': '', 'pre_exec': ['module load python/2.7.15-anaconda2-5.3.0', 'module load cuda/9.1.85', 'module load gcc/6.4.0', 'source activate openmm', 'cd /gpfs/alpine/scratch/jdakka/bip178/benchmarks/MD_exps/fs-pep/results_2'], 'environment': {}, 'gpu_threads': 1, 'arguments': ['run_openmm.py', '-f', '/gpfs/alpine/scratch/jdakka/bip178/benchmarks/MD_exps/fs-pep/pdb/100-fs-peptide-400K.pdb'], 'gpu_processes': 1, 'cpu_processes': 1, 'restartable': False, 'tags': {}, 'output_staging': [], 'input_staging': [], 'cpu_threads': 1, 'cpu_process_type': '', 'pilot': '', 'name': 'task.0000,md,stage.0000,OpenMM,pipeline.0000,MD', 'gpu_thread_type': 'CUDA', 'stderr': '', 'metadata': None, 'cleanup': False}, 'exit_code': None, 'state': 'UMGR_SCHEDULING_PENDING', 'stderr': None, 'pilot': '', 'type': 'unit', 'unit_sandbox': None, 'pilot_sandbox': None}>
2019-04-03 18:43:32,883: umgr.0000           : task-manager                    : umgr.0000.subscriber._state_sub_cb: INFO    : [Callback]: unit unit.000000 state: UMGR_SCHEDULING_PENDING.
2019-04-03 18:43:32,883: umgr.0000           : task-manager                    : umgr.0000.subscriber._state_sub_cb: DEBUG   : umgr.0000 calls state cb unit_state_cb for unit.000000
2019-04-03 18:43:32,883: umgr.0000           : task-manager                    : umgr.0000.subscriber._state_sub_cb: DEBUG   : umgr state cb for unit: unit.000000
2019-04-03 18:43:32,884: umgr.0000           : task-manager                    : umgr.0000.subscriber._state_sub_cb: DEBUG   : unit.000000 calls state cb <bound method ComputeUnit._default_state_cb of {'resource_sandbox': None, 'uid': 'unit.000000', 'stdout': None, 'name': 'task.0000,md,stage.0000,OpenMM,pipeline.0000,MD', 'client_sandbox': None, 'umgr': 'umgr.0000', 'description': {'kernel': '', 'stdout': '', 'lfs_per_process': 0, 'post_exec': [], 'tag': None, 'gpu_process_type': '', 'executable': '/ccs/home/jdakka/.conda/envs/openmm/bin/python', 'cpu_thread_type': '', 'pre_exec': ['module load python/2.7.15-anaconda2-5.3.0', 'module load cuda/9.1.85', 'module load gcc/6.4.0', 'source activate openmm', 'cd /gpfs/alpine/scratch/jdakka/bip178/benchmarks/MD_exps/fs-pep/results_2'], 'environment': {}, 'gpu_threads': 1, 'arguments': ['run_openmm.py', '-f', '/gpfs/alpine/scratch/jdakka/bip178/benchmarks/MD_exps/fs-pep/pdb/100-fs-peptide-400K.pdb'], 'gpu_processes': 1, 'cpu_processes': 1, 'restartable': False, 'tags': {}, 'output_staging': [], 'input_staging': [], 'cpu_threads': 1, 'cpu_process_type': '', 'pilot': '', 'name': 'task.0000,md,stage.0000,OpenMM,pipeline.0000,MD', 'gpu_thread_type': 'CUDA', 'stderr': '', 'metadata': None, 'cleanup': False}, 'exit_code': None, 'state': 'UMGR_SCHEDULING', 'stderr': None, 'pilot': '', 'type': 'unit', 'unit_sandbox': None, 'pilot_sandbox': None}>
2019-04-03 18:43:32,884: umgr.0000           : task-manager                    : umgr.0000.subscriber._state_sub_cb: INFO    : [Callback]: unit unit.000000 state: UMGR_SCHEDULING.
2019-04-03 18:43:32,884: umgr.0000           : task-manager                    : umgr.0000.subscriber._state_sub_cb: DEBUG   : umgr.0000 calls state cb unit_state_cb for unit.000000
2019-04-03 18:43:32,884: umgr.0000           : task-manager                    : umgr.0000.subscriber._state_sub_cb: DEBUG   : umgr state cb for unit: unit.000000
2019-04-03 18:43:32,885: umgr.0000           : task-manager                    : umgr.0000.subscriber._state_sub_cb: DEBUG   : unit.000000 calls state cb <bound method ComputeUnit._default_state_cb of {'resource_sandbox': None, 'uid': 'unit.000000', 'stdout': None, 'name': 'task.0000,md,stage.0000,OpenMM,pipeline.0000,MD', 'client_sandbox': None, 'umgr': 'umgr.0000', 'description': {'kernel': '', 'stdout': '', 'lfs_per_process': 0, 'post_exec': [], 'tag': None, 'gpu_process_type': '', 'executable': '/ccs/home/jdakka/.conda/envs/openmm/bin/python', 'cpu_thread_type': '', 'pre_exec': ['module load python/2.7.15-anaconda2-5.3.0', 'module load cuda/9.1.85', 'module load gcc/6.4.0', 'source activate openmm', 'cd /gpfs/alpine/scratch/jdakka/bip178/benchmarks/MD_exps/fs-pep/results_2'], 'environment': {}, 'gpu_threads': 1, 'arguments': ['run_openmm.py', '-f', '/gpfs/alpine/scratch/jdakka/bip178/benchmarks/MD_exps/fs-pep/pdb/100-fs-peptide-400K.pdb'], 'gpu_processes': 1, 'cpu_processes': 1, 'restartable': False, 'tags': {}, 'output_staging': [], 'input_staging': [], 'cpu_threads': 1, 'cpu_process_type': '', 'pilot': '', 'name': 'task.0000,md,stage.0000,OpenMM,pipeline.0000,MD', 'gpu_thread_type': 'CUDA', 'stderr': '', 'metadata': None, 'cleanup': False}, 'exit_code': None, 'state': 'UMGR_STAGING_INPUT_PENDING', 'stderr': None, 'pilot': '', 'type': 'unit', 'unit_sandbox': None, 'pilot_sandbox': None}>
2019-04-03 18:43:32,885: umgr.0000           : task-manager                    : umgr.0000.subscriber._state_sub_cb: INFO    : [Callback]: unit unit.000000 state: UMGR_STAGING_INPUT_PENDING.
2019-04-03 18:43:32,885: umgr.0000           : task-manager                    : umgr.0000.subscriber._state_sub_cb: DEBUG   : umgr.0000 calls state cb unit_state_cb for unit.000000
2019-04-03 18:43:32,885: umgr.0000           : task-manager                    : umgr.0000.subscriber._state_sub_cb: DEBUG   : umgr state cb for unit: unit.000000
2019-04-03 18:43:32,885: umgr.0000           : task-manager                    : umgr.0000.subscriber._state_sub_cb: DEBUG   : unit.000000 calls state cb <bound method ComputeUnit._default_state_cb of {'resource_sandbox': None, 'uid': 'unit.000000', 'stdout': None, 'name': 'task.0000,md,stage.0000,OpenMM,pipeline.0000,MD', 'client_sandbox': None, 'umgr': 'umgr.0000', 'description': {'kernel': '', 'stdout': '', 'lfs_per_process': 0, 'post_exec': [], 'tag': None, 'gpu_process_type': '', 'executable': '/ccs/home/jdakka/.conda/envs/openmm/bin/python', 'cpu_thread_type': '', 'pre_exec': ['module load python/2.7.15-anaconda2-5.3.0', 'module load cuda/9.1.85', 'module load gcc/6.4.0', 'source activate openmm', 'cd /gpfs/alpine/scratch/jdakka/bip178/benchmarks/MD_exps/fs-pep/results_2'], 'environment': {}, 'gpu_threads': 1, 'arguments': ['run_openmm.py', '-f', '/gpfs/alpine/scratch/jdakka/bip178/benchmarks/MD_exps/fs-pep/pdb/100-fs-peptide-400K.pdb'], 'gpu_processes': 1, 'cpu_processes': 1, 'restartable': False, 'tags': {}, 'output_staging': [], 'input_staging': [], 'cpu_threads': 1, 'cpu_process_type': '', 'pilot': '', 'name': 'task.0000,md,stage.0000,OpenMM,pipeline.0000,MD', 'gpu_thread_type': 'CUDA', 'stderr': '', 'metadata': None, 'cleanup': False}, 'exit_code': None, 'state': 'UMGR_STAGING_INPUT', 'stderr': None, 'pilot': '', 'type': 'unit', 'unit_sandbox': None, 'pilot_sandbox': None}>
2019-04-03 18:43:32,886: umgr.0000           : task-manager                    : umgr.0000.subscriber._state_sub_cb: INFO    : [Callback]: unit unit.000000 state: UMGR_STAGING_INPUT.
2019-04-03 18:43:32,886: umgr.0000           : task-manager                    : umgr.0000.subscriber._state_sub_cb: DEBUG   : umgr.0000 calls state cb unit_state_cb for unit.000000
2019-04-03 18:43:32,886: umgr.0000           : task-manager                    : umgr.0000.subscriber._state_sub_cb: DEBUG   : umgr state cb for unit: unit.000000
2019-04-03 18:43:32,886: umgr.0000           : task-manager                    : umgr.0000.subscriber._state_sub_cb: DEBUG   : unit.000000 calls state cb <bound method ComputeUnit._default_state_cb of {'resource_sandbox': 'file://localhost/ccs/home/jdakka/radical.pilot.sandbox', 'uid': 'unit.000000', 'stdout': None, 'name': 'task.0000,md,stage.0000,OpenMM,pipeline.0000,MD', 'client_sandbox': '/gpfs/alpine/bip178/scratch/jdakka/hyperspace/microscope/results_2', 'umgr': 'umgr.0000', 'description': {'kernel': '', 'stdout': '', 'lfs_per_process': 0, 'post_exec': [], 'tag': None, 'gpu_process_type': '', 'executable': '/ccs/home/jdakka/.conda/envs/openmm/bin/python', 'cpu_thread_type': '', 'pre_exec': ['module load python/2.7.15-anaconda2-5.3.0', 'module load cuda/9.1.85', 'module load gcc/6.4.0', 'source activate openmm', 'cd /gpfs/alpine/scratch/jdakka/bip178/benchmarks/MD_exps/fs-pep/results_2'], 'environment': {}, 'gpu_threads': 1, 'arguments': ['run_openmm.py', '-f', '/gpfs/alpine/scratch/jdakka/bip178/benchmarks/MD_exps/fs-pep/pdb/100-fs-peptide-400K.pdb'], 'gpu_processes': 1, 'cpu_processes': 1, 'restartable': False, 'tags': {}, 'output_staging': [], 'input_staging': [], 'cpu_threads': 1, 'cpu_process_type': '', 'pilot': '', 'name': 'task.0000,md,stage.0000,OpenMM,pipeline.0000,MD', 'gpu_thread_type': 'CUDA', 'stderr': '', 'metadata': None, 'cleanup': False}, 'exit_code': None, 'state': 'AGENT_STAGING_INPUT_PENDING', 'stderr': None, 'pilot': 'pilot.0000', 'type': 'unit', 'unit_sandbox': 'file://localhost/ccs/home/jdakka/radical.pilot.sandbox/re.session.login3.jdakka.017989.0013/pilot.0000//unit.000000/', 'pilot_sandbox': 'file://localhost/ccs/home/jdakka/radical.pilot.sandbox/re.session.login3.jdakka.017989.0013/pilot.0000/'}>
2019-04-03 18:43:32,887: umgr.0000           : task-manager                    : umgr.0000.subscriber._state_sub_cb: INFO    : [Callback]: unit unit.000000 state: AGENT_STAGING_INPUT_PENDING.
2019-04-03 18:43:32,887: umgr.0000           : task-manager                    : umgr.0000.subscriber._state_sub_cb: DEBUG   : umgr.0000 calls state cb unit_state_cb for unit.000000
2019-04-03 18:43:33,828: umgr.0000           : task-manager                    : umgr.0000.idler._unit_pull_cb: INFO    : units pulled:    0
2019-04-03 18:43:34,850: umgr.0000           : task-manager                    : umgr.0000.idler._unit_pull_cb: INFO    : units pulled:    0
2019-04-03 18:43:35,849: umgr.0000           : task-manager                    : umgr.0000.idler._state_pull_cb: DEBUG   : unit.000000 calls state cb <bound method ComputeUnit._default_state_cb of {'resource_sandbox': u'file://localhost/ccs/home/jdakka/radical.pilot.sandbox', 'uid': 'unit.000000', 'stdout': None, 'name': 'task.0000,md,stage.0000,OpenMM,pipeline.0000,MD', 'client_sandbox': u'/gpfs/alpine/bip178/scratch/jdakka/hyperspace/microscope/results_2', 'umgr': 'umgr.0000', 'description': {'kernel': '', 'stdout': '', 'lfs_per_process': 0, 'post_exec': [], 'tag': None, 'gpu_process_type': '', 'executable': '/ccs/home/jdakka/.conda/envs/openmm/bin/python', 'cpu_thread_type': '', 'pre_exec': ['module load python/2.7.15-anaconda2-5.3.0', 'module load cuda/9.1.85', 'module load gcc/6.4.0', 'source activate openmm', 'cd /gpfs/alpine/scratch/jdakka/bip178/benchmarks/MD_exps/fs-pep/results_2'], 'environment': {}, 'gpu_threads': 1, 'arguments': ['run_openmm.py', '-f', '/gpfs/alpine/scratch/jdakka/bip178/benchmarks/MD_exps/fs-pep/pdb/100-fs-peptide-400K.pdb'], 'gpu_processes': 1, 'cpu_processes': 1, 'restartable': False, 'tags': {}, 'output_staging': [], 'input_staging': [], 'cpu_threads': 1, 'cpu_process_type': '', 'pilot': '', 'name': 'task.0000,md,stage.0000,OpenMM,pipeline.0000,MD', 'gpu_thread_type': 'CUDA', 'stderr': '', 'metadata': None, 'cleanup': False}, 'exit_code': None, 'state': u'AGENT_STAGING_INPUT', 'stderr': None, 'pilot': u'pilot.0000', 'type': 'unit', 'unit_sandbox': u'file://localhost/ccs/home/jdakka/radical.pilot.sandbox/re.session.login3.jdakka.017989.0013/pilot.0000//unit.000000/', 'pilot_sandbox': u'file://localhost/ccs/home/jdakka/radical.pilot.sandbox/re.session.login3.jdakka.017989.0013/pilot.0000/'}>
2019-04-03 18:43:35,849: umgr.0000           : task-manager                    : umgr.0000.idler._state_pull_cb: INFO    : [Callback]: unit unit.000000 state: AGENT_STAGING_INPUT.
2019-04-03 18:43:35,850: umgr.0000           : task-manager                    : umgr.0000.idler._state_pull_cb: DEBUG   : umgr.0000 calls state cb unit_state_cb for unit.000000
2019-04-03 18:43:35,873: umgr.0000           : task-manager                    : umgr.0000.idler._unit_pull_cb: INFO    : units pulled:    0
2019-04-03 18:43:36,873: umgr.0000           : task-manager                    : umgr.0000.idler._state_pull_cb: DEBUG   : unit.000000 calls state cb <bound method ComputeUnit._default_state_cb of {'resource_sandbox': u'file://localhost/ccs/home/jdakka/radical.pilot.sandbox', 'uid': 'unit.000000', 'stdout': None, 'name': 'task.0000,md,stage.0000,OpenMM,pipeline.0000,MD', 'client_sandbox': u'/gpfs/alpine/bip178/scratch/jdakka/hyperspace/microscope/results_2', 'umgr': 'umgr.0000', 'description': {'kernel': '', 'stdout': '', 'lfs_per_process': 0, 'post_exec': [], 'tag': None, 'gpu_process_type': '', 'executable': '/ccs/home/jdakka/.conda/envs/openmm/bin/python', 'cpu_thread_type': '', 'pre_exec': ['module load python/2.7.15-anaconda2-5.3.0', 'module load cuda/9.1.85', 'module load gcc/6.4.0', 'source activate openmm', 'cd /gpfs/alpine/scratch/jdakka/bip178/benchmarks/MD_exps/fs-pep/results_2'], 'environment': {}, 'gpu_threads': 1, 'arguments': ['run_openmm.py', '-f', '/gpfs/alpine/scratch/jdakka/bip178/benchmarks/MD_exps/fs-pep/pdb/100-fs-peptide-400K.pdb'], 'gpu_processes': 1, 'cpu_processes': 1, 'restartable': False, 'tags': {}, 'output_staging': [], 'input_staging': [], 'cpu_threads': 1, 'cpu_process_type': '', 'pilot': '', 'name': 'task.0000,md,stage.0000,OpenMM,pipeline.0000,MD', 'gpu_thread_type': 'CUDA', 'stderr': '', 'metadata': None, 'cleanup': False}, 'exit_code': None, 'state': 'AGENT_SCHEDULING_PENDING', 'stderr': None, 'pilot': u'pilot.0000', 'type': 'unit', 'unit_sandbox': u'file://localhost/ccs/home/jdakka/radical.pilot.sandbox/re.session.login3.jdakka.017989.0013/pilot.0000//unit.000000/', 'pilot_sandbox': u'file://localhost/ccs/home/jdakka/radical.pilot.sandbox/re.session.login3.jdakka.017989.0013/pilot.0000/'}>
2019-04-03 18:43:36,873: umgr.0000           : task-manager                    : umgr.0000.idler._state_pull_cb: INFO    : [Callback]: unit unit.000000 state: AGENT_SCHEDULING_PENDING.
2019-04-03 18:43:36,873: umgr.0000           : task-manager                    : umgr.0000.idler._state_pull_cb: DEBUG   : umgr.0000 calls state cb unit_state_cb for unit.000000
2019-04-03 18:43:36,874: umgr.0000           : task-manager                    : umgr.0000.idler._state_pull_cb: DEBUG   : unit.000000 calls state cb <bound method ComputeUnit._default_state_cb of {'resource_sandbox': u'file://localhost/ccs/home/jdakka/radical.pilot.sandbox', 'uid': 'unit.000000', 'stdout': None, 'name': 'task.0000,md,stage.0000,OpenMM,pipeline.0000,MD', 'client_sandbox': u'/gpfs/alpine/bip178/scratch/jdakka/hyperspace/microscope/results_2', 'umgr': 'umgr.0000', 'description': {'kernel': '', 'stdout': '', 'lfs_per_process': 0, 'post_exec': [], 'tag': None, 'gpu_process_type': '', 'executable': '/ccs/home/jdakka/.conda/envs/openmm/bin/python', 'cpu_thread_type': '', 'pre_exec': ['module load python/2.7.15-anaconda2-5.3.0', 'module load cuda/9.1.85', 'module load gcc/6.4.0', 'source activate openmm', 'cd /gpfs/alpine/scratch/jdakka/bip178/benchmarks/MD_exps/fs-pep/results_2'], 'environment': {}, 'gpu_threads': 1, 'arguments': ['run_openmm.py', '-f', '/gpfs/alpine/scratch/jdakka/bip178/benchmarks/MD_exps/fs-pep/pdb/100-fs-peptide-400K.pdb'], 'gpu_processes': 1, 'cpu_processes': 1, 'restartable': False, 'tags': {}, 'output_staging': [], 'input_staging': [], 'cpu_threads': 1, 'cpu_process_type': '', 'pilot': '', 'name': 'task.0000,md,stage.0000,OpenMM,pipeline.0000,MD', 'gpu_thread_type': 'CUDA', 'stderr': '', 'metadata': None, 'cleanup': False}, 'exit_code': None, 'state': 'AGENT_SCHEDULING', 'stderr': None, 'pilot': u'pilot.0000', 'type': 'unit', 'unit_sandbox': u'file://localhost/ccs/home/jdakka/radical.pilot.sandbox/re.session.login3.jdakka.017989.0013/pilot.0000//unit.000000/', 'pilot_sandbox': u'file://localhost/ccs/home/jdakka/radical.pilot.sandbox/re.session.login3.jdakka.017989.0013/pilot.0000/'}>
2019-04-03 18:43:36,874: umgr.0000           : task-manager                    : umgr.0000.idler._state_pull_cb: INFO    : [Callback]: unit unit.000000 state: AGENT_SCHEDULING.
2019-04-03 18:43:36,874: umgr.0000           : task-manager                    : umgr.0000.idler._state_pull_cb: DEBUG   : umgr.0000 calls state cb unit_state_cb for unit.000000
2019-04-03 18:43:36,874: umgr.0000           : task-manager                    : umgr.0000.idler._state_pull_cb: DEBUG   : unit.000000 calls state cb <bound method ComputeUnit._default_state_cb of {'resource_sandbox': u'file://localhost/ccs/home/jdakka/radical.pilot.sandbox', 'uid': 'unit.000000', 'stdout': None, 'name': 'task.0000,md,stage.0000,OpenMM,pipeline.0000,MD', 'client_sandbox': u'/gpfs/alpine/bip178/scratch/jdakka/hyperspace/microscope/results_2', 'umgr': 'umgr.0000', 'description': {'kernel': '', 'stdout': '', 'lfs_per_process': 0, 'post_exec': [], 'tag': None, 'gpu_process_type': '', 'executable': '/ccs/home/jdakka/.conda/envs/openmm/bin/python', 'cpu_thread_type': '', 'pre_exec': ['module load python/2.7.15-anaconda2-5.3.0', 'module load cuda/9.1.85', 'module load gcc/6.4.0', 'source activate openmm', 'cd /gpfs/alpine/scratch/jdakka/bip178/benchmarks/MD_exps/fs-pep/results_2'], 'environment': {}, 'gpu_threads': 1, 'arguments': ['run_openmm.py', '-f', '/gpfs/alpine/scratch/jdakka/bip178/benchmarks/MD_exps/fs-pep/pdb/100-fs-peptide-400K.pdb'], 'gpu_processes': 1, 'cpu_processes': 1, 'restartable': False, 'tags': {}, 'output_staging': [], 'input_staging': [], 'cpu_threads': 1, 'cpu_process_type': '', 'pilot': '', 'name': 'task.0000,md,stage.0000,OpenMM,pipeline.0000,MD', 'gpu_thread_type': 'CUDA', 'stderr': '', 'metadata': None, 'cleanup': False}, 'exit_code': None, 'state': 'AGENT_EXECUTING_PENDING', 'stderr': None, 'pilot': u'pilot.0000', 'type': 'unit', 'unit_sandbox': u'file://localhost/ccs/home/jdakka/radical.pilot.sandbox/re.session.login3.jdakka.017989.0013/pilot.0000//unit.000000/', 'pilot_sandbox': u'file://localhost/ccs/home/jdakka/radical.pilot.sandbox/re.session.login3.jdakka.017989.0013/pilot.0000/'}>
2019-04-03 18:43:36,875: umgr.0000           : task-manager                    : umgr.0000.idler._state_pull_cb: INFO    : [Callback]: unit unit.000000 state: AGENT_EXECUTING_PENDING.
2019-04-03 18:43:36,875: umgr.0000           : task-manager                    : umgr.0000.idler._state_pull_cb: DEBUG   : umgr.0000 calls state cb unit_state_cb for unit.000000
2019-04-03 18:43:36,883: umgr.0000           : task-manager                    : umgr.0000.idler._state_pull_cb: DEBUG   : unit.000000 calls state cb <bound method ComputeUnit._default_state_cb of {'resource_sandbox': u'file://localhost/ccs/home/jdakka/radical.pilot.sandbox', 'uid': 'unit.000000', 'stdout': None, 'name': 'task.0000,md,stage.0000,OpenMM,pipeline.0000,MD', 'client_sandbox': u'/gpfs/alpine/bip178/scratch/jdakka/hyperspace/microscope/results_2', 'umgr': 'umgr.0000', 'description': {'kernel': '', 'stdout': '', 'lfs_per_process': 0, 'post_exec': [], 'tag': None, 'gpu_process_type': '', 'executable': '/ccs/home/jdakka/.conda/envs/openmm/bin/python', 'cpu_thread_type': '', 'pre_exec': ['module load python/2.7.15-anaconda2-5.3.0', 'module load cuda/9.1.85', 'module load gcc/6.4.0', 'source activate openmm', 'cd /gpfs/alpine/scratch/jdakka/bip178/benchmarks/MD_exps/fs-pep/results_2'], 'environment': {}, 'gpu_threads': 1, 'arguments': ['run_openmm.py', '-f', '/gpfs/alpine/scratch/jdakka/bip178/benchmarks/MD_exps/fs-pep/pdb/100-fs-peptide-400K.pdb'], 'gpu_processes': 1, 'cpu_processes': 1, 'restartable': False, 'tags': {}, 'output_staging': [], 'input_staging': [], 'cpu_threads': 1, 'cpu_process_type': '', 'pilot': '', 'name': 'task.0000,md,stage.0000,OpenMM,pipeline.0000,MD', 'gpu_thread_type': 'CUDA', 'stderr': '', 'metadata': None, 'cleanup': False}, 'exit_code': None, 'state': u'AGENT_EXECUTING', 'stderr': None, 'pilot': u'pilot.0000', 'type': 'unit', 'unit_sandbox': u'file://localhost/ccs/home/jdakka/radical.pilot.sandbox/re.session.login3.jdakka.017989.0013/pilot.0000//unit.000000/', 'pilot_sandbox': u'file://localhost/ccs/home/jdakka/radical.pilot.sandbox/re.session.login3.jdakka.017989.0013/pilot.0000/'}>
2019-04-03 18:43:36,884: umgr.0000           : task-manager                    : umgr.0000.idler._state_pull_cb: INFO    : [Callback]: unit unit.000000 state: AGENT_EXECUTING.
2019-04-03 18:43:36,884: umgr.0000           : task-manager                    : umgr.0000.idler._state_pull_cb: DEBUG   : umgr.0000 calls state cb unit_state_cb for unit.000000
2019-04-03 18:43:36,906: umgr.0000           : task-manager                    : umgr.0000.idler._unit_pull_cb: INFO    : units pulled:    0
2019-04-03 18:43:37,930: umgr.0000           : task-manager                    : umgr.0000.idler._unit_pull_cb: INFO    : units pulled:    0
2019-04-03 18:43:38,953: umgr.0000           : task-manager                    : umgr.0000.idler._unit_pull_cb: INFO    : units pulled:    0
2019-04-03 18:43:40,002: umgr.0000           : task-manager                    : umgr.0000.idler._unit_pull_cb: INFO    : units pulled:    0
2019-04-03 18:43:41,025: umgr.0000           : task-manager                    : umgr.0000.idler._unit_pull_cb: INFO    : units pulled:    0
2019-04-03 18:43:42,049: umgr.0000           : task-manager                    : umgr.0000.idler._unit_pull_cb: INFO    : units pulled:    0
2019-04-03 18:43:43,026: umgr.0000           : task-manager                    : umgr.0000.idler._state_pull_cb: DEBUG   : unit.000000 calls state cb <bound method ComputeUnit._default_state_cb of {'resource_sandbox': u'file://localhost/ccs/home/jdakka/radical.pilot.sandbox', 'uid': 'unit.000000', 'stdout': None, 'name': 'task.0000,md,stage.0000,OpenMM,pipeline.0000,MD', 'client_sandbox': u'/gpfs/alpine/bip178/scratch/jdakka/hyperspace/microscope/results_2', 'umgr': 'umgr.0000', 'description': {'kernel': '', 'stdout': '', 'lfs_per_process': 0, 'post_exec': [], 'tag': None, 'gpu_process_type': '', 'executable': '/ccs/home/jdakka/.conda/envs/openmm/bin/python', 'cpu_thread_type': '', 'pre_exec': ['module load python/2.7.15-anaconda2-5.3.0', 'module load cuda/9.1.85', 'module load gcc/6.4.0', 'source activate openmm', 'cd /gpfs/alpine/scratch/jdakka/bip178/benchmarks/MD_exps/fs-pep/results_2'], 'environment': {}, 'gpu_threads': 1, 'arguments': ['run_openmm.py', '-f', '/gpfs/alpine/scratch/jdakka/bip178/benchmarks/MD_exps/fs-pep/pdb/100-fs-peptide-400K.pdb'], 'gpu_processes': 1, 'cpu_processes': 1, 'restartable': False, 'tags': {}, 'output_staging': [], 'input_staging': [], 'cpu_threads': 1, 'cpu_process_type': '', 'pilot': '', 'name': 'task.0000,md,stage.0000,OpenMM,pipeline.0000,MD', 'gpu_thread_type': 'CUDA', 'stderr': '', 'metadata': None, 'cleanup': False}, 'exit_code': None, 'state': u'AGENT_STAGING_OUTPUT_PENDING', 'stderr': None, 'pilot': u'pilot.0000', 'type': 'unit', 'unit_sandbox': u'file://localhost/ccs/home/jdakka/radical.pilot.sandbox/re.session.login3.jdakka.017989.0013/pilot.0000//unit.000000/', 'pilot_sandbox': u'file://localhost/ccs/home/jdakka/radical.pilot.sandbox/re.session.login3.jdakka.017989.0013/pilot.0000/'}>
2019-04-03 18:43:43,026: umgr.0000           : task-manager                    : umgr.0000.idler._state_pull_cb: INFO    : [Callback]: unit unit.000000 state: AGENT_STAGING_OUTPUT_PENDING.
2019-04-03 18:43:43,026: umgr.0000           : task-manager                    : umgr.0000.idler._state_pull_cb: DEBUG   : umgr.0000 calls state cb unit_state_cb for unit.000000
2019-04-03 18:43:43,076: umgr.0000           : task-manager                    : umgr.0000.idler._unit_pull_cb: INFO    : units pulled:    0
2019-04-03 18:43:44,050: umgr.0000           : task-manager                    : umgr.0000.idler._state_pull_cb: DEBUG   : unit.000000 calls state cb <bound method ComputeUnit._default_state_cb of {'resource_sandbox': u'file://localhost/ccs/home/jdakka/radical.pilot.sandbox', 'uid': 'unit.000000', 'stdout': u'', 'name': 'task.0000,md,stage.0000,OpenMM,pipeline.0000,MD', 'client_sandbox': u'/gpfs/alpine/bip178/scratch/jdakka/hyperspace/microscope/results_2', 'umgr': 'umgr.0000', 'description': {'kernel': '', 'stdout': '', 'lfs_per_process': 0, 'post_exec': [], 'tag': None, 'gpu_process_type': '', 'executable': '/ccs/home/jdakka/.conda/envs/openmm/bin/python', 'cpu_thread_type': '', 'pre_exec': ['module load python/2.7.15-anaconda2-5.3.0', 'module load cuda/9.1.85', 'module load gcc/6.4.0', 'source activate openmm', 'cd /gpfs/alpine/scratch/jdakka/bip178/benchmarks/MD_exps/fs-pep/results_2'], 'environment': {}, 'gpu_threads': 1, 'arguments': ['run_openmm.py', '-f', '/gpfs/alpine/scratch/jdakka/bip178/benchmarks/MD_exps/fs-pep/pdb/100-fs-peptide-400K.pdb'], 'gpu_processes': 1, 'cpu_processes': 1, 'restartable': False, 'tags': {}, 'output_staging': [], 'input_staging': [], 'cpu_threads': 1, 'cpu_process_type': '', 'pilot': '', 'name': 'task.0000,md,stage.0000,OpenMM,pipeline.0000,MD', 'gpu_thread_type': 'CUDA', 'stderr': '', 'metadata': None, 'cleanup': False}, 'exit_code': 1, 'state': 'FAILED', 'stderr': u'Traceback (most recent call last):\n  File "run_openmm.py", line 6, in <module>\n    from MD_utils.openmm_simulation import openmm_simulate_amber_fs_pep \nImportError: No module named MD_utils.openmm_simulation\n', 'pilot': u'pilot.0000', 'type': 'unit', 'unit_sandbox': u'file://localhost/ccs/home/jdakka/radical.pilot.sandbox/re.session.login3.jdakka.017989.0013/pilot.0000//unit.000000/', 'pilot_sandbox': u'file://localhost/ccs/home/jdakka/radical.pilot.sandbox/re.session.login3.jdakka.017989.0013/pilot.0000/'}>
2019-04-03 18:43:44,051: umgr.0000           : task-manager                    : umgr.0000.idler._state_pull_cb: INFO    : [Callback]: unit unit.000000 state: FAILED.
2019-04-03 18:43:44,051: umgr.0000           : task-manager                    : umgr.0000.idler._state_pull_cb: DEBUG   : umgr.0000 calls state cb unit_state_cb for unit.000000
2019-04-03 18:43:44,142: umgr.0000           : task-manager                    : umgr.0000.idler._unit_pull_cb: INFO    : units pulled:    1
2019-04-03 18:43:44,142: umgr.0000           : task-manager                    : umgr.0000.idler._unit_pull_cb: DEBUG   : advance bulk size: 1 [True, True]
2019-04-03 18:43:44,142: umgr.0000           : task-manager                    : umgr.0000.idler._unit_pull_cb: DEBUG   : final unit.000000 [FAILED]
2019-04-03 18:43:44,143: umgr.0000           : task-manager                    : umgr.0000.subscriber._state_sub_cb: DEBUG   : umgr state cb for unit: unit.000000
2019-04-03 18:43:45,166: umgr.0000           : task-manager                    : umgr.0000.idler._unit_pull_cb: INFO    : units pulled:    0
2019-04-03 18:43:46,188: umgr.0000           : task-manager                    : umgr.0000.idler._unit_pull_cb: INFO    : units pulled:    0
2019-04-03 18:43:47,211: umgr.0000           : task-manager                    : umgr.0000.idler._unit_pull_cb: INFO    : units pulled:    0
2019-04-03 18:43:48,234: umgr.0000           : task-manager                    : umgr.0000.idler._unit_pull_cb: INFO    : units pulled:    0
2019-04-03 18:43:49,257: umgr.0000           : task-manager                    : umgr.0000.idler._unit_pull_cb: INFO    : units pulled:    0
2019-04-03 18:43:50,279: umgr.0000           : task-manager                    : umgr.0000.idler._unit_pull_cb: INFO    : units pulled:    0
2019-04-03 18:43:51,302: umgr.0000           : task-manager                    : umgr.0000.idler._unit_pull_cb: INFO    : units pulled:    0
2019-04-03 18:43:52,325: umgr.0000           : task-manager                    : umgr.0000.idler._unit_pull_cb: INFO    : units pulled:    0
2019-04-03 18:43:53,348: umgr.0000           : task-manager                    : umgr.0000.idler._unit_pull_cb: INFO    : units pulled:    0
2019-04-03 18:43:54,370: umgr.0000           : task-manager                    : umgr.0000.idler._unit_pull_cb: INFO    : units pulled:    0
2019-04-03 18:43:55,393: umgr.0000           : task-manager                    : umgr.0000.idler._unit_pull_cb: INFO    : units pulled:    0
2019-04-03 18:43:56,416: umgr.0000           : task-manager                    : umgr.0000.idler._unit_pull_cb: INFO    : units pulled:    0
2019-04-03 18:43:57,439: umgr.0000           : task-manager                    : umgr.0000.idler._unit_pull_cb: INFO    : units pulled:    0
2019-04-03 18:43:58,461: umgr.0000           : task-manager                    : umgr.0000.idler._unit_pull_cb: INFO    : units pulled:    0
2019-04-03 18:43:59,495: umgr.0000           : task-manager                    : umgr.0000.idler._unit_pull_cb: INFO    : units pulled:    0
2019-04-03 18:44:00,518: umgr.0000           : task-manager                    : umgr.0000.idler._unit_pull_cb: INFO    : units pulled:    0
2019-04-03 18:44:01,540: umgr.0000           : task-manager                    : umgr.0000.idler._unit_pull_cb: INFO    : units pulled:    0
2019-04-03 18:44:02,563: umgr.0000           : task-manager                    : umgr.0000.idler._unit_pull_cb: INFO    : units pulled:    0
2019-04-03 18:44:03,586: umgr.0000           : task-manager                    : umgr.0000.idler._unit_pull_cb: INFO    : units pulled:    0
2019-04-03 18:44:04,609: umgr.0000           : task-manager                    : umgr.0000.idler._unit_pull_cb: INFO    : units pulled:    0
2019-04-03 18:44:05,633: umgr.0000           : task-manager                    : umgr.0000.idler._unit_pull_cb: INFO    : units pulled:    0
2019-04-03 18:44:06,657: umgr.0000           : task-manager                    : umgr.0000.idler._unit_pull_cb: INFO    : units pulled:    0
2019-04-03 18:44:07,683: umgr.0000           : task-manager                    : umgr.0000.idler._unit_pull_cb: INFO    : units pulled:    0
2019-04-03 18:44:08,705: umgr.0000           : task-manager                    : umgr.0000.idler._unit_pull_cb: INFO    : units pulled:    0
