2019-04-04 18:59:10,096: control.pubsub.sub.0000: agent_0.staging.output.0        : MainThread     : INFO    : python.interpreter   version: 2.7.5 (default, May 31 2018, 09:45:54) [GCC 4.8.5 20150623 (Red Hat 4.8.5-28)]
2019-04-04 18:59:10,097: control.pubsub.sub.0000: agent_0.staging.output.0        : MainThread     : INFO    :                      pid/tid: 121306/MainThread
2019-04-04 18:59:10,097: control.pubsub.sub.0000: agent_0.staging.output.0        : MainThread     : INFO    : create control_pubsub - sub - tcp://128.219.134.82:37927
2019-04-04 18:59:10,097: control.pubsub.sub.0000: agent_0.staging.output.0        : MainThread     : DEBUG   : start process
2019-04-04 18:59:10,097: control.pubsub.sub.0000: agent_0.staging.output.0        : MainThread     : DEBUG   : ru_initialize_common (NOOP)
2019-04-04 18:59:10,097: control.pubsub.sub.0000: agent_0.staging.output.0        : MainThread     : DEBUG   : ru_initialize_parent (NOOP)
2019-04-04 18:59:10,098: control.pubsub.sub.0000: agent_0.staging.output.0        : MainThread     : DEBUG   : process class started (no child)
2019-04-04 18:59:10,312: control.pubsub.sub.0000: agent_0.scheduling.0            : MainThread     : INFO    : python.interpreter   version: 2.7.5 (default, May 31 2018, 09:45:54) [GCC 4.8.5 20150623 (Red Hat 4.8.5-28)]
2019-04-04 18:59:10,312: control.pubsub.sub.0000: agent_0.scheduling.0            : MainThread     : INFO    :                      pid/tid: 121326/MainThread
2019-04-04 18:59:10,312: control.pubsub.sub.0000: agent_0.scheduling.0            : MainThread     : INFO    : create control_pubsub - sub - tcp://128.219.134.82:37927
2019-04-04 18:59:10,313: control.pubsub.sub.0000: agent_0.scheduling.0            : MainThread     : DEBUG   : start process
2019-04-04 18:59:10,313: control.pubsub.sub.0000: agent_0.scheduling.0            : MainThread     : DEBUG   : ru_initialize_common (NOOP)
2019-04-04 18:59:10,313: control.pubsub.sub.0000: agent_0.scheduling.0            : MainThread     : DEBUG   : ru_initialize_parent (NOOP)
2019-04-04 18:59:10,313: control.pubsub.sub.0000: agent_0.scheduling.0            : MainThread     : DEBUG   : process class started (no child)
2019-04-04 18:59:10,482: control.pubsub.sub.0000: agent_0.staging.input.0         : MainThread     : INFO    : python.interpreter   version: 2.7.5 (default, May 31 2018, 09:45:54) [GCC 4.8.5 20150623 (Red Hat 4.8.5-28)]
2019-04-04 18:59:10,483: control.pubsub.sub.0000: agent_0.staging.input.0         : MainThread     : INFO    :                      pid/tid: 121356/MainThread
2019-04-04 18:59:10,483: control.pubsub.sub.0000: agent_0.staging.input.0         : MainThread     : INFO    : create control_pubsub - sub - tcp://128.219.134.82:37927
2019-04-04 18:59:10,483: control.pubsub.sub.0000: agent_0.staging.input.0         : MainThread     : DEBUG   : start process
2019-04-04 18:59:10,483: control.pubsub.sub.0000: agent_0.staging.input.0         : MainThread     : DEBUG   : ru_initialize_common (NOOP)
2019-04-04 18:59:10,483: control.pubsub.sub.0000: agent_0.staging.input.0         : MainThread     : DEBUG   : ru_initialize_parent (NOOP)
2019-04-04 18:59:10,483: control.pubsub.sub.0000: agent_0.staging.input.0         : MainThread     : DEBUG   : process class started (no child)
2019-04-04 18:59:10,637: control.pubsub.sub.0000: update.0                        : MainThread     : INFO    : python.interpreter   version: 2.7.5 (default, May 31 2018, 09:45:54) [GCC 4.8.5 20150623 (Red Hat 4.8.5-28)]
2019-04-04 18:59:10,637: control.pubsub.sub.0000: update.0                        : MainThread     : INFO    :                      pid/tid: 121378/MainThread
2019-04-04 18:59:10,637: control.pubsub.sub.0000: update.0                        : MainThread     : INFO    : create control_pubsub - sub - tcp://128.219.134.82:37927
2019-04-04 18:59:10,638: control.pubsub.sub.0000: update.0                        : MainThread     : DEBUG   : start process
2019-04-04 18:59:10,638: control.pubsub.sub.0000: update.0                        : MainThread     : DEBUG   : ru_initialize_common (NOOP)
2019-04-04 18:59:10,638: control.pubsub.sub.0000: update.0                        : MainThread     : DEBUG   : ru_initialize_parent (NOOP)
2019-04-04 18:59:10,638: control.pubsub.sub.0000: update.0                        : MainThread     : DEBUG   : process class started (no child)
2019-04-04 18:59:11,043: control.pubsub.sub.0000: agent_0.executing.0             : MainThread     : INFO    : python.interpreter   version: 2.7.5 (default, May 31 2018, 09:45:54) [GCC 4.8.5 20150623 (Red Hat 4.8.5-28)]
2019-04-04 18:59:11,043: control.pubsub.sub.0000: agent_0.executing.0             : MainThread     : INFO    :                      pid/tid: 121402/MainThread
2019-04-04 18:59:11,043: control.pubsub.sub.0000: agent_0.executing.0             : MainThread     : INFO    : create control_pubsub - sub - tcp://128.219.134.82:37927
2019-04-04 18:59:11,044: control.pubsub.sub.0000: agent_0.executing.0             : MainThread     : DEBUG   : start process
2019-04-04 18:59:11,044: control.pubsub.sub.0000: agent_0.executing.0             : MainThread     : DEBUG   : ru_initialize_common (NOOP)
2019-04-04 18:59:11,044: control.pubsub.sub.0000: agent_0.executing.0             : MainThread     : DEBUG   : ru_initialize_parent (NOOP)
2019-04-04 18:59:11,044: control.pubsub.sub.0000: agent_0.executing.0             : MainThread     : DEBUG   : process class started (no child)
2019-04-04 20:38:22,508: control.pubsub.sub.0000: agent_0.staging.output.0        : agent_0.staging.output.0.child.subscriber._cancel_monitor_cb: INFO    : parent stops child  121306 -> None [control.pubsub.sub.0000]
2019-04-04 20:38:22,508: control.pubsub.sub.0000: agent_0.staging.output.0        : agent_0.staging.output.0.child.subscriber._cancel_monitor_cb: DEBUG   : ru_finalize_parent (NOOP)
2019-04-04 20:38:22,508: control.pubsub.sub.0000: agent_0.staging.input.0         : agent_0.staging.input.0.child.subscriber._cancel_monitor_cb: INFO    : parent stops child  121356 -> None [control.pubsub.sub.0000]
2019-04-04 20:38:22,508: control.pubsub.sub.0000: update.0                        : update.0.child.subscriber._cancel_monitor_cb: INFO    : parent stops child  121378 -> None [control.pubsub.sub.0000]
2019-04-04 20:38:22,509: control.pubsub.sub.0000: agent_0.staging.input.0         : agent_0.staging.input.0.child.subscriber._cancel_monitor_cb: DEBUG   : ru_finalize_parent (NOOP)
2019-04-04 20:38:22,509: control.pubsub.sub.0000: update.0                        : update.0.child.subscriber._cancel_monitor_cb: DEBUG   : ru_finalize_parent (NOOP)
2019-04-04 20:38:22,509: control.pubsub.sub.0000: agent_0.scheduling.0            : agent_0.scheduling.0.child.subscriber._cancel_monitor_cb: INFO    : parent stops child  121326 -> None [control.pubsub.sub.0000]
2019-04-04 20:38:22,509: control.pubsub.sub.0000: agent_0.scheduling.0            : agent_0.scheduling.0.child.subscriber._cancel_monitor_cb: DEBUG   : ru_finalize_parent (NOOP)
2019-04-04 20:38:22,509: control.pubsub.sub.0000: agent_0.executing.0             : agent_0.executing.0.child.subscriber._cancel_monitor_cb: INFO    : parent stops child  121402 -> None [control.pubsub.sub.0000]
2019-04-04 20:38:22,509: control.pubsub.sub.0000: agent_0.executing.0             : agent_0.executing.0.child.subscriber._cancel_monitor_cb: DEBUG   : ru_finalize_parent (NOOP)
