2019-04-05 10:43:27,957: control.pubsub.sub.0000: agent_0.staging.output.0        : MainThread     : INFO    : python.interpreter   version: 2.7.5 (default, May 31 2018, 09:45:54) [GCC 4.8.5 20150623 (Red Hat 4.8.5-28)]
2019-04-05 10:43:27,958: control.pubsub.sub.0000: agent_0.staging.output.0        : MainThread     : INFO    :                      pid/tid: 6749/MainThread
2019-04-05 10:43:27,958: control.pubsub.sub.0000: agent_0.staging.output.0        : MainThread     : INFO    : create control_pubsub - sub - tcp://128.219.134.82:35201
2019-04-05 10:43:27,958: control.pubsub.sub.0000: agent_0.staging.output.0        : MainThread     : DEBUG   : start process
2019-04-05 10:43:27,958: control.pubsub.sub.0000: agent_0.staging.output.0        : MainThread     : DEBUG   : ru_initialize_common (NOOP)
2019-04-05 10:43:27,958: control.pubsub.sub.0000: agent_0.staging.output.0        : MainThread     : DEBUG   : ru_initialize_parent (NOOP)
2019-04-05 10:43:27,958: control.pubsub.sub.0000: agent_0.staging.output.0        : MainThread     : DEBUG   : process class started (no child)
2019-04-05 10:43:28,322: control.pubsub.sub.0000: agent_0.scheduling.0            : MainThread     : INFO    : python.interpreter   version: 2.7.5 (default, May 31 2018, 09:45:54) [GCC 4.8.5 20150623 (Red Hat 4.8.5-28)]
2019-04-05 10:43:28,322: control.pubsub.sub.0000: agent_0.scheduling.0            : MainThread     : INFO    :                      pid/tid: 6983/MainThread
2019-04-05 10:43:28,322: control.pubsub.sub.0000: agent_0.scheduling.0            : MainThread     : INFO    : create control_pubsub - sub - tcp://128.219.134.82:35201
2019-04-05 10:43:28,323: control.pubsub.sub.0000: agent_0.scheduling.0            : MainThread     : DEBUG   : start process
2019-04-05 10:43:28,323: control.pubsub.sub.0000: agent_0.scheduling.0            : MainThread     : DEBUG   : ru_initialize_common (NOOP)
2019-04-05 10:43:28,323: control.pubsub.sub.0000: agent_0.scheduling.0            : MainThread     : DEBUG   : ru_initialize_parent (NOOP)
2019-04-05 10:43:28,323: control.pubsub.sub.0000: agent_0.scheduling.0            : MainThread     : DEBUG   : process class started (no child)
2019-04-05 10:43:28,538: control.pubsub.sub.0000: agent_0.staging.input.0         : MainThread     : INFO    : python.interpreter   version: 2.7.5 (default, May 31 2018, 09:45:54) [GCC 4.8.5 20150623 (Red Hat 4.8.5-28)]
2019-04-05 10:43:28,538: control.pubsub.sub.0000: agent_0.staging.input.0         : MainThread     : INFO    :                      pid/tid: 7113/MainThread
2019-04-05 10:43:28,538: control.pubsub.sub.0000: agent_0.staging.input.0         : MainThread     : INFO    : create control_pubsub - sub - tcp://128.219.134.82:35201
2019-04-05 10:43:28,539: control.pubsub.sub.0000: agent_0.staging.input.0         : MainThread     : DEBUG   : start process
2019-04-05 10:43:28,539: control.pubsub.sub.0000: agent_0.staging.input.0         : MainThread     : DEBUG   : ru_initialize_common (NOOP)
2019-04-05 10:43:28,539: control.pubsub.sub.0000: agent_0.staging.input.0         : MainThread     : DEBUG   : ru_initialize_parent (NOOP)
2019-04-05 10:43:28,539: control.pubsub.sub.0000: agent_0.staging.input.0         : MainThread     : DEBUG   : process class started (no child)
2019-04-05 10:43:29,695: control.pubsub.sub.0000: update.0                        : MainThread     : INFO    : python.interpreter   version: 2.7.5 (default, May 31 2018, 09:45:54) [GCC 4.8.5 20150623 (Red Hat 4.8.5-28)]
2019-04-05 10:43:29,696: control.pubsub.sub.0000: update.0                        : MainThread     : INFO    :                      pid/tid: 7610/MainThread
2019-04-05 10:43:29,696: control.pubsub.sub.0000: update.0                        : MainThread     : INFO    : create control_pubsub - sub - tcp://128.219.134.82:35201
2019-04-05 10:43:29,696: control.pubsub.sub.0000: update.0                        : MainThread     : DEBUG   : start process
2019-04-05 10:43:29,696: control.pubsub.sub.0000: update.0                        : MainThread     : DEBUG   : ru_initialize_common (NOOP)
2019-04-05 10:43:29,696: control.pubsub.sub.0000: update.0                        : MainThread     : DEBUG   : ru_initialize_parent (NOOP)
2019-04-05 10:43:29,696: control.pubsub.sub.0000: update.0                        : MainThread     : DEBUG   : process class started (no child)
2019-04-05 10:43:30,133: control.pubsub.sub.0000: agent_0.executing.0             : MainThread     : INFO    : python.interpreter   version: 2.7.5 (default, May 31 2018, 09:45:54) [GCC 4.8.5 20150623 (Red Hat 4.8.5-28)]
2019-04-05 10:43:30,134: control.pubsub.sub.0000: agent_0.executing.0             : MainThread     : INFO    :                      pid/tid: 7711/MainThread
2019-04-05 10:43:30,134: control.pubsub.sub.0000: agent_0.executing.0             : MainThread     : INFO    : create control_pubsub - sub - tcp://128.219.134.82:35201
2019-04-05 10:43:30,134: control.pubsub.sub.0000: agent_0.executing.0             : MainThread     : DEBUG   : start process
2019-04-05 10:43:30,134: control.pubsub.sub.0000: agent_0.executing.0             : MainThread     : DEBUG   : ru_initialize_common (NOOP)
2019-04-05 10:43:30,134: control.pubsub.sub.0000: agent_0.executing.0             : MainThread     : DEBUG   : ru_initialize_parent (NOOP)
2019-04-05 10:43:30,134: control.pubsub.sub.0000: agent_0.executing.0             : MainThread     : DEBUG   : process class started (no child)
2019-04-05 12:21:11,458: control.pubsub.sub.0000: agent_0.staging.output.0        : agent_0.staging.output.0.child.subscriber._cancel_monitor_cb: INFO    : parent stops child  6749 -> None [control.pubsub.sub.0000]
2019-04-05 12:21:11,459: control.pubsub.sub.0000: agent_0.staging.output.0        : agent_0.staging.output.0.child.subscriber._cancel_monitor_cb: DEBUG   : ru_finalize_parent (NOOP)
2019-04-05 12:21:11,458: control.pubsub.sub.0000: agent_0.executing.0             : agent_0.executing.0.child.subscriber._cancel_monitor_cb: INFO    : parent stops child  7711 -> None [control.pubsub.sub.0000]
2019-04-05 12:21:11,459: control.pubsub.sub.0000: agent_0.executing.0             : agent_0.executing.0.child.subscriber._cancel_monitor_cb: DEBUG   : ru_finalize_parent (NOOP)
2019-04-05 12:21:11,460: control.pubsub.sub.0000: agent_0.scheduling.0            : agent_0.scheduling.0.child.subscriber._cancel_monitor_cb: INFO    : parent stops child  6983 -> None [control.pubsub.sub.0000]
2019-04-05 12:21:11,460: control.pubsub.sub.0000: agent_0.scheduling.0            : agent_0.scheduling.0.child.subscriber._cancel_monitor_cb: DEBUG   : ru_finalize_parent (NOOP)
2019-04-05 12:21:11,460: control.pubsub.sub.0000: update.0                        : update.0.child.subscriber._cancel_monitor_cb: INFO    : parent stops child  7610 -> None [control.pubsub.sub.0000]
2019-04-05 12:21:11,460: control.pubsub.sub.0000: update.0                        : update.0.child.subscriber._cancel_monitor_cb: DEBUG   : ru_finalize_parent (NOOP)
2019-04-05 12:21:11,461: control.pubsub.sub.0000: agent_0.staging.input.0         : agent_0.staging.input.0.child.subscriber._cancel_monitor_cb: INFO    : parent stops child  7113 -> None [control.pubsub.sub.0000]
2019-04-05 12:21:11,461: control.pubsub.sub.0000: agent_0.staging.input.0         : agent_0.staging.input.0.child.subscriber._cancel_monitor_cb: DEBUG   : ru_finalize_parent (NOOP)
