2018-10-02 15:00:14,402: update.0.child      : update.0                        : MainThread     : INFO    : python.interpreter   version: 2.7.12 (default, Dec 4 2017, 14:50:18) [GCC 5.4.0 20160609]
2018-10-02 15:00:14,403: update.0.child      : update.0                        : MainThread     : INFO    :                      pid/tid: 22897/MainThread
2018-10-02 15:00:14,403: update.0.child      : update.0                        : MainThread     : INFO    : initialize update.0.child
2018-10-02 15:00:14,404: update.0.child      : update.0                        : MainThread     : INFO    : cfg: {'agents': {},
 u'bridges': {u'control_pubsub': {'addr_in': 'tcp://138.201.86.166:38026',
                                  'addr_out': 'tcp://138.201.86.166:35498',
                                  u'bulk_size': 0,
                                  u'log_level': u'error',
                                  u'stall_hwm': 1},
              u'log_pubsub': {'addr_in': 'tcp://138.201.86.166:35990',
                              'addr_out': 'tcp://138.201.86.166:42077',
                              u'bulk_size': 0,
                              u'log_level': u'error',
                              u'stall_hwm': 1},
              u'state_pubsub': {'addr_in': 'tcp://138.201.86.166:42924',
                                'addr_out': 'tcp://138.201.86.166:42196',
                                u'bulk_size': 0,
                                u'log_level': u'error',
                                u'stall_hwm': 1}},
 'cname': u'UpdateWorker',
 u'components': {},
 u'count': 1,
 'dburl': 'mongodb://user:password1@ds229609.mlab.com:29609/bridges-hyperspace',
 u'default_dburl': u'mongodb://rp:rp@ds015335.mlab.com:15335/rp',
 'logdir': '/home/jdakka/hyperspace/hyperspace-RCT/null_workload/supermic/7_hyp_ss_fac_4_run_1/rp.session.two.jdakka.017806.0005',
 'number': 0,
 'owner': 'rp.session.two.jdakka.017806.0005',
 'session_id': 'rp.session.two.jdakka.017806.0005'}
2018-10-02 15:00:14,404: update.0.child      : update.0                        : MainThread     : DEBUG   : start components: {}
2018-10-02 15:00:14,404: update.0.child      : update.0                        : MainThread     : DEBUG   : alive check in term
2018-10-02 15:00:14,404: update.0.child      : update.0                        : MainThread     : DEBUG   : START: update.0.child register publisher log_pubsub
2018-10-02 15:00:14,404: update.0.child      : update.0                        : MainThread     : DEBUG   : using addr tcp://138.201.86.166:35990 for pubsub log_pubsub
2018-10-02 15:00:14,406: update.0.child      : update.0                        : MainThread     : DEBUG   : registered publisher : log_pubsub : log.pubsub.pub.0000
2018-10-02 15:00:14,406: update.0.child      : update.0                        : MainThread     : DEBUG   : alive check in term
2018-10-02 15:00:14,406: update.0.child      : update.0                        : MainThread     : DEBUG   : START: update.0.child register publisher state_pubsub
2018-10-02 15:00:14,406: update.0.child      : update.0                        : MainThread     : DEBUG   : using addr tcp://138.201.86.166:42924 for pubsub state_pubsub
2018-10-02 15:00:14,407: update.0.child      : update.0                        : MainThread     : DEBUG   : registered publisher : state_pubsub : state.pubsub.pub.0000
2018-10-02 15:00:14,407: update.0.child      : update.0                        : MainThread     : DEBUG   : alive check in term
2018-10-02 15:00:14,407: update.0.child      : update.0                        : MainThread     : DEBUG   : START: update.0.child register publisher control_pubsub
2018-10-02 15:00:14,407: update.0.child      : update.0                        : MainThread     : DEBUG   : using addr tcp://138.201.86.166:38026 for pubsub control_pubsub
2018-10-02 15:00:14,428: update.0.child      : update.0                        : MainThread     : DEBUG   : registered publisher : control_pubsub : control.pubsub.pub.0000
2018-10-02 15:00:14,429: update.0.child      : update.0                        : MainThread     : DEBUG   : alive check in term
2018-10-02 15:00:14,430: update.0.child      : update.0                        : MainThread     : DEBUG   : START: update.0.child register subscriber update.0.child.subscriber._cancel_monitor_cb
2018-10-02 15:00:14,430: update.0.child      : update.0                        : MainThread     : DEBUG   : using addr tcp://138.201.86.166:35498 for pubsub control_pubsub
2018-10-02 15:00:14,437: update.0.child      : update.0                        : MainThread     : DEBUG   : parent name: update.0.child.subscriber._cancel_monitor_cb
2018-10-02 15:00:14,438: update.0.child      : update.0                        : MainThread     : DEBUG   : start thread
2018-10-02 15:00:14,439: update.0.child      : update.0                        : update.0.child.subscriber._cancel_monitor_cb: DEBUG   : child name: update.0.child.subscriber._cancel_monitor_cb.thread
2018-10-02 15:00:14,439: update.0.child      : update.0                        : update.0.child.subscriber._cancel_monitor_cb: INFO    : child (me) initializing
2018-10-02 15:00:14,439: update.0.child      : update.0                        : update.0.child.subscriber._cancel_monitor_cb: DEBUG   : ru_initialize_common (NOOP)
2018-10-02 15:00:14,439: update.0.child      : update.0                        : update.0.child.subscriber._cancel_monitor_cb: DEBUG   : ru_initialize_child (NOOP)
2018-10-02 15:00:14,440: update.0.child      : update.0                        : update.0.child.subscriber._cancel_monitor_cb: INFO    : send alive
2018-10-02 15:00:14,440: update.0.child      : update.0                        : update.0.child.subscriber._cancel_monitor_cb: INFO    : put message: [update.0.child.subscriber._cancel_monitor_cb.thread] alive
2018-10-02 15:00:14,442: update.0.child      : update.0                        : MainThread     : INFO    : get msg: alive
2018-10-02 15:00:14,442: update.0.child      : update.0                        : MainThread     : DEBUG   : ru_initialize_common (NOOP)
2018-10-02 15:00:14,442: update.0.child      : update.0                        : MainThread     : DEBUG   : ru_initialize_parent (NOOP)
2018-10-02 15:00:14,442: update.0.child      : update.0                        : MainThread     : DEBUG   : child thread update.0.child.subscriber._cancel_monitor_cb started
2018-10-02 15:00:14,442: update.0.child      : update.0                        : MainThread     : DEBUG   : update.0.child registered control_pubsub subscriber update.0.child.subscriber._cancel_monitor_cb
2018-10-02 15:00:15,164: update.0.child      : update.0                        : MainThread     : DEBUG   : alive check in term
2018-10-02 15:00:15,165: update.0.child      : update.0                        : MainThread     : DEBUG   : START: update.0.child register subscriber update.0.child.subscriber._state_cb
2018-10-02 15:00:15,165: update.0.child      : update.0                        : MainThread     : DEBUG   : using addr tcp://138.201.86.166:42196 for pubsub state_pubsub
2018-10-02 15:00:15,166: update.0.child      : update.0                        : MainThread     : DEBUG   : parent name: update.0.child.subscriber._state_cb
2018-10-02 15:00:15,166: update.0.child      : update.0                        : MainThread     : DEBUG   : start thread
2018-10-02 15:00:15,167: update.0.child      : update.0                        : update.0.child.subscriber._state_cb: DEBUG   : child name: update.0.child.subscriber._state_cb.thread
2018-10-02 15:00:15,167: update.0.child      : update.0                        : update.0.child.subscriber._state_cb: INFO    : child (me) initializing
2018-10-02 15:00:15,167: update.0.child      : update.0                        : update.0.child.subscriber._state_cb: DEBUG   : ru_initialize_common (NOOP)
2018-10-02 15:00:15,167: update.0.child      : update.0                        : update.0.child.subscriber._state_cb: DEBUG   : ru_initialize_child (NOOP)
2018-10-02 15:00:15,167: update.0.child      : update.0                        : update.0.child.subscriber._state_cb: INFO    : send alive
2018-10-02 15:00:15,167: update.0.child      : update.0                        : update.0.child.subscriber._state_cb: INFO    : put message: [update.0.child.subscriber._state_cb.thread] alive
2018-10-02 15:00:15,168: update.0.child      : update.0                        : MainThread     : INFO    : get msg: alive
2018-10-02 15:00:15,168: update.0.child      : update.0                        : MainThread     : DEBUG   : ru_initialize_common (NOOP)
2018-10-02 15:00:15,168: update.0.child      : update.0                        : MainThread     : DEBUG   : ru_initialize_parent (NOOP)
2018-10-02 15:00:15,168: update.0.child      : update.0                        : MainThread     : DEBUG   : child thread update.0.child.subscriber._state_cb started
2018-10-02 15:00:15,168: update.0.child      : update.0                        : MainThread     : DEBUG   : update.0.child registered state_pubsub subscriber update.0.child.subscriber._state_cb
2018-10-02 15:00:15,168: update.0.child      : update.0                        : MainThread     : DEBUG   : alive check in term
2018-10-02 15:00:15,168: update.0.child      : update.0                        : MainThread     : DEBUG   : START: update.0.child register idler update.0.child.idler._idle_cb
2018-10-02 15:00:15,168: update.0.child      : update.0                        : MainThread     : DEBUG   : parent name: update.0.child.idler._idle_cb
2018-10-02 15:00:15,168: update.0.child      : update.0                        : MainThread     : DEBUG   : start thread
2018-10-02 15:00:15,168: update.0.child      : update.0                        : update.0.child.idler._idle_cb: DEBUG   : child name: update.0.child.idler._idle_cb.thread
2018-10-02 15:00:15,168: update.0.child      : update.0                        : update.0.child.idler._idle_cb: INFO    : child (me) initializing
2018-10-02 15:00:15,169: update.0.child      : update.0                        : update.0.child.idler._idle_cb: DEBUG   : ru_initialize_common (NOOP)
2018-10-02 15:00:15,169: update.0.child      : update.0                        : update.0.child.idler._idle_cb: DEBUG   : ru_initialize_child (NOOP)
2018-10-02 15:00:15,169: update.0.child      : update.0                        : update.0.child.idler._idle_cb: INFO    : send alive
2018-10-02 15:00:15,169: update.0.child      : update.0                        : update.0.child.idler._idle_cb: INFO    : put message: [update.0.child.idler._idle_cb.thread] alive
2018-10-02 15:00:15,169: update.0.child      : update.0                        : MainThread     : INFO    : get msg: alive
2018-10-02 15:00:15,170: update.0.child      : update.0                        : MainThread     : DEBUG   : ru_initialize_common (NOOP)
2018-10-02 15:00:15,170: update.0.child      : update.0                        : MainThread     : DEBUG   : ru_initialize_parent (NOOP)
2018-10-02 15:00:15,170: update.0.child      : update.0                        : MainThread     : DEBUG   : child thread update.0.child.idler._idle_cb started
2018-10-02 15:00:15,170: update.0.child      : update.0                        : MainThread     : DEBUG   : update.0.child registered idler update.0.child.idler._idle_cb
2018-10-02 15:00:15,170: update.0.child      : update.0                        : MainThread     : INFO    : child (me) initializing
2018-10-02 15:00:15,170: update.0.child      : update.0                        : MainThread     : DEBUG   : parent name: update.0.child.watch
2018-10-02 15:00:15,170: update.0.child      : update.0                        : MainThread     : DEBUG   : start thread
2018-10-02 15:00:15,170: update.0.child      : update.0                        : update.0.child.watch: DEBUG   : child name: update.0.child.watch.thread
2018-10-02 15:00:15,170: update.0.child      : update.0                        : update.0.child.watch: INFO    : child (me) initializing
2018-10-02 15:00:15,170: update.0.child      : update.0                        : update.0.child.watch: DEBUG   : ru_initialize_common (NOOP)
2018-10-02 15:00:15,170: update.0.child      : update.0                        : update.0.child.watch: DEBUG   : ru_initialize_child (NOOP)
2018-10-02 15:00:15,170: update.0.child      : update.0                        : update.0.child.watch: INFO    : send alive
2018-10-02 15:00:15,170: update.0.child      : update.0                        : update.0.child.watch: INFO    : put message: [update.0.child.watch.thread] alive
2018-10-02 15:00:15,171: update.0.child      : update.0                        : MainThread     : INFO    : get msg: alive
2018-10-02 15:00:15,171: update.0.child      : update.0                        : MainThread     : DEBUG   : ru_initialize_common (NOOP)
2018-10-02 15:00:15,171: update.0.child      : update.0                        : MainThread     : DEBUG   : ru_initialize_parent (NOOP)
2018-10-02 15:00:15,171: update.0.child      : update.0                        : MainThread     : DEBUG   : child thread update.0.child.watch started
2018-10-02 15:00:15,171: update.0.child      : update.0                        : MainThread     : INFO    : child (me) is alive
2018-10-02 15:00:15,171: update.0.child      : update.0                        : MainThread     : INFO    : send alive
2018-10-02 15:00:15,171: update.0.child      : update.0                        : MainThread     : INFO    : send message: [update.0.child] alive
2018-10-02 15:00:23,164: update.0.child      : update.0                        : update.0.child.subscriber._state_cb: DEBUG   : bulk update result: {'nModified': 1, 'nUpserted': 0, 'nMatched': 1, 'writeErrors': [], 'upserted': [], 'writeConcernErrors': [], 'nRemoved': 0, 'nInserted': 0}
2018-10-02 15:00:23,164: update.0.child      : update.0                        : update.0.child.subscriber._cancel_monitor_cb: DEBUG   : command ignored: pilot_staging_input_request
2018-10-02 15:00:24,280: update.0.child      : update.0                        : update.0.child.idler._idle_cb: DEBUG   : bulk update result: {'nModified': 1, 'nUpserted': 0, 'nMatched': 1, 'writeErrors': [], 'upserted': [], 'writeConcernErrors': [], 'nRemoved': 0, 'nInserted': 0}
2018-10-02 15:00:56,417: update.0.child      : update.0                        : update.0.child.subscriber._state_cb: DEBUG   : bulk update result: {'nModified': 1, 'nUpserted': 0, 'nMatched': 1, 'writeErrors': [], 'upserted': [], 'writeConcernErrors': [], 'nRemoved': 0, 'nInserted': 0}
2018-10-02 15:00:58,651: update.0.child      : update.0                        : update.0.child.subscriber._cancel_monitor_cb: DEBUG   : command ignored: pilot_staging_input_result
2018-10-02 15:02:37,769: update.0.child      : update.0                        : update.0.child.subscriber._state_cb: DEBUG   : bulk update result: {'nModified': 1, 'nUpserted': 0, 'nMatched': 1, 'writeErrors': [], 'upserted': [], 'writeConcernErrors': [], 'nRemoved': 0, 'nInserted': 0}
2018-10-02 15:02:40,345: update.0.child      : update.0                        : update.0.child.subscriber._cancel_monitor_cb: DEBUG   : command ignored: add_pilots
2018-10-02 15:02:42,802: update.0.child      : update.0                        : update.0.child.subscriber._state_cb: DEBUG   : bulk update result: {'nModified': 128, 'nUpserted': 0, 'nMatched': 128, 'writeErrors': [], 'upserted': [], 'writeConcernErrors': [], 'nRemoved': 0, 'nInserted': 0}
2018-10-02 15:02:42,989: update.0.child      : update.0                        : update.0.child.subscriber._state_cb: DEBUG   : bulk update result: {'nModified': 128, 'nUpserted': 0, 'nMatched': 128, 'writeErrors': [], 'upserted': [], 'writeConcernErrors': [], 'nRemoved': 0, 'nInserted': 0}
2018-10-02 15:02:43,111: update.0.child      : update.0                        : update.0.child.subscriber._state_cb: DEBUG   : bulk update result: {'nModified': 128, 'nUpserted': 0, 'nMatched': 128, 'writeErrors': [], 'upserted': [], 'writeConcernErrors': [], 'nRemoved': 0, 'nInserted': 0}
2018-10-02 15:02:43,235: update.0.child      : update.0                        : update.0.child.subscriber._state_cb: DEBUG   : bulk update result: {'nModified': 128, 'nUpserted': 0, 'nMatched': 128, 'writeErrors': [], 'upserted': [], 'writeConcernErrors': [], 'nRemoved': 0, 'nInserted': 0}
2018-10-02 15:03:01,983: update.0.child      : update.0                        : update.0.child.subscriber._state_cb: DEBUG   : bulk update result: {'nModified': 128, 'nUpserted': 0, 'nMatched': 128, 'writeErrors': [], 'upserted': [], 'writeConcernErrors': [], 'nRemoved': 0, 'nInserted': 0}
2018-10-02 18:23:06,349: update.0.child      : update.0                        : update.0.child.subscriber._state_cb: DEBUG   : bulk update result: {'nModified': 32, 'nUpserted': 0, 'nMatched': 32, 'writeErrors': [], 'upserted': [], 'writeConcernErrors': [], 'nRemoved': 0, 'nInserted': 0}
2018-10-02 18:23:08,312: update.0.child      : update.0                        : update.0.child.idler._idle_cb: DEBUG   : bulk update result: {'nModified': 64, 'nUpserted': 0, 'nMatched': 64, 'writeErrors': [], 'upserted': [], 'writeConcernErrors': [], 'nRemoved': 0, 'nInserted': 0}
2018-10-02 21:43:05,598: update.0.child      : update.0                        : update.0.child.subscriber._state_cb: DEBUG   : bulk update result: {'nModified': 12, 'nUpserted': 0, 'nMatched': 12, 'writeErrors': [], 'upserted': [], 'writeConcernErrors': [], 'nRemoved': 0, 'nInserted': 0}
2018-10-02 21:43:07,285: update.0.child      : update.0                        : update.0.child.idler._idle_cb: DEBUG   : bulk update result: {'nModified': 24, 'nUpserted': 0, 'nMatched': 24, 'writeErrors': [], 'upserted': [], 'writeConcernErrors': [], 'nRemoved': 0, 'nInserted': 0}
2018-10-02 21:43:08,588: update.0.child      : update.0                        : update.0.child.idler._idle_cb: DEBUG   : bulk update result: {'nModified': 60, 'nUpserted': 0, 'nMatched': 60, 'writeErrors': [], 'upserted': [], 'writeConcernErrors': [], 'nRemoved': 0, 'nInserted': 0}
2018-10-03 01:03:07,919: update.0.child      : update.0                        : update.0.child.subscriber._state_cb: DEBUG   : bulk update result: {'nModified': 32, 'nUpserted': 0, 'nMatched': 32, 'writeErrors': [], 'upserted': [], 'writeConcernErrors': [], 'nRemoved': 0, 'nInserted': 0}
2018-10-03 01:03:09,418: update.0.child      : update.0                        : update.0.child.idler._idle_cb: DEBUG   : bulk update result: {'nModified': 64, 'nUpserted': 0, 'nMatched': 64, 'writeErrors': [], 'upserted': [], 'writeConcernErrors': [], 'nRemoved': 0, 'nInserted': 0}
2018-10-03 04:23:08,696: update.0.child      : update.0                        : update.0.child.subscriber._state_cb: DEBUG   : bulk update result: {'nModified': 32, 'nUpserted': 0, 'nMatched': 32, 'writeErrors': [], 'upserted': [], 'writeConcernErrors': [], 'nRemoved': 0, 'nInserted': 0}
2018-10-03 04:23:10,431: update.0.child      : update.0                        : update.0.child.idler._idle_cb: DEBUG   : bulk update result: {'nModified': 64, 'nUpserted': 0, 'nMatched': 64, 'writeErrors': [], 'upserted': [], 'writeConcernErrors': [], 'nRemoved': 0, 'nInserted': 0}
2018-10-03 04:23:46,883: update.0.child      : update.0                        : update.0.child.subscriber._cancel_monitor_cb: DEBUG   : command ignored: cancel_pilots
2018-10-03 04:23:58,462: update.0.child      : update.0                        : update.0.child.subscriber._state_cb: DEBUG   : bulk update result: {'nModified': 1, 'nUpserted': 0, 'nMatched': 1, 'writeErrors': [], 'upserted': [], 'writeConcernErrors': [], 'nRemoved': 0, 'nInserted': 0}
2018-10-03 04:23:58,462: update.0.child      : update.0                        : update.0.child.subscriber._cancel_monitor_cb: DEBUG   : command ignored: cancel_pilots
2018-10-03 04:24:01,038: update.0.child      : update.0                        : update.0.child.watch: INFO    : recv message: STOP
2018-10-03 04:24:01,038: update.0.child      : update.0                        : update.0.child.watch: INFO    : message received: STOP
2018-10-03 04:24:01,038: update.0.child      : update.0                        : update.0.child.watch: INFO    : STOP received: STOP
2018-10-03 04:24:01,038: update.0.child      : update.0                        : update.0.child.watch: INFO    : watcher closes
2018-10-03 04:24:01,038: update.0.child      : update.0                        : update.0.child.watch: INFO    : put message: [update.0.child.watch.thread] work finished
2018-10-03 04:24:01,039: update.0.child      : update.0                        : update.0.child.watch: DEBUG   : ru_finalize_child (NOOP)
2018-10-03 04:24:01,039: update.0.child      : update.0                        : update.0.child.watch: DEBUG   : ru_finalize_common (NOOP)
2018-10-03 04:24:01,039: update.0.child      : update.0                        : update.0.child.watch: INFO    : put message: [update.0.child.watch.thread] terminating
2018-10-03 04:24:01,071: update.0.child      : update.0                        : MainThread     : WARNING : alive check: proc invalid - stop [False - True]
2018-10-03 04:24:01,113: update.0.child      : update.0                        : MainThread     : INFO    : stop update.0.child (22897 : 22897 : MainThread) [radical.pilot.worker.update.Update.stop]
2018-10-03 04:24:01,164: update.0.child      : update.0                        : MainThread     : INFO    : parent stops child  22897 -> 22897 [update.0.child]
2018-10-03 04:24:01,165: update.0.child      : update.0                        : MainThread     : INFO    : send message: [update.0.child] STOP
2018-10-03 04:24:01,165: update.0.child      : update.0                        : MainThread     : WARNING : send failed ([Errno 9] Bad file descriptor) - terminate
2018-10-03 04:24:01,165: update.0.child      : update.0                        : MainThread     : DEBUG   : TERM : update.0.child unregister idler update.0.child.idler._idle_cb
2018-10-03 04:24:01,165: update.0.child      : update.0                        : MainThread     : INFO    : parent stops child
2018-10-03 04:24:01,165: update.0.child      : update.0                        : MainThread     : DEBUG   : ru_finalize_parent (NOOP)
2018-10-03 04:24:01,165: update.0.child      : update.0                        : MainThread     : DEBUG   : ru_finalize_common (NOOP)
2018-10-03 04:24:01,196: update.0.child      : update.0                        : update.0.child.idler._idle_cb: DEBUG   : ru_finalize_child (NOOP)
2018-10-03 04:24:01,196: update.0.child      : update.0                        : update.0.child.idler._idle_cb: DEBUG   : ru_finalize_common (NOOP)
2018-10-03 04:24:01,196: update.0.child      : update.0                        : update.0.child.idler._idle_cb: INFO    : put message: [update.0.child.idler._idle_cb.thread] terminating
2018-10-03 04:24:01,196: update.0.child      : update.0                        : MainThread     : DEBUG   : TERM : update.0.child unregistered idler update.0.child.idler._idle_cb
2018-10-03 04:24:01,196: update.0.child      : update.0                        : MainThread     : DEBUG   : TERM : update.0.child unregister subscriber update.0.child.subscriber._state_cb
2018-10-03 04:24:01,197: update.0.child      : update.0                        : MainThread     : DEBUG   : unregistered subscriber update.0.child.subscriber._state_cb
2018-10-03 04:24:01,197: update.0.child      : update.0                        : MainThread     : DEBUG   : ru_finalize_common()
2018-10-03 04:24:01,197: update.0.child      : update.0                        : MainThread     : DEBUG   : TERM : update.0.child unregister publisher log_pubsub
2018-10-03 04:24:01,197: update.0.child      : update.0                        : MainThread     : DEBUG   : unregistered publisher log_pubsub
2018-10-03 04:24:01,197: update.0.child      : update.0                        : MainThread     : DEBUG   : TERM : update.0.child unregister publisher state_pubsub
2018-10-03 04:24:01,197: update.0.child      : update.0                        : MainThread     : DEBUG   : unregistered publisher state_pubsub
2018-10-03 04:24:01,198: update.0.child      : update.0                        : MainThread     : DEBUG   : TERM : update.0.child unregister publisher control_pubsub
2018-10-03 04:24:01,198: update.0.child      : update.0                        : MainThread     : DEBUG   : unregistered publisher control_pubsub
2018-10-03 04:24:01,198: update.0.child      : update.0                        : MainThread     : DEBUG   : update.0.child close prof
2018-10-03 04:24:01,231: update.0.child      : update.0                        : MainThread     : INFO    : parent stops child
2018-10-03 04:24:01,231: update.0.child      : update.0                        : MainThread     : DEBUG   : ru_finalize_parent (NOOP)
2018-10-03 04:24:01,231: update.0.child      : update.0                        : MainThread     : DEBUG   : ru_finalize_common (NOOP)
2018-10-03 04:24:01,231: update.0.child      : update.0                        : MainThread     : INFO    : parent stops child
2018-10-03 04:24:01,232: update.0.child      : update.0                        : MainThread     : DEBUG   : ru_finalize_parent (NOOP)
2018-10-03 04:24:01,232: update.0.child      : update.0                        : update.0.child.subscriber._cancel_monitor_cb: DEBUG   : ru_finalize_child (NOOP)
2018-10-03 04:24:01,232: update.0.child      : update.0                        : update.0.child.subscriber._cancel_monitor_cb: INFO    : put message: [update.0.child.subscriber._cancel_monitor_cb.thread] terminating
2018-10-03 04:24:01,233: update.0.child      : update.0                        : MainThread     : INFO    : parent stops child
2018-10-03 04:24:01,233: update.0.child      : update.0                        : MainThread     : DEBUG   : ru_finalize_parent (NOOP)
2018-10-03 04:24:01,233: update.0.child      : update.0                        : update.0.child.subscriber._state_cb: DEBUG   : ru_finalize_child (NOOP)
2018-10-03 04:24:01,233: update.0.child      : update.0                        : update.0.child.subscriber._state_cb: INFO    : put message: [update.0.child.subscriber._state_cb.thread] terminating
2018-10-03 04:24:01,234: update.0.child      : update.0                        : MainThread     : INFO    : parent stops child
2018-10-03 04:24:01,234: update.0.child      : update.0                        : MainThread     : WARNING : super update.0.child is invalid
2018-10-03 04:24:01,234: update.0.child      : update.0                        : MainThread     : WARNING : component update.0.child is invalid
2018-10-03 04:24:01,235: update.0.child      : update.0                        : MainThread     : INFO    : stop update.0.child (22897 : 22897 : MainThread) [radical.pilot.worker.update.Update.stop]
2018-10-03 04:24:01,235: update.0.child      : update.0                        : MainThread     : DEBUG   : TERM : update.0.child unregister idler update.0.child.idler._idle_cb
2018-10-03 04:24:01,235: update.0.child      : update.0                        : MainThread     : WARNING : timed cb update.0.child.idler._idle_cb is not registered
2018-10-03 04:24:01,235: update.0.child      : update.0                        : MainThread     : DEBUG   : TERM : update.0.child unregister subscriber update.0.child.subscriber._state_cb
2018-10-03 04:24:01,235: update.0.child      : update.0                        : MainThread     : WARNING : subscriber _state_cb is not registered
2018-10-03 04:24:01,235: update.0.child      : update.0                        : MainThread     : DEBUG   : ru_finalize_common()
2018-10-03 04:24:01,235: update.0.child      : update.0                        : MainThread     : WARNING : publisher log_pubsub is not registered
2018-10-03 04:24:01,235: update.0.child      : update.0                        : MainThread     : WARNING : publisher state_pubsub is not registered
2018-10-03 04:24:01,235: update.0.child      : update.0                        : MainThread     : WARNING : publisher control_pubsub is not registered
2018-10-03 04:24:01,235: update.0.child      : update.0                        : MainThread     : DEBUG   : update.0.child close prof
2018-10-03 04:24:01,235: update.0.child      : update.0                        : MainThread     : INFO    : send message: [update.0.child] terminating
2018-10-03 04:24:01,235: update.0.child      : update.0                        : MainThread     : WARNING : send failed ([Errno 9] Bad file descriptor) - terminate
2018-10-03 04:24:01,236: update.0.child      : update.0                        : MainThread     : INFO    : parent stops child
2018-10-03 04:24:01,236: update.0.child      : update.0                        : MainThread     : INFO    : parent stops child
2018-10-03 04:24:01,236: update.0.child      : update.0                        : MainThread     : INFO    : parent stops child
