2019-04-03 18:41:32,973: radical.entk.appmanager.0000: MainProcess                     : MainThread     : INFO    : python.interpreter   version: 2.7.15 | packaged by conda-forge | (default, Feb 28 2019, 04:20:34) [GCC 8.2.0]
2019-04-03 18:41:32,974: radical.entk.appmanager.0000: MainProcess                     : MainThread     : INFO    :                      pid/tid: 2674/MainThread
[94mEnTK session: re.session.login3.jdakka.017989.0013
[39m[0m[94mCreating AppManager[39m[0m2019-04-03 18:41:33,087: radical.entk.appmanager.0000: MainProcess                     : MainThread     : INFO    : Application Manager initialized
[92m                                                           ok
[39m[0m2019-04-03 18:41:33,189: radical.saga        : MainProcess                     : MainThread     : INFO    : python.interpreter   version: 2.7.15 | packaged by conda-forge | (default, Feb 28 2019, 04:20:34) [GCC 8.2.0]
2019-04-03 18:41:33,189: radical.saga        : MainProcess                     : MainThread     : INFO    :                      pid/tid: 2674/MainThread
2019-04-03 18:41:33,190: radical.saga        : MainProcess                     : MainThread     : INFO    : radical.saga         version: 0.50.0-v0.50.0-22-g8c260f8@feature-summit
2019-04-03 18:41:33,416: radical.entk.task_processor: MainProcess                     : MainThread     : INFO    : python.interpreter   version: 2.7.15 | packaged by conda-forge | (default, Feb 28 2019, 04:20:34) [GCC 8.2.0]
2019-04-03 18:41:33,416: radical.entk.task_processor: MainProcess                     : MainThread     : INFO    :                      pid/tid: 2674/MainThread
2019-04-03 18:41:33,420: radical.entk.resource_manager.0000: MainProcess                     : MainThread     : INFO    : python.interpreter   version: 2.7.15 | packaged by conda-forge | (default, Feb 28 2019, 04:20:34) [GCC 8.2.0]
2019-04-03 18:41:33,421: radical.entk.resource_manager.0000: MainProcess                     : MainThread     : INFO    :                      pid/tid: 2674/MainThread
2019-04-03 18:41:33,464: radical.entk.resource_manager.0000: MainProcess                     : MainThread     : INFO    : Created resource manager object: resource_manager.0000
[94mValidating and assigning resource manager[39m[0m2019-04-03 18:41:33,464: radical.entk.resource_manager.0000: MainProcess                     : MainThread     : DEBUG   : Validating resource description
2019-04-03 18:41:33,465: radical.entk.resource_manager.0000: MainProcess                     : MainThread     : INFO    : Resource description validated
2019-04-03 18:41:33,465: radical.entk.resource_manager.0000: MainProcess                     : MainThread     : DEBUG   : Populating resource manager object
2019-04-03 18:41:33,465: radical.entk.resource_manager.0000: MainProcess                     : MainThread     : DEBUG   : Resource manager population successful
[92m                                     ok
[39m[0m2019-04-03 18:41:33,465: radical.entk.appmanager.0000: MainProcess                     : MainThread     : INFO    : Workflow assigned to Application Manager
[94mSetting up RabbitMQ system[39m[0m2019-04-03 18:41:33,465: radical.entk.appmanager.0000: MainProcess                     : MainThread     : DEBUG   : Setting up mq connection and channel
2019-04-03 18:41:33,487: radical.entk.appmanager.0000: MainProcess                     : MainThread     : DEBUG   : Connection and channel setup successful
2019-04-03 18:41:33,488: radical.entk.appmanager.0000: MainProcess                     : MainThread     : DEBUG   : Setting up all exchanges and queues
2019-04-03 18:41:33,512: radical.entk.appmanager.0000: MainProcess                     : MainThread     : DEBUG   : All exchanges and queues are setup
[92m                                                    ok
[39m[0m2019-04-03 18:41:33,515: radical.entk.wfprocessor.0000: MainProcess                     : MainThread     : INFO    : python.interpreter   version: 2.7.15 | packaged by conda-forge | (default, Feb 28 2019, 04:20:34) [GCC 8.2.0]
2019-04-03 18:41:33,524: radical.entk.wfprocessor.0000: MainProcess                     : MainThread     : INFO    :                      pid/tid: 2674/MainThread
2019-04-03 18:41:33,567: radical.entk.wfprocessor.0000: MainProcess                     : MainThread     : INFO    : Created WFProcessor object: wfprocessor.0000
2019-04-03 18:41:33,578: radical.entk.appmanager.0000: MainProcess                     : MainThread     : INFO    : Starting resource request submission
2019-04-03 18:41:34,591: radical.saga        : MainProcess                     : MainThread     : WARNING : ru.get_logger() is deprecated, use ru.Logger()
2019-04-03 18:41:34,591: radical.saga        : MainProcess                     : MainThread     : WARNING : ru.get_logger() is deprecated, use ru.Logger()
2019-04-03 18:41:34,592: radical.saga        : MainProcess                     : MainThread     : DEBUG   : listing  adaptor registry: ['saga.adaptors.context.myproxy', 'saga.adaptors.context.x509', 'saga.adaptors.context.ssh', 'saga.adaptors.context.userpass', 'saga.adaptors.shell.shell_job', 'saga.adaptors.shell.shell_file', 'saga.adaptors.shell.shell_resource', 'saga.adaptors.redis.redis_advert', 'saga.adaptors.sge.sgejob', 'saga.adaptors.pbs.pbsjob', 'saga.adaptors.lsf.lsfjob', 'saga.adaptors.lsfsummit.lsfjobsummit', 'saga.adaptors.condor.condorjob', 'saga.adaptors.slurm.slurm_job', 'saga.adaptors.http.http_file', 'saga.adaptors.aws.ec2_resource', 'saga.adaptors.loadl.loadljob', 'saga.adaptors.globus_online.go_file', 'saga.adaptors.torque.torquejob', 'saga.adaptors.pbspro.pbsprojob', 'saga.adaptors.srm.srmfile', 'saga.adaptors.cobalt.cobaltjob']
2019-04-03 18:41:34,592: radical.saga        : MainProcess                     : MainThread     : INFO    : loading  adaptor saga.adaptors.context.myproxy
2019-04-03 18:41:34,596: radical.saga.api    : MainProcess                     : MainThread     : INFO    : python.interpreter   version: 2.7.15 | packaged by conda-forge | (default, Feb 28 2019, 04:20:34) [GCC 8.2.0]
2019-04-03 18:41:34,596: radical.saga.api    : MainProcess                     : MainThread     : INFO    :                      pid/tid: 2674/MainThread
2019-04-03 18:41:34,597: radical.saga        : MainProcess                     : MainThread     : WARNING : Skipping adaptor saga.adaptors.context.myproxy: loading failed: ''Adaptor' object has no attribute 'opts''
2019-04-03 18:41:34,597: radical.saga        : MainProcess                     : MainThread     : INFO    : loading  adaptor saga.adaptors.context.x509
2019-04-03 18:41:34,598: radical.saga        : MainProcess                     : MainThread     : INFO    : Register adaptor saga.adaptors.context.x509 for saga.Context API with URL scheme(s) ['x509://']
2019-04-03 18:41:34,598: radical.saga        : MainProcess                     : MainThread     : INFO    : loading  adaptor saga.adaptors.context.ssh
2019-04-03 18:41:34,600: radical.saga        : MainProcess                     : MainThread     : INFO    : Register adaptor saga.adaptors.context.ssh for saga.Context API with URL scheme(s) ['ssh://']
2019-04-03 18:41:34,600: radical.saga        : MainProcess                     : MainThread     : INFO    : loading  adaptor saga.adaptors.context.userpass
2019-04-03 18:41:34,601: radical.saga        : MainProcess                     : MainThread     : INFO    : Register adaptor saga.adaptors.context.userpass for saga.Context API with URL scheme(s) ['userpass://']
2019-04-03 18:41:34,601: radical.saga        : MainProcess                     : MainThread     : INFO    : loading  adaptor saga.adaptors.shell.shell_job
2019-04-03 18:41:34,611: radical.saga        : MainProcess                     : MainThread     : INFO    : Register adaptor saga.adaptors.shell.shell_job for saga.job.Service API with URL scheme(s) ['fork://', 'local://', 'ssh://', 'gsissh://']
2019-04-03 18:41:34,612: radical.saga        : MainProcess                     : MainThread     : INFO    : Register adaptor saga.adaptors.shell.shell_job for saga.job.Job API with URL scheme(s) ['fork://', 'local://', 'ssh://', 'gsissh://']
2019-04-03 18:41:34,612: radical.saga        : MainProcess                     : MainThread     : INFO    : loading  adaptor saga.adaptors.shell.shell_file
2019-04-03 18:41:34,619: radical.saga        : MainProcess                     : MainThread     : INFO    : Register adaptor saga.adaptors.shell.shell_file for saga.namespace.Directory API with URL scheme(s) ['file://', 'local://', 'sftp://', 'gsisftp://', 'ssh://', 'gsissh://']
2019-04-03 18:41:34,619: radical.saga        : MainProcess                     : MainThread     : INFO    : Register adaptor saga.adaptors.shell.shell_file for saga.namespace.Entry API with URL scheme(s) ['file://', 'local://', 'sftp://', 'gsisftp://', 'ssh://', 'gsissh://']
2019-04-03 18:41:34,619: radical.saga        : MainProcess                     : MainThread     : INFO    : Register adaptor saga.adaptors.shell.shell_file for saga.filesystem.Directory API with URL scheme(s) ['file://', 'local://', 'sftp://', 'gsisftp://', 'ssh://', 'gsissh://']
2019-04-03 18:41:34,619: radical.saga        : MainProcess                     : MainThread     : INFO    : Register adaptor saga.adaptors.shell.shell_file for saga.filesystem.File API with URL scheme(s) ['file://', 'local://', 'sftp://', 'gsisftp://', 'ssh://', 'gsissh://']
2019-04-03 18:41:34,619: radical.saga        : MainProcess                     : MainThread     : INFO    : loading  adaptor saga.adaptors.shell.shell_resource
2019-04-03 18:41:34,625: radical.saga        : MainProcess                     : MainThread     : WARNING : Skipping adaptor saga.adaptors.shell.shell_resource: beta versions are disabled (v0.1.beta)
2019-04-03 18:41:34,625: radical.saga        : MainProcess                     : MainThread     : INFO    : loading  adaptor saga.adaptors.redis.redis_advert
2019-04-03 18:41:34,632: radical.saga        : MainProcess                     : MainThread     : WARNING : Skipping adaptor saga.adaptors.redis.redis_advert 1: module loading failed: No module named redis
2019-04-03 18:41:34,632: radical.saga        : MainProcess                     : MainThread     : INFO    : loading  adaptor saga.adaptors.sge.sgejob
2019-04-03 18:41:34,639: radical.saga        : MainProcess                     : MainThread     : INFO    : Register adaptor saga.adaptors.sge.sgejob for saga.job.Service API with URL scheme(s) ['sge://', 'sge+ssh://', 'sge+gsissh://']
2019-04-03 18:41:34,639: radical.saga        : MainProcess                     : MainThread     : INFO    : Register adaptor saga.adaptors.sge.sgejob for saga.job.Job API with URL scheme(s) ['sge://', 'sge+ssh://', 'sge+gsissh://']
2019-04-03 18:41:34,639: radical.saga        : MainProcess                     : MainThread     : INFO    : loading  adaptor saga.adaptors.pbs.pbsjob
2019-04-03 18:41:34,642: radical.saga        : MainProcess                     : MainThread     : INFO    : Register adaptor saga.adaptors.pbs.pbsjob for saga.job.Service API with URL scheme(s) ['pbs://', 'pbs+ssh://', 'pbs+gsissh://']
2019-04-03 18:41:34,642: radical.saga        : MainProcess                     : MainThread     : INFO    : Register adaptor saga.adaptors.pbs.pbsjob for saga.job.Job API with URL scheme(s) ['pbs://', 'pbs+ssh://', 'pbs+gsissh://']
2019-04-03 18:41:34,642: radical.saga        : MainProcess                     : MainThread     : INFO    : loading  adaptor saga.adaptors.lsf.lsfjob
2019-04-03 18:41:34,645: radical.saga        : MainProcess                     : MainThread     : INFO    : Register adaptor saga.adaptors.lsf.lsfjob for saga.job.Service API with URL scheme(s) ['lsf://', 'lsf+ssh://', 'lsf+gsissh://']
2019-04-03 18:41:34,646: radical.saga        : MainProcess                     : MainThread     : INFO    : Register adaptor saga.adaptors.lsf.lsfjob for saga.job.Job API with URL scheme(s) ['lsf://', 'lsf+ssh://', 'lsf+gsissh://']
2019-04-03 18:41:34,646: radical.saga        : MainProcess                     : MainThread     : INFO    : loading  adaptor saga.adaptors.lsfsummit.lsfjobsummit
2019-04-03 18:41:34,649: radical.saga        : MainProcess                     : MainThread     : INFO    : Register adaptor saga.adaptors.lsfsummit.lsfjobsummit for saga.job.Service API with URL scheme(s) ['lsfsummit://', 'lsfsummit+ssh://', 'lsfsummit+gsissh://']
2019-04-03 18:41:34,649: radical.saga        : MainProcess                     : MainThread     : INFO    : Register adaptor saga.adaptors.lsfsummit.lsfjobsummit for saga.job.Job API with URL scheme(s) ['lsfsummit://', 'lsfsummit+ssh://', 'lsfsummit+gsissh://']
2019-04-03 18:41:34,649: radical.saga        : MainProcess                     : MainThread     : INFO    : loading  adaptor saga.adaptors.condor.condorjob
2019-04-03 18:41:34,652: radical.saga.api    : MainProcess                     : MainThread     : INFO    : use condor_history: False
2019-04-03 18:41:34,652: radical.saga        : MainProcess                     : MainThread     : INFO    : Register adaptor saga.adaptors.condor.condorjob for saga.job.Service API with URL scheme(s) ['condor://', 'condor+ssh://', 'condor+gsissh://']
2019-04-03 18:41:34,652: radical.saga        : MainProcess                     : MainThread     : INFO    : Register adaptor saga.adaptors.condor.condorjob for saga.job.Job API with URL scheme(s) ['condor://', 'condor+ssh://', 'condor+gsissh://']
2019-04-03 18:41:34,652: radical.saga        : MainProcess                     : MainThread     : INFO    : loading  adaptor saga.adaptors.slurm.slurm_job
2019-04-03 18:41:34,655: radical.saga        : MainProcess                     : MainThread     : INFO    : Register adaptor saga.adaptors.slurm.slurm_job for saga.job.Service API with URL scheme(s) ['slurm://', 'slurm+ssh://', 'slurm+gsissh://']
2019-04-03 18:41:34,655: radical.saga        : MainProcess                     : MainThread     : INFO    : Register adaptor saga.adaptors.slurm.slurm_job for saga.job.Job API with URL scheme(s) ['slurm://', 'slurm+ssh://', 'slurm+gsissh://']
2019-04-03 18:41:34,655: radical.saga        : MainProcess                     : MainThread     : INFO    : loading  adaptor saga.adaptors.http.http_file
2019-04-03 18:41:34,658: radical.saga        : MainProcess                     : MainThread     : INFO    : Register adaptor saga.adaptors.http.http_file for saga.namespace.Entry API with URL scheme(s) ['http://', 'https://']
2019-04-03 18:41:34,658: radical.saga        : MainProcess                     : MainThread     : INFO    : Register adaptor saga.adaptors.http.http_file for saga.filesystem.File API with URL scheme(s) ['http://', 'https://']
2019-04-03 18:41:34,658: radical.saga        : MainProcess                     : MainThread     : INFO    : loading  adaptor saga.adaptors.aws.ec2_resource
2019-04-03 18:41:34,709: radical.saga        : MainProcess                     : MainThread     : INFO    : Register adaptor saga.adaptors.aws.ec2_resource for saga.Context API with URL scheme(s) ['ec2://', 'ec2_keypair://', 'openstack://', 'eucalyptus://', 'euca://', 'aws://', 'amazon://', 'http://', 'https://']
2019-04-03 18:41:34,709: radical.saga        : MainProcess                     : MainThread     : INFO    : Register adaptor saga.adaptors.aws.ec2_resource for saga.resource.Manager API with URL scheme(s) ['ec2://', 'ec2_keypair://', 'openstack://', 'eucalyptus://', 'euca://', 'aws://', 'amazon://', 'http://', 'https://']
2019-04-03 18:41:34,709: radical.saga        : MainProcess                     : MainThread     : INFO    : Register adaptor saga.adaptors.aws.ec2_resource for saga.resource.Compute API with URL scheme(s) ['ec2://', 'ec2_keypair://', 'openstack://', 'eucalyptus://', 'euca://', 'aws://', 'amazon://', 'http://', 'https://']
2019-04-03 18:41:34,709: radical.saga        : MainProcess                     : MainThread     : INFO    : loading  adaptor saga.adaptors.loadl.loadljob
2019-04-03 18:41:34,712: radical.saga        : MainProcess                     : MainThread     : INFO    : Register adaptor saga.adaptors.loadl.loadljob for saga.job.Service API with URL scheme(s) ['loadl://', 'loadl+ssh://', 'loadl+gsissh://']
2019-04-03 18:41:34,712: radical.saga        : MainProcess                     : MainThread     : INFO    : Register adaptor saga.adaptors.loadl.loadljob for saga.job.Job API with URL scheme(s) ['loadl://', 'loadl+ssh://', 'loadl+gsissh://']
2019-04-03 18:41:34,712: radical.saga        : MainProcess                     : MainThread     : INFO    : loading  adaptor saga.adaptors.globus_online.go_file
2019-04-03 18:41:34,715: radical.saga        : MainProcess                     : MainThread     : INFO    : Register adaptor saga.adaptors.globus_online.go_file for saga.namespace.Directory API with URL scheme(s) ['go://']
2019-04-03 18:41:34,715: radical.saga        : MainProcess                     : MainThread     : INFO    : Register adaptor saga.adaptors.globus_online.go_file for saga.namespace.Entry API with URL scheme(s) ['go://']
2019-04-03 18:41:34,715: radical.saga        : MainProcess                     : MainThread     : INFO    : Register adaptor saga.adaptors.globus_online.go_file for saga.filesystem.Directory API with URL scheme(s) ['go://']
2019-04-03 18:41:34,715: radical.saga        : MainProcess                     : MainThread     : INFO    : Register adaptor saga.adaptors.globus_online.go_file for saga.filesystem.File API with URL scheme(s) ['go://']
2019-04-03 18:41:34,715: radical.saga        : MainProcess                     : MainThread     : INFO    : loading  adaptor saga.adaptors.torque.torquejob
2019-04-03 18:41:34,718: radical.saga        : MainProcess                     : MainThread     : INFO    : Register adaptor saga.adaptors.torque.torquejob for saga.job.Service API with URL scheme(s) ['torque://', 'torque+ssh://', 'torque+gsissh://']
2019-04-03 18:41:34,718: radical.saga        : MainProcess                     : MainThread     : INFO    : Register adaptor saga.adaptors.torque.torquejob for saga.job.Job API with URL scheme(s) ['torque://', 'torque+ssh://', 'torque+gsissh://']
2019-04-03 18:41:34,718: radical.saga        : MainProcess                     : MainThread     : INFO    : loading  adaptor saga.adaptors.pbspro.pbsprojob
2019-04-03 18:41:34,721: radical.saga        : MainProcess                     : MainThread     : INFO    : Register adaptor saga.adaptors.pbspro.pbsprojob for saga.job.Service API with URL scheme(s) ['pbspro://', 'pbspro+ssh://', 'pbspro+gsissh://']
2019-04-03 18:41:34,722: radical.saga        : MainProcess                     : MainThread     : INFO    : Register adaptor saga.adaptors.pbspro.pbsprojob for saga.job.Job API with URL scheme(s) ['pbspro://', 'pbspro+ssh://', 'pbspro+gsissh://']
2019-04-03 18:41:34,722: radical.saga        : MainProcess                     : MainThread     : INFO    : loading  adaptor saga.adaptors.srm.srmfile
2019-04-03 18:41:34,724: radical.saga        : MainProcess                     : MainThread     : INFO    : Register adaptor saga.adaptors.srm.srmfile for saga.namespace.Directory API with URL scheme(s) ['srm://']
2019-04-03 18:41:34,725: radical.saga        : MainProcess                     : MainThread     : INFO    : Register adaptor saga.adaptors.srm.srmfile for saga.namespace.Entry API with URL scheme(s) ['srm://']
2019-04-03 18:41:34,725: radical.saga        : MainProcess                     : MainThread     : INFO    : Register adaptor saga.adaptors.srm.srmfile for saga.filesystem.Directory API with URL scheme(s) ['srm://']
2019-04-03 18:41:34,725: radical.saga        : MainProcess                     : MainThread     : INFO    : Register adaptor saga.adaptors.srm.srmfile for saga.filesystem.File API with URL scheme(s) ['srm://']
2019-04-03 18:41:34,725: radical.saga        : MainProcess                     : MainThread     : INFO    : loading  adaptor saga.adaptors.cobalt.cobaltjob
2019-04-03 18:41:34,728: radical.saga        : MainProcess                     : MainThread     : INFO    : Register adaptor saga.adaptors.cobalt.cobaltjob for saga.job.Service API with URL scheme(s) ['cobalt://', 'cobalt+ssh://', 'cobalt+gsissh://']
2019-04-03 18:41:34,728: radical.saga        : MainProcess                     : MainThread     : INFO    : Register adaptor saga.adaptors.cobalt.cobaltjob for saga.job.Job API with URL scheme(s) ['cobalt://', 'cobalt+ssh://', 'cobalt+gsissh://']
2019-04-03 18:41:34,729: radical.utils       : MainProcess                     : MainThread     : INFO    : python.interpreter   version: 2.7.15 | packaged by conda-forge | (default, Feb 28 2019, 04:20:34) [GCC 8.2.0]
2019-04-03 18:41:34,729: radical.utils       : MainProcess                     : MainThread     : INFO    : radical.utils        version: 0.50.3
2019-04-03 18:41:34,729: radical.utils       : MainProcess                     : MainThread     : INFO    :                      pid/tid: 2674/MainThread
2019-04-03 18:41:34,729: radical.utils       : MainProcess                     : MainThread     : DEBUG   : lm new manager
2019-04-03 18:41:34,730: radical.saga.api    : MainProcess                     : MainThread     : INFO    : ignore ssh key at /ccs/home/jdakka/.ssh/known_hosts (no public key: /ccs/home/jdakka/.ssh/known_hosts.pub)
2019-04-03 18:41:34,747: radical.saga.cpi    : MainProcess                     : MainThread     : INFO    : python.interpreter   version: 2.7.15 | packaged by conda-forge | (default, Feb 28 2019, 04:20:34) [GCC 8.2.0]
2019-04-03 18:41:34,747: radical.saga.cpi    : MainProcess                     : MainThread     : INFO    :                      pid/tid: 2674/MainThread
2019-04-03 18:41:34,748: radical.saga.api    : MainProcess                     : MainThread     : INFO    : default ssh key at /ccs/home/jdakka/.ssh/id_rsa
2019-04-03 18:41:34,758: radical.saga.cpi    : MainProcess                     : MainThread     : INFO    : init SSH context for key  at '/ccs/home/jdakka/.ssh/id_rsa' done
2019-04-03 18:41:34,758: radical.saga        : MainProcess                     : MainThread     : DEBUG   : default context [saga.adaptor.ssh    ] : {'LifeTime' : '-1', 'Type' : 'ssh', 'UserCert' : '/ccs/home/jdakka/.ssh/id_rsa.pub', 'UserKey' : '/ccs/home/jdakka/.ssh/id_rsa'}
2019-04-03 18:41:34,762: radical.saga        : MainProcess                     : MainThread     : WARNING : cannot initialize context - no session: {'LifeTime' : '-1', 'Type' : 'ssh', 'UserCert' : '/ccs/home/jdakka/.ssh/id_rsa.pub', 'UserKey' : '/ccs/home/jdakka/.ssh/id_rsa'}
2019-04-03 18:41:40,935: radical.saga.pty    : MainProcess                     : MainThread     : INFO    : python.interpreter   version: 2.7.15 | packaged by conda-forge | (default, Feb 28 2019, 04:20:34) [GCC 8.2.0]
2019-04-03 18:41:40,936: radical.saga.pty    : MainProcess                     : MainThread     : INFO    :                      pid/tid: 2674/MainThread
2019-04-03 18:41:40,936: radical.saga.pty    : MainProcess                     : MainThread     : DEBUG   : PTYShell init <saga.utils.pty_shell.PTYShell object at 0x7fff8814cf50>
2019-04-03 18:41:40,936: radical.saga.pty    : MainProcess                     : MainThread     : INFO    : PTY prompt pattern: [\$#%>\]]\s*$
2019-04-03 18:41:40,938: radical.saga.pty    : MainProcess                     : MainThread     : INFO    : ssh copy  mode set to 'sftp'
2019-04-03 18:41:40,938: radical.saga.pty    : MainProcess                     : MainThread     : INFO    : ssh share mode set to 'auto'
2019-04-03 18:41:40,938: radical.saga.pty    : MainProcess                     : MainThread     : INFO    : ssh timeout    set to '2000.0'
2019-04-03 18:41:40,938: radical.saga.pty    : MainProcess                     : MainThread     : DEBUG   : open master pty for [sh] [localhost] jdakka: /usr/bin/env TERM=vt100  "/bin/bash"  -i'
2019-04-03 18:41:40,939: radical.saga.pty    : MainProcess                     : MainThread     : DEBUG   : PTYProcess init <saga.utils.pty_process.PTYProcess object at 0x7fff88175a50>
2019-04-03 18:41:40,939: radical.saga.pty    : MainProcess                     : MainThread     : INFO    : running: /usr/bin/env TERM=vt100 /bin/bash -i
2019-04-03 18:41:40,941: radical.saga.pty    : MainProcess                     : MainThread     : DEBUG   : write: [  185] [   51] ( export PROMPT_COMMAND='' PS1='$' ; set prompt='$'\n)
2019-04-03 18:41:40,947: radical.saga.pty    : MainProcess                     : MainThread     : DEBUG   : read : [  185] [   29] (bash: ad: command not found\n)
2019-04-03 18:41:41,949: radical.saga.pty    : MainProcess                     : MainThread     : DEBUG   : write: [  185] [   69] ( export PROMPT_COMMAND='' PS1='$' > /dev/null 2>&1 || set prompt='$'\n)
2019-04-03 18:41:41,949: radical.saga.pty    : MainProcess                     : MainThread     : DEBUG   : write: [  185] [   28] ( printf 'HELLO_%d_SAGA\n' 1\n)
2019-04-03 18:41:42,959: radical.saga.pty    : MainProcess                     : MainThread     : DEBUG   : write: [  185] [   69] ( export PROMPT_COMMAND='' PS1='$' > /dev/null 2>&1 || set prompt='$'\n)
2019-04-03 18:41:42,959: radical.saga.pty    : MainProcess                     : MainThread     : DEBUG   : write: [  185] [   28] ( printf 'HELLO_%d_SAGA\n' 2\n)
2019-04-03 18:41:43,180: radical.saga.pty    : MainProcess                     : MainThread     : DEBUG   : read : [  185] [   40] ((snakes) [jdakka@login3.summit bip178]$ )
2019-04-03 18:41:43,181: radical.saga.pty    : MainProcess                     : MainThread     : DEBUG   : got initial shell prompt (6) (bash: ad: command not found
(snakes) [jdakka@login3.summit bip178]$ )
2019-04-03 18:41:43,181: radical.saga.pty    : MainProcess                     : MainThread     : DEBUG   : waiting for prompt trigger HELLO_2_SAGA: (6) (bash: ad: command not found
(snakes) [jdakka@login3.summit bip178]$ )
2019-04-03 18:41:43,181: radical.saga.pty    : MainProcess                     : MainThread     : DEBUG   : read : [  185] [   17] ($$HELLO_1_SAGA\n$)
2019-04-03 18:41:43,181: radical.saga.pty    : MainProcess                     : MainThread     : DEBUG   : got shell prompt trigger (5) ($$HELLO_1_SAGA)
2019-04-03 18:41:43,181: radical.saga.pty    : MainProcess                     : MainThread     : DEBUG   : got initial shell prompt (6) (
$)
2019-04-03 18:41:43,181: radical.saga.pty    : MainProcess                     : MainThread     : DEBUG   : waiting for prompt trigger HELLO_2_SAGA: (6) (
$)
2019-04-03 18:41:43,181: radical.saga.pty    : MainProcess                     : MainThread     : DEBUG   : read : [  185] [   16] ($HELLO_2_SAGA\n$)
2019-04-03 18:41:43,181: radical.saga.pty    : MainProcess                     : MainThread     : DEBUG   : got shell prompt trigger (5) ($HELLO_2_SAGA)
2019-04-03 18:41:43,182: radical.saga.pty    : MainProcess                     : MainThread     : DEBUG   : got initial shell prompt (6) (
$)
2019-04-03 18:41:43,182: radical.saga.pty    : MainProcess                     : MainThread     : DEBUG   : Got initial shell prompt (6) (
$)
2019-04-03 18:41:43,182: radical.saga.pty    : MainProcess                     : MainThread     : DEBUG   : PTYProcess init <saga.utils.pty_process.PTYProcess object at 0x7fff881758d0>
2019-04-03 18:41:43,182: radical.saga.pty    : MainProcess                     : MainThread     : INFO    : running: /usr/bin/env TERM=vt100 /bin/bash -i
2019-04-03 18:41:43,184: radical.saga.pty    : MainProcess                     : MainThread     : DEBUG   : write: [  197] [   51] ( export PROMPT_COMMAND='' PS1='$' ; set prompt='$'\n)
2019-04-03 18:41:43,190: radical.saga.pty    : MainProcess                     : MainThread     : DEBUG   : read : [  197] [   29] (bash: ad: command not found\n)
2019-04-03 18:41:44,190: radical.saga.pty    : MainProcess                     : MainThread     : DEBUG   : write: [  197] [   69] ( export PROMPT_COMMAND='' PS1='$' > /dev/null 2>&1 || set prompt='$'\n)
2019-04-03 18:41:44,190: radical.saga.pty    : MainProcess                     : MainThread     : DEBUG   : write: [  197] [   28] ( printf 'HELLO_%d_SAGA\n' 1\n)
2019-04-03 18:41:45,200: radical.saga.pty    : MainProcess                     : MainThread     : DEBUG   : write: [  197] [   69] ( export PROMPT_COMMAND='' PS1='$' > /dev/null 2>&1 || set prompt='$'\n)
2019-04-03 18:41:45,200: radical.saga.pty    : MainProcess                     : MainThread     : DEBUG   : write: [  197] [   28] ( printf 'HELLO_%d_SAGA\n' 2\n)
2019-04-03 18:41:45,393: radical.saga.pty    : MainProcess                     : MainThread     : DEBUG   : read : [  197] [   40] ((snakes) [jdakka@login3.summit bip178]$ )
2019-04-03 18:41:45,393: radical.saga.pty    : MainProcess                     : MainThread     : DEBUG   : got initial shell prompt (6) (bash: ad: command not found
(snakes) [jdakka@login3.summit bip178]$ )
2019-04-03 18:41:45,393: radical.saga.pty    : MainProcess                     : MainThread     : DEBUG   : waiting for prompt trigger HELLO_2_SAGA: (6) (bash: ad: command not found
(snakes) [jdakka@login3.summit bip178]$ )
2019-04-03 18:41:45,393: radical.saga.pty    : MainProcess                     : MainThread     : DEBUG   : read : [  197] [   17] ($$HELLO_1_SAGA\n$)
2019-04-03 18:41:45,393: radical.saga.pty    : MainProcess                     : MainThread     : DEBUG   : got shell prompt trigger (5) ($$HELLO_1_SAGA)
2019-04-03 18:41:45,393: radical.saga.pty    : MainProcess                     : MainThread     : DEBUG   : got initial shell prompt (6) (
$)
2019-04-03 18:41:45,393: radical.saga.pty    : MainProcess                     : MainThread     : DEBUG   : waiting for prompt trigger HELLO_2_SAGA: (6) (
$)
2019-04-03 18:41:45,393: radical.saga.pty    : MainProcess                     : MainThread     : DEBUG   : read : [  197] [   16] ($HELLO_2_SAGA\n$)
2019-04-03 18:41:45,394: radical.saga.pty    : MainProcess                     : MainThread     : DEBUG   : got shell prompt trigger (5) ($HELLO_2_SAGA)
2019-04-03 18:41:45,394: radical.saga.pty    : MainProcess                     : MainThread     : DEBUG   : got initial shell prompt (6) (
$)
2019-04-03 18:41:45,394: radical.saga.pty    : MainProcess                     : MainThread     : DEBUG   : Got initial shell prompt (6) (
$)
2019-04-03 18:41:45,394: radical.saga.pty    : MainProcess                     : MainThread     : DEBUG   : running command shell: exec /bin/sh -i
2019-04-03 18:41:45,394: radical.saga.pty    : MainProcess                     : MainThread     : DEBUG   : write: [  197] [   30] ( stty -echo ; exec /bin/sh -i\n)
2019-04-03 18:41:45,412: radical.saga.pty    : MainProcess                     : MainThread     : DEBUG   : read : [  197] [    1] ($)
2019-04-03 18:41:45,412: radical.saga.pty    : MainProcess                     : MainThread     : DEBUG   : flush: [  197] [     ] (flush pty read cache)
2019-04-03 18:41:45,513: radical.saga.pty    : MainProcess                     : MainThread     : DEBUG   : write: [  197] [  152] (set HISTFILE=$HOME/.saga_history; PS1='PROMPT-$?->'; PS2=''; PROMPT_COMMAND=''; export PS1 PS2 PROMPT_COMMAND 2>&1 >/dev/null; cd $HOME 2>&1 >/dev/null\n)
2019-04-03 18:41:45,514: radical.saga.pty    : MainProcess                     : MainThread     : DEBUG   : read : [  197] [   10] (PROMPT-0->)
2019-04-03 18:41:45,514: radical.saga.pty    : MainProcess                     : MainThread     : DEBUG   : got new shell prompt
2019-04-03 18:41:45,514: radical.saga.pty    : MainProcess                     : MainThread     : DEBUG   : flush: [  197] [     ] (flush pty read cache)
2019-04-03 18:41:45,615: radical.saga.pty    : MainProcess                     : MainThread     : DEBUG   : flush: [  197] [     ] (flush pty read cache)
2019-04-03 18:41:45,716: radical.saga.pty    : MainProcess                     : MainThread     : DEBUG   : run_sync: echo "WORKDIR: $PWD"
2019-04-03 18:41:45,716: radical.saga.pty    : MainProcess                     : MainThread     : DEBUG   : write: [  197] [   21] (echo "WORKDIR: $PWD"\n)
2019-04-03 18:41:45,716: radical.saga.pty    : MainProcess                     : MainThread     : DEBUG   : read : [  197] [   27] (WORKDIR: /ccs/home/jdakka\n)
2019-04-03 18:41:45,716: radical.saga.pty    : MainProcess                     : MainThread     : DEBUG   : read : [  197] [   10] (PROMPT-0->)
2019-04-03 18:41:45,716: radical.saga.pty    : MainProcess                     : MainThread     : DEBUG   : PTYShell del  <saga.utils.pty_shell.PTYShell object at 0x7fff8814cf50>
2019-04-03 18:41:45,817: radical.saga.pty    : MainProcess                     : MainThread     : DEBUG   : PTYProcess del  <saga.utils.pty_process.PTYProcess object at 0x7fff881758d0>
2019-04-03 18:41:45,840: radical.entk.resource_manager.0000: MainProcess                     : MainThread     : INFO    : Pilot pilot.0000 state: PMGR_LAUNCHING_PENDING
2019-04-03 18:41:45,841: radical.entk.resource_manager.0000: MainProcess                     : MainThread     : INFO    : Resource request submission successful.. waiting for pilot to go Active
2019-04-03 18:41:45,842: radical.entk.resource_manager.0000: MainProcess                     : pmgr.0000.subscriber._state_sub_cb: INFO    : Pilot pilot.0000 state: PMGR_LAUNCHING
2019-04-03 18:41:50,299: radical.utils       : pmgr.0000.launching.0           : MainThread     : DEBUG   : lm create  pool   for file://localhost/shell_file_adaptor_command_shell/ (<type 'str'>) (<radical.utils.lease_manager.LeaseManager object at 0x7fff89d6d0d0>)
2019-04-03 18:41:50,299: radical.utils       : pmgr.0000.launching.0           : MainThread     : DEBUG   : lm create  object for file://localhost/shell_file_adaptor_command_shell/
2019-04-03 18:41:50,299: radical.saga.cpi    : pmgr.0000.launching.0           : MainThread     : DEBUG   : PTYShell init <saga.utils.pty_shell.PTYShell object at 0x7fff786c5910>
2019-04-03 18:41:50,299: radical.saga.cpi    : pmgr.0000.launching.0           : MainThread     : INFO    : PTY prompt pattern: [\$#%>\]]\s*$
2019-04-03 18:41:50,300: radical.saga.cpi    : pmgr.0000.launching.0           : MainThread     : INFO    : ssh copy  mode set to 'sftp'
2019-04-03 18:41:50,300: radical.saga.cpi    : pmgr.0000.launching.0           : MainThread     : INFO    : ssh share mode set to 'auto'
2019-04-03 18:41:50,300: radical.saga.cpi    : pmgr.0000.launching.0           : MainThread     : INFO    : ssh timeout    set to '2000.0'
2019-04-03 18:41:52,099: radical.saga.cpi    : pmgr.0000.launching.0           : MainThread     : DEBUG   : running command shell: exec /bin/sh -i
2019-04-03 18:41:52,216: radical.saga.cpi    : pmgr.0000.launching.0           : MainThread     : DEBUG   : got new shell prompt
2019-04-03 18:41:52,417: radical.saga.cpi    : pmgr.0000.launching.0           : MainThread     : DEBUG   : run_sync: cd / &&  test -d  '/' && cd '/'
2019-04-03 18:41:52,418: radical.saga.cpi    : pmgr.0000.launching.0           : MainThread     : DEBUG   : initialized directory (0)()
2019-04-03 18:41:52,520: radical.saga.cpi    : pmgr.0000.launching.0           : MainThread     : DEBUG   : run_sync: mkdir -p / && cd / &&  mkdir -p '/ccs/home/jdakka/radical.pilot.sandbox/re.session.login3.jdakka.017989.0013/'
2019-04-03 18:41:52,628: radical.saga.cpi    : pmgr.0000.launching.0           : MainThread     : DEBUG   : run_sync: cd / &&  cp  '//tmp/rp_agent_tar_dir_DtfWp/re.session.login3.jdakka.017989.0013.pmgr.0000.launching.0.child.tgz' '/ccs/home/jdakka/radical.pilot.sandbox/re.session.login3.jdakka.017989.0013/re.session.login3.jdakka.017989.0013.pmgr.0000.launching.0.child.tgz'
2019-04-03 18:41:52,672: radical.saga.cpi    : pmgr.0000.launching.0           : MainThread     : DEBUG   : PTYShell init <saga.utils.pty_shell.PTYShell object at 0x7fff786c5f10>
2019-04-03 18:41:52,673: radical.saga.cpi    : pmgr.0000.launching.0           : MainThread     : INFO    : PTY prompt pattern: [\$#%>\]]\s*$
2019-04-03 18:41:52,674: radical.saga.cpi    : pmgr.0000.launching.0           : MainThread     : INFO    : ssh copy  mode set to 'sftp'
2019-04-03 18:41:52,674: radical.saga.cpi    : pmgr.0000.launching.0           : MainThread     : INFO    : ssh share mode set to 'auto'
2019-04-03 18:41:52,674: radical.saga.cpi    : pmgr.0000.launching.0           : MainThread     : INFO    : ssh timeout    set to '2000.0'
2019-04-03 18:41:54,756: radical.saga.cpi    : pmgr.0000.launching.0           : MainThread     : DEBUG   : running command shell: exec /bin/sh -i
2019-04-03 18:41:54,870: radical.saga.cpi    : pmgr.0000.launching.0           : MainThread     : DEBUG   : got new shell prompt
2019-04-03 18:41:54,970: radical.saga.cpi    : pmgr.0000.launching.0           : MainThread     : DEBUG   : PTYShell init <saga.utils.pty_shell.PTYShell object at 0x7fff89d4a550>
2019-04-03 18:41:54,971: radical.saga.cpi    : pmgr.0000.launching.0           : MainThread     : INFO    : PTY prompt pattern: [\$#%>\]]\s*$
2019-04-03 18:41:54,972: radical.saga.cpi    : pmgr.0000.launching.0           : MainThread     : INFO    : ssh copy  mode set to 'sftp'
2019-04-03 18:41:54,972: radical.saga.cpi    : pmgr.0000.launching.0           : MainThread     : INFO    : ssh share mode set to 'auto'
2019-04-03 18:41:54,972: radical.saga.cpi    : pmgr.0000.launching.0           : MainThread     : INFO    : ssh timeout    set to '2000.0'
2019-04-03 18:41:57,015: radical.saga.cpi    : pmgr.0000.launching.0           : MainThread     : DEBUG   : running command shell: exec /bin/sh -i
2019-04-03 18:41:57,131: radical.saga.cpi    : pmgr.0000.launching.0           : MainThread     : DEBUG   : got new shell prompt
2019-04-03 18:41:57,332: radical.saga.cpi    : pmgr.0000.launching.0           : MainThread     : DEBUG   : run_sync: mkdir -p .saga/adaptors/shell_job/
2019-04-03 18:41:57,437: radical.saga.cpi    : pmgr.0000.launching.0           : MainThread     : DEBUG   : run_sync: test -f .saga/adaptors/shell_job//wrapper.sh
2019-04-03 18:41:57,540: radical.saga.cpi    : pmgr.0000.launching.0           : MainThread     : DEBUG   : run_sync: /bin/sh .saga/adaptors/shell_job//wrapper.sh .saga/adaptors/shell_job/
2019-04-03 18:41:57,890: radical.saga.cpi    : pmgr.0000.launching.0           : MainThread     : DEBUG   : got cmd prompt (0)(PID: 4811)
2019-04-03 18:41:57,991: radical.saga.cpi    : pmgr.0000.launching.0           : MainThread     : DEBUG   : run_sync: /bin/sh .saga/adaptors/shell_job//wrapper.sh .saga/adaptors/shell_job/
2019-04-03 18:41:58,321: radical.saga.cpi    : pmgr.0000.launching.0           : MainThread     : DEBUG   : got mon prompt (0)(PID: 4992)
2019-04-03 18:41:58,430: radical.saga.cpi    : pmgr.0000.launching.0           : MainThread     : DEBUG   : run_sync: RUN true && ( /bin/sh -c 'tar zmxvf /ccs/home/jdakka/radical.pilot.sandbox/re.session.login3.jdakka.017989.0013/re.session.login3.jdakka.017989.0013.pmgr.0000.launching.0.child.tgz -C /ccs/home/jdakka/radical.pilot.sandbox/re.session.login3.jdakka.017989.0013' )
2019-04-03 18:41:58,467: radical.saga.cpi    : pmgr.0000.launching.0           : MainThread     : DEBUG   : ['RUNNING ', 'OK', '5148.0']
2019-04-03 18:41:58,467: radical.saga.cpi    : pmgr.0000.launching.0           : MainThread     : DEBUG   : started job [fork://localhost/]-[5148.0]
2019-04-03 18:41:58,568: radical.saga.cpi    : pmgr.0000.launching.0           : MainThread     : DEBUG   : run_sync: STATS 5148.0
2019-04-03 18:41:58,582: radical.saga.cpi    : pmgr.0000.launching.0           : MainThread     : DEBUG   : ['OK', 'STATE : DONE', 'START  : 1554331318', 'STOP   : 1554331318', 'START_STDERR', 'END_STDERR', 'START_STDOUT', 'END_STDOUT']
2019-04-03 18:41:58,684: radical.saga.cpi    : pmgr.0000.launching.0           : MainThread     : DEBUG   : run_sync: STDOUT 5148.0
2019-04-03 18:41:58,795: radical.saga.cpi    : pmgr.0000.launching.0           : MainThread     : DEBUG   : run_sync: STDERR 5148.0
2019-04-03 18:42:02,023: radical.saga.cpi    : pmgr.0000.launching.0           : MainThread     : INFO    : Found LSF tools: {'bsub': {'path': '/sw/sources/lsf-tools/2.0/summit/bin/bsub', 'version': 'IBM Spectrum LSF 10.1.0.0 build 511064, Jan 30 2019'}, 'bkill': {'path': '/opt/ibm/spectrumcomputing/lsf/10.1/linux3.10-glibc2.17-ppc64le-csm/bin/bkill', 'version': 'IBM Spectrum LSF 10.1.0.0 build 511064, Jan 30 2019'}, 'bqueues': {'path': '/opt/ibm/spectrumcomputing/lsf/10.1/linux3.10-glibc2.17-ppc64le-csm/bin/bqueues', 'version': 'IBM Spectrum LSF 10.1.0.0 build 511064, Jan 30 2019'}, 'bjobs': {'path': '/opt/ibm/spectrumcomputing/lsf/10.1/linux3.10-glibc2.17-ppc64le-csm/bin/bjobs', 'version': 'IBM Spectrum LSF 10.1.0.0 build 511064, Jan 30 2019'}}
2019-04-03 18:42:02,040: radical.saga.cpi    : pmgr.0000.launching.0           : Thread-3       : INFO    : Generated LSF script: 
#!/bin/bash 
#BSUB -J pilot.0000 
#BSUB -cwd /ccs/home/jdakka/radical.pilot.sandbox/re.session.login3.jdakka.017989.0013/pilot.0000 
#BSUB -o /ccs/home/jdakka/radical.pilot.sandbox/re.session.login3.jdakka.017989.0013/pilot.0000/bootstrap_0.out 
#BSUB -e /ccs/home/jdakka/radical.pilot.sandbox/re.session.login3.jdakka.017989.0013/pilot.0000/bootstrap_0.err 
#BSUB -W 2:0 
#BSUB -q batch 
#BSUB -P BIP178 
#BSUB -nnodes 1 
#BSUB -alloc_flags 'gpumps smt1' 

export  RADICAL_PILOT_PROFILE=TRUE 
/bin/bash -l /ccs/home/jdakka/radical.pilot.sandbox/re.session.login3.jdakka.017989.0013/bootstrap_0.sh  -d 'radical.utils-0.50.3.tar.gz:saga-python-0.50.0-v0.50.0-22-g8c260f8-feature-summit.tar.gz:radical.pilot-0.50.22-v0.50.22-189-g3ac6a19-fix-issue-1830.tar.gz' -p 'pilot.0000' -s 're.session.login3.jdakka.017989.0013' -m 'create' -r 'local' -b 'default' -g 'default' -v '/ccs/home/jdakka/radical.pilot.sandbox/ve.ornl.summit.0.50.22' -y '120' 
2019-04-03 18:42:02,041: radical.saga.cpi    : pmgr.0000.launching.0           : Thread-3       : INFO    : Creating working directory /ccs/home/jdakka/radical.pilot.sandbox/re.session.login3.jdakka.017989.0013/pilot.0000
2019-04-03 18:42:02,424: radical.saga.cpi    : pmgr.0000.launching.0           : Thread-3       : INFO    : bsub: Job <321442> is submitted to queue <batch>.
2019-04-03 18:42:02,425: radical.saga.cpi    : pmgr.0000.launching.0           : Thread-3       : INFO    : Submitted LSF job with id: [lsfsummit://localhost/]-[321442]
2019-04-03 18:42:02,427: radical.entk.resource_manager.0000: MainProcess                     : pmgr.0000.subscriber._state_sub_cb: INFO    : Pilot pilot.0000 state: PMGR_ACTIVE_PENDING
2019-04-03 18:42:04,928: radical.saga.cpi    : pmgr.0000.launching.0           : Thread-2       : INFO    : Job monitoring thread updating Job <saga.adaptors.lsfsummit.lsfjobsummit.LSFJob_Summit object at 0x7fff78634090> (state: Pending)
2019-04-03 18:42:08,041: radical.saga.cpi    : pmgr.0000.launching.0           : Thread-2       : INFO    : Job monitoring thread updating Job <saga.adaptors.lsfsummit.lsfjobsummit.LSFJob_Summit object at 0x7fff78634090> (state: Pending)
2019-04-03 18:42:11,153: radical.saga.cpi    : pmgr.0000.launching.0           : Thread-2       : INFO    : Job monitoring thread updating Job <saga.adaptors.lsfsummit.lsfjobsummit.LSFJob_Summit object at 0x7fff78634090> (state: Pending)
2019-04-03 18:42:14,264: radical.saga.cpi    : pmgr.0000.launching.0           : Thread-2       : INFO    : Job monitoring thread updating Job <saga.adaptors.lsfsummit.lsfjobsummit.LSFJob_Summit object at 0x7fff78634090> (state: Pending)
2019-04-03 18:42:17,377: radical.saga.cpi    : pmgr.0000.launching.0           : Thread-2       : INFO    : Job monitoring thread updating Job <saga.adaptors.lsfsummit.lsfjobsummit.LSFJob_Summit object at 0x7fff78634090> (state: Pending)
2019-04-03 18:42:20,488: radical.saga.cpi    : pmgr.0000.launching.0           : Thread-2       : INFO    : Job monitoring thread updating Job <saga.adaptors.lsfsummit.lsfjobsummit.LSFJob_Summit object at 0x7fff78634090> (state: Pending)
2019-04-03 18:42:23,600: radical.saga.cpi    : pmgr.0000.launching.0           : Thread-2       : INFO    : Job monitoring thread updating Job <saga.adaptors.lsfsummit.lsfjobsummit.LSFJob_Summit object at 0x7fff78634090> (state: Pending)
2019-04-03 18:42:26,711: radical.saga.cpi    : pmgr.0000.launching.0           : Thread-2       : INFO    : Job monitoring thread updating Job <saga.adaptors.lsfsummit.lsfjobsummit.LSFJob_Summit object at 0x7fff78634090> (state: Pending)
2019-04-03 18:42:29,822: radical.saga.cpi    : pmgr.0000.launching.0           : Thread-2       : INFO    : Job monitoring thread updating Job <saga.adaptors.lsfsummit.lsfjobsummit.LSFJob_Summit object at 0x7fff78634090> (state: Pending)
2019-04-03 18:42:32,936: radical.saga.cpi    : pmgr.0000.launching.0           : Thread-2       : INFO    : Job monitoring thread updating Job <saga.adaptors.lsfsummit.lsfjobsummit.LSFJob_Summit object at 0x7fff78634090> (state: Pending)
2019-04-03 18:42:36,049: radical.saga.cpi    : pmgr.0000.launching.0           : Thread-2       : INFO    : Job monitoring thread updating Job <saga.adaptors.lsfsummit.lsfjobsummit.LSFJob_Summit object at 0x7fff78634090> (state: Pending)
2019-04-03 18:42:39,161: radical.saga.cpi    : pmgr.0000.launching.0           : Thread-2       : INFO    : Job monitoring thread updating Job <saga.adaptors.lsfsummit.lsfjobsummit.LSFJob_Summit object at 0x7fff78634090> (state: Pending)
2019-04-03 18:42:42,272: radical.saga.cpi    : pmgr.0000.launching.0           : Thread-2       : INFO    : Job monitoring thread updating Job <saga.adaptors.lsfsummit.lsfjobsummit.LSFJob_Summit object at 0x7fff78634090> (state: Pending)
2019-04-03 18:42:45,383: radical.saga.cpi    : pmgr.0000.launching.0           : Thread-2       : INFO    : Job monitoring thread updating Job <saga.adaptors.lsfsummit.lsfjobsummit.LSFJob_Summit object at 0x7fff78634090> (state: Pending)
2019-04-03 18:42:48,496: radical.saga.cpi    : pmgr.0000.launching.0           : Thread-2       : INFO    : Job monitoring thread updating Job <saga.adaptors.lsfsummit.lsfjobsummit.LSFJob_Summit object at 0x7fff78634090> (state: Pending)
2019-04-03 18:42:51,607: radical.saga.cpi    : pmgr.0000.launching.0           : Thread-2       : INFO    : Job monitoring thread updating Job <saga.adaptors.lsfsummit.lsfjobsummit.LSFJob_Summit object at 0x7fff78634090> (state: Pending)
2019-04-03 18:42:54,716: radical.saga.cpi    : pmgr.0000.launching.0           : Thread-2       : INFO    : Job monitoring thread updating Job <saga.adaptors.lsfsummit.lsfjobsummit.LSFJob_Summit object at 0x7fff78634090> (state: Running)
2019-04-03 18:42:57,828: radical.saga.cpi    : pmgr.0000.launching.0           : Thread-2       : INFO    : Job monitoring thread updating Job <saga.adaptors.lsfsummit.lsfjobsummit.LSFJob_Summit object at 0x7fff78634090> (state: Running)
2019-04-03 18:43:00,939: radical.saga.cpi    : pmgr.0000.launching.0           : Thread-2       : INFO    : Job monitoring thread updating Job <saga.adaptors.lsfsummit.lsfjobsummit.LSFJob_Summit object at 0x7fff78634090> (state: Running)
2019-04-03 18:43:04,053: radical.saga.cpi    : pmgr.0000.launching.0           : Thread-2       : INFO    : Job monitoring thread updating Job <saga.adaptors.lsfsummit.lsfjobsummit.LSFJob_Summit object at 0x7fff78634090> (state: Running)
2019-04-03 18:43:07,164: radical.saga.cpi    : pmgr.0000.launching.0           : Thread-2       : INFO    : Job monitoring thread updating Job <saga.adaptors.lsfsummit.lsfjobsummit.LSFJob_Summit object at 0x7fff78634090> (state: Running)
2019-04-03 18:43:10,275: radical.saga.cpi    : pmgr.0000.launching.0           : Thread-2       : INFO    : Job monitoring thread updating Job <saga.adaptors.lsfsummit.lsfjobsummit.LSFJob_Summit object at 0x7fff78634090> (state: Running)
2019-04-03 18:43:13,387: radical.saga.cpi    : pmgr.0000.launching.0           : Thread-2       : INFO    : Job monitoring thread updating Job <saga.adaptors.lsfsummit.lsfjobsummit.LSFJob_Summit object at 0x7fff78634090> (state: Running)
2019-04-03 18:43:16,498: radical.saga.cpi    : pmgr.0000.launching.0           : Thread-2       : INFO    : Job monitoring thread updating Job <saga.adaptors.lsfsummit.lsfjobsummit.LSFJob_Summit object at 0x7fff78634090> (state: Running)
2019-04-03 18:43:19,609: radical.saga.cpi    : pmgr.0000.launching.0           : Thread-2       : INFO    : Job monitoring thread updating Job <saga.adaptors.lsfsummit.lsfjobsummit.LSFJob_Summit object at 0x7fff78634090> (state: Running)
2019-04-03 18:43:22,723: radical.saga.cpi    : pmgr.0000.launching.0           : Thread-2       : INFO    : Job monitoring thread updating Job <saga.adaptors.lsfsummit.lsfjobsummit.LSFJob_Summit object at 0x7fff78634090> (state: Running)
2019-04-03 18:43:25,834: radical.saga.cpi    : pmgr.0000.launching.0           : Thread-2       : INFO    : Job monitoring thread updating Job <saga.adaptors.lsfsummit.lsfjobsummit.LSFJob_Summit object at 0x7fff78634090> (state: Running)
2019-04-03 18:43:28,948: radical.saga.cpi    : pmgr.0000.launching.0           : Thread-2       : INFO    : Job monitoring thread updating Job <saga.adaptors.lsfsummit.lsfjobsummit.LSFJob_Summit object at 0x7fff78634090> (state: Running)
2019-04-03 18:43:31,307: radical.entk.resource_manager.0000: MainProcess                     : pmgr.0000.idler._state_pull_cb: INFO    : Pilot pilot.0000 state: PMGR_ACTIVE
2019-04-03 18:43:31,370: radical.entk.resource_manager.0000: MainProcess                     : MainThread     : INFO    : Pilot is now active
2019-04-03 18:43:31,371: radical.entk.appmanager.0000: MainProcess                     : MainThread     : INFO    : Starting synchronizer thread
2019-04-03 18:43:31,371: radical.entk.appmanager.0000: MainProcess                     : MainThread     : INFO    : Starting WFProcessor process from AppManager
2019-04-03 18:43:31,371: radical.entk.appmanager.0000: MainProcess                     : synchronizer-thread: INFO    : synchronizer thread started
2019-04-03 18:43:31,372: radical.entk.wfprocessor.0000: MainProcess                     : MainThread     : INFO    : Starting WFprocessor process
[92mAll components created
[39m[0m2019-04-03 18:43:31,379: radical.entk.task_manager.0000: MainProcess                     : MainThread     : INFO    : python.interpreter   version: 2.7.15 | packaged by conda-forge | (default, Feb 28 2019, 04:20:34) [GCC 8.2.0]
2019-04-03 18:43:31,380: radical.entk.task_manager.0000: MainProcess                     : MainThread     : INFO    :                      pid/tid: 2674/MainThread
2019-04-03 18:43:31,461: radical.entk.wfprocessor.0000: wfprocessor                     : MainThread     : INFO    : WFprocessor started
2019-04-03 18:43:31,461: radical.entk.wfprocessor.0000: wfprocessor                     : MainThread     : INFO    : Starting dequeue-thread
2019-04-03 18:43:31,461: radical.entk.wfprocessor.0000: wfprocessor                     : MainThread     : INFO    : Starting enqueue-thread
2019-04-03 18:43:31,461: radical.entk.wfprocessor.0000: wfprocessor                     : dequeue-thread : INFO    : Dequeue thread started
2019-04-03 18:43:31,463: radical.entk.wfprocessor.0000: wfprocessor                     : enqueue-thread : INFO    : enqueue-thread started
2019-04-03 18:43:31,469: radical.entk.wfprocessor.0000: wfprocessor                     : enqueue-thread : DEBUG   : Attempting to sync pipeline.0000 with state SCHEDULING with AppManager
2019-04-03 18:43:31,471: radical.entk.appmanager.0000: MainProcess                     : synchronizer-thread: DEBUG   : received pipeline.0000 with state SCHEDULING for sync
2019-04-03 18:43:31,471: radical.entk.appmanager.0000: MainProcess                     : synchronizer-thread: INFO    : Received pipeline.0000 with state SCHEDULING
2019-04-03 18:43:31,472: radical.entk.appmanager.0000: MainProcess                     : synchronizer-thread: INFO    : Found pipeline pipeline.0000, state SCHEDULING, completed False
[92mUpdate: [39m[0m[94mMD state: SCHEDULING
[39m[0m2019-04-03 18:43:31,473: radical.entk.wfprocessor.0000: wfprocessor                     : enqueue-thread : DEBUG   : pipeline.0000 with state SCHEDULING synced with AppManager
2019-04-03 18:43:31,474: radical.entk.wfprocessor.0000: wfprocessor                     : enqueue-thread : INFO    : Transition of pipeline.0000 to new state SCHEDULING successful
2019-04-03 18:43:31,474: radical.entk.wfprocessor.0000: wfprocessor                     : enqueue-thread : DEBUG   : Attempting to sync stage.0000 with state SCHEDULING with AppManager
2019-04-03 18:43:31,478: radical.entk.appmanager.0000: MainProcess                     : synchronizer-thread: DEBUG   : received stage.0000 with state SCHEDULING for sync
2019-04-03 18:43:31,478: radical.entk.appmanager.0000: MainProcess                     : synchronizer-thread: INFO    : Received stage.0000 with state SCHEDULING
2019-04-03 18:43:31,478: radical.entk.appmanager.0000: MainProcess                     : synchronizer-thread: INFO    : Found parent pipeline: pipeline.0000
2019-04-03 18:43:31,479: radical.entk.appmanager.0000: MainProcess                     : synchronizer-thread: DEBUG   : Found stage stage.0000
2019-04-03 18:43:31,479: radical.entk.task_manager.0000: MainProcess                     : MainThread     : INFO    : Created task manager object: task_manager.0000
[92mUpdate: [39m[0m[94mMD.OpenMM state: SCHEDULING
[39m[0m2019-04-03 18:43:31,480: radical.entk.appmanager.0000: MainProcess                     : MainThread     : INFO    : Starting task manager process from AppManager
2019-04-03 18:43:31,480: radical.entk.wfprocessor.0000: wfprocessor                     : enqueue-thread : DEBUG   : stage.0000 with state SCHEDULING synced with AppManager
2019-04-03 18:43:31,480: radical.entk.task_manager.0000: MainProcess                     : MainThread     : INFO    : Starting task manager process
2019-04-03 18:43:31,481: radical.entk.wfprocessor.0000: wfprocessor                     : enqueue-thread : INFO    : Transition of stage.0000 to new state SCHEDULING successful
2019-04-03 18:43:31,481: radical.entk.wfprocessor.0000: wfprocessor                     : enqueue-thread : DEBUG   : Attempting to sync task.0000 with state SCHEDULING with AppManager
2019-04-03 18:43:31,482: radical.entk.task_manager.0000: MainProcess                     : MainThread     : INFO    : Starting heartbeat thread
2019-04-03 18:43:31,485: radical.entk.appmanager.0000: MainProcess                     : synchronizer-thread: DEBUG   : received task.0000 with state SCHEDULING for sync
2019-04-03 18:43:31,485: radical.entk.appmanager.0000: MainProcess                     : synchronizer-thread: INFO    : Received task.0000 with state SCHEDULING
2019-04-03 18:43:31,486: radical.entk.appmanager.0000: MainProcess                     : synchronizer-thread: DEBUG   : Found task task.0000 with state SCHEDULING
[92mUpdate: [39m[0m[94mMD.OpenMM.md state: SCHEDULING
[39m[0m2019-04-03 18:43:31,487: radical.entk.wfprocessor.0000: wfprocessor                     : enqueue-thread : DEBUG   : task.0000 with state SCHEDULING synced with AppManager
2019-04-03 18:43:31,488: radical.entk.wfprocessor.0000: wfprocessor                     : enqueue-thread : INFO    : Transition of task.0000 to new state SCHEDULING successful
2019-04-03 18:43:31,488: radical.entk.wfprocessor.0000: wfprocessor                     : enqueue-thread : DEBUG   : Attempting to sync task.0000 with state SCHEDULED with AppManager
2019-04-03 18:43:31,546: radical.entk.appmanager.0000: MainProcess                     : synchronizer-thread: DEBUG   : received task.0000 with state SCHEDULED for sync
2019-04-03 18:43:31,546: radical.entk.appmanager.0000: MainProcess                     : synchronizer-thread: INFO    : Received task.0000 with state SCHEDULED
2019-04-03 18:43:31,547: radical.entk.task_manager.0000: MainProcess                     : heartbeat      : INFO    : Sent heartbeat request
2019-04-03 18:43:31,554: radical.entk.appmanager.0000: MainProcess                     : synchronizer-thread: DEBUG   : Found task task.0000 with state SCHEDULED
[92mUpdate: [39m[0m[94mMD.OpenMM.md state: SCHEDULED
[39m[0m2019-04-03 18:43:31,556: radical.entk.wfprocessor.0000: wfprocessor                     : enqueue-thread : DEBUG   : task.0000 with state SCHEDULED synced with AppManager
2019-04-03 18:43:31,556: radical.entk.wfprocessor.0000: wfprocessor                     : enqueue-thread : INFO    : Transition of task.0000 to new state SCHEDULED successful
2019-04-03 18:43:31,557: radical.entk.wfprocessor.0000: wfprocessor                     : enqueue-thread : DEBUG   : Task task.0000 published to pending queue
2019-04-03 18:43:31,557: radical.entk.wfprocessor.0000: wfprocessor                     : enqueue-thread : DEBUG   : Attempting to sync stage.0000 with state SCHEDULED with AppManager
2019-04-03 18:43:31,561: radical.entk.appmanager.0000: MainProcess                     : synchronizer-thread: DEBUG   : received stage.0000 with state SCHEDULED for sync
2019-04-03 18:43:31,561: radical.entk.appmanager.0000: MainProcess                     : synchronizer-thread: INFO    : Received stage.0000 with state SCHEDULED
2019-04-03 18:43:31,561: radical.entk.appmanager.0000: MainProcess                     : synchronizer-thread: INFO    : Found parent pipeline: pipeline.0000
2019-04-03 18:43:31,562: radical.entk.appmanager.0000: MainProcess                     : synchronizer-thread: DEBUG   : Found stage stage.0000
[92mUpdate: [39m[0m[94mMD.OpenMM state: SCHEDULED
[39m[0m2019-04-03 18:43:31,563: radical.entk.wfprocessor.0000: wfprocessor                     : enqueue-thread : DEBUG   : stage.0000 with state SCHEDULED synced with AppManager
2019-04-03 18:43:31,572: radical.entk.wfprocessor.0000: wfprocessor                     : enqueue-thread : INFO    : Transition of stage.0000 to new state SCHEDULED successful
2019-04-03 18:43:31,572: radical.entk.task_manager.0000: task-manager                    : MainThread     : INFO    : Task Manager process started
2019-04-03 18:43:31,582: radical.entk.task_manager.0000: task-manager                    : MainThread     : INFO    : Received heartbeat request
2019-04-03 18:43:31,582: radical.entk.task_manager.0000: task-manager                    : MainThread     : INFO    : Sent heartbeat response
2019-04-03 18:43:32,061: radical.saga.cpi    : pmgr.0000.launching.0           : Thread-2       : INFO    : Job monitoring thread updating Job <saga.adaptors.lsfsummit.lsfjobsummit.LSFJob_Summit object at 0x7fff78634090> (state: Running)
/ccs/home/jdakka/.conda/envs/snakes/lib/python2.7/site-packages/pymongo/topology.py:149: UserWarning: MongoClient opened before fork. Create MongoClient only after forking. See PyMongo's documentation for details: http://api.mongodb.org/python/current/faq.html#is-pymongo-fork-safe
  "MongoClient opened before fork. Create MongoClient only "
2019-04-03 18:43:32,827: radical.entk.task_processor: task-manager                    : Thread-1       : DEBUG   : Creating CU from Task task.0000
2019-04-03 18:43:32,830: radical.entk.task_processor: task-manager                    : Thread-1       : DEBUG   : CU task.0000,md,stage.0000,OpenMM,pipeline.0000,MD created from Task task.0000
2019-04-03 18:43:32,848: radical.entk.task_manager.0000: task-manager                    : Thread-1       : DEBUG   : Attempting to sync task.0000 with state SUBMITTING with AppManager
2019-04-03 18:43:32,850: radical.entk.appmanager.0000: MainProcess                     : synchronizer-thread: DEBUG   : received task.0000 with state SUBMITTING for sync
2019-04-03 18:43:32,851: radical.entk.appmanager.0000: MainProcess                     : synchronizer-thread: INFO    : Received task.0000 with state SUBMITTING
2019-04-03 18:43:32,851: radical.entk.appmanager.0000: MainProcess                     : synchronizer-thread: DEBUG   : Found task task.0000 with state SUBMITTING
[92mUpdate: [39m[0m[94mMD.OpenMM.md state: SUBMITTING
[39m[0m2019-04-03 18:43:32,852: radical.entk.task_manager.0000: task-manager                    : Thread-1       : DEBUG   : task.0000 with state SUBMITTING synced with AppManager
2019-04-03 18:43:32,852: radical.entk.task_manager.0000: task-manager                    : Thread-1       : INFO    : Transition of task.0000 to new state SUBMITTING successful
2019-04-03 18:43:32,883: radical.entk.task_manager.0000: task-manager                    : umgr.0000.subscriber._state_sub_cb: DEBUG   : Unit unit.000000 in state UMGR_SCHEDULING_PENDING
2019-04-03 18:43:32,884: radical.entk.task_manager.0000: task-manager                    : umgr.0000.subscriber._state_sub_cb: DEBUG   : Unit unit.000000 in state UMGR_SCHEDULING
2019-04-03 18:43:32,885: radical.entk.task_manager.0000: task-manager                    : umgr.0000.subscriber._state_sub_cb: DEBUG   : Unit unit.000000 in state UMGR_STAGING_INPUT_PENDING
2019-04-03 18:43:32,886: radical.entk.task_manager.0000: task-manager                    : umgr.0000.subscriber._state_sub_cb: DEBUG   : Unit unit.000000 in state UMGR_STAGING_INPUT
2019-04-03 18:43:32,887: radical.entk.task_manager.0000: task-manager                    : umgr.0000.subscriber._state_sub_cb: DEBUG   : Unit unit.000000 in state AGENT_STAGING_INPUT_PENDING
2019-04-03 18:43:32,948: radical.entk.task_manager.0000: task-manager                    : Thread-1       : DEBUG   : Attempting to sync task.0000 with state SUBMITTED with AppManager
2019-04-03 18:43:32,950: radical.entk.appmanager.0000: MainProcess                     : synchronizer-thread: DEBUG   : received task.0000 with state SUBMITTED for sync
2019-04-03 18:43:32,950: radical.entk.appmanager.0000: MainProcess                     : synchronizer-thread: INFO    : Received task.0000 with state SUBMITTED
2019-04-03 18:43:32,950: radical.entk.appmanager.0000: MainProcess                     : synchronizer-thread: DEBUG   : Found task task.0000 with state SUBMITTED
[92mUpdate: [39m[0m[94mMD.OpenMM.md state: SUBMITTED
[39m[0m2019-04-03 18:43:32,951: radical.entk.task_manager.0000: task-manager                    : Thread-1       : DEBUG   : task.0000 with state SUBMITTED synced with AppManager
2019-04-03 18:43:32,952: radical.entk.task_manager.0000: task-manager                    : Thread-1       : INFO    : Transition of task.0000 to new state SUBMITTED successful
2019-04-03 18:43:35,174: radical.saga.cpi    : pmgr.0000.launching.0           : Thread-2       : INFO    : Job monitoring thread updating Job <saga.adaptors.lsfsummit.lsfjobsummit.LSFJob_Summit object at 0x7fff78634090> (state: Running)
2019-04-03 18:43:35,850: radical.entk.task_manager.0000: task-manager                    : umgr.0000.idler._state_pull_cb: DEBUG   : Unit unit.000000 in state AGENT_STAGING_INPUT
2019-04-03 18:43:36,874: radical.entk.task_manager.0000: task-manager                    : umgr.0000.idler._state_pull_cb: DEBUG   : Unit unit.000000 in state AGENT_SCHEDULING_PENDING
2019-04-03 18:43:36,874: radical.entk.task_manager.0000: task-manager                    : umgr.0000.idler._state_pull_cb: DEBUG   : Unit unit.000000 in state AGENT_SCHEDULING
2019-04-03 18:43:36,875: radical.entk.task_manager.0000: task-manager                    : umgr.0000.idler._state_pull_cb: DEBUG   : Unit unit.000000 in state AGENT_EXECUTING_PENDING
2019-04-03 18:43:36,884: radical.entk.task_manager.0000: task-manager                    : umgr.0000.idler._state_pull_cb: DEBUG   : Unit unit.000000 in state AGENT_EXECUTING
2019-04-03 18:43:38,287: radical.saga.cpi    : pmgr.0000.launching.0           : Thread-2       : INFO    : Job monitoring thread updating Job <saga.adaptors.lsfsummit.lsfjobsummit.LSFJob_Summit object at 0x7fff78634090> (state: Running)
2019-04-03 18:43:41,396: radical.saga.cpi    : pmgr.0000.launching.0           : Thread-2       : INFO    : Job monitoring thread updating Job <saga.adaptors.lsfsummit.lsfjobsummit.LSFJob_Summit object at 0x7fff78634090> (state: Running)
2019-04-03 18:43:43,026: radical.entk.task_manager.0000: task-manager                    : umgr.0000.idler._state_pull_cb: DEBUG   : Unit unit.000000 in state AGENT_STAGING_OUTPUT_PENDING
2019-04-03 18:43:44,051: radical.entk.task_manager.0000: task-manager                    : umgr.0000.idler._state_pull_cb: DEBUG   : Unit unit.000000 in state FAILED
2019-04-03 18:43:44,058: radical.entk.task_processor: task-manager                    : umgr.0000.idler._state_pull_cb: DEBUG   : Create Task from CU task.0000,md,stage.0000,OpenMM,pipeline.0000,MD
2019-04-03 18:43:44,058: radical.entk.task_processor: task-manager                    : umgr.0000.idler._state_pull_cb: DEBUG   : Task task.0000 created from CU task.0000,md,stage.0000,OpenMM,pipeline.0000,MD
2019-04-03 18:43:44,059: radical.entk.task_manager.0000: task-manager                    : umgr.0000.idler._state_pull_cb: DEBUG   : Attempting to sync task.0000 with state EXECUTED with AppManager
2019-04-03 18:43:44,062: radical.entk.appmanager.0000: MainProcess                     : synchronizer-thread: DEBUG   : received task.0000 with state EXECUTED for sync
2019-04-03 18:43:44,063: radical.entk.appmanager.0000: MainProcess                     : synchronizer-thread: INFO    : Received task.0000 with state EXECUTED
2019-04-03 18:43:44,063: radical.entk.appmanager.0000: MainProcess                     : synchronizer-thread: DEBUG   : Found task task.0000 with state EXECUTED
[92mUpdate: [39m[0m[94mMD.OpenMM.md state: EXECUTED
[39m[0m2019-04-03 18:43:44,064: radical.entk.task_manager.0000: task-manager                    : umgr.0000.idler._state_pull_cb: DEBUG   : task.0000 with state EXECUTED synced with AppManager
2019-04-03 18:43:44,065: radical.entk.task_manager.0000: task-manager                    : umgr.0000.idler._state_pull_cb: INFO    : Transition of task.0000 to new state EXECUTED successful
2019-04-03 18:43:44,065: radical.entk.task_manager.0000: task-manager                    : umgr.0000.idler._state_pull_cb: INFO    : Pushed task task.0000 with state EXECUTED to completed queue re.session.login3.jdakka.017989.0013-completedq-1
2019-04-03 18:43:44,067: radical.entk.wfprocessor.0000: wfprocessor                     : dequeue-thread : INFO    : Got finished task task.0000 from queue
2019-04-03 18:43:44,068: radical.entk.wfprocessor.0000: wfprocessor                     : dequeue-thread : DEBUG   : Attempting to sync task.0000 with state DEQUEUEING with AppManager
2019-04-03 18:43:44,070: radical.entk.appmanager.0000: MainProcess                     : synchronizer-thread: DEBUG   : received task.0000 with state DEQUEUEING for sync
2019-04-03 18:43:44,070: radical.entk.appmanager.0000: MainProcess                     : synchronizer-thread: INFO    : Received task.0000 with state DEQUEUEING
2019-04-03 18:43:44,071: radical.entk.appmanager.0000: MainProcess                     : synchronizer-thread: DEBUG   : Found task task.0000 with state DEQUEUEING
[92mUpdate: [39m[0m[94mMD.OpenMM.md state: DEQUEUEING
[39m[0m2019-04-03 18:43:44,072: radical.entk.wfprocessor.0000: wfprocessor                     : dequeue-thread : DEBUG   : task.0000 with state DEQUEUEING synced with AppManager
2019-04-03 18:43:44,072: radical.entk.wfprocessor.0000: wfprocessor                     : dequeue-thread : INFO    : Transition of task.0000 to new state DEQUEUEING successful
2019-04-03 18:43:44,072: radical.entk.wfprocessor.0000: wfprocessor                     : dequeue-thread : DEBUG   : Found parent pipeline: pipeline.0000
2019-04-03 18:43:44,072: radical.entk.wfprocessor.0000: wfprocessor                     : dequeue-thread : DEBUG   : Found parent stage: stage.0000
2019-04-03 18:43:44,073: radical.entk.wfprocessor.0000: wfprocessor                     : dequeue-thread : DEBUG   : Attempting to sync task.0000 with state DEQUEUED with AppManager
2019-04-03 18:43:44,076: radical.entk.appmanager.0000: MainProcess                     : synchronizer-thread: DEBUG   : received task.0000 with state DEQUEUED for sync
2019-04-03 18:43:44,076: radical.entk.appmanager.0000: MainProcess                     : synchronizer-thread: INFO    : Received task.0000 with state DEQUEUED
2019-04-03 18:43:44,076: radical.entk.appmanager.0000: MainProcess                     : synchronizer-thread: DEBUG   : Found task task.0000 with state DEQUEUED
[92mUpdate: [39m[0m[94mMD.OpenMM.md state: DEQUEUED
[39m[0m2019-04-03 18:43:44,077: radical.entk.wfprocessor.0000: wfprocessor                     : dequeue-thread : DEBUG   : task.0000 with state DEQUEUED synced with AppManager
2019-04-03 18:43:44,077: radical.entk.wfprocessor.0000: wfprocessor                     : dequeue-thread : INFO    : Transition of task.0000 to new state DEQUEUED successful
2019-04-03 18:43:44,078: radical.entk.wfprocessor.0000: wfprocessor                     : dequeue-thread : DEBUG   : Attempting to sync task.0000 with state FAILED with AppManager
2019-04-03 18:43:44,079: radical.entk.appmanager.0000: MainProcess                     : synchronizer-thread: DEBUG   : received task.0000 with state FAILED for sync
2019-04-03 18:43:44,079: radical.entk.appmanager.0000: MainProcess                     : synchronizer-thread: INFO    : Received task.0000 with state FAILED
2019-04-03 18:43:44,079: radical.entk.appmanager.0000: MainProcess                     : synchronizer-thread: DEBUG   : Found task task.0000 with state FAILED
[92mUpdate: [39m[0m[94mMD.OpenMM.md state: FAILED
[39m[0m2019-04-03 18:43:44,080: radical.entk.wfprocessor.0000: wfprocessor                     : dequeue-thread : DEBUG   : task.0000 with state FAILED synced with AppManager
2019-04-03 18:43:44,081: radical.entk.wfprocessor.0000: wfprocessor                     : dequeue-thread : INFO    : Transition of task.0000 to new state FAILED successful
2019-04-03 18:43:44,081: radical.entk.wfprocessor.0000: wfprocessor                     : dequeue-thread : DEBUG   : Attempting to sync stage.0000 with state DONE with AppManager
2019-04-03 18:43:44,083: radical.entk.appmanager.0000: MainProcess                     : synchronizer-thread: DEBUG   : received stage.0000 with state DONE for sync
2019-04-03 18:43:44,084: radical.entk.appmanager.0000: MainProcess                     : synchronizer-thread: INFO    : Received stage.0000 with state DONE
2019-04-03 18:43:44,084: radical.entk.appmanager.0000: MainProcess                     : synchronizer-thread: INFO    : Found parent pipeline: pipeline.0000
2019-04-03 18:43:44,084: radical.entk.appmanager.0000: MainProcess                     : synchronizer-thread: DEBUG   : Found stage stage.0000
[92mUpdate: [39m[0m[94mMD.OpenMM state: DONE
[39m[0m2019-04-03 18:43:44,085: radical.entk.wfprocessor.0000: wfprocessor                     : dequeue-thread : DEBUG   : stage.0000 with state DONE synced with AppManager
2019-04-03 18:43:44,085: radical.entk.wfprocessor.0000: wfprocessor                     : dequeue-thread : INFO    : Transition of stage.0000 to new state DONE successful
2019-04-03 18:43:44,086: radical.entk.wfprocessor.0000: wfprocessor                     : dequeue-thread : DEBUG   : Attempting to sync pipeline.0000 with state DONE with AppManager
2019-04-03 18:43:44,087: radical.entk.appmanager.0000: MainProcess                     : synchronizer-thread: DEBUG   : received pipeline.0000 with state DONE for sync
2019-04-03 18:43:44,087: radical.entk.appmanager.0000: MainProcess                     : synchronizer-thread: INFO    : Received pipeline.0000 with state DONE
2019-04-03 18:43:44,088: radical.entk.appmanager.0000: MainProcess                     : synchronizer-thread: INFO    : Found pipeline pipeline.0000, state DONE, completed False
[92mUpdate: [39m[0m[94mMD state: DONE
[39m[0m2019-04-03 18:43:44,088: radical.entk.appmanager.0000: MainProcess                     : MainThread     : INFO    : Terminating WFprocessor
2019-04-03 18:43:44,089: radical.entk.wfprocessor.0000: MainProcess                     : MainThread     : DEBUG   : Attempting to end WFprocessor... event: False
2019-04-03 18:43:44,089: radical.entk.wfprocessor.0000: wfprocessor                     : dequeue-thread : DEBUG   : pipeline.0000 with state DONE synced with AppManager
2019-04-03 18:43:44,089: radical.entk.wfprocessor.0000: wfprocessor                     : dequeue-thread : INFO    : Transition of pipeline.0000 to new state DONE successful
2019-04-03 18:43:44,089: radical.entk.wfprocessor.0000: wfprocessor                     : MainThread     : INFO    : Terminating enqueue-thread
2019-04-03 18:43:44,089: radical.entk.wfprocessor.0000: wfprocessor                     : enqueue-thread : INFO    : Enqueue thread terminated
2019-04-03 18:43:44,092: radical.entk.wfprocessor.0000: wfprocessor                     : MainThread     : INFO    : Terminating dequeue-thread
2019-04-03 18:43:44,092: radical.entk.wfprocessor.0000: wfprocessor                     : dequeue-thread : INFO    : Terminated dequeue thread
2019-04-03 18:43:44,097: radical.entk.wfprocessor.0000: MainProcess                     : MainThread     : DEBUG   : WFprocessor process terminated
2019-04-03 18:43:44,099: radical.entk.appmanager.0000: MainProcess                     : MainThread     : INFO    : Terminating synchronizer thread
2019-04-03 18:43:44,143: radical.entk.appmanager.0000: MainProcess                     : MainThread     : INFO    : Synchronizer thread terminated
2019-04-03 18:43:44,143: radical.entk.appmanager.0000: MainProcess                     : MainThread     : INFO    : Terminating task manager process
2019-04-03 18:43:44,508: radical.saga.cpi    : pmgr.0000.launching.0           : Thread-2       : INFO    : Job monitoring thread updating Job <saga.adaptors.lsfsummit.lsfjobsummit.LSFJob_Summit object at 0x7fff78634090> (state: Running)
2019-04-03 18:43:47,625: radical.saga.cpi    : pmgr.0000.launching.0           : Thread-2       : INFO    : Job monitoring thread updating Job <saga.adaptors.lsfsummit.lsfjobsummit.LSFJob_Summit object at 0x7fff78634090> (state: Running)
2019-04-03 18:43:50,737: radical.saga.cpi    : pmgr.0000.launching.0           : Thread-2       : INFO    : Job monitoring thread updating Job <saga.adaptors.lsfsummit.lsfjobsummit.LSFJob_Summit object at 0x7fff78634090> (state: Running)
2019-04-03 18:43:53,848: radical.saga.cpi    : pmgr.0000.launching.0           : Thread-2       : INFO    : Job monitoring thread updating Job <saga.adaptors.lsfsummit.lsfjobsummit.LSFJob_Summit object at 0x7fff78634090> (state: Running)
2019-04-03 18:43:57,028: radical.saga.cpi    : pmgr.0000.launching.0           : Thread-2       : INFO    : Job monitoring thread updating Job <saga.adaptors.lsfsummit.lsfjobsummit.LSFJob_Summit object at 0x7fff78634090> (state: Running)
2019-04-03 18:44:00,147: radical.saga.cpi    : pmgr.0000.launching.0           : Thread-2       : INFO    : Job monitoring thread updating Job <saga.adaptors.lsfsummit.lsfjobsummit.LSFJob_Summit object at 0x7fff78634090> (state: Running)
2019-04-03 18:44:01,549: radical.entk.task_manager.0000: MainProcess                     : heartbeat      : INFO    : Received heartbeat response
2019-04-03 18:44:01,550: radical.entk.task_manager.0000: MainProcess                     : heartbeat      : INFO    : Sent heartbeat request
2019-04-03 18:44:03,278: radical.saga.cpi    : pmgr.0000.launching.0           : Thread-2       : INFO    : Job monitoring thread updating Job <saga.adaptors.lsfsummit.lsfjobsummit.LSFJob_Summit object at 0x7fff78634090> (state: Running)
2019-04-03 18:44:06,390: radical.saga.cpi    : pmgr.0000.launching.0           : Thread-2       : INFO    : Job monitoring thread updating Job <saga.adaptors.lsfsummit.lsfjobsummit.LSFJob_Summit object at 0x7fff78634090> (state: Running)
2019-04-03 18:44:08,972: radical.entk.task_manager.0000: MainProcess                     : MainThread     : INFO    : Task manager process closed
2019-04-03 18:44:09,502: radical.saga.cpi    : pmgr.0000.launching.0           : Thread-2       : INFO    : Job monitoring thread updating Job <saga.adaptors.lsfsummit.lsfjobsummit.LSFJob_Summit object at 0x7fff78634090> (state: Running)
2019-04-03 18:44:12,619: radical.saga.cpi    : pmgr.0000.launching.0           : Thread-2       : INFO    : Job monitoring thread updating Job <saga.adaptors.lsfsummit.lsfjobsummit.LSFJob_Summit object at 0x7fff78634090> (state: Running)
2019-04-03 18:44:15,732: radical.saga.cpi    : pmgr.0000.launching.0           : Thread-2       : INFO    : Job monitoring thread updating Job <saga.adaptors.lsfsummit.lsfjobsummit.LSFJob_Summit object at 0x7fff78634090> (state: Running)
2019-04-03 18:44:18,844: radical.saga.cpi    : pmgr.0000.launching.0           : Thread-2       : INFO    : Job monitoring thread updating Job <saga.adaptors.lsfsummit.lsfjobsummit.LSFJob_Summit object at 0x7fff78634090> (state: Running)
2019-04-03 18:44:21,956: radical.saga.cpi    : pmgr.0000.launching.0           : Thread-2       : INFO    : Job monitoring thread updating Job <saga.adaptors.lsfsummit.lsfjobsummit.LSFJob_Summit object at 0x7fff78634090> (state: Running)
2019-04-03 18:44:25,069: radical.saga.cpi    : pmgr.0000.launching.0           : Thread-2       : INFO    : Job monitoring thread updating Job <saga.adaptors.lsfsummit.lsfjobsummit.LSFJob_Summit object at 0x7fff78634090> (state: Running)
2019-04-03 18:44:28,182: radical.saga.cpi    : pmgr.0000.launching.0           : Thread-2       : INFO    : Job monitoring thread updating Job <saga.adaptors.lsfsummit.lsfjobsummit.LSFJob_Summit object at 0x7fff78634090> (state: Running)
2019-04-03 18:44:31,293: radical.saga.cpi    : pmgr.0000.launching.0           : Thread-2       : INFO    : Job monitoring thread updating Job <saga.adaptors.lsfsummit.lsfjobsummit.LSFJob_Summit object at 0x7fff78634090> (state: Running)
2019-04-03 18:44:31,556: radical.entk.task_manager.0000: MainProcess                     : MainThread     : INFO    : Hearbeat thread terminated
2019-04-03 18:44:34,405: radical.saga.cpi    : pmgr.0000.launching.0           : Thread-2       : INFO    : Job monitoring thread updating Job <saga.adaptors.lsfsummit.lsfjobsummit.LSFJob_Summit object at 0x7fff78634090> (state: Running)
2019-04-03 18:44:37,524: radical.saga.cpi    : pmgr.0000.launching.0           : Thread-2       : INFO    : Job monitoring thread updating Job <saga.adaptors.lsfsummit.lsfjobsummit.LSFJob_Summit object at 0x7fff78634090> (state: Running)
2019-04-03 18:44:40,636: radical.saga.cpi    : pmgr.0000.launching.0           : Thread-2       : INFO    : Job monitoring thread updating Job <saga.adaptors.lsfsummit.lsfjobsummit.LSFJob_Summit object at 0x7fff78634090> (state: Running)
2019-04-03 18:44:41,573: radical.entk.resource_manager.0000: MainProcess                     : pmgr.0000.idler._state_pull_cb: INFO    : Pilot pilot.0000 state: CANCELED
2019-04-03 18:44:43,747: radical.saga.cpi    : pmgr.0000.launching.0           : Thread-2       : INFO    : Job monitoring thread updating Job <saga.adaptors.lsfsummit.lsfjobsummit.LSFJob_Summit object at 0x7fff78634090> (state: Running)
2019-04-03 18:44:47,120: radical.utils       : MainProcess                     : MainThread     : DEBUG   : lm create  pool   for file://localhost/shell_file_adaptor_command_shell/ (<type 'str'>) (<radical.utils.lease_manager.LeaseManager object at 0x7fff89d6d0d0>)
2019-04-03 18:44:47,120: radical.utils       : MainProcess                     : MainThread     : DEBUG   : lm create  object for file://localhost/shell_file_adaptor_command_shell/
2019-04-03 18:44:47,120: radical.saga.cpi    : MainProcess                     : MainThread     : DEBUG   : PTYShell init <saga.utils.pty_shell.PTYShell object at 0x7fff8896a8d0>
2019-04-03 18:44:47,121: radical.saga.cpi    : MainProcess                     : MainThread     : INFO    : PTY prompt pattern: [\$#%>\]]\s*$
2019-04-03 18:44:47,121: radical.saga.cpi    : MainProcess                     : MainThread     : INFO    : ssh copy  mode set to 'sftp'
2019-04-03 18:44:47,121: radical.saga.cpi    : MainProcess                     : MainThread     : INFO    : ssh share mode set to 'auto'
2019-04-03 18:44:47,121: radical.saga.cpi    : MainProcess                     : MainThread     : INFO    : ssh timeout    set to '2000.0'
2019-04-03 18:44:47,122: radical.saga.pty    : MainProcess                     : MainThread     : DEBUG   : PTYProcess init <saga.utils.pty_process.PTYProcess object at 0x7fff89d4a510>
2019-04-03 18:44:47,122: radical.saga.pty    : MainProcess                     : MainThread     : INFO    : running: /usr/bin/env TERM=vt100 /bin/bash -i
2019-04-03 18:44:47,124: radical.saga.pty    : MainProcess                     : MainThread     : DEBUG   : write: [   11] [   51] ( export PROMPT_COMMAND='' PS1='$' ; set prompt='$'\n)
2019-04-03 18:44:47,130: radical.saga.pty    : MainProcess                     : MainThread     : DEBUG   : read : [   11] [   29] (bash: ad: command not found\n)
2019-04-03 18:44:48,128: radical.saga.pty    : MainProcess                     : MainThread     : DEBUG   : write: [   11] [   69] ( export PROMPT_COMMAND='' PS1='$' > /dev/null 2>&1 || set prompt='$'\n)
2019-04-03 18:44:48,128: radical.saga.pty    : MainProcess                     : MainThread     : DEBUG   : write: [   11] [   28] ( printf 'HELLO_%d_SAGA\n' 1\n)
2019-04-03 18:44:49,137: radical.saga.pty    : MainProcess                     : MainThread     : DEBUG   : write: [   11] [   69] ( export PROMPT_COMMAND='' PS1='$' > /dev/null 2>&1 || set prompt='$'\n)
2019-04-03 18:44:49,137: radical.saga.pty    : MainProcess                     : MainThread     : DEBUG   : write: [   11] [   28] ( printf 'HELLO_%d_SAGA\n' 2\n)
2019-04-03 18:44:49,333: radical.saga.pty    : MainProcess                     : MainThread     : DEBUG   : read : [   11] [   40] ((snakes) [jdakka@login3.summit bip178]$ )
2019-04-03 18:44:49,333: radical.saga.pty    : MainProcess                     : MainThread     : DEBUG   : got initial shell prompt (6) (bash: ad: command not found
(snakes) [jdakka@login3.summit bip178]$ )
2019-04-03 18:44:49,333: radical.saga.pty    : MainProcess                     : MainThread     : DEBUG   : waiting for prompt trigger HELLO_2_SAGA: (6) (bash: ad: command not found
(snakes) [jdakka@login3.summit bip178]$ )
2019-04-03 18:44:49,333: radical.saga.pty    : MainProcess                     : MainThread     : DEBUG   : read : [   11] [   17] ($$HELLO_1_SAGA\n$)
2019-04-03 18:44:49,333: radical.saga.pty    : MainProcess                     : MainThread     : DEBUG   : got shell prompt trigger (5) ($$HELLO_1_SAGA)
2019-04-03 18:44:49,333: radical.saga.pty    : MainProcess                     : MainThread     : DEBUG   : got initial shell prompt (6) (
$)
2019-04-03 18:44:49,334: radical.saga.pty    : MainProcess                     : MainThread     : DEBUG   : waiting for prompt trigger HELLO_2_SAGA: (6) (
$)
2019-04-03 18:44:49,334: radical.saga.pty    : MainProcess                     : MainThread     : DEBUG   : read : [   11] [   16] ($HELLO_2_SAGA\n$)
2019-04-03 18:44:49,334: radical.saga.pty    : MainProcess                     : MainThread     : DEBUG   : got shell prompt trigger (5) ($HELLO_2_SAGA)
2019-04-03 18:44:49,334: radical.saga.pty    : MainProcess                     : MainThread     : DEBUG   : got initial shell prompt (6) (
$)
2019-04-03 18:44:49,334: radical.saga.pty    : MainProcess                     : MainThread     : DEBUG   : Got initial shell prompt (6) (
$)
2019-04-03 18:44:49,334: radical.saga.cpi    : MainProcess                     : MainThread     : DEBUG   : running command shell: exec /bin/sh -i
2019-04-03 18:44:49,334: radical.saga.pty    : MainProcess                     : MainThread     : DEBUG   : write: [   11] [   30] ( stty -echo ; exec /bin/sh -i\n)
2019-04-03 18:44:49,346: radical.saga.pty    : MainProcess                     : MainThread     : DEBUG   : read : [   11] [    1] ($)
2019-04-03 18:44:49,346: radical.saga.pty    : MainProcess                     : MainThread     : DEBUG   : flush: [   11] [     ] (flush pty read cache)
2019-04-03 18:44:49,447: radical.saga.pty    : MainProcess                     : MainThread     : DEBUG   : write: [   11] [  152] (set HISTFILE=$HOME/.saga_history; PS1='PROMPT-$?->'; PS2=''; PROMPT_COMMAND=''; export PS1 PS2 PROMPT_COMMAND 2>&1 >/dev/null; cd $HOME 2>&1 >/dev/null\n)
2019-04-03 18:44:49,447: radical.saga.pty    : MainProcess                     : MainThread     : DEBUG   : read : [   11] [   10] (PROMPT-0->)
2019-04-03 18:44:49,447: radical.saga.cpi    : MainProcess                     : MainThread     : DEBUG   : got new shell prompt
2019-04-03 18:44:49,447: radical.saga.pty    : MainProcess                     : MainThread     : DEBUG   : flush: [   11] [     ] (flush pty read cache)
2019-04-03 18:44:49,548: radical.saga.pty    : MainProcess                     : MainThread     : DEBUG   : flush: [   11] [     ] (flush pty read cache)
2019-04-03 18:44:49,649: radical.saga.cpi    : MainProcess                     : MainThread     : DEBUG   : run_sync: cd /ccs/home/jdakka/radical.pilot.sandbox/re.session.login3.jdakka.017989.0013/pilot.0000/ &&  test -d  '/ccs/home/jdakka/radical.pilot.sandbox/re.session.login3.jdakka.017989.0013/pilot.0000/' && cd '/ccs/home/jdakka/radical.pilot.sandbox/re.session.login3.jdakka.017989.0013/pilot.0000/'
2019-04-03 18:44:49,649: radical.saga.pty    : MainProcess                     : MainThread     : DEBUG   : write: [   11] [  290] (cd /ccs/home/jdakka/radical.pilot.sandbox/re.session.login3.jdakka.017989.0013/pilot.0000/ &&  test -d  '/ccs/home/jdakka/radical.pilot.sandbox/re.session.login3.jdakka.017989.0013/pilot.0000/' && cd '/ccs/home/jdakka/radical.pilot.sandbox/re.session.login3.jdakka.017989.0013/pilot.0000/'\n)
2019-04-03 18:44:49,652: radical.saga.pty    : MainProcess                     : MainThread     : DEBUG   : read : [   11] [   10] (PROMPT-0->)
2019-04-03 18:44:49,652: radical.saga.cpi    : MainProcess                     : MainThread     : DEBUG   : initialized directory (0)()
2019-04-03 18:44:49,652: radical.saga.pty    : MainProcess                     : MainThread     : DEBUG   : flush: [   11] [     ] (flush pty read cache)
2019-04-03 18:44:49,753: radical.saga.cpi    : MainProcess                     : MainThread     : DEBUG   : run_sync: cd /ccs/home/jdakka/radical.pilot.sandbox/re.session.login3.jdakka.017989.0013/pilot.0000/ &&  test -f 'pilot.0000.prof.tgz' && test ! -h 'pilot.0000.prof.tgz'
2019-04-03 18:44:49,753: radical.saga.pty    : MainProcess                     : MainThread     : DEBUG   : write: [   11] [  160] (cd /ccs/home/jdakka/radical.pilot.sandbox/re.session.login3.jdakka.017989.0013/pilot.0000/ &&  test -f 'pilot.0000.prof.tgz' && test ! -h 'pilot.0000.prof.tgz'\n)
2019-04-03 18:44:49,755: radical.saga.pty    : MainProcess                     : MainThread     : DEBUG   : read : [   11] [   10] (PROMPT-0->)
2019-04-03 18:44:49,755: radical.saga.pty    : MainProcess                     : MainThread     : DEBUG   : flush: [   11] [     ] (flush pty read cache)
2019-04-03 18:44:49,856: radical.saga.cpi    : MainProcess                     : MainThread     : DEBUG   : run_sync: cd /ccs/home/jdakka/radical.pilot.sandbox/re.session.login3.jdakka.017989.0013/pilot.0000/ &&  du -ks 'pilot.0000.prof.tgz' | xargs | cut -f 1 -d ' '
2019-04-03 18:44:49,856: radical.saga.pty    : MainProcess                     : MainThread     : DEBUG   : write: [   11] [  150] (cd /ccs/home/jdakka/radical.pilot.sandbox/re.session.login3.jdakka.017989.0013/pilot.0000/ &&  du -ks 'pilot.0000.prof.tgz' | xargs | cut -f 1 -d ' '\n)
2019-04-03 18:44:49,861: radical.saga.pty    : MainProcess                     : MainThread     : DEBUG   : read : [   11] [    3] (4\n)
2019-04-03 18:44:49,861: radical.saga.pty    : MainProcess                     : MainThread     : DEBUG   : read : [   11] [   10] (PROMPT-0->)
2019-04-03 18:44:49,863: radical.saga.cpi    : MainProcess                     : MainThread     : INFO    : init_instance file://localhost/ccs/home/jdakka/radical.pilot.sandbox/re.session.login3.jdakka.017989.0013/pilot.0000/pilot.0000.prof.tgz
2019-04-03 18:44:49,863: radical.saga.pty    : MainProcess                     : MainThread     : DEBUG   : flush: [   11] [     ] (flush pty read cache)
2019-04-03 18:44:49,964: radical.saga.cpi    : MainProcess                     : MainThread     : DEBUG   : run_sync: cd /ccs/home/jdakka/radical.pilot.sandbox/re.session.login3.jdakka.017989.0013/pilot.0000/ &&  true; test -r '/ccs/home/jdakka/radical.pilot.sandbox/re.session.login3.jdakka.017989.0013/pilot.0000/pilot.0000.prof.tgz'
2019-04-03 18:44:49,964: radical.saga.pty    : MainProcess                     : MainThread     : DEBUG   : write: [   11] [  218] (cd /ccs/home/jdakka/radical.pilot.sandbox/re.session.login3.jdakka.017989.0013/pilot.0000/ &&  true; test -r '/ccs/home/jdakka/radical.pilot.sandbox/re.session.login3.jdakka.017989.0013/pilot.0000/pilot.0000.prof.tgz'\n)
2019-04-03 18:44:49,966: radical.saga.pty    : MainProcess                     : MainThread     : DEBUG   : read : [   11] [   10] (PROMPT-0->)
2019-04-03 18:44:49,966: radical.saga.cpi    : MainProcess                     : MainThread     : INFO    : file initialized (0)()
2019-04-03 18:44:49,966: radical.saga.pty    : MainProcess                     : MainThread     : DEBUG   : flush: [   11] [     ] (flush pty read cache)
2019-04-03 18:44:50,067: radical.saga.cpi    : MainProcess                     : MainThread     : DEBUG   : run_sync: cd /ccs/home/jdakka/radical.pilot.sandbox/re.session.login3.jdakka.017989.0013/pilot.0000/ &&  mkdir -p '/gpfs/alpine/bip178/scratch/jdakka/hyperspace/microscope/results_2/re.session.login3.jdakka.017989.0013/'
2019-04-03 18:44:50,067: radical.saga.pty    : MainProcess                     : MainThread     : DEBUG   : write: [   11] [  211] (cd /ccs/home/jdakka/radical.pilot.sandbox/re.session.login3.jdakka.017989.0013/pilot.0000/ &&  mkdir -p '/gpfs/alpine/bip178/scratch/jdakka/hyperspace/microscope/results_2/re.session.login3.jdakka.017989.0013/'\n)
2019-04-03 18:44:50,070: radical.saga.pty    : MainProcess                     : MainThread     : DEBUG   : read : [   11] [   10] (PROMPT-0->)
2019-04-03 18:44:50,071: radical.saga.pty    : MainProcess                     : MainThread     : DEBUG   : flush: [   11] [     ] (flush pty read cache)
2019-04-03 18:44:50,172: radical.saga.cpi    : MainProcess                     : MainThread     : DEBUG   : run_sync: cd /ccs/home/jdakka/radical.pilot.sandbox/re.session.login3.jdakka.017989.0013/pilot.0000/ &&  cp  '/ccs/home/jdakka/radical.pilot.sandbox/re.session.login3.jdakka.017989.0013/pilot.0000/pilot.0000.prof.tgz' '/gpfs/alpine/bip178/scratch/jdakka/hyperspace/microscope/results_2/re.session.login3.jdakka.017989.0013/pilot.0000.prof.tgz'
2019-04-03 18:44:50,172: radical.saga.pty    : MainProcess                     : MainThread     : DEBUG   : write: [   11] [  334] (cd /ccs/home/jdakka/radical.pilot.sandbox/re.session.login3.jdakka.017989.0013/pilot.0000/ &&  cp  '/ccs/home/jdakka/radical.pilot.sandbox/re.session.login3.jdakka.017989.0013/pilot.0000/pilot.0000.prof.tgz' '/gpfs/alpine/bip178/scratch/jdakka/hyperspace/microscope/results_2/re.session.login3.jdakka.017989.0013/pilot.0000.prof.tgz'\n)
2019-04-03 18:44:50,177: radical.saga.pty    : MainProcess                     : MainThread     : DEBUG   : read : [   11] [   10] (PROMPT-0->)
2019-04-03 18:44:50,364: radical.saga.pty    : MainProcess                     : MainThread     : DEBUG   : flush: [   11] [     ] (flush pty read cache)
2019-04-03 18:44:50,465: radical.saga.cpi    : MainProcess                     : MainThread     : DEBUG   : run_sync: cd /ccs/home/jdakka/radical.pilot.sandbox/re.session.login3.jdakka.017989.0013/pilot.0000/ &&  test -d  '/ccs/home/jdakka/radical.pilot.sandbox/re.session.login3.jdakka.017989.0013/pilot.0000/' && cd '/ccs/home/jdakka/radical.pilot.sandbox/re.session.login3.jdakka.017989.0013/pilot.0000/'
2019-04-03 18:44:50,465: radical.saga.pty    : MainProcess                     : MainThread     : DEBUG   : write: [   11] [  290] (cd /ccs/home/jdakka/radical.pilot.sandbox/re.session.login3.jdakka.017989.0013/pilot.0000/ &&  test -d  '/ccs/home/jdakka/radical.pilot.sandbox/re.session.login3.jdakka.017989.0013/pilot.0000/' && cd '/ccs/home/jdakka/radical.pilot.sandbox/re.session.login3.jdakka.017989.0013/pilot.0000/'\n)
2019-04-03 18:44:50,466: radical.saga.pty    : MainProcess                     : MainThread     : DEBUG   : read : [   11] [   10] (PROMPT-0->)
2019-04-03 18:44:50,466: radical.saga.cpi    : MainProcess                     : MainThread     : DEBUG   : initialized directory (0)()
2019-04-03 18:44:50,466: radical.saga.pty    : MainProcess                     : MainThread     : DEBUG   : flush: [   11] [     ] (flush pty read cache)
2019-04-03 18:44:50,567: radical.saga.cpi    : MainProcess                     : MainThread     : DEBUG   : run_sync: cd /ccs/home/jdakka/radical.pilot.sandbox/re.session.login3.jdakka.017989.0013/pilot.0000/ &&  test -f 'pilot.0000.log.tgz' && test ! -h 'pilot.0000.log.tgz'
2019-04-03 18:44:50,567: radical.saga.pty    : MainProcess                     : MainThread     : DEBUG   : write: [   11] [  158] (cd /ccs/home/jdakka/radical.pilot.sandbox/re.session.login3.jdakka.017989.0013/pilot.0000/ &&  test -f 'pilot.0000.log.tgz' && test ! -h 'pilot.0000.log.tgz'\n)
2019-04-03 18:44:50,570: radical.saga.pty    : MainProcess                     : MainThread     : DEBUG   : read : [   11] [   10] (PROMPT-0->)
2019-04-03 18:44:50,570: radical.saga.pty    : MainProcess                     : MainThread     : DEBUG   : flush: [   11] [     ] (flush pty read cache)
2019-04-03 18:44:50,671: radical.saga.cpi    : MainProcess                     : MainThread     : DEBUG   : run_sync: cd /ccs/home/jdakka/radical.pilot.sandbox/re.session.login3.jdakka.017989.0013/pilot.0000/ &&  du -ks 'pilot.0000.log.tgz' | xargs | cut -f 1 -d ' '
2019-04-03 18:44:50,671: radical.saga.pty    : MainProcess                     : MainThread     : DEBUG   : write: [   11] [  149] (cd /ccs/home/jdakka/radical.pilot.sandbox/re.session.login3.jdakka.017989.0013/pilot.0000/ &&  du -ks 'pilot.0000.log.tgz' | xargs | cut -f 1 -d ' '\n)
2019-04-03 18:44:50,676: radical.saga.pty    : MainProcess                     : MainThread     : DEBUG   : read : [   11] [    4] (48\n)
2019-04-03 18:44:50,676: radical.saga.pty    : MainProcess                     : MainThread     : DEBUG   : read : [   11] [   10] (PROMPT-0->)
2019-04-03 18:44:50,678: radical.saga.cpi    : MainProcess                     : MainThread     : INFO    : init_instance file://localhost/ccs/home/jdakka/radical.pilot.sandbox/re.session.login3.jdakka.017989.0013/pilot.0000/pilot.0000.log.tgz
2019-04-03 18:44:50,678: radical.saga.pty    : MainProcess                     : MainThread     : DEBUG   : flush: [   11] [     ] (flush pty read cache)
2019-04-03 18:44:50,779: radical.saga.cpi    : MainProcess                     : MainThread     : DEBUG   : run_sync: cd /ccs/home/jdakka/radical.pilot.sandbox/re.session.login3.jdakka.017989.0013/pilot.0000/ &&  true; test -r '/ccs/home/jdakka/radical.pilot.sandbox/re.session.login3.jdakka.017989.0013/pilot.0000/pilot.0000.log.tgz'
2019-04-03 18:44:50,779: radical.saga.pty    : MainProcess                     : MainThread     : DEBUG   : write: [   11] [  217] (cd /ccs/home/jdakka/radical.pilot.sandbox/re.session.login3.jdakka.017989.0013/pilot.0000/ &&  true; test -r '/ccs/home/jdakka/radical.pilot.sandbox/re.session.login3.jdakka.017989.0013/pilot.0000/pilot.0000.log.tgz'\n)
2019-04-03 18:44:50,780: radical.saga.pty    : MainProcess                     : MainThread     : DEBUG   : read : [   11] [   10] (PROMPT-0->)
2019-04-03 18:44:50,780: radical.saga.cpi    : MainProcess                     : MainThread     : INFO    : file initialized (0)()
2019-04-03 18:44:50,781: radical.saga.pty    : MainProcess                     : MainThread     : DEBUG   : flush: [   11] [     ] (flush pty read cache)
2019-04-03 18:44:50,881: radical.saga.cpi    : MainProcess                     : MainThread     : DEBUG   : run_sync: cd /ccs/home/jdakka/radical.pilot.sandbox/re.session.login3.jdakka.017989.0013/pilot.0000/ &&  mkdir -p '/gpfs/alpine/bip178/scratch/jdakka/hyperspace/microscope/results_2/re.session.login3.jdakka.017989.0013/'
2019-04-03 18:44:50,881: radical.saga.pty    : MainProcess                     : MainThread     : DEBUG   : write: [   11] [  211] (cd /ccs/home/jdakka/radical.pilot.sandbox/re.session.login3.jdakka.017989.0013/pilot.0000/ &&  mkdir -p '/gpfs/alpine/bip178/scratch/jdakka/hyperspace/microscope/results_2/re.session.login3.jdakka.017989.0013/'\n)
2019-04-03 18:44:50,884: radical.saga.pty    : MainProcess                     : MainThread     : DEBUG   : read : [   11] [   10] (PROMPT-0->)
2019-04-03 18:44:50,884: radical.saga.pty    : MainProcess                     : MainThread     : DEBUG   : flush: [   11] [     ] (flush pty read cache)
2019-04-03 18:44:50,985: radical.saga.cpi    : MainProcess                     : MainThread     : DEBUG   : run_sync: cd /ccs/home/jdakka/radical.pilot.sandbox/re.session.login3.jdakka.017989.0013/pilot.0000/ &&  cp  '/ccs/home/jdakka/radical.pilot.sandbox/re.session.login3.jdakka.017989.0013/pilot.0000/pilot.0000.log.tgz' '/gpfs/alpine/bip178/scratch/jdakka/hyperspace/microscope/results_2/re.session.login3.jdakka.017989.0013/pilot.0000.log.tgz'
2019-04-03 18:44:50,985: radical.saga.pty    : MainProcess                     : MainThread     : DEBUG   : write: [   11] [  332] (cd /ccs/home/jdakka/radical.pilot.sandbox/re.session.login3.jdakka.017989.0013/pilot.0000/ &&  cp  '/ccs/home/jdakka/radical.pilot.sandbox/re.session.login3.jdakka.017989.0013/pilot.0000/pilot.0000.log.tgz' '/gpfs/alpine/bip178/scratch/jdakka/hyperspace/microscope/results_2/re.session.login3.jdakka.017989.0013/pilot.0000.log.tgz'\n)
2019-04-03 18:44:50,990: radical.saga.pty    : MainProcess                     : MainThread     : DEBUG   : read : [   11] [   10] (PROMPT-0->)
[94mAll components terminated
[39m[0m