2019-04-03 18:41:37,458: control.pubsub.sub.0000: update.0                        : MainThread     : INFO    : python.interpreter   version: 2.7.15 | packaged by conda-forge | (default, Feb 28 2019, 04:20:34) [GCC 8.2.0]
2019-04-03 18:41:37,458: control.pubsub.sub.0000: update.0                        : MainThread     : INFO    :                      pid/tid: 2768/MainThread
2019-04-03 18:41:37,458: control.pubsub.sub.0000: update.0                        : MainThread     : INFO    : create control_pubsub - sub - tcp://128.219.134.73:44933
2019-04-03 18:41:37,459: control.pubsub.sub.0000: update.0                        : MainThread     : DEBUG   : start process
2019-04-03 18:41:37,459: control.pubsub.sub.0000: update.0                        : MainThread     : DEBUG   : ru_initialize_common (NOOP)
2019-04-03 18:41:37,459: control.pubsub.sub.0000: update.0                        : MainThread     : DEBUG   : ru_initialize_parent (NOOP)
2019-04-03 18:41:37,459: control.pubsub.sub.0000: update.0                        : MainThread     : DEBUG   : process class started (no child)
2019-04-03 18:41:40,754: control.pubsub.sub.0000: pmgr.0000.launching.0           : MainThread     : INFO    : python.interpreter   version: 2.7.15 | packaged by conda-forge | (default, Feb 28 2019, 04:20:34) [GCC 8.2.0]
2019-04-03 18:41:40,755: control.pubsub.sub.0000: pmgr.0000.launching.0           : MainThread     : INFO    :                      pid/tid: 2823/MainThread
2019-04-03 18:41:40,755: control.pubsub.sub.0000: pmgr.0000.launching.0           : MainThread     : INFO    : create control_pubsub - sub - tcp://128.219.134.73:44933
2019-04-03 18:41:40,837: control.pubsub.sub.0000: pmgr.0000.launching.0           : MainThread     : DEBUG   : start process
2019-04-03 18:41:40,838: control.pubsub.sub.0000: pmgr.0000.launching.0           : MainThread     : DEBUG   : ru_initialize_common (NOOP)
2019-04-03 18:41:40,838: control.pubsub.sub.0000: pmgr.0000.launching.0           : MainThread     : DEBUG   : ru_initialize_parent (NOOP)
2019-04-03 18:41:40,838: control.pubsub.sub.0000: pmgr.0000.launching.0           : MainThread     : DEBUG   : process class started (no child)
2019-04-03 18:41:40,884: control.pubsub.sub.0000: MainProcess                     : MainThread     : INFO    : python.interpreter   version: 2.7.15 | packaged by conda-forge | (default, Feb 28 2019, 04:20:34) [GCC 8.2.0]
2019-04-03 18:41:40,884: control.pubsub.sub.0000: MainProcess                     : MainThread     : INFO    :                      pid/tid: 2674/MainThread
2019-04-03 18:41:40,884: control.pubsub.sub.0000: MainProcess                     : MainThread     : INFO    : create control_pubsub - sub - tcp://128.219.134.73:44933
2019-04-03 18:41:40,884: control.pubsub.sub.0000: MainProcess                     : MainThread     : DEBUG   : start process
2019-04-03 18:41:40,884: control.pubsub.sub.0000: MainProcess                     : MainThread     : DEBUG   : ru_initialize_common (NOOP)
2019-04-03 18:41:40,885: control.pubsub.sub.0000: MainProcess                     : MainThread     : DEBUG   : ru_initialize_parent (NOOP)
2019-04-03 18:41:40,885: control.pubsub.sub.0000: MainProcess                     : MainThread     : DEBUG   : process class started (no child)
2019-04-03 18:44:44,038: control.pubsub.sub.0000: MainProcess                     : MainThread     : INFO    : parent stops child  2674 -> None [control.pubsub.sub.0000]
2019-04-03 18:44:44,038: control.pubsub.sub.0000: MainProcess                     : MainThread     : DEBUG   : ru_finalize_parent (NOOP)
2019-04-03 18:44:44,341: control.pubsub.sub.0000: update.0                        : MainThread     : INFO    : parent stops child  2768 -> None [control.pubsub.sub.0000]
2019-04-03 18:44:44,341: control.pubsub.sub.0000: update.0                        : MainThread     : DEBUG   : ru_finalize_parent (NOOP)
