2019-04-03 18:41:40,845: control.pubsub.sub.0001: pmgr.0000.launching.0           : MainThread     : INFO    : python.interpreter   version: 2.7.15 | packaged by conda-forge | (default, Feb 28 2019, 04:20:34) [GCC 8.2.0]
2019-04-03 18:41:40,846: control.pubsub.sub.0001: pmgr.0000.launching.0           : MainThread     : INFO    :                      pid/tid: 2823/MainThread
2019-04-03 18:41:40,846: control.pubsub.sub.0001: pmgr.0000.launching.0           : MainThread     : INFO    : create control_pubsub - sub - tcp://128.219.134.73:44933
2019-04-03 18:41:40,846: control.pubsub.sub.0001: pmgr.0000.launching.0           : MainThread     : DEBUG   : start process
2019-04-03 18:41:40,846: control.pubsub.sub.0001: pmgr.0000.launching.0           : MainThread     : DEBUG   : ru_initialize_common (NOOP)
2019-04-03 18:41:40,846: control.pubsub.sub.0001: pmgr.0000.launching.0           : MainThread     : DEBUG   : ru_initialize_parent (NOOP)
2019-04-03 18:41:40,846: control.pubsub.sub.0001: pmgr.0000.launching.0           : MainThread     : DEBUG   : process class started (no child)
2019-04-03 18:43:32,032: control.pubsub.sub.0001: umgr.0000.staging.input.0       : Thread-1       : INFO    : python.interpreter   version: 2.7.15 | packaged by conda-forge | (default, Feb 28 2019, 04:20:34) [GCC 8.2.0]
2019-04-03 18:43:32,032: control.pubsub.sub.0001: umgr.0000.staging.input.0       : Thread-1       : INFO    :                      pid/tid: 6922/Thread-1
2019-04-03 18:43:32,032: control.pubsub.sub.0001: umgr.0000.staging.input.0       : Thread-1       : INFO    : create control_pubsub - sub - tcp://128.219.134.73:44933
2019-04-03 18:43:32,033: control.pubsub.sub.0001: umgr.0000.staging.input.0       : Thread-1       : DEBUG   : start process
2019-04-03 18:43:32,033: control.pubsub.sub.0001: umgr.0000.staging.input.0       : Thread-1       : DEBUG   : ru_initialize_common (NOOP)
2019-04-03 18:43:32,033: control.pubsub.sub.0001: umgr.0000.staging.input.0       : Thread-1       : DEBUG   : ru_initialize_parent (NOOP)
2019-04-03 18:43:32,033: control.pubsub.sub.0001: umgr.0000.staging.input.0       : Thread-1       : DEBUG   : process class started (no child)
2019-04-03 18:43:32,357: control.pubsub.sub.0001: umgr.0000.staging.output.0      : Thread-1       : INFO    : python.interpreter   version: 2.7.15 | packaged by conda-forge | (default, Feb 28 2019, 04:20:34) [GCC 8.2.0]
2019-04-03 18:43:32,357: control.pubsub.sub.0001: umgr.0000.staging.output.0      : Thread-1       : INFO    :                      pid/tid: 6947/Thread-1
2019-04-03 18:43:32,357: control.pubsub.sub.0001: umgr.0000.staging.output.0      : Thread-1       : INFO    : create control_pubsub - sub - tcp://128.219.134.73:44933
2019-04-03 18:43:32,358: control.pubsub.sub.0001: umgr.0000.staging.output.0      : Thread-1       : DEBUG   : start process
2019-04-03 18:43:32,358: control.pubsub.sub.0001: umgr.0000.staging.output.0      : Thread-1       : DEBUG   : ru_initialize_common (NOOP)
2019-04-03 18:43:32,358: control.pubsub.sub.0001: umgr.0000.staging.output.0      : Thread-1       : DEBUG   : ru_initialize_parent (NOOP)
2019-04-03 18:43:32,358: control.pubsub.sub.0001: umgr.0000.staging.output.0      : Thread-1       : DEBUG   : process class started (no child)
2019-04-03 18:43:32,594: control.pubsub.sub.0001: umgr.0000.scheduling.0          : Thread-1       : INFO    : python.interpreter   version: 2.7.15 | packaged by conda-forge | (default, Feb 28 2019, 04:20:34) [GCC 8.2.0]
2019-04-03 18:43:32,595: control.pubsub.sub.0001: umgr.0000.scheduling.0          : Thread-1       : INFO    :                      pid/tid: 6973/Thread-1
2019-04-03 18:43:32,595: control.pubsub.sub.0001: umgr.0000.scheduling.0          : Thread-1       : INFO    : create control_pubsub - sub - tcp://128.219.134.73:44933
2019-04-03 18:43:32,595: control.pubsub.sub.0001: umgr.0000.scheduling.0          : Thread-1       : DEBUG   : start process
2019-04-03 18:43:32,595: control.pubsub.sub.0001: umgr.0000.scheduling.0          : Thread-1       : DEBUG   : ru_initialize_common (NOOP)
2019-04-03 18:43:32,597: control.pubsub.sub.0001: umgr.0000.scheduling.0          : Thread-1       : DEBUG   : ru_initialize_parent (NOOP)
2019-04-03 18:43:32,597: control.pubsub.sub.0001: umgr.0000.scheduling.0          : Thread-1       : DEBUG   : process class started (no child)
2019-04-03 18:44:09,523: control.pubsub.sub.0001: umgr.0000.staging.output.0      : Thread-1       : INFO    : parent stops child  6947 -> None [control.pubsub.sub.0001]
2019-04-03 18:44:09,523: control.pubsub.sub.0001: umgr.0000.staging.output.0      : Thread-1       : DEBUG   : ru_finalize_parent (NOOP)
2019-04-03 18:44:10,163: control.pubsub.sub.0001: umgr.0000.staging.input.0       : Thread-1       : INFO    : parent stops child  6922 -> None [control.pubsub.sub.0001]
2019-04-03 18:44:10,163: control.pubsub.sub.0001: umgr.0000.staging.input.0       : Thread-1       : DEBUG   : ru_finalize_parent (NOOP)
2019-04-03 18:44:10,280: control.pubsub.sub.0001: umgr.0000.scheduling.0          : Thread-1       : INFO    : parent stops child  6973 -> None [control.pubsub.sub.0001]
2019-04-03 18:44:10,280: control.pubsub.sub.0001: umgr.0000.scheduling.0          : Thread-1       : DEBUG   : ru_finalize_parent (NOOP)
