2019-04-03 18:41:33,515: radical.entk.wfprocessor.0000: MainProcess                     : MainThread     : INFO    : python.interpreter   version: 2.7.15 | packaged by conda-forge | (default, Feb 28 2019, 04:20:34) [GCC 8.2.0]
2019-04-03 18:41:33,524: radical.entk.wfprocessor.0000: MainProcess                     : MainThread     : INFO    :                      pid/tid: 2674/MainThread
2019-04-03 18:41:33,567: radical.entk.wfprocessor.0000: MainProcess                     : MainThread     : INFO    : Created WFProcessor object: wfprocessor.0000
2019-04-03 18:43:31,372: radical.entk.wfprocessor.0000: MainProcess                     : MainThread     : INFO    : Starting WFprocessor process
2019-04-03 18:43:31,461: radical.entk.wfprocessor.0000: wfprocessor                     : MainThread     : INFO    : WFprocessor started
2019-04-03 18:43:31,461: radical.entk.wfprocessor.0000: wfprocessor                     : MainThread     : INFO    : Starting dequeue-thread
2019-04-03 18:43:31,461: radical.entk.wfprocessor.0000: wfprocessor                     : MainThread     : INFO    : Starting enqueue-thread
2019-04-03 18:43:31,461: radical.entk.wfprocessor.0000: wfprocessor                     : dequeue-thread : INFO    : Dequeue thread started
2019-04-03 18:43:31,463: radical.entk.wfprocessor.0000: wfprocessor                     : enqueue-thread : INFO    : enqueue-thread started
2019-04-03 18:43:31,469: radical.entk.wfprocessor.0000: wfprocessor                     : enqueue-thread : DEBUG   : Attempting to sync pipeline.0000 with state SCHEDULING with AppManager
2019-04-03 18:43:31,473: radical.entk.wfprocessor.0000: wfprocessor                     : enqueue-thread : DEBUG   : pipeline.0000 with state SCHEDULING synced with AppManager
2019-04-03 18:43:31,474: radical.entk.wfprocessor.0000: wfprocessor                     : enqueue-thread : INFO    : Transition of pipeline.0000 to new state SCHEDULING successful
2019-04-03 18:43:31,474: radical.entk.wfprocessor.0000: wfprocessor                     : enqueue-thread : DEBUG   : Attempting to sync stage.0000 with state SCHEDULING with AppManager
2019-04-03 18:43:31,480: radical.entk.wfprocessor.0000: wfprocessor                     : enqueue-thread : DEBUG   : stage.0000 with state SCHEDULING synced with AppManager
2019-04-03 18:43:31,481: radical.entk.wfprocessor.0000: wfprocessor                     : enqueue-thread : INFO    : Transition of stage.0000 to new state SCHEDULING successful
2019-04-03 18:43:31,481: radical.entk.wfprocessor.0000: wfprocessor                     : enqueue-thread : DEBUG   : Attempting to sync task.0000 with state SCHEDULING with AppManager
2019-04-03 18:43:31,487: radical.entk.wfprocessor.0000: wfprocessor                     : enqueue-thread : DEBUG   : task.0000 with state SCHEDULING synced with AppManager
2019-04-03 18:43:31,488: radical.entk.wfprocessor.0000: wfprocessor                     : enqueue-thread : INFO    : Transition of task.0000 to new state SCHEDULING successful
2019-04-03 18:43:31,488: radical.entk.wfprocessor.0000: wfprocessor                     : enqueue-thread : DEBUG   : Attempting to sync task.0000 with state SCHEDULED with AppManager
2019-04-03 18:43:31,556: radical.entk.wfprocessor.0000: wfprocessor                     : enqueue-thread : DEBUG   : task.0000 with state SCHEDULED synced with AppManager
2019-04-03 18:43:31,556: radical.entk.wfprocessor.0000: wfprocessor                     : enqueue-thread : INFO    : Transition of task.0000 to new state SCHEDULED successful
2019-04-03 18:43:31,557: radical.entk.wfprocessor.0000: wfprocessor                     : enqueue-thread : DEBUG   : Task task.0000 published to pending queue
2019-04-03 18:43:31,557: radical.entk.wfprocessor.0000: wfprocessor                     : enqueue-thread : DEBUG   : Attempting to sync stage.0000 with state SCHEDULED with AppManager
2019-04-03 18:43:31,563: radical.entk.wfprocessor.0000: wfprocessor                     : enqueue-thread : DEBUG   : stage.0000 with state SCHEDULED synced with AppManager
2019-04-03 18:43:31,572: radical.entk.wfprocessor.0000: wfprocessor                     : enqueue-thread : INFO    : Transition of stage.0000 to new state SCHEDULED successful
2019-04-03 18:43:44,067: radical.entk.wfprocessor.0000: wfprocessor                     : dequeue-thread : INFO    : Got finished task task.0000 from queue
2019-04-03 18:43:44,068: radical.entk.wfprocessor.0000: wfprocessor                     : dequeue-thread : DEBUG   : Attempting to sync task.0000 with state DEQUEUEING with AppManager
2019-04-03 18:43:44,072: radical.entk.wfprocessor.0000: wfprocessor                     : dequeue-thread : DEBUG   : task.0000 with state DEQUEUEING synced with AppManager
2019-04-03 18:43:44,072: radical.entk.wfprocessor.0000: wfprocessor                     : dequeue-thread : INFO    : Transition of task.0000 to new state DEQUEUEING successful
2019-04-03 18:43:44,072: radical.entk.wfprocessor.0000: wfprocessor                     : dequeue-thread : DEBUG   : Found parent pipeline: pipeline.0000
2019-04-03 18:43:44,072: radical.entk.wfprocessor.0000: wfprocessor                     : dequeue-thread : DEBUG   : Found parent stage: stage.0000
2019-04-03 18:43:44,073: radical.entk.wfprocessor.0000: wfprocessor                     : dequeue-thread : DEBUG   : Attempting to sync task.0000 with state DEQUEUED with AppManager
2019-04-03 18:43:44,077: radical.entk.wfprocessor.0000: wfprocessor                     : dequeue-thread : DEBUG   : task.0000 with state DEQUEUED synced with AppManager
2019-04-03 18:43:44,077: radical.entk.wfprocessor.0000: wfprocessor                     : dequeue-thread : INFO    : Transition of task.0000 to new state DEQUEUED successful
2019-04-03 18:43:44,078: radical.entk.wfprocessor.0000: wfprocessor                     : dequeue-thread : DEBUG   : Attempting to sync task.0000 with state FAILED with AppManager
2019-04-03 18:43:44,080: radical.entk.wfprocessor.0000: wfprocessor                     : dequeue-thread : DEBUG   : task.0000 with state FAILED synced with AppManager
2019-04-03 18:43:44,081: radical.entk.wfprocessor.0000: wfprocessor                     : dequeue-thread : INFO    : Transition of task.0000 to new state FAILED successful
2019-04-03 18:43:44,081: radical.entk.wfprocessor.0000: wfprocessor                     : dequeue-thread : DEBUG   : Attempting to sync stage.0000 with state DONE with AppManager
2019-04-03 18:43:44,085: radical.entk.wfprocessor.0000: wfprocessor                     : dequeue-thread : DEBUG   : stage.0000 with state DONE synced with AppManager
2019-04-03 18:43:44,085: radical.entk.wfprocessor.0000: wfprocessor                     : dequeue-thread : INFO    : Transition of stage.0000 to new state DONE successful
2019-04-03 18:43:44,086: radical.entk.wfprocessor.0000: wfprocessor                     : dequeue-thread : DEBUG   : Attempting to sync pipeline.0000 with state DONE with AppManager
2019-04-03 18:43:44,089: radical.entk.wfprocessor.0000: MainProcess                     : MainThread     : DEBUG   : Attempting to end WFprocessor... event: False
2019-04-03 18:43:44,089: radical.entk.wfprocessor.0000: wfprocessor                     : dequeue-thread : DEBUG   : pipeline.0000 with state DONE synced with AppManager
2019-04-03 18:43:44,089: radical.entk.wfprocessor.0000: wfprocessor                     : dequeue-thread : INFO    : Transition of pipeline.0000 to new state DONE successful
2019-04-03 18:43:44,089: radical.entk.wfprocessor.0000: wfprocessor                     : MainThread     : INFO    : Terminating enqueue-thread
2019-04-03 18:43:44,089: radical.entk.wfprocessor.0000: wfprocessor                     : enqueue-thread : INFO    : Enqueue thread terminated
2019-04-03 18:43:44,092: radical.entk.wfprocessor.0000: wfprocessor                     : MainThread     : INFO    : Terminating dequeue-thread
2019-04-03 18:43:44,092: radical.entk.wfprocessor.0000: wfprocessor                     : dequeue-thread : INFO    : Terminated dequeue thread
2019-04-03 18:43:44,097: radical.entk.wfprocessor.0000: MainProcess                     : MainThread     : DEBUG   : WFprocessor process terminated
