2019-04-03 18:43:32,342: umgr.0000.staging.output.0.child: umgr.0000.staging.output.0      : Thread-1       : INFO    : python.interpreter   version: 2.7.15 | packaged by conda-forge | (default, Feb 28 2019, 04:20:34) [GCC 8.2.0]
2019-04-03 18:43:32,343: umgr.0000.staging.output.0.child: umgr.0000.staging.output.0      : Thread-1       : INFO    :                      pid/tid: 6947/Thread-1
2019-04-03 18:43:32,343: umgr.0000.staging.output.0.child: umgr.0000.staging.output.0      : Thread-1       : INFO    : initialize umgr.0000.staging.output.0.child
2019-04-03 18:43:32,347: umgr.0000.staging.output.0.child: umgr.0000.staging.output.0      : Thread-1       : INFO    : cfg: {'agents': {},
 u'bridges': {u'control_pubsub': {'addr_in': 'tcp://128.219.134.73:45491',
                                  'addr_out': 'tcp://128.219.134.73:44933',
                                  u'bulk_size': 0,
                                  u'log_level': u'error',
                                  u'stall_hwm': 1},
              u'log_pubsub': {'addr_in': 'tcp://128.219.134.73:35611',
                              'addr_out': 'tcp://128.219.134.73:33357',
                              u'bulk_size': 0,
                              u'log_level': u'error',
                              u'stall_hwm': 1},
              u'state_pubsub': {'addr_in': 'tcp://128.219.134.73:46545',
                                'addr_out': 'tcp://128.219.134.73:35123',
                                u'bulk_size': 0,
                                u'log_level': u'error',
                                u'stall_hwm': 1},
              u'umgr_reschedule_pubsub': {'addr_in': 'tcp://128.219.134.73:42927',
                                          'addr_out': 'tcp://128.219.134.73:40245',
                                          u'bulk_size': 0,
                                          u'log_level': u'error',
                                          u'stall_hwm': 1},
              u'umgr_scheduling_queue': {'addr_in': 'tcp://128.219.134.73:33857',
                                         'addr_out': 'tcp://128.219.134.73:43979',
                                         u'bulk_size': 0,
                                         u'log_level': u'error',
                                         u'stall_hwm': 1},
              u'umgr_staging_input_queue': {'addr_in': 'tcp://128.219.134.73:43731',
                                            'addr_out': 'tcp://128.219.134.73:32871',
                                            u'bulk_size': 0,
                                            u'log_level': u'error',
                                            u'stall_hwm': 1},
              u'umgr_staging_output_queue': {'addr_in': 'tcp://128.219.134.73:40543',
                                             'addr_out': 'tcp://128.219.134.73:44965',
                                             u'bulk_size': 0,
                                             u'log_level': u'error',
                                             u'stall_hwm': 1},
              u'umgr_unschedule_pubsub': {'addr_in': 'tcp://128.219.134.73:42559',
                                          'addr_out': 'tcp://128.219.134.73:39103',
                                          u'bulk_size': 0,
                                          u'log_level': u'error',
                                          u'stall_hwm': 1}},
 u'bulk_collection_size': 100,
 u'bulk_collection_time': 1.0,
 'cname': u'UMGRStagingOutputComponent',
 u'components': {},
 u'count': 1,
 u'db_poll_sleeptime': 1.0,
 'number': 0,
 'owner': 'umgr.0000',
 u'scheduler': u'round_robin',
 'uid': 'umgr.0000'}
2019-04-03 18:43:32,347: umgr.0000.staging.output.0.child: umgr.0000.staging.output.0      : Thread-1       : DEBUG   : start components: {}
2019-04-03 18:43:32,347: umgr.0000.staging.output.0.child: umgr.0000.staging.output.0      : Thread-1       : DEBUG   : alive check in term
2019-04-03 18:43:32,347: umgr.0000.staging.output.0.child: umgr.0000.staging.output.0      : Thread-1       : DEBUG   : START: umgr.0000.staging.output.0.child register publisher log_pubsub
2019-04-03 18:43:32,349: umgr.0000.staging.output.0.child: umgr.0000.staging.output.0      : Thread-1       : DEBUG   : using addr tcp://128.219.134.73:35611 for pubsub log_pubsub
2019-04-03 18:43:32,351: umgr.0000.staging.output.0.child: umgr.0000.staging.output.0      : Thread-1       : DEBUG   : registered publisher : log_pubsub : log.pubsub.pub.0004
2019-04-03 18:43:32,351: umgr.0000.staging.output.0.child: umgr.0000.staging.output.0      : Thread-1       : DEBUG   : alive check in term
2019-04-03 18:43:32,351: umgr.0000.staging.output.0.child: umgr.0000.staging.output.0      : Thread-1       : DEBUG   : START: umgr.0000.staging.output.0.child register publisher state_pubsub
2019-04-03 18:43:32,351: umgr.0000.staging.output.0.child: umgr.0000.staging.output.0      : Thread-1       : DEBUG   : using addr tcp://128.219.134.73:46545 for pubsub state_pubsub
2019-04-03 18:43:32,353: umgr.0000.staging.output.0.child: umgr.0000.staging.output.0      : Thread-1       : DEBUG   : registered publisher : state_pubsub : state.pubsub.pub.0004
2019-04-03 18:43:32,354: umgr.0000.staging.output.0.child: umgr.0000.staging.output.0      : Thread-1       : DEBUG   : alive check in term
2019-04-03 18:43:32,354: umgr.0000.staging.output.0.child: umgr.0000.staging.output.0      : Thread-1       : DEBUG   : START: umgr.0000.staging.output.0.child register publisher control_pubsub
2019-04-03 18:43:32,354: umgr.0000.staging.output.0.child: umgr.0000.staging.output.0      : Thread-1       : DEBUG   : using addr tcp://128.219.134.73:45491 for pubsub control_pubsub
2019-04-03 18:43:32,356: umgr.0000.staging.output.0.child: umgr.0000.staging.output.0      : Thread-1       : DEBUG   : registered publisher : control_pubsub : control.pubsub.pub.0004
2019-04-03 18:43:32,356: umgr.0000.staging.output.0.child: umgr.0000.staging.output.0      : Thread-1       : DEBUG   : alive check in term
2019-04-03 18:43:32,356: umgr.0000.staging.output.0.child: umgr.0000.staging.output.0      : Thread-1       : DEBUG   : START: umgr.0000.staging.output.0.child register subscriber umgr.0000.staging.output.0.child.subscriber._cancel_monitor_cb
2019-04-03 18:43:32,356: umgr.0000.staging.output.0.child: umgr.0000.staging.output.0      : Thread-1       : DEBUG   : using addr tcp://128.219.134.73:44933 for pubsub control_pubsub
2019-04-03 18:43:32,358: umgr.0000.staging.output.0.child: umgr.0000.staging.output.0      : Thread-1       : DEBUG   : parent name: umgr.0000.staging.output.0.child.subscriber._cancel_monitor_cb
2019-04-03 18:43:32,358: umgr.0000.staging.output.0.child: umgr.0000.staging.output.0      : Thread-1       : DEBUG   : start thread
2019-04-03 18:43:32,358: umgr.0000.staging.output.0.child: umgr.0000.staging.output.0      : umgr.0000.staging.output.0.child.subscriber._cancel_monitor_cb: DEBUG   : child name: umgr.0000.staging.output.0.child.subscriber._cancel_monitor_cb.thread
2019-04-03 18:43:32,359: umgr.0000.staging.output.0.child: umgr.0000.staging.output.0      : umgr.0000.staging.output.0.child.subscriber._cancel_monitor_cb: INFO    : child (me) initializing
2019-04-03 18:43:32,359: umgr.0000.staging.output.0.child: umgr.0000.staging.output.0      : umgr.0000.staging.output.0.child.subscriber._cancel_monitor_cb: DEBUG   : ru_initialize_common (NOOP)
2019-04-03 18:43:32,359: umgr.0000.staging.output.0.child: umgr.0000.staging.output.0      : umgr.0000.staging.output.0.child.subscriber._cancel_monitor_cb: DEBUG   : ru_initialize_child (NOOP)
2019-04-03 18:43:32,359: umgr.0000.staging.output.0.child: umgr.0000.staging.output.0      : umgr.0000.staging.output.0.child.subscriber._cancel_monitor_cb: INFO    : send alive
2019-04-03 18:43:32,359: umgr.0000.staging.output.0.child: umgr.0000.staging.output.0      : umgr.0000.staging.output.0.child.subscriber._cancel_monitor_cb: INFO    : put message: [umgr.0000.staging.output.0.child.subscriber._cancel_monitor_cb.thread] alive
2019-04-03 18:43:32,360: umgr.0000.staging.output.0.child: umgr.0000.staging.output.0      : Thread-1       : INFO    : get msg: alive
2019-04-03 18:43:32,360: umgr.0000.staging.output.0.child: umgr.0000.staging.output.0      : Thread-1       : DEBUG   : ru_initialize_common (NOOP)
2019-04-03 18:43:32,360: umgr.0000.staging.output.0.child: umgr.0000.staging.output.0      : Thread-1       : DEBUG   : ru_initialize_parent (NOOP)
2019-04-03 18:43:32,360: umgr.0000.staging.output.0.child: umgr.0000.staging.output.0      : Thread-1       : DEBUG   : child thread umgr.0000.staging.output.0.child.subscriber._cancel_monitor_cb started
2019-04-03 18:43:32,360: umgr.0000.staging.output.0.child: umgr.0000.staging.output.0      : Thread-1       : DEBUG   : umgr.0000.staging.output.0.child registered control_pubsub subscriber umgr.0000.staging.output.0.child.subscriber._cancel_monitor_cb
2019-04-03 18:43:32,360: umgr.0000.staging.output.0.child: umgr.0000.staging.output.0      : Thread-1       : DEBUG   : alive check in term
2019-04-03 18:43:32,360: umgr.0000.staging.output.0.child: umgr.0000.staging.output.0      : Thread-1       : DEBUG   : using addr tcp://128.219.134.73:44965 for input umgr_staging_output_queue
2019-04-03 18:43:32,363: umgr.0000.staging.output.0.child: umgr.0000.staging.output.0      : Thread-1       : DEBUG   : registered input umgr.0000.staging.output.0.child.work.UMGR_STAGING_OUTPUT_PENDING
2019-04-03 18:43:32,363: umgr.0000.staging.output.0.child: umgr.0000.staging.output.0      : Thread-1       : DEBUG   : START: umgr.0000.staging.output.0.child register input UMGR_STAGING_OUTPUT_PENDING: umgr.0000.staging.output.0.child.work.UMGR_STAGING_OUTPUT_PENDING
2019-04-03 18:43:32,363: umgr.0000.staging.output.0.child: umgr.0000.staging.output.0      : Thread-1       : DEBUG   : registered worker work [UMGR_STAGING_OUTPUT_PENDING]
2019-04-03 18:43:32,363: umgr.0000.staging.output.0.child: umgr.0000.staging.output.0      : Thread-1       : INFO    : child (me) initializing
2019-04-03 18:43:32,363: umgr.0000.staging.output.0.child: umgr.0000.staging.output.0      : Thread-1       : DEBUG   : parent name: umgr.0000.staging.output.0.child.watch
2019-04-03 18:43:32,363: umgr.0000.staging.output.0.child: umgr.0000.staging.output.0      : Thread-1       : DEBUG   : start thread
2019-04-03 18:43:32,363: umgr.0000.staging.output.0.child: umgr.0000.staging.output.0      : umgr.0000.staging.output.0.child.watch: DEBUG   : child name: umgr.0000.staging.output.0.child.watch.thread
2019-04-03 18:43:32,363: umgr.0000.staging.output.0.child: umgr.0000.staging.output.0      : umgr.0000.staging.output.0.child.watch: INFO    : child (me) initializing
2019-04-03 18:43:32,363: umgr.0000.staging.output.0.child: umgr.0000.staging.output.0      : umgr.0000.staging.output.0.child.watch: DEBUG   : ru_initialize_common (NOOP)
2019-04-03 18:43:32,363: umgr.0000.staging.output.0.child: umgr.0000.staging.output.0      : umgr.0000.staging.output.0.child.watch: DEBUG   : ru_initialize_child (NOOP)
2019-04-03 18:43:32,364: umgr.0000.staging.output.0.child: umgr.0000.staging.output.0      : umgr.0000.staging.output.0.child.watch: INFO    : send alive
2019-04-03 18:43:32,364: umgr.0000.staging.output.0.child: umgr.0000.staging.output.0      : umgr.0000.staging.output.0.child.watch: INFO    : put message: [umgr.0000.staging.output.0.child.watch.thread] alive
2019-04-03 18:43:32,364: umgr.0000.staging.output.0.child: umgr.0000.staging.output.0      : Thread-1       : INFO    : get msg: alive
2019-04-03 18:43:32,364: umgr.0000.staging.output.0.child: umgr.0000.staging.output.0      : Thread-1       : DEBUG   : ru_initialize_common (NOOP)
2019-04-03 18:43:32,365: umgr.0000.staging.output.0.child: umgr.0000.staging.output.0      : Thread-1       : DEBUG   : ru_initialize_parent (NOOP)
2019-04-03 18:43:32,365: umgr.0000.staging.output.0.child: umgr.0000.staging.output.0      : Thread-1       : DEBUG   : child thread umgr.0000.staging.output.0.child.watch started
2019-04-03 18:43:32,365: umgr.0000.staging.output.0.child: umgr.0000.staging.output.0      : Thread-1       : INFO    : child (me) is alive
2019-04-03 18:43:32,365: umgr.0000.staging.output.0.child: umgr.0000.staging.output.0      : Thread-1       : INFO    : send alive
2019-04-03 18:43:32,365: umgr.0000.staging.output.0.child: umgr.0000.staging.output.0      : Thread-1       : INFO    : send message: [umgr.0000.staging.output.0.child] alive
2019-04-03 18:43:32,828: umgr.0000.staging.output.0.child: umgr.0000.staging.output.0      : umgr.0000.staging.output.0.child.subscriber._cancel_monitor_cb: DEBUG   : command ignored: add_pilots
2019-04-03 18:44:09,404: umgr.0000.staging.output.0.child: umgr.0000.staging.output.0      : Thread-1       : DEBUG   : ru_finalize_common()
2019-04-03 18:44:09,405: umgr.0000.staging.output.0.child: umgr.0000.staging.output.0      : Thread-1       : DEBUG   : TERM : umgr.0000.staging.output.0.child unregister publisher log_pubsub
2019-04-03 18:44:09,406: umgr.0000.staging.output.0.child: umgr.0000.staging.output.0      : Thread-1       : DEBUG   : unregistered publisher log_pubsub
2019-04-03 18:44:09,406: umgr.0000.staging.output.0.child: umgr.0000.staging.output.0      : Thread-1       : DEBUG   : TERM : umgr.0000.staging.output.0.child unregister publisher state_pubsub
2019-04-03 18:44:09,406: umgr.0000.staging.output.0.child: umgr.0000.staging.output.0      : Thread-1       : DEBUG   : unregistered publisher state_pubsub
2019-04-03 18:44:09,407: umgr.0000.staging.output.0.child: umgr.0000.staging.output.0      : Thread-1       : DEBUG   : TERM : umgr.0000.staging.output.0.child unregister publisher control_pubsub
2019-04-03 18:44:09,407: umgr.0000.staging.output.0.child: umgr.0000.staging.output.0      : Thread-1       : DEBUG   : unregistered publisher control_pubsub
2019-04-03 18:44:09,407: umgr.0000.staging.output.0.child: umgr.0000.staging.output.0      : Thread-1       : DEBUG   : umgr.0000.staging.output.0.child close prof
2019-04-03 18:44:09,409: umgr.0000.staging.output.0.child: umgr.0000.staging.output.0      : Thread-1       : INFO    : send message: [umgr.0000.staging.output.0.child] terminating
2019-04-03 18:44:09,520: umgr.0000.staging.output.0.child: umgr.0000.staging.output.0      : umgr.0000.staging.output.0.child.watch: INFO    : watcher closes
2019-04-03 18:44:09,520: umgr.0000.staging.output.0.child: umgr.0000.staging.output.0      : umgr.0000.staging.output.0.child.watch: INFO    : put message: [umgr.0000.staging.output.0.child.watch.thread] work finished
2019-04-03 18:44:09,520: umgr.0000.staging.output.0.child: umgr.0000.staging.output.0      : umgr.0000.staging.output.0.child.watch: DEBUG   : ru_finalize_child (NOOP)
2019-04-03 18:44:09,520: umgr.0000.staging.output.0.child: umgr.0000.staging.output.0      : umgr.0000.staging.output.0.child.watch: DEBUG   : ru_finalize_common (NOOP)
2019-04-03 18:44:09,520: umgr.0000.staging.output.0.child: umgr.0000.staging.output.0      : umgr.0000.staging.output.0.child.watch: INFO    : put message: [umgr.0000.staging.output.0.child.watch.thread] terminating
2019-04-03 18:44:09,523: umgr.0000.staging.output.0.child: umgr.0000.staging.output.0      : Thread-1       : INFO    : parent stops child
2019-04-03 18:44:09,523: umgr.0000.staging.output.0.child: umgr.0000.staging.output.0      : Thread-1       : DEBUG   : ru_finalize_parent (NOOP)
2019-04-03 18:44:09,523: umgr.0000.staging.output.0.child: umgr.0000.staging.output.0      : umgr.0000.staging.output.0.child.subscriber._cancel_monitor_cb: DEBUG   : ru_finalize_child (NOOP)
2019-04-03 18:44:09,523: umgr.0000.staging.output.0.child: umgr.0000.staging.output.0      : umgr.0000.staging.output.0.child.subscriber._cancel_monitor_cb: INFO    : put message: [umgr.0000.staging.output.0.child.subscriber._cancel_monitor_cb.thread] terminating
