2019-04-03 18:41:36,355: update.0            : MainProcess                     : MainThread     : INFO    : python.interpreter   version: 2.7.15 | packaged by conda-forge | (default, Feb 28 2019, 04:20:34) [GCC 8.2.0]
2019-04-03 18:41:36,356: update.0            : MainProcess                     : MainThread     : INFO    :                      pid/tid: 2674/MainThread
2019-04-03 18:41:36,356: update.0            : MainProcess                     : MainThread     : DEBUG   : alive check in term
2019-04-03 18:41:36,356: update.0            : MainProcess                     : MainThread     : DEBUG   : start process
2019-04-03 18:41:37,646: update.0            : MainProcess                     : MainThread     : INFO    : recv message: alive
2019-04-03 18:41:37,646: update.0            : MainProcess                     : MainThread     : INFO    : initialize update.0
2019-04-03 18:41:37,648: update.0            : MainProcess                     : MainThread     : INFO    : cfg: {'agents': {},
 u'bridges': {u'control_pubsub': {'addr_in': 'tcp://128.219.134.73:45491',
                                  'addr_out': 'tcp://128.219.134.73:44933',
                                  u'bulk_size': 0,
                                  u'log_level': u'error',
                                  u'stall_hwm': 1},
              u'log_pubsub': {'addr_in': 'tcp://128.219.134.73:35611',
                              'addr_out': 'tcp://128.219.134.73:33357',
                              u'bulk_size': 0,
                              u'log_level': u'error',
                              u'stall_hwm': 1},
              u'state_pubsub': {'addr_in': 'tcp://128.219.134.73:46545',
                                'addr_out': 'tcp://128.219.134.73:35123',
                                u'bulk_size': 0,
                                u'log_level': u'error',
                                u'stall_hwm': 1}},
 'cname': u'UpdateWorker',
 u'components': {},
 u'count': 1,
 'dburl': 'mongodb://user:user@ds223760.mlab.com:23760/adaptivity',
 u'default_dburl': u'mongodb://rp:rp@ds015335.mlab.com:15335/rp',
 'logdir': '/gpfs/alpine/bip178/scratch/jdakka/hyperspace/microscope/results_2/re.session.login3.jdakka.017989.0013',
 'number': 0,
 'owner': 're.session.login3.jdakka.017989.0013',
 'session_id': 're.session.login3.jdakka.017989.0013'}
2019-04-03 18:41:37,648: update.0            : MainProcess                     : MainThread     : DEBUG   : alive check in term
2019-04-03 18:41:37,648: update.0            : MainProcess                     : MainThread     : DEBUG   : START: update.0 register publisher log_pubsub
2019-04-03 18:41:37,649: update.0            : MainProcess                     : MainThread     : DEBUG   : using addr tcp://128.219.134.73:35611 for pubsub log_pubsub
2019-04-03 18:41:37,651: update.0            : MainProcess                     : MainThread     : DEBUG   : registered publisher : log_pubsub : log.pubsub.pub.0000
2019-04-03 18:41:37,651: update.0            : MainProcess                     : MainThread     : DEBUG   : alive check in term
2019-04-03 18:41:37,651: update.0            : MainProcess                     : MainThread     : DEBUG   : START: update.0 register publisher state_pubsub
2019-04-03 18:41:37,651: update.0            : MainProcess                     : MainThread     : DEBUG   : using addr tcp://128.219.134.73:46545 for pubsub state_pubsub
2019-04-03 18:41:37,653: update.0            : MainProcess                     : MainThread     : DEBUG   : registered publisher : state_pubsub : state.pubsub.pub.0000
2019-04-03 18:41:37,653: update.0            : MainProcess                     : MainThread     : DEBUG   : alive check in term
2019-04-03 18:41:37,653: update.0            : MainProcess                     : MainThread     : DEBUG   : START: update.0 register publisher control_pubsub
2019-04-03 18:41:37,653: update.0            : MainProcess                     : MainThread     : DEBUG   : using addr tcp://128.219.134.73:45491 for pubsub control_pubsub
2019-04-03 18:41:37,656: update.0            : MainProcess                     : MainThread     : DEBUG   : registered publisher : control_pubsub : control.pubsub.pub.0000
2019-04-03 18:41:37,656: update.0            : MainProcess                     : MainThread     : DEBUG   : parent name: update.0.watch
2019-04-03 18:41:37,656: update.0            : MainProcess                     : MainThread     : DEBUG   : start thread
2019-04-03 18:41:37,657: update.0            : MainProcess                     : update.0.watch : DEBUG   : child name: update.0.watch.thread
2019-04-03 18:41:37,657: update.0            : MainProcess                     : update.0.watch : INFO    : child (me) initializing
2019-04-03 18:41:37,657: update.0            : MainProcess                     : update.0.watch : DEBUG   : ru_initialize_common (NOOP)
2019-04-03 18:41:37,657: update.0            : MainProcess                     : update.0.watch : DEBUG   : ru_initialize_child (NOOP)
2019-04-03 18:41:37,657: update.0            : MainProcess                     : update.0.watch : INFO    : send alive
2019-04-03 18:41:37,657: update.0            : MainProcess                     : update.0.watch : INFO    : put message: [update.0.watch.thread] alive
2019-04-03 18:41:37,658: update.0            : MainProcess                     : MainThread     : INFO    : get msg: alive
2019-04-03 18:41:37,658: update.0            : MainProcess                     : MainThread     : DEBUG   : ru_initialize_common (NOOP)
2019-04-03 18:41:37,658: update.0            : MainProcess                     : MainThread     : DEBUG   : ru_initialize_parent (NOOP)
2019-04-03 18:41:37,658: update.0            : MainProcess                     : MainThread     : DEBUG   : child thread update.0.watch started
2019-04-03 18:41:37,658: update.0            : MainProcess                     : MainThread     : INFO    : child is alive
2019-04-03 18:41:37,658: update.0            : MainProcess                     : MainThread     : DEBUG   : process class started child
2019-04-03 18:44:44,105: update.0            : MainProcess                     : MainThread     : INFO    : stop update.0 (2674 : 2768 : MainThread) [radical.pilot.worker.update.Update.stop]
2019-04-03 18:44:44,107: update.0            : MainProcess                     : MainThread     : INFO    : parent stops child  2674 -> 2768 [update.0]
2019-04-03 18:44:44,107: update.0            : MainProcess                     : MainThread     : INFO    : send message: [update.0] STOP
2019-04-03 18:44:44,108: update.0            : MainProcess                     : MainThread     : DEBUG   : ru_finalize_common()
2019-04-03 18:44:44,108: update.0            : MainProcess                     : MainThread     : DEBUG   : TERM : update.0 unregister publisher log_pubsub
2019-04-03 18:44:44,108: update.0            : MainProcess                     : MainThread     : DEBUG   : unregistered publisher log_pubsub
2019-04-03 18:44:44,108: update.0            : MainProcess                     : MainThread     : DEBUG   : TERM : update.0 unregister publisher state_pubsub
2019-04-03 18:44:44,109: update.0            : MainProcess                     : MainThread     : DEBUG   : unregistered publisher state_pubsub
2019-04-03 18:44:44,109: update.0            : MainProcess                     : MainThread     : DEBUG   : TERM : update.0 unregister publisher control_pubsub
2019-04-03 18:44:44,110: update.0            : MainProcess                     : MainThread     : DEBUG   : unregistered publisher control_pubsub
2019-04-03 18:44:44,110: update.0            : MainProcess                     : MainThread     : DEBUG   : update.0 close prof
2019-04-03 18:44:44,111: update.0            : MainProcess                     : MainThread     : INFO    : parent stops child
2019-04-03 18:44:44,111: update.0            : MainProcess                     : MainThread     : DEBUG   : ru_finalize_parent (NOOP)
2019-04-03 18:44:44,111: update.0            : MainProcess                     : MainThread     : DEBUG   : ru_finalize_common (NOOP)
2019-04-03 18:44:44,118: update.0            : MainProcess                     : update.0.watch : INFO    : recv message: 
2019-04-03 18:44:44,119: update.0            : MainProcess                     : update.0.watch : INFO    : message received: 
2019-04-03 18:44:44,119: update.0            : MainProcess                     : update.0.watch : WARNING : no message, parent closed ep!
2019-04-03 18:44:44,119: update.0            : MainProcess                     : update.0.watch : INFO    : watcher closes
2019-04-03 18:44:44,119: update.0            : MainProcess                     : update.0.watch : INFO    : put message: [update.0.watch.thread] work finished
2019-04-03 18:44:44,119: update.0            : MainProcess                     : update.0.watch : DEBUG   : ru_finalize_child (NOOP)
2019-04-03 18:44:44,119: update.0            : MainProcess                     : update.0.watch : DEBUG   : ru_finalize_common (NOOP)
2019-04-03 18:44:44,119: update.0            : MainProcess                     : update.0.watch : INFO    : put message: [update.0.watch.thread] terminating
2019-04-03 18:44:46,588: update.0            : MainProcess                     : MainThread     : INFO    : stop update.0 (2674 : 2768 : MainThread) [radical.pilot.worker.update.Update.stop]
