2019-04-03 18:41:37,373: update.0.child      : update.0                        : MainThread     : INFO    : python.interpreter   version: 2.7.15 | packaged by conda-forge | (default, Feb 28 2019, 04:20:34) [GCC 8.2.0]
2019-04-03 18:41:37,373: update.0.child      : update.0                        : MainThread     : INFO    :                      pid/tid: 2768/MainThread
2019-04-03 18:41:37,373: update.0.child      : update.0                        : MainThread     : INFO    : initialize update.0.child
2019-04-03 18:41:37,375: update.0.child      : update.0                        : MainThread     : INFO    : cfg: {'agents': {},
 u'bridges': {u'control_pubsub': {'addr_in': 'tcp://128.219.134.73:45491',
                                  'addr_out': 'tcp://128.219.134.73:44933',
                                  u'bulk_size': 0,
                                  u'log_level': u'error',
                                  u'stall_hwm': 1},
              u'log_pubsub': {'addr_in': 'tcp://128.219.134.73:35611',
                              'addr_out': 'tcp://128.219.134.73:33357',
                              u'bulk_size': 0,
                              u'log_level': u'error',
                              u'stall_hwm': 1},
              u'state_pubsub': {'addr_in': 'tcp://128.219.134.73:46545',
                                'addr_out': 'tcp://128.219.134.73:35123',
                                u'bulk_size': 0,
                                u'log_level': u'error',
                                u'stall_hwm': 1}},
 'cname': u'UpdateWorker',
 u'components': {},
 u'count': 1,
 'dburl': 'mongodb://user:user@ds223760.mlab.com:23760/adaptivity',
 u'default_dburl': u'mongodb://rp:rp@ds015335.mlab.com:15335/rp',
 'logdir': '/gpfs/alpine/bip178/scratch/jdakka/hyperspace/microscope/results_2/re.session.login3.jdakka.017989.0013',
 'number': 0,
 'owner': 're.session.login3.jdakka.017989.0013',
 'session_id': 're.session.login3.jdakka.017989.0013'}
2019-04-03 18:41:37,375: update.0.child      : update.0                        : MainThread     : DEBUG   : start components: {}
2019-04-03 18:41:37,375: update.0.child      : update.0                        : MainThread     : DEBUG   : alive check in term
2019-04-03 18:41:37,375: update.0.child      : update.0                        : MainThread     : DEBUG   : START: update.0.child register publisher log_pubsub
2019-04-03 18:41:37,376: update.0.child      : update.0                        : MainThread     : DEBUG   : using addr tcp://128.219.134.73:35611 for pubsub log_pubsub
2019-04-03 18:41:37,378: update.0.child      : update.0                        : MainThread     : DEBUG   : registered publisher : log_pubsub : log.pubsub.pub.0000
2019-04-03 18:41:37,378: update.0.child      : update.0                        : MainThread     : DEBUG   : alive check in term
2019-04-03 18:41:37,378: update.0.child      : update.0                        : MainThread     : DEBUG   : START: update.0.child register publisher state_pubsub
2019-04-03 18:41:37,378: update.0.child      : update.0                        : MainThread     : DEBUG   : using addr tcp://128.219.134.73:46545 for pubsub state_pubsub
2019-04-03 18:41:37,380: update.0.child      : update.0                        : MainThread     : DEBUG   : registered publisher : state_pubsub : state.pubsub.pub.0000
2019-04-03 18:41:37,380: update.0.child      : update.0                        : MainThread     : DEBUG   : alive check in term
2019-04-03 18:41:37,380: update.0.child      : update.0                        : MainThread     : DEBUG   : START: update.0.child register publisher control_pubsub
2019-04-03 18:41:37,381: update.0.child      : update.0                        : MainThread     : DEBUG   : using addr tcp://128.219.134.73:45491 for pubsub control_pubsub
2019-04-03 18:41:37,448: update.0.child      : update.0                        : MainThread     : DEBUG   : registered publisher : control_pubsub : control.pubsub.pub.0000
2019-04-03 18:41:37,456: update.0.child      : update.0                        : MainThread     : DEBUG   : alive check in term
2019-04-03 18:41:37,457: update.0.child      : update.0                        : MainThread     : DEBUG   : START: update.0.child register subscriber update.0.child.subscriber._cancel_monitor_cb
2019-04-03 18:41:37,457: update.0.child      : update.0                        : MainThread     : DEBUG   : using addr tcp://128.219.134.73:44933 for pubsub control_pubsub
2019-04-03 18:41:37,459: update.0.child      : update.0                        : MainThread     : DEBUG   : parent name: update.0.child.subscriber._cancel_monitor_cb
2019-04-03 18:41:37,459: update.0.child      : update.0                        : MainThread     : DEBUG   : start thread
2019-04-03 18:41:37,459: update.0.child      : update.0                        : update.0.child.subscriber._cancel_monitor_cb: DEBUG   : child name: update.0.child.subscriber._cancel_monitor_cb.thread
2019-04-03 18:41:37,459: update.0.child      : update.0                        : update.0.child.subscriber._cancel_monitor_cb: INFO    : child (me) initializing
2019-04-03 18:41:37,459: update.0.child      : update.0                        : update.0.child.subscriber._cancel_monitor_cb: DEBUG   : ru_initialize_common (NOOP)
2019-04-03 18:41:37,460: update.0.child      : update.0                        : update.0.child.subscriber._cancel_monitor_cb: DEBUG   : ru_initialize_child (NOOP)
2019-04-03 18:41:37,460: update.0.child      : update.0                        : update.0.child.subscriber._cancel_monitor_cb: INFO    : send alive
2019-04-03 18:41:37,460: update.0.child      : update.0                        : update.0.child.subscriber._cancel_monitor_cb: INFO    : put message: [update.0.child.subscriber._cancel_monitor_cb.thread] alive
2019-04-03 18:41:37,460: update.0.child      : update.0                        : MainThread     : INFO    : get msg: alive
2019-04-03 18:41:37,461: update.0.child      : update.0                        : MainThread     : DEBUG   : ru_initialize_common (NOOP)
2019-04-03 18:41:37,461: update.0.child      : update.0                        : MainThread     : DEBUG   : ru_initialize_parent (NOOP)
2019-04-03 18:41:37,461: update.0.child      : update.0                        : MainThread     : DEBUG   : child thread update.0.child.subscriber._cancel_monitor_cb started
2019-04-03 18:41:37,461: update.0.child      : update.0                        : MainThread     : DEBUG   : update.0.child registered control_pubsub subscriber update.0.child.subscriber._cancel_monitor_cb
2019-04-03 18:41:37,637: update.0.child      : update.0                        : MainThread     : DEBUG   : alive check in term
2019-04-03 18:41:37,638: update.0.child      : update.0                        : MainThread     : DEBUG   : START: update.0.child register subscriber update.0.child.subscriber._state_cb
2019-04-03 18:41:37,638: update.0.child      : update.0                        : MainThread     : DEBUG   : using addr tcp://128.219.134.73:35123 for pubsub state_pubsub
2019-04-03 18:41:37,640: update.0.child      : update.0                        : MainThread     : DEBUG   : parent name: update.0.child.subscriber._state_cb
2019-04-03 18:41:37,640: update.0.child      : update.0                        : MainThread     : DEBUG   : start thread
2019-04-03 18:41:37,640: update.0.child      : update.0                        : update.0.child.subscriber._state_cb: DEBUG   : child name: update.0.child.subscriber._state_cb.thread
2019-04-03 18:41:37,641: update.0.child      : update.0                        : update.0.child.subscriber._state_cb: INFO    : child (me) initializing
2019-04-03 18:41:37,641: update.0.child      : update.0                        : update.0.child.subscriber._state_cb: DEBUG   : ru_initialize_common (NOOP)
2019-04-03 18:41:37,641: update.0.child      : update.0                        : update.0.child.subscriber._state_cb: DEBUG   : ru_initialize_child (NOOP)
2019-04-03 18:41:37,641: update.0.child      : update.0                        : update.0.child.subscriber._state_cb: INFO    : send alive
2019-04-03 18:41:37,641: update.0.child      : update.0                        : update.0.child.subscriber._state_cb: INFO    : put message: [update.0.child.subscriber._state_cb.thread] alive
2019-04-03 18:41:37,642: update.0.child      : update.0                        : MainThread     : INFO    : get msg: alive
2019-04-03 18:41:37,642: update.0.child      : update.0                        : MainThread     : DEBUG   : ru_initialize_common (NOOP)
2019-04-03 18:41:37,642: update.0.child      : update.0                        : MainThread     : DEBUG   : ru_initialize_parent (NOOP)
2019-04-03 18:41:37,642: update.0.child      : update.0                        : MainThread     : DEBUG   : child thread update.0.child.subscriber._state_cb started
2019-04-03 18:41:37,642: update.0.child      : update.0                        : MainThread     : DEBUG   : update.0.child registered state_pubsub subscriber update.0.child.subscriber._state_cb
2019-04-03 18:41:37,642: update.0.child      : update.0                        : MainThread     : DEBUG   : alive check in term
2019-04-03 18:41:37,642: update.0.child      : update.0                        : MainThread     : DEBUG   : START: update.0.child register idler update.0.child.idler._idle_cb
2019-04-03 18:41:37,642: update.0.child      : update.0                        : MainThread     : DEBUG   : parent name: update.0.child.idler._idle_cb
2019-04-03 18:41:37,642: update.0.child      : update.0                        : MainThread     : DEBUG   : start thread
2019-04-03 18:41:37,642: update.0.child      : update.0                        : update.0.child.idler._idle_cb: DEBUG   : child name: update.0.child.idler._idle_cb.thread
2019-04-03 18:41:37,643: update.0.child      : update.0                        : update.0.child.idler._idle_cb: INFO    : child (me) initializing
2019-04-03 18:41:37,643: update.0.child      : update.0                        : update.0.child.idler._idle_cb: DEBUG   : ru_initialize_common (NOOP)
2019-04-03 18:41:37,643: update.0.child      : update.0                        : update.0.child.idler._idle_cb: DEBUG   : ru_initialize_child (NOOP)
2019-04-03 18:41:37,643: update.0.child      : update.0                        : update.0.child.idler._idle_cb: INFO    : send alive
2019-04-03 18:41:37,643: update.0.child      : update.0                        : update.0.child.idler._idle_cb: INFO    : put message: [update.0.child.idler._idle_cb.thread] alive
2019-04-03 18:41:37,644: update.0.child      : update.0                        : MainThread     : INFO    : get msg: alive
2019-04-03 18:41:37,644: update.0.child      : update.0                        : MainThread     : DEBUG   : ru_initialize_common (NOOP)
2019-04-03 18:41:37,644: update.0.child      : update.0                        : MainThread     : DEBUG   : ru_initialize_parent (NOOP)
2019-04-03 18:41:37,644: update.0.child      : update.0                        : MainThread     : DEBUG   : child thread update.0.child.idler._idle_cb started
2019-04-03 18:41:37,644: update.0.child      : update.0                        : MainThread     : DEBUG   : update.0.child registered idler update.0.child.idler._idle_cb
2019-04-03 18:41:37,644: update.0.child      : update.0                        : MainThread     : INFO    : child (me) initializing
2019-04-03 18:41:37,644: update.0.child      : update.0                        : MainThread     : DEBUG   : parent name: update.0.child.watch
2019-04-03 18:41:37,644: update.0.child      : update.0                        : MainThread     : DEBUG   : start thread
2019-04-03 18:41:37,644: update.0.child      : update.0                        : update.0.child.watch: DEBUG   : child name: update.0.child.watch.thread
2019-04-03 18:41:37,645: update.0.child      : update.0                        : update.0.child.watch: INFO    : child (me) initializing
2019-04-03 18:41:37,645: update.0.child      : update.0                        : update.0.child.watch: DEBUG   : ru_initialize_common (NOOP)
2019-04-03 18:41:37,645: update.0.child      : update.0                        : update.0.child.watch: DEBUG   : ru_initialize_child (NOOP)
2019-04-03 18:41:37,645: update.0.child      : update.0                        : update.0.child.watch: INFO    : send alive
2019-04-03 18:41:37,645: update.0.child      : update.0                        : update.0.child.watch: INFO    : put message: [update.0.child.watch.thread] alive
2019-04-03 18:41:37,646: update.0.child      : update.0                        : MainThread     : INFO    : get msg: alive
2019-04-03 18:41:37,646: update.0.child      : update.0                        : MainThread     : DEBUG   : ru_initialize_common (NOOP)
2019-04-03 18:41:37,646: update.0.child      : update.0                        : MainThread     : DEBUG   : ru_initialize_parent (NOOP)
2019-04-03 18:41:37,646: update.0.child      : update.0                        : MainThread     : DEBUG   : child thread update.0.child.watch started
2019-04-03 18:41:37,646: update.0.child      : update.0                        : MainThread     : INFO    : child (me) is alive
2019-04-03 18:41:37,646: update.0.child      : update.0                        : MainThread     : INFO    : send alive
2019-04-03 18:41:37,646: update.0.child      : update.0                        : MainThread     : INFO    : send message: [update.0.child] alive
2019-04-03 18:41:45,862: update.0.child      : update.0                        : update.0.child.subscriber._state_cb: DEBUG   : bulk update result: {'nModified': 1, 'nUpserted': 0, 'nMatched': 1, 'writeErrors': [], 'upserted': [], 'writeConcernErrors': [], 'nRemoved': 0, 'nInserted': 0}
2019-04-03 18:41:45,863: update.0.child      : update.0                        : update.0.child.subscriber._cancel_monitor_cb: DEBUG   : command ignored: pilot_staging_input_request
2019-04-03 18:41:47,679: update.0.child      : update.0                        : update.0.child.idler._idle_cb: DEBUG   : bulk update result: {'nModified': 1, 'nUpserted': 0, 'nMatched': 1, 'writeErrors': [], 'upserted': [], 'writeConcernErrors': [], 'nRemoved': 0, 'nInserted': 0}
2019-04-03 18:42:02,448: update.0.child      : update.0                        : update.0.child.subscriber._state_cb: DEBUG   : bulk update result: {'nModified': 1, 'nUpserted': 0, 'nMatched': 1, 'writeErrors': [], 'upserted': [], 'writeConcernErrors': [], 'nRemoved': 0, 'nInserted': 0}
2019-04-03 18:42:02,449: update.0.child      : update.0                        : update.0.child.subscriber._cancel_monitor_cb: DEBUG   : command ignored: pilot_staging_input_result
2019-04-03 18:43:31,330: update.0.child      : update.0                        : update.0.child.subscriber._state_cb: DEBUG   : bulk update result: {'nModified': 1, 'nUpserted': 0, 'nMatched': 1, 'writeErrors': [], 'upserted': [], 'writeConcernErrors': [], 'nRemoved': 0, 'nInserted': 0}
2019-04-03 18:43:32,828: update.0.child      : update.0                        : update.0.child.subscriber._cancel_monitor_cb: DEBUG   : command ignored: add_pilots
2019-04-03 18:43:32,903: update.0.child      : update.0                        : update.0.child.subscriber._state_cb: DEBUG   : bulk update result: {'nModified': 1, 'nUpserted': 0, 'nMatched': 1, 'writeErrors': [], 'upserted': [], 'writeConcernErrors': [], 'nRemoved': 0, 'nInserted': 0}
2019-04-03 18:43:34,843: update.0.child      : update.0                        : update.0.child.idler._idle_cb: DEBUG   : bulk update result: {'nModified': 4, 'nUpserted': 0, 'nMatched': 4, 'writeErrors': [], 'upserted': [], 'writeConcernErrors': [], 'nRemoved': 0, 'nInserted': 0}
2019-04-03 18:43:44,164: update.0.child      : update.0                        : update.0.child.subscriber._state_cb: DEBUG   : bulk update result: {'nModified': 1, 'nUpserted': 0, 'nMatched': 1, 'writeErrors': [], 'upserted': [], 'writeConcernErrors': [], 'nRemoved': 0, 'nInserted': 0}
2019-04-03 18:44:31,573: update.0.child      : update.0                        : update.0.child.subscriber._cancel_monitor_cb: DEBUG   : command ignored: cancel_pilots
2019-04-03 18:44:41,595: update.0.child      : update.0                        : update.0.child.subscriber._state_cb: DEBUG   : bulk update result: {'nModified': 1, 'nUpserted': 0, 'nMatched': 1, 'writeErrors': [], 'upserted': [], 'writeConcernErrors': [], 'nRemoved': 0, 'nInserted': 0}
2019-04-03 18:44:41,596: update.0.child      : update.0                        : update.0.child.subscriber._cancel_monitor_cb: DEBUG   : command ignored: cancel_pilots
2019-04-03 18:44:44,118: update.0.child      : update.0                        : update.0.child.watch: INFO    : recv message: STOP
2019-04-03 18:44:44,118: update.0.child      : update.0                        : update.0.child.watch: INFO    : message received: STOP
2019-04-03 18:44:44,118: update.0.child      : update.0                        : update.0.child.watch: INFO    : STOP received: STOP
2019-04-03 18:44:44,118: update.0.child      : update.0                        : update.0.child.watch: INFO    : watcher closes
2019-04-03 18:44:44,118: update.0.child      : update.0                        : update.0.child.watch: INFO    : put message: [update.0.child.watch.thread] work finished
2019-04-03 18:44:44,118: update.0.child      : update.0                        : update.0.child.watch: DEBUG   : ru_finalize_child (NOOP)
2019-04-03 18:44:44,118: update.0.child      : update.0                        : update.0.child.watch: DEBUG   : ru_finalize_common (NOOP)
2019-04-03 18:44:44,119: update.0.child      : update.0                        : update.0.child.watch: INFO    : put message: [update.0.child.watch.thread] terminating
2019-04-03 18:44:44,214: update.0.child      : update.0                        : MainThread     : WARNING : alive check: proc invalid - stop [False - True]
2019-04-03 18:44:44,319: update.0.child      : update.0                        : MainThread     : INFO    : stop update.0.child (2768 : 2768 : MainThread) [radical.pilot.worker.update.Update.stop]
2019-04-03 18:44:44,321: update.0.child      : update.0                        : MainThread     : INFO    : parent stops child  2768 -> 2768 [update.0.child]
2019-04-03 18:44:44,321: update.0.child      : update.0                        : MainThread     : INFO    : send message: [update.0.child] STOP
2019-04-03 18:44:44,321: update.0.child      : update.0                        : MainThread     : WARNING : send failed ([Errno 9] Bad file descriptor) - terminate
2019-04-03 18:44:44,321: update.0.child      : update.0                        : MainThread     : DEBUG   : TERM : update.0.child unregister idler update.0.child.idler._idle_cb
2019-04-03 18:44:44,321: update.0.child      : update.0                        : MainThread     : INFO    : parent stops child
2019-04-03 18:44:44,321: update.0.child      : update.0                        : MainThread     : DEBUG   : ru_finalize_parent (NOOP)
2019-04-03 18:44:44,321: update.0.child      : update.0                        : MainThread     : DEBUG   : ru_finalize_common (NOOP)
2019-04-03 18:44:44,330: update.0.child      : update.0                        : update.0.child.idler._idle_cb: DEBUG   : ru_finalize_child (NOOP)
2019-04-03 18:44:44,330: update.0.child      : update.0                        : update.0.child.idler._idle_cb: DEBUG   : ru_finalize_common (NOOP)
2019-04-03 18:44:44,331: update.0.child      : update.0                        : update.0.child.idler._idle_cb: INFO    : put message: [update.0.child.idler._idle_cb.thread] terminating
2019-04-03 18:44:44,337: update.0.child      : update.0                        : MainThread     : DEBUG   : TERM : update.0.child unregistered idler update.0.child.idler._idle_cb
2019-04-03 18:44:44,337: update.0.child      : update.0                        : MainThread     : DEBUG   : TERM : update.0.child unregister subscriber update.0.child.subscriber._state_cb
2019-04-03 18:44:44,337: update.0.child      : update.0                        : MainThread     : DEBUG   : unregistered subscriber update.0.child.subscriber._state_cb
2019-04-03 18:44:44,337: update.0.child      : update.0                        : MainThread     : DEBUG   : ru_finalize_common()
2019-04-03 18:44:44,337: update.0.child      : update.0                        : MainThread     : DEBUG   : TERM : update.0.child unregister publisher log_pubsub
2019-04-03 18:44:44,338: update.0.child      : update.0                        : MainThread     : DEBUG   : unregistered publisher log_pubsub
2019-04-03 18:44:44,338: update.0.child      : update.0                        : MainThread     : DEBUG   : TERM : update.0.child unregister publisher state_pubsub
2019-04-03 18:44:44,338: update.0.child      : update.0                        : MainThread     : DEBUG   : unregistered publisher state_pubsub
2019-04-03 18:44:44,339: update.0.child      : update.0                        : MainThread     : DEBUG   : TERM : update.0.child unregister publisher control_pubsub
2019-04-03 18:44:44,339: update.0.child      : update.0                        : MainThread     : DEBUG   : unregistered publisher control_pubsub
2019-04-03 18:44:44,339: update.0.child      : update.0                        : MainThread     : DEBUG   : update.0.child close prof
2019-04-03 18:44:44,341: update.0.child      : update.0                        : MainThread     : INFO    : parent stops child
2019-04-03 18:44:44,341: update.0.child      : update.0                        : MainThread     : DEBUG   : ru_finalize_parent (NOOP)
2019-04-03 18:44:44,341: update.0.child      : update.0                        : MainThread     : DEBUG   : ru_finalize_common (NOOP)
2019-04-03 18:44:44,341: update.0.child      : update.0                        : MainThread     : INFO    : parent stops child
2019-04-03 18:44:44,341: update.0.child      : update.0                        : MainThread     : DEBUG   : ru_finalize_parent (NOOP)
2019-04-03 18:44:44,341: update.0.child      : update.0                        : update.0.child.subscriber._cancel_monitor_cb: DEBUG   : ru_finalize_child (NOOP)
2019-04-03 18:44:44,341: update.0.child      : update.0                        : update.0.child.subscriber._cancel_monitor_cb: INFO    : put message: [update.0.child.subscriber._cancel_monitor_cb.thread] terminating
2019-04-03 18:44:44,343: update.0.child      : update.0                        : MainThread     : INFO    : parent stops child
2019-04-03 18:44:44,343: update.0.child      : update.0                        : MainThread     : DEBUG   : ru_finalize_parent (NOOP)
2019-04-03 18:44:44,343: update.0.child      : update.0                        : update.0.child.subscriber._state_cb: DEBUG   : ru_finalize_child (NOOP)
2019-04-03 18:44:44,343: update.0.child      : update.0                        : update.0.child.subscriber._state_cb: INFO    : put message: [update.0.child.subscriber._state_cb.thread] terminating
2019-04-03 18:44:44,343: update.0.child      : update.0                        : MainThread     : INFO    : parent stops child
2019-04-03 18:44:44,343: update.0.child      : update.0                        : MainThread     : WARNING : super update.0.child is invalid
2019-04-03 18:44:44,343: update.0.child      : update.0                        : MainThread     : WARNING : component update.0.child is invalid
2019-04-03 18:44:44,345: update.0.child      : update.0                        : MainThread     : INFO    : stop update.0.child (2768 : 2768 : MainThread) [radical.pilot.worker.update.Update.stop]
2019-04-03 18:44:44,345: update.0.child      : update.0                        : MainThread     : DEBUG   : TERM : update.0.child unregister idler update.0.child.idler._idle_cb
2019-04-03 18:44:44,345: update.0.child      : update.0                        : MainThread     : WARNING : timed cb update.0.child.idler._idle_cb is not registered
2019-04-03 18:44:44,345: update.0.child      : update.0                        : MainThread     : DEBUG   : TERM : update.0.child unregister subscriber update.0.child.subscriber._state_cb
2019-04-03 18:44:44,345: update.0.child      : update.0                        : MainThread     : WARNING : subscriber _state_cb is not registered
2019-04-03 18:44:44,345: update.0.child      : update.0                        : MainThread     : DEBUG   : ru_finalize_common()
2019-04-03 18:44:44,345: update.0.child      : update.0                        : MainThread     : WARNING : publisher log_pubsub is not registered
2019-04-03 18:44:44,345: update.0.child      : update.0                        : MainThread     : WARNING : publisher state_pubsub is not registered
2019-04-03 18:44:44,346: update.0.child      : update.0                        : MainThread     : WARNING : publisher control_pubsub is not registered
2019-04-03 18:44:44,346: update.0.child      : update.0                        : MainThread     : DEBUG   : update.0.child close prof
2019-04-03 18:44:44,346: update.0.child      : update.0                        : MainThread     : INFO    : send message: [update.0.child] terminating
2019-04-03 18:44:44,346: update.0.child      : update.0                        : MainThread     : WARNING : send failed ([Errno 9] Bad file descriptor) - terminate
2019-04-03 18:44:44,346: update.0.child      : update.0                        : MainThread     : INFO    : parent stops child
2019-04-03 18:44:44,346: update.0.child      : update.0                        : MainThread     : INFO    : parent stops child
2019-04-03 18:44:44,346: update.0.child      : update.0                        : MainThread     : INFO    : parent stops child
