2019-04-04 23:26:46,990: control.pubsub.sub.0000: update.0                        : MainThread     : INFO    : python.interpreter   version: 2.7.15 | packaged by conda-forge | (default, Feb 28 2019, 04:20:34) [GCC 8.2.0]
2019-04-04 23:26:46,991: control.pubsub.sub.0000: update.0                        : MainThread     : INFO    :                      pid/tid: 1138/MainThread
2019-04-04 23:26:46,991: control.pubsub.sub.0000: update.0                        : MainThread     : INFO    : create control_pubsub - sub - tcp://128.219.134.75:40859
2019-04-04 23:26:46,991: control.pubsub.sub.0000: update.0                        : MainThread     : DEBUG   : start process
2019-04-04 23:26:46,991: control.pubsub.sub.0000: update.0                        : MainThread     : DEBUG   : ru_initialize_common (NOOP)
2019-04-04 23:26:46,991: control.pubsub.sub.0000: update.0                        : MainThread     : DEBUG   : ru_initialize_parent (NOOP)
2019-04-04 23:26:46,991: control.pubsub.sub.0000: update.0                        : MainThread     : DEBUG   : process class started (no child)
2019-04-04 23:26:49,324: control.pubsub.sub.0000: pmgr.0000.launching.0           : MainThread     : INFO    : python.interpreter   version: 2.7.15 | packaged by conda-forge | (default, Feb 28 2019, 04:20:34) [GCC 8.2.0]
2019-04-04 23:26:49,325: control.pubsub.sub.0000: pmgr.0000.launching.0           : MainThread     : INFO    :                      pid/tid: 1215/MainThread
2019-04-04 23:26:49,325: control.pubsub.sub.0000: pmgr.0000.launching.0           : MainThread     : INFO    : create control_pubsub - sub - tcp://128.219.134.75:40859
2019-04-04 23:26:49,387: control.pubsub.sub.0000: pmgr.0000.launching.0           : MainThread     : DEBUG   : start process
2019-04-04 23:26:49,387: control.pubsub.sub.0000: pmgr.0000.launching.0           : MainThread     : DEBUG   : ru_initialize_common (NOOP)
2019-04-04 23:26:49,387: control.pubsub.sub.0000: pmgr.0000.launching.0           : MainThread     : DEBUG   : ru_initialize_parent (NOOP)
2019-04-04 23:26:49,387: control.pubsub.sub.0000: pmgr.0000.launching.0           : MainThread     : DEBUG   : process class started (no child)
2019-04-04 23:26:49,428: control.pubsub.sub.0000: MainProcess                     : MainThread     : INFO    : python.interpreter   version: 2.7.15 | packaged by conda-forge | (default, Feb 28 2019, 04:20:34) [GCC 8.2.0]
2019-04-04 23:26:49,428: control.pubsub.sub.0000: MainProcess                     : MainThread     : INFO    :                      pid/tid: 917/MainThread
2019-04-04 23:26:49,428: control.pubsub.sub.0000: MainProcess                     : MainThread     : INFO    : create control_pubsub - sub - tcp://128.219.134.75:40859
2019-04-04 23:26:49,428: control.pubsub.sub.0000: MainProcess                     : MainThread     : DEBUG   : start process
2019-04-04 23:26:49,428: control.pubsub.sub.0000: MainProcess                     : MainThread     : DEBUG   : ru_initialize_common (NOOP)
2019-04-04 23:26:49,429: control.pubsub.sub.0000: MainProcess                     : MainThread     : DEBUG   : ru_initialize_parent (NOOP)
2019-04-04 23:26:49,429: control.pubsub.sub.0000: MainProcess                     : MainThread     : DEBUG   : process class started (no child)
2019-04-05 01:05:55,236: control.pubsub.sub.0000: MainProcess                     : MainThread     : INFO    : parent stops child  917 -> None [control.pubsub.sub.0000]
2019-04-05 01:05:55,237: control.pubsub.sub.0000: MainProcess                     : MainThread     : DEBUG   : ru_finalize_parent (NOOP)
2019-04-05 01:05:55,646: control.pubsub.sub.0000: update.0                        : MainThread     : INFO    : parent stops child  1138 -> None [control.pubsub.sub.0000]
2019-04-05 01:05:55,646: control.pubsub.sub.0000: update.0                        : MainThread     : DEBUG   : ru_finalize_parent (NOOP)
