2019-04-04 23:26:49,250: pmgr.0000.launching.0: MainProcess                     : MainThread     : INFO    : python.interpreter   version: 2.7.15 | packaged by conda-forge | (default, Feb 28 2019, 04:20:34) [GCC 8.2.0]
2019-04-04 23:26:49,251: pmgr.0000.launching.0: MainProcess                     : MainThread     : INFO    :                      pid/tid: 917/MainThread
2019-04-04 23:26:49,251: pmgr.0000.launching.0: MainProcess                     : MainThread     : DEBUG   : alive check in term
2019-04-04 23:26:49,251: pmgr.0000.launching.0: MainProcess                     : MainThread     : DEBUG   : start process
2019-04-04 23:26:49,404: pmgr.0000.launching.0: MainProcess                     : MainThread     : INFO    : recv message: alive
2019-04-04 23:26:49,405: pmgr.0000.launching.0: MainProcess                     : MainThread     : INFO    : initialize pmgr.0000.launching.0
2019-04-04 23:26:49,407: pmgr.0000.launching.0: MainProcess                     : MainThread     : INFO    : cfg: {'agents': {},
 u'bridges': {u'control_pubsub': {'addr_in': 'tcp://128.219.134.75:42817',
                                  'addr_out': 'tcp://128.219.134.75:40859',
                                  u'bulk_size': 0,
                                  u'log_level': u'error',
                                  u'stall_hwm': 1},
              u'log_pubsub': {'addr_in': 'tcp://128.219.134.75:37143',
                              'addr_out': 'tcp://128.219.134.75:44789',
                              u'bulk_size': 0,
                              u'log_level': u'error',
                              u'stall_hwm': 1},
              u'pmgr_launching_queue': {'addr_in': 'tcp://128.219.134.75:36937',
                                        'addr_out': 'tcp://128.219.134.75:44723',
                                        u'bulk_size': 0,
                                        u'log_level': u'error',
                                        u'stall_hwm': 1},
              u'state_pubsub': {'addr_in': 'tcp://128.219.134.75:35793',
                                'addr_out': 'tcp://128.219.134.75:43291',
                                u'bulk_size': 0,
                                u'log_level': u'error',
                                u'stall_hwm': 1}},
 'cname': u'PMGRLaunchingComponent',
 u'components': {},
 u'count': 1,
 u'db_poll_sleeptime': 10.0,
 'number': 0,
 'owner': 'pmgr.0000',
 'uid': 'pmgr.0000'}
2019-04-04 23:26:49,407: pmgr.0000.launching.0: MainProcess                     : MainThread     : DEBUG   : alive check in term
2019-04-04 23:26:49,407: pmgr.0000.launching.0: MainProcess                     : MainThread     : DEBUG   : START: pmgr.0000.launching.0 register publisher log_pubsub
2019-04-04 23:26:49,407: pmgr.0000.launching.0: MainProcess                     : MainThread     : DEBUG   : using addr tcp://128.219.134.75:37143 for pubsub log_pubsub
2019-04-04 23:26:49,409: pmgr.0000.launching.0: MainProcess                     : MainThread     : DEBUG   : registered publisher : log_pubsub : log.pubsub.pub.0001
2019-04-04 23:26:49,409: pmgr.0000.launching.0: MainProcess                     : MainThread     : DEBUG   : alive check in term
2019-04-04 23:26:49,409: pmgr.0000.launching.0: MainProcess                     : MainThread     : DEBUG   : START: pmgr.0000.launching.0 register publisher state_pubsub
2019-04-04 23:26:49,409: pmgr.0000.launching.0: MainProcess                     : MainThread     : DEBUG   : using addr tcp://128.219.134.75:35793 for pubsub state_pubsub
2019-04-04 23:26:49,411: pmgr.0000.launching.0: MainProcess                     : MainThread     : DEBUG   : registered publisher : state_pubsub : state.pubsub.pub.0001
2019-04-04 23:26:49,411: pmgr.0000.launching.0: MainProcess                     : MainThread     : DEBUG   : alive check in term
2019-04-04 23:26:49,411: pmgr.0000.launching.0: MainProcess                     : MainThread     : DEBUG   : START: pmgr.0000.launching.0 register publisher control_pubsub
2019-04-04 23:26:49,413: pmgr.0000.launching.0: MainProcess                     : MainThread     : DEBUG   : using addr tcp://128.219.134.75:42817 for pubsub control_pubsub
2019-04-04 23:26:49,415: pmgr.0000.launching.0: MainProcess                     : MainThread     : DEBUG   : registered publisher : control_pubsub : control.pubsub.pub.0001
2019-04-04 23:26:49,415: pmgr.0000.launching.0: MainProcess                     : MainThread     : DEBUG   : parent name: pmgr.0000.launching.0.watch
2019-04-04 23:26:49,415: pmgr.0000.launching.0: MainProcess                     : MainThread     : DEBUG   : start thread
2019-04-04 23:26:49,415: pmgr.0000.launching.0: MainProcess                     : pmgr.0000.launching.0.watch: DEBUG   : child name: pmgr.0000.launching.0.watch.thread
2019-04-04 23:26:49,415: pmgr.0000.launching.0: MainProcess                     : pmgr.0000.launching.0.watch: INFO    : child (me) initializing
2019-04-04 23:26:49,415: pmgr.0000.launching.0: MainProcess                     : pmgr.0000.launching.0.watch: DEBUG   : ru_initialize_common (NOOP)
2019-04-04 23:26:49,415: pmgr.0000.launching.0: MainProcess                     : pmgr.0000.launching.0.watch: DEBUG   : ru_initialize_child (NOOP)
2019-04-04 23:26:49,415: pmgr.0000.launching.0: MainProcess                     : pmgr.0000.launching.0.watch: INFO    : send alive
2019-04-04 23:26:49,415: pmgr.0000.launching.0: MainProcess                     : pmgr.0000.launching.0.watch: INFO    : put message: [pmgr.0000.launching.0.watch.thread] alive
2019-04-04 23:26:49,416: pmgr.0000.launching.0: MainProcess                     : MainThread     : INFO    : get msg: alive
2019-04-04 23:26:49,416: pmgr.0000.launching.0: MainProcess                     : MainThread     : DEBUG   : ru_initialize_common (NOOP)
2019-04-04 23:26:49,416: pmgr.0000.launching.0: MainProcess                     : MainThread     : DEBUG   : ru_initialize_parent (NOOP)
2019-04-04 23:26:49,416: pmgr.0000.launching.0: MainProcess                     : MainThread     : DEBUG   : child thread pmgr.0000.launching.0.watch started
2019-04-04 23:26:49,417: pmgr.0000.launching.0: MainProcess                     : MainThread     : INFO    : child is alive
2019-04-04 23:26:49,417: pmgr.0000.launching.0: MainProcess                     : MainThread     : DEBUG   : process class started child
2019-04-05 01:05:52,455: pmgr.0000.launching.0: MainProcess                     : MainThread     : INFO    : stop pmgr.0000.launching.0 (917 : 1215 : MainThread) [radical.pilot.pilot_manager.PilotManager.finalize_parent]
2019-04-05 01:05:52,457: pmgr.0000.launching.0: MainProcess                     : MainThread     : INFO    : parent stops child  917 -> 1215 [pmgr.0000.launching.0]
2019-04-05 01:05:52,457: pmgr.0000.launching.0: MainProcess                     : MainThread     : INFO    : send message: [pmgr.0000.launching.0] STOP
2019-04-05 01:05:52,457: pmgr.0000.launching.0: MainProcess                     : MainThread     : DEBUG   : ru_finalize_common()
2019-04-05 01:05:52,457: pmgr.0000.launching.0: MainProcess                     : MainThread     : DEBUG   : TERM : pmgr.0000.launching.0 unregister publisher log_pubsub
2019-04-05 01:05:52,458: pmgr.0000.launching.0: MainProcess                     : MainThread     : DEBUG   : unregistered publisher log_pubsub
2019-04-05 01:05:52,458: pmgr.0000.launching.0: MainProcess                     : pmgr.0000.launching.0.watch: INFO    : recv message: 
2019-04-05 01:05:52,458: pmgr.0000.launching.0: MainProcess                     : MainThread     : DEBUG   : TERM : pmgr.0000.launching.0 unregister publisher state_pubsub
2019-04-05 01:05:52,458: pmgr.0000.launching.0: MainProcess                     : pmgr.0000.launching.0.watch: INFO    : message received: 
2019-04-05 01:05:52,458: pmgr.0000.launching.0: MainProcess                     : pmgr.0000.launching.0.watch: WARNING : no message, parent closed ep!
2019-04-05 01:05:52,459: pmgr.0000.launching.0: MainProcess                     : pmgr.0000.launching.0.watch: INFO    : watcher closes
2019-04-05 01:05:52,459: pmgr.0000.launching.0: MainProcess                     : pmgr.0000.launching.0.watch: INFO    : put message: [pmgr.0000.launching.0.watch.thread] work finished
2019-04-05 01:05:52,459: pmgr.0000.launching.0: MainProcess                     : pmgr.0000.launching.0.watch: DEBUG   : ru_finalize_child (NOOP)
2019-04-05 01:05:52,459: pmgr.0000.launching.0: MainProcess                     : pmgr.0000.launching.0.watch: DEBUG   : ru_finalize_common (NOOP)
2019-04-05 01:05:52,459: pmgr.0000.launching.0: MainProcess                     : MainThread     : DEBUG   : unregistered publisher state_pubsub
2019-04-05 01:05:52,459: pmgr.0000.launching.0: MainProcess                     : pmgr.0000.launching.0.watch: INFO    : put message: [pmgr.0000.launching.0.watch.thread] terminating
2019-04-05 01:05:52,459: pmgr.0000.launching.0: MainProcess                     : MainThread     : DEBUG   : TERM : pmgr.0000.launching.0 unregister publisher control_pubsub
2019-04-05 01:05:52,460: pmgr.0000.launching.0: MainProcess                     : MainThread     : DEBUG   : unregistered publisher control_pubsub
2019-04-05 01:05:52,460: pmgr.0000.launching.0: MainProcess                     : MainThread     : DEBUG   : pmgr.0000.launching.0 close prof
2019-04-05 01:05:52,462: pmgr.0000.launching.0: MainProcess                     : MainThread     : INFO    : parent stops child
2019-04-05 01:05:52,462: pmgr.0000.launching.0: MainProcess                     : MainThread     : DEBUG   : ru_finalize_parent (NOOP)
2019-04-05 01:05:52,462: pmgr.0000.launching.0: MainProcess                     : MainThread     : DEBUG   : ru_finalize_common (NOOP)
2019-04-05 01:05:54,462: pmgr.0000.launching.0: MainProcess                     : MainThread     : WARNING : failed to stop child - terminate: 917 -> 1215 [pmgr.0000.launching.0]
2019-04-05 01:05:55,236: pmgr.0000.launching.0: MainProcess                     : MainThread     : INFO    : stop pmgr.0000.launching.0 (917 : 1215 : MainThread) [radical.pilot.utils.component.PilotManager.ru_finalize_common]
2019-04-05 01:05:57,901: pmgr.0000.launching.0: MainProcess                     : MainThread     : INFO    : stop pmgr.0000.launching.0 (917 : 1215 : MainThread) [radical.pilot.session.Session.close]
