2019-04-04 23:26:44,793: radical.entk.appmanager.0000: MainProcess                     : MainThread     : INFO    : python.interpreter   version: 2.7.15 | packaged by conda-forge | (default, Feb 28 2019, 04:20:34) [GCC 8.2.0]
2019-04-04 23:26:44,793: radical.entk.appmanager.0000: MainProcess                     : MainThread     : INFO    :                      pid/tid: 917/MainThread
2019-04-04 23:26:44,933: radical.entk.appmanager.0000: MainProcess                     : MainThread     : INFO    : Application Manager initialized
2019-04-04 23:26:45,521: radical.entk.appmanager.0000: MainProcess                     : MainThread     : INFO    : Workflow assigned to Application Manager
2019-04-04 23:26:45,522: radical.entk.appmanager.0000: MainProcess                     : MainThread     : DEBUG   : Setting up mq connection and channel
2019-04-04 23:26:45,533: radical.entk.appmanager.0000: MainProcess                     : MainThread     : DEBUG   : Connection and channel setup successful
2019-04-04 23:26:45,533: radical.entk.appmanager.0000: MainProcess                     : MainThread     : DEBUG   : Setting up all exchanges and queues
2019-04-04 23:26:45,553: radical.entk.appmanager.0000: MainProcess                     : MainThread     : DEBUG   : All exchanges and queues are setup
2019-04-04 23:26:45,623: radical.entk.appmanager.0000: MainProcess                     : MainThread     : INFO    : Starting resource request submission
2019-04-04 23:28:09,747: radical.entk.appmanager.0000: MainProcess                     : MainThread     : INFO    : Starting synchronizer thread
2019-04-04 23:28:09,748: radical.entk.appmanager.0000: MainProcess                     : MainThread     : INFO    : Starting WFProcessor process from AppManager
2019-04-04 23:28:09,748: radical.entk.appmanager.0000: MainProcess                     : synchronizer-thread: INFO    : synchronizer thread started
2019-04-04 23:28:09,822: radical.entk.appmanager.0000: MainProcess                     : synchronizer-thread: DEBUG   : received pipeline.0000 with state SCHEDULING for sync
2019-04-04 23:28:09,823: radical.entk.appmanager.0000: MainProcess                     : synchronizer-thread: INFO    : Received pipeline.0000 with state SCHEDULING
2019-04-04 23:28:09,823: radical.entk.appmanager.0000: MainProcess                     : synchronizer-thread: INFO    : Found pipeline pipeline.0000, state SCHEDULING, completed False
2019-04-04 23:28:09,842: radical.entk.appmanager.0000: MainProcess                     : synchronizer-thread: DEBUG   : received stage.0000 with state SCHEDULING for sync
2019-04-04 23:28:09,842: radical.entk.appmanager.0000: MainProcess                     : synchronizer-thread: INFO    : Received stage.0000 with state SCHEDULING
2019-04-04 23:28:09,842: radical.entk.appmanager.0000: MainProcess                     : synchronizer-thread: INFO    : Found parent pipeline: pipeline.0000
2019-04-04 23:28:09,842: radical.entk.appmanager.0000: MainProcess                     : synchronizer-thread: DEBUG   : Found stage stage.0000
2019-04-04 23:28:09,848: radical.entk.appmanager.0000: MainProcess                     : synchronizer-thread: DEBUG   : received task.0000 with state SCHEDULING for sync
2019-04-04 23:28:09,848: radical.entk.appmanager.0000: MainProcess                     : MainThread     : INFO    : Starting task manager process from AppManager
2019-04-04 23:28:09,848: radical.entk.appmanager.0000: MainProcess                     : synchronizer-thread: INFO    : Received task.0000 with state SCHEDULING
2019-04-04 23:28:09,849: radical.entk.appmanager.0000: MainProcess                     : synchronizer-thread: DEBUG   : Found task task.0000 with state SCHEDULING
2019-04-04 23:28:09,855: radical.entk.appmanager.0000: MainProcess                     : synchronizer-thread: DEBUG   : received task.0000 with state SCHEDULED for sync
2019-04-04 23:28:09,855: radical.entk.appmanager.0000: MainProcess                     : synchronizer-thread: INFO    : Received task.0000 with state SCHEDULED
2019-04-04 23:28:09,857: radical.entk.appmanager.0000: MainProcess                     : synchronizer-thread: DEBUG   : Found task task.0000 with state SCHEDULED
2019-04-04 23:28:09,861: radical.entk.appmanager.0000: MainProcess                     : synchronizer-thread: DEBUG   : received stage.0000 with state SCHEDULED for sync
2019-04-04 23:28:09,861: radical.entk.appmanager.0000: MainProcess                     : synchronizer-thread: INFO    : Received stage.0000 with state SCHEDULED
2019-04-04 23:28:09,861: radical.entk.appmanager.0000: MainProcess                     : synchronizer-thread: INFO    : Found parent pipeline: pipeline.0000
2019-04-04 23:28:09,862: radical.entk.appmanager.0000: MainProcess                     : synchronizer-thread: DEBUG   : Found stage stage.0000
2019-04-04 23:28:14,787: radical.entk.appmanager.0000: MainProcess                     : synchronizer-thread: DEBUG   : received task.0000 with state SUBMITTING for sync
2019-04-04 23:28:14,787: radical.entk.appmanager.0000: MainProcess                     : synchronizer-thread: INFO    : Received task.0000 with state SUBMITTING
2019-04-04 23:28:14,787: radical.entk.appmanager.0000: MainProcess                     : synchronizer-thread: DEBUG   : Found task task.0000 with state SUBMITTING
2019-04-04 23:28:14,849: radical.entk.appmanager.0000: MainProcess                     : synchronizer-thread: DEBUG   : received task.0000 with state SUBMITTED for sync
2019-04-04 23:28:14,849: radical.entk.appmanager.0000: MainProcess                     : synchronizer-thread: INFO    : Received task.0000 with state SUBMITTED
2019-04-04 23:28:14,849: radical.entk.appmanager.0000: MainProcess                     : synchronizer-thread: DEBUG   : Found task task.0000 with state SUBMITTED
2019-04-05 01:05:14,052: radical.entk.appmanager.0000: MainProcess                     : synchronizer-thread: DEBUG   : received task.0000 with state EXECUTED for sync
2019-04-05 01:05:14,052: radical.entk.appmanager.0000: MainProcess                     : synchronizer-thread: INFO    : Received task.0000 with state EXECUTED
2019-04-05 01:05:14,053: radical.entk.appmanager.0000: MainProcess                     : synchronizer-thread: DEBUG   : Found task task.0000 with state EXECUTED
2019-04-05 01:05:14,061: radical.entk.appmanager.0000: MainProcess                     : synchronizer-thread: DEBUG   : received task.0000 with state DEQUEUEING for sync
2019-04-05 01:05:14,061: radical.entk.appmanager.0000: MainProcess                     : synchronizer-thread: INFO    : Received task.0000 with state DEQUEUEING
2019-04-05 01:05:14,061: radical.entk.appmanager.0000: MainProcess                     : synchronizer-thread: DEBUG   : Found task task.0000 with state DEQUEUEING
2019-04-05 01:05:14,067: radical.entk.appmanager.0000: MainProcess                     : synchronizer-thread: DEBUG   : received task.0000 with state DEQUEUED for sync
2019-04-05 01:05:14,068: radical.entk.appmanager.0000: MainProcess                     : synchronizer-thread: INFO    : Received task.0000 with state DEQUEUED
2019-04-05 01:05:14,068: radical.entk.appmanager.0000: MainProcess                     : synchronizer-thread: DEBUG   : Found task task.0000 with state DEQUEUED
2019-04-05 01:05:14,074: radical.entk.appmanager.0000: MainProcess                     : synchronizer-thread: DEBUG   : received task.0000 with state DONE for sync
2019-04-05 01:05:14,074: radical.entk.appmanager.0000: MainProcess                     : synchronizer-thread: INFO    : Received task.0000 with state DONE
2019-04-05 01:05:14,074: radical.entk.appmanager.0000: MainProcess                     : synchronizer-thread: DEBUG   : Found task task.0000 with state DONE
2019-04-05 01:05:14,081: radical.entk.appmanager.0000: MainProcess                     : synchronizer-thread: DEBUG   : received stage.0000 with state DONE for sync
2019-04-05 01:05:14,081: radical.entk.appmanager.0000: MainProcess                     : synchronizer-thread: INFO    : Received stage.0000 with state DONE
2019-04-05 01:05:14,082: radical.entk.appmanager.0000: MainProcess                     : synchronizer-thread: INFO    : Found parent pipeline: pipeline.0000
2019-04-05 01:05:14,082: radical.entk.appmanager.0000: MainProcess                     : synchronizer-thread: DEBUG   : Found stage stage.0000
2019-04-05 01:05:14,088: radical.entk.appmanager.0000: MainProcess                     : synchronizer-thread: DEBUG   : received pipeline.0000 with state DONE for sync
2019-04-05 01:05:14,088: radical.entk.appmanager.0000: MainProcess                     : synchronizer-thread: INFO    : Received pipeline.0000 with state DONE
2019-04-05 01:05:14,089: radical.entk.appmanager.0000: MainProcess                     : synchronizer-thread: INFO    : Found pipeline pipeline.0000, state DONE, completed False
2019-04-05 01:05:14,089: radical.entk.appmanager.0000: MainProcess                     : MainThread     : INFO    : Terminating WFprocessor
2019-04-05 01:05:14,103: radical.entk.appmanager.0000: MainProcess                     : MainThread     : INFO    : Terminating synchronizer thread
2019-04-05 01:05:14,108: radical.entk.appmanager.0000: MainProcess                     : MainThread     : INFO    : Synchronizer thread terminated
2019-04-05 01:05:14,108: radical.entk.appmanager.0000: MainProcess                     : MainThread     : INFO    : Terminating task manager process
