2018-10-02 15:00:15,419: control.pubsub.sub.0001: pmgr.0000.launching.0           : MainThread     : INFO    : python.interpreter   version: 2.7.12 (default, Dec 4 2017, 14:50:18) [GCC 5.4.0 20160609]
2018-10-02 15:00:15,419: control.pubsub.sub.0001: pmgr.0000.launching.0           : MainThread     : INFO    :                      pid/tid: 22967/MainThread
2018-10-02 15:00:15,419: control.pubsub.sub.0001: pmgr.0000.launching.0           : MainThread     : INFO    : create control_pubsub - sub - tcp://138.201.86.166:35498
2018-10-02 15:00:15,419: control.pubsub.sub.0001: pmgr.0000.launching.0           : MainThread     : DEBUG   : start process
2018-10-02 15:00:15,419: control.pubsub.sub.0001: pmgr.0000.launching.0           : MainThread     : DEBUG   : ru_initialize_common (NOOP)
2018-10-02 15:00:15,419: control.pubsub.sub.0001: pmgr.0000.launching.0           : MainThread     : DEBUG   : ru_initialize_parent (NOOP)
2018-10-02 15:00:15,419: control.pubsub.sub.0001: pmgr.0000.launching.0           : MainThread     : DEBUG   : process class started (no child)
2018-10-02 15:02:38,152: control.pubsub.sub.0001: umgr.0000.staging.input.0       : MainThread     : INFO    : python.interpreter   version: 2.7.12 (default, Dec 4 2017, 14:50:18) [GCC 5.4.0 20160609]
2018-10-02 15:02:38,153: control.pubsub.sub.0001: umgr.0000.staging.input.0       : MainThread     : INFO    :                      pid/tid: 29769/MainThread
2018-10-02 15:02:38,153: control.pubsub.sub.0001: umgr.0000.staging.input.0       : MainThread     : INFO    : create control_pubsub - sub - tcp://138.201.86.166:35498
2018-10-02 15:02:38,153: control.pubsub.sub.0001: umgr.0000.staging.input.0       : MainThread     : DEBUG   : start process
2018-10-02 15:02:38,153: control.pubsub.sub.0001: umgr.0000.staging.input.0       : MainThread     : DEBUG   : ru_initialize_common (NOOP)
2018-10-02 15:02:38,153: control.pubsub.sub.0001: umgr.0000.staging.input.0       : MainThread     : DEBUG   : ru_initialize_parent (NOOP)
2018-10-02 15:02:38,153: control.pubsub.sub.0001: umgr.0000.staging.input.0       : MainThread     : DEBUG   : process class started (no child)
2018-10-02 15:02:39,307: control.pubsub.sub.0001: umgr.0000.staging.output.0      : MainThread     : INFO    : python.interpreter   version: 2.7.12 (default, Dec 4 2017, 14:50:18) [GCC 5.4.0 20160609]
2018-10-02 15:02:39,307: control.pubsub.sub.0001: umgr.0000.staging.output.0      : MainThread     : INFO    :                      pid/tid: 29800/MainThread
2018-10-02 15:02:39,307: control.pubsub.sub.0001: umgr.0000.staging.output.0      : MainThread     : INFO    : create control_pubsub - sub - tcp://138.201.86.166:35498
2018-10-02 15:02:39,307: control.pubsub.sub.0001: umgr.0000.staging.output.0      : MainThread     : DEBUG   : start process
2018-10-02 15:02:39,308: control.pubsub.sub.0001: umgr.0000.staging.output.0      : MainThread     : DEBUG   : ru_initialize_common (NOOP)
2018-10-02 15:02:39,308: control.pubsub.sub.0001: umgr.0000.staging.output.0      : MainThread     : DEBUG   : ru_initialize_parent (NOOP)
2018-10-02 15:02:39,308: control.pubsub.sub.0001: umgr.0000.staging.output.0      : MainThread     : DEBUG   : process class started (no child)
2018-10-02 15:02:39,483: control.pubsub.sub.0001: umgr.0000.scheduling.0          : MainThread     : INFO    : python.interpreter   version: 2.7.12 (default, Dec 4 2017, 14:50:18) [GCC 5.4.0 20160609]
2018-10-02 15:02:39,483: control.pubsub.sub.0001: umgr.0000.scheduling.0          : MainThread     : INFO    :                      pid/tid: 29865/MainThread
2018-10-02 15:02:39,483: control.pubsub.sub.0001: umgr.0000.scheduling.0          : MainThread     : INFO    : create control_pubsub - sub - tcp://138.201.86.166:35498
2018-10-02 15:02:39,483: control.pubsub.sub.0001: umgr.0000.scheduling.0          : MainThread     : DEBUG   : start process
2018-10-02 15:02:39,484: control.pubsub.sub.0001: umgr.0000.scheduling.0          : MainThread     : DEBUG   : ru_initialize_common (NOOP)
2018-10-02 15:02:39,484: control.pubsub.sub.0001: umgr.0000.scheduling.0          : MainThread     : DEBUG   : ru_initialize_parent (NOOP)
2018-10-02 15:02:39,484: control.pubsub.sub.0001: umgr.0000.scheduling.0          : MainThread     : DEBUG   : process class started (no child)
2018-10-03 04:23:26,355: control.pubsub.sub.0001: umgr.0000.scheduling.0          : MainThread     : INFO    : parent stops child  29865 -> None [control.pubsub.sub.0001]
2018-10-03 04:23:26,355: control.pubsub.sub.0001: umgr.0000.scheduling.0          : MainThread     : DEBUG   : ru_finalize_parent (NOOP)
2018-10-03 04:23:26,384: control.pubsub.sub.0001: umgr.0000.staging.input.0       : MainThread     : INFO    : parent stops child  29769 -> None [control.pubsub.sub.0001]
2018-10-03 04:23:26,384: control.pubsub.sub.0001: umgr.0000.staging.input.0       : MainThread     : DEBUG   : ru_finalize_parent (NOOP)
2018-10-03 04:23:26,736: control.pubsub.sub.0001: umgr.0000.staging.output.0      : MainThread     : INFO    : parent stops child  29800 -> None [control.pubsub.sub.0001]
2018-10-03 04:23:26,736: control.pubsub.sub.0001: umgr.0000.staging.output.0      : MainThread     : DEBUG   : ru_finalize_parent (NOOP)
