2018-10-02 15:00:14,434: control.pubsub.sub.0000: update.0                        : MainThread     : INFO    : python.interpreter   version: 2.7.12 (default, Dec 4 2017, 14:50:18) [GCC 5.4.0 20160609]
2018-10-02 15:00:14,435: control.pubsub.sub.0000: update.0                        : MainThread     : INFO    :                      pid/tid: 22897/MainThread
2018-10-02 15:00:14,435: control.pubsub.sub.0000: update.0                        : MainThread     : INFO    : create control_pubsub - sub - tcp://138.201.86.166:35498
2018-10-02 15:00:14,436: control.pubsub.sub.0000: update.0                        : MainThread     : DEBUG   : start process
2018-10-02 15:00:14,436: control.pubsub.sub.0000: update.0                        : MainThread     : DEBUG   : ru_initialize_common (NOOP)
2018-10-02 15:00:14,436: control.pubsub.sub.0000: update.0                        : MainThread     : DEBUG   : ru_initialize_parent (NOOP)
2018-10-02 15:00:14,436: control.pubsub.sub.0000: update.0                        : MainThread     : DEBUG   : process class started (no child)
2018-10-02 15:00:15,388: control.pubsub.sub.0000: pmgr.0000.launching.0           : MainThread     : INFO    : python.interpreter   version: 2.7.12 (default, Dec 4 2017, 14:50:18) [GCC 5.4.0 20160609]
2018-10-02 15:00:15,389: control.pubsub.sub.0000: pmgr.0000.launching.0           : MainThread     : INFO    :                      pid/tid: 22967/MainThread
2018-10-02 15:00:15,389: control.pubsub.sub.0000: pmgr.0000.launching.0           : MainThread     : INFO    : create control_pubsub - sub - tcp://138.201.86.166:35498
2018-10-02 15:00:15,410: control.pubsub.sub.0000: pmgr.0000.launching.0           : MainThread     : DEBUG   : start process
2018-10-02 15:00:15,411: control.pubsub.sub.0000: pmgr.0000.launching.0           : MainThread     : DEBUG   : ru_initialize_common (NOOP)
2018-10-02 15:00:15,411: control.pubsub.sub.0000: pmgr.0000.launching.0           : MainThread     : DEBUG   : ru_initialize_parent (NOOP)
2018-10-02 15:00:15,411: control.pubsub.sub.0000: pmgr.0000.launching.0           : MainThread     : DEBUG   : process class started (no child)
2018-10-02 15:00:15,454: control.pubsub.sub.0000: MainProcess                     : MainThread     : INFO    : python.interpreter   version: 2.7.12 (default, Dec 4 2017, 14:50:18) [GCC 5.4.0 20160609]
2018-10-02 15:00:15,454: control.pubsub.sub.0000: MainProcess                     : MainThread     : INFO    :                      pid/tid: 22792/MainThread
2018-10-02 15:00:15,454: control.pubsub.sub.0000: MainProcess                     : MainThread     : INFO    : create control_pubsub - sub - tcp://138.201.86.166:35498
2018-10-02 15:00:15,455: control.pubsub.sub.0000: MainProcess                     : MainThread     : DEBUG   : start process
2018-10-02 15:00:15,455: control.pubsub.sub.0000: MainProcess                     : MainThread     : DEBUG   : ru_initialize_common (NOOP)
2018-10-02 15:00:15,455: control.pubsub.sub.0000: MainProcess                     : MainThread     : DEBUG   : ru_initialize_parent (NOOP)
2018-10-02 15:00:15,455: control.pubsub.sub.0000: MainProcess                     : MainThread     : DEBUG   : process class started (no child)
2018-10-03 04:24:00,956: control.pubsub.sub.0000: MainProcess                     : MainThread     : INFO    : parent stops child  22792 -> None [control.pubsub.sub.0000]
2018-10-03 04:24:00,956: control.pubsub.sub.0000: MainProcess                     : MainThread     : DEBUG   : ru_finalize_parent (NOOP)
2018-10-03 04:24:01,232: control.pubsub.sub.0000: update.0                        : MainThread     : INFO    : parent stops child  22897 -> None [control.pubsub.sub.0000]
2018-10-03 04:24:01,232: control.pubsub.sub.0000: update.0                        : MainThread     : DEBUG   : ru_finalize_parent (NOOP)
