2018-10-02 15:00:15,315: pmgr.0000.launching.0: MainProcess                     : MainThread     : INFO    : python.interpreter   version: 2.7.12 (default, Dec 4 2017, 14:50:18) [GCC 5.4.0 20160609]
2018-10-02 15:00:15,315: pmgr.0000.launching.0: MainProcess                     : MainThread     : INFO    :                      pid/tid: 22792/MainThread
2018-10-02 15:00:15,315: pmgr.0000.launching.0: MainProcess                     : MainThread     : DEBUG   : alive check in term
2018-10-02 15:00:15,316: pmgr.0000.launching.0: MainProcess                     : MainThread     : DEBUG   : start process
2018-10-02 15:00:15,426: pmgr.0000.launching.0: MainProcess                     : MainThread     : INFO    : recv message: alive
2018-10-02 15:00:15,426: pmgr.0000.launching.0: MainProcess                     : MainThread     : INFO    : initialize pmgr.0000.launching.0
2018-10-02 15:00:15,428: pmgr.0000.launching.0: MainProcess                     : MainThread     : INFO    : cfg: {'agents': {},
 u'bridges': {u'control_pubsub': {'addr_in': 'tcp://138.201.86.166:38026',
                                  'addr_out': 'tcp://138.201.86.166:35498',
                                  u'bulk_size': 0,
                                  u'log_level': u'error',
                                  u'stall_hwm': 1},
              u'log_pubsub': {'addr_in': 'tcp://138.201.86.166:35990',
                              'addr_out': 'tcp://138.201.86.166:42077',
                              u'bulk_size': 0,
                              u'log_level': u'error',
                              u'stall_hwm': 1},
              u'pmgr_launching_queue': {'addr_in': 'tcp://138.201.86.166:45273',
                                        'addr_out': 'tcp://138.201.86.166:34615',
                                        u'bulk_size': 0,
                                        u'log_level': u'error',
                                        u'stall_hwm': 1},
              u'state_pubsub': {'addr_in': 'tcp://138.201.86.166:42924',
                                'addr_out': 'tcp://138.201.86.166:42196',
                                u'bulk_size': 0,
                                u'log_level': u'error',
                                u'stall_hwm': 1}},
 'cname': u'PMGRLaunchingComponent',
 u'components': {},
 u'count': 1,
 u'db_poll_sleeptime': 10.0,
 'number': 0,
 'owner': 'pmgr.0000',
 'uid': 'pmgr.0000'}
2018-10-02 15:00:15,428: pmgr.0000.launching.0: MainProcess                     : MainThread     : DEBUG   : alive check in term
2018-10-02 15:00:15,428: pmgr.0000.launching.0: MainProcess                     : MainThread     : DEBUG   : START: pmgr.0000.launching.0 register publisher log_pubsub
2018-10-02 15:00:15,428: pmgr.0000.launching.0: MainProcess                     : MainThread     : DEBUG   : using addr tcp://138.201.86.166:35990 for pubsub log_pubsub
2018-10-02 15:00:15,429: pmgr.0000.launching.0: MainProcess                     : MainThread     : DEBUG   : registered publisher : log_pubsub : log.pubsub.pub.0001
2018-10-02 15:00:15,429: pmgr.0000.launching.0: MainProcess                     : MainThread     : DEBUG   : alive check in term
2018-10-02 15:00:15,430: pmgr.0000.launching.0: MainProcess                     : MainThread     : DEBUG   : START: pmgr.0000.launching.0 register publisher state_pubsub
2018-10-02 15:00:15,430: pmgr.0000.launching.0: MainProcess                     : MainThread     : DEBUG   : using addr tcp://138.201.86.166:42924 for pubsub state_pubsub
2018-10-02 15:00:15,434: pmgr.0000.launching.0: MainProcess                     : MainThread     : DEBUG   : registered publisher : state_pubsub : state.pubsub.pub.0001
2018-10-02 15:00:15,434: pmgr.0000.launching.0: MainProcess                     : MainThread     : DEBUG   : alive check in term
2018-10-02 15:00:15,434: pmgr.0000.launching.0: MainProcess                     : MainThread     : DEBUG   : START: pmgr.0000.launching.0 register publisher control_pubsub
2018-10-02 15:00:15,434: pmgr.0000.launching.0: MainProcess                     : MainThread     : DEBUG   : using addr tcp://138.201.86.166:38026 for pubsub control_pubsub
2018-10-02 15:00:15,436: pmgr.0000.launching.0: MainProcess                     : MainThread     : DEBUG   : registered publisher : control_pubsub : control.pubsub.pub.0001
2018-10-02 15:00:15,436: pmgr.0000.launching.0: MainProcess                     : MainThread     : DEBUG   : parent name: pmgr.0000.launching.0.watch
2018-10-02 15:00:15,436: pmgr.0000.launching.0: MainProcess                     : MainThread     : DEBUG   : start thread
2018-10-02 15:00:15,436: pmgr.0000.launching.0: MainProcess                     : pmgr.0000.launching.0.watch: DEBUG   : child name: pmgr.0000.launching.0.watch.thread
2018-10-02 15:00:15,437: pmgr.0000.launching.0: MainProcess                     : pmgr.0000.launching.0.watch: INFO    : child (me) initializing
2018-10-02 15:00:15,437: pmgr.0000.launching.0: MainProcess                     : pmgr.0000.launching.0.watch: DEBUG   : ru_initialize_common (NOOP)
2018-10-02 15:00:15,437: pmgr.0000.launching.0: MainProcess                     : pmgr.0000.launching.0.watch: DEBUG   : ru_initialize_child (NOOP)
2018-10-02 15:00:15,437: pmgr.0000.launching.0: MainProcess                     : pmgr.0000.launching.0.watch: INFO    : send alive
2018-10-02 15:00:15,437: pmgr.0000.launching.0: MainProcess                     : pmgr.0000.launching.0.watch: INFO    : put message: [pmgr.0000.launching.0.watch.thread] alive
2018-10-02 15:00:15,446: pmgr.0000.launching.0: MainProcess                     : MainThread     : INFO    : get msg: alive
2018-10-02 15:00:15,446: pmgr.0000.launching.0: MainProcess                     : MainThread     : DEBUG   : ru_initialize_common (NOOP)
2018-10-02 15:00:15,446: pmgr.0000.launching.0: MainProcess                     : MainThread     : DEBUG   : ru_initialize_parent (NOOP)
2018-10-02 15:00:15,446: pmgr.0000.launching.0: MainProcess                     : MainThread     : DEBUG   : child thread pmgr.0000.launching.0.watch started
2018-10-02 15:00:15,446: pmgr.0000.launching.0: MainProcess                     : MainThread     : INFO    : child is alive
2018-10-02 15:00:15,446: pmgr.0000.launching.0: MainProcess                     : MainThread     : DEBUG   : process class started child
2018-10-03 04:23:58,530: pmgr.0000.launching.0: MainProcess                     : MainThread     : INFO    : stop pmgr.0000.launching.0 (22792 : 22967 : MainThread) [radical.pilot.pilot_manager.PilotManager.finalize_parent]
2018-10-03 04:23:58,580: pmgr.0000.launching.0: MainProcess                     : MainThread     : INFO    : parent stops child  22792 -> 22967 [pmgr.0000.launching.0]
2018-10-03 04:23:58,580: pmgr.0000.launching.0: MainProcess                     : MainThread     : INFO    : send message: [pmgr.0000.launching.0] STOP
2018-10-03 04:23:58,580: pmgr.0000.launching.0: MainProcess                     : MainThread     : DEBUG   : ru_finalize_common()
2018-10-03 04:23:58,580: pmgr.0000.launching.0: MainProcess                     : MainThread     : DEBUG   : TERM : pmgr.0000.launching.0 unregister publisher log_pubsub
2018-10-03 04:23:58,580: pmgr.0000.launching.0: MainProcess                     : MainThread     : DEBUG   : unregistered publisher log_pubsub
2018-10-03 04:23:58,580: pmgr.0000.launching.0: MainProcess                     : MainThread     : DEBUG   : TERM : pmgr.0000.launching.0 unregister publisher state_pubsub
2018-10-03 04:23:58,580: pmgr.0000.launching.0: MainProcess                     : pmgr.0000.launching.0.watch: INFO    : recv message: 
2018-10-03 04:23:58,581: pmgr.0000.launching.0: MainProcess                     : pmgr.0000.launching.0.watch: INFO    : message received: 
2018-10-03 04:23:58,581: pmgr.0000.launching.0: MainProcess                     : pmgr.0000.launching.0.watch: WARNING : received empty string, parent closed ep
2018-10-03 04:23:58,581: pmgr.0000.launching.0: MainProcess                     : pmgr.0000.launching.0.watch: INFO    : watcher closes
2018-10-03 04:23:58,581: pmgr.0000.launching.0: MainProcess                     : MainThread     : DEBUG   : unregistered publisher state_pubsub
2018-10-03 04:23:58,581: pmgr.0000.launching.0: MainProcess                     : MainThread     : DEBUG   : TERM : pmgr.0000.launching.0 unregister publisher control_pubsub
2018-10-03 04:23:58,581: pmgr.0000.launching.0: MainProcess                     : pmgr.0000.launching.0.watch: INFO    : put message: [pmgr.0000.launching.0.watch.thread] work finished
2018-10-03 04:23:58,581: pmgr.0000.launching.0: MainProcess                     : pmgr.0000.launching.0.watch: DEBUG   : ru_finalize_child (NOOP)
2018-10-03 04:23:58,581: pmgr.0000.launching.0: MainProcess                     : pmgr.0000.launching.0.watch: DEBUG   : ru_finalize_common (NOOP)
2018-10-03 04:23:58,581: pmgr.0000.launching.0: MainProcess                     : pmgr.0000.launching.0.watch: INFO    : put message: [pmgr.0000.launching.0.watch.thread] terminating
2018-10-03 04:23:58,581: pmgr.0000.launching.0: MainProcess                     : MainThread     : DEBUG   : unregistered publisher control_pubsub
2018-10-03 04:23:58,581: pmgr.0000.launching.0: MainProcess                     : MainThread     : DEBUG   : pmgr.0000.launching.0 close prof
2018-10-03 04:23:58,613: pmgr.0000.launching.0: MainProcess                     : MainThread     : INFO    : parent stops child
2018-10-03 04:23:58,613: pmgr.0000.launching.0: MainProcess                     : MainThread     : DEBUG   : ru_finalize_parent (NOOP)
2018-10-03 04:23:58,613: pmgr.0000.launching.0: MainProcess                     : MainThread     : DEBUG   : ru_finalize_common (NOOP)
2018-10-03 04:24:00,613: pmgr.0000.launching.0: MainProcess                     : MainThread     : WARNING : failed to stop child - terminate: 22792 -> 22967 [pmgr.0000.launching.0]
2018-10-03 04:24:00,956: pmgr.0000.launching.0: MainProcess                     : MainThread     : INFO    : stop pmgr.0000.launching.0 (22792 : 22967 : MainThread) [radical.pilot.utils.component.PilotManager.ru_finalize_common]
2018-10-03 04:24:04,400: pmgr.0000.launching.0: MainProcess                     : MainThread     : INFO    : stop pmgr.0000.launching.0 (22792 : 22967 : MainThread) [radical.pilot.session.Session.close]
