2018-10-02 15:00:12,899: rp.session.two.jdakka.017806.0005: MainProcess                     : MainThread     : INFO    : python.interpreter   version: 2.7.12 (default, Dec 4 2017, 14:50:18) [GCC 5.4.0 20160609]
2018-10-02 15:00:12,899: rp.session.two.jdakka.017806.0005: MainProcess                     : MainThread     : INFO    :                      pid/tid: 22792/MainThread
2018-10-02 15:00:12,959: rp.session.two.jdakka.017806.0005: MainProcess                     : MainThread     : INFO    : using database mongodb://user:password1@ds229609.mlab.com:29609/bridges-hyperspace
2018-10-02 15:00:12,959: rp.session.two.jdakka.017806.0005: MainProcess                     : MainThread     : INFO    : Load resource configurations from /home/jdakka/hyperspace/python-2.7-ve/local/lib/python2.7/site-packages/radical/pilot/configs/resource_fub.json
2018-10-02 15:00:12,961: rp.session.two.jdakka.017806.0005: MainProcess                     : MainThread     : INFO    : Load resource configurations for fub.allegro_rsh
2018-10-02 15:00:12,961: rp.session.two.jdakka.017806.0005: MainProcess                     : MainThread     : DEBUG   : read rcfg for fub.allegro_rsh (None)
2018-10-02 15:00:12,961: rp.session.two.jdakka.017806.0005: MainProcess                     : MainThread     : INFO    : Load resource configurations from /home/jdakka/hyperspace/python-2.7-ve/local/lib/python2.7/site-packages/radical/pilot/configs/resource_yale.json
2018-10-02 15:00:12,964: rp.session.two.jdakka.017806.0005: MainProcess                     : MainThread     : INFO    : Load resource configurations for yale.grace_ssh
2018-10-02 15:00:12,964: rp.session.two.jdakka.017806.0005: MainProcess                     : MainThread     : DEBUG   : read rcfg for yale.grace_ssh (None)
2018-10-02 15:00:12,964: rp.session.two.jdakka.017806.0005: MainProcess                     : MainThread     : INFO    : Load resource configurations from /home/jdakka/hyperspace/python-2.7-ve/local/lib/python2.7/site-packages/radical/pilot/configs/resource_stfc.json
2018-10-02 15:00:12,966: rp.session.two.jdakka.017806.0005: MainProcess                     : MainThread     : INFO    : Load resource configurations for stfc.joule_runjob
2018-10-02 15:00:12,966: rp.session.two.jdakka.017806.0005: MainProcess                     : MainThread     : DEBUG   : read rcfg for stfc.joule_runjob (None)
2018-10-02 15:00:12,966: rp.session.two.jdakka.017806.0005: MainProcess                     : MainThread     : INFO    : Load resource configurations from /home/jdakka/hyperspace/python-2.7-ve/local/lib/python2.7/site-packages/radical/pilot/configs/resource_osg.json
2018-10-02 15:00:12,969: rp.session.two.jdakka.017806.0005: MainProcess                     : MainThread     : INFO    : Load resource configurations for osg.xsede-virt-clust
2018-10-02 15:00:12,969: rp.session.two.jdakka.017806.0005: MainProcess                     : MainThread     : DEBUG   : read rcfg for osg.xsede-virt-clust (None)
2018-10-02 15:00:12,970: rp.session.two.jdakka.017806.0005: MainProcess                     : MainThread     : INFO    : Load resource configurations for osg.connect
2018-10-02 15:00:12,970: rp.session.two.jdakka.017806.0005: MainProcess                     : MainThread     : DEBUG   : read rcfg for osg.connect (None)
2018-10-02 15:00:12,970: rp.session.two.jdakka.017806.0005: MainProcess                     : MainThread     : INFO    : Load resource configurations from /home/jdakka/hyperspace/python-2.7-ve/local/lib/python2.7/site-packages/radical/pilot/configs/resource_xsede.json
2018-10-02 15:00:13,002: rp.session.two.jdakka.017806.0005: MainProcess                     : MainThread     : INFO    : Load resource configurations for xsede.gordon_ssh
2018-10-02 15:00:13,003: rp.session.two.jdakka.017806.0005: MainProcess                     : MainThread     : DEBUG   : read rcfg for xsede.gordon_ssh (None)
2018-10-02 15:00:13,003: rp.session.two.jdakka.017806.0005: MainProcess                     : MainThread     : INFO    : Load resource configurations for xsede.lonestar_ssh
2018-10-02 15:00:13,003: rp.session.two.jdakka.017806.0005: MainProcess                     : MainThread     : DEBUG   : read rcfg for xsede.lonestar_ssh (None)
2018-10-02 15:00:13,003: rp.session.two.jdakka.017806.0005: MainProcess                     : MainThread     : INFO    : Load resource configurations for xsede.supermic_spark
2018-10-02 15:00:13,003: rp.session.two.jdakka.017806.0005: MainProcess                     : MainThread     : DEBUG   : read rcfg for xsede.supermic_spark (20)
2018-10-02 15:00:13,003: rp.session.two.jdakka.017806.0005: MainProcess                     : MainThread     : INFO    : Load resource configurations for xsede.wrangler_yarn
2018-10-02 15:00:13,004: rp.session.two.jdakka.017806.0005: MainProcess                     : MainThread     : DEBUG   : read rcfg for xsede.wrangler_yarn (None)
2018-10-02 15:00:13,004: rp.session.two.jdakka.017806.0005: MainProcess                     : MainThread     : INFO    : Load resource configurations for xsede.blacklight_ssh
2018-10-02 15:00:13,004: rp.session.two.jdakka.017806.0005: MainProcess                     : MainThread     : DEBUG   : read rcfg for xsede.blacklight_ssh (16)
2018-10-02 15:00:13,004: rp.session.two.jdakka.017806.0005: MainProcess                     : MainThread     : INFO    : Load resource configurations for xsede.stampede_ortelib
2018-10-02 15:00:13,005: rp.session.two.jdakka.017806.0005: MainProcess                     : MainThread     : DEBUG   : read rcfg for xsede.stampede_ortelib (None)
2018-10-02 15:00:13,005: rp.session.two.jdakka.017806.0005: MainProcess                     : MainThread     : INFO    : Load resource configurations for xsede.stampede_yarn
2018-10-02 15:00:13,005: rp.session.two.jdakka.017806.0005: MainProcess                     : MainThread     : DEBUG   : read rcfg for xsede.stampede_yarn (None)
2018-10-02 15:00:13,005: rp.session.two.jdakka.017806.0005: MainProcess                     : MainThread     : INFO    : Load resource configurations for xsede.stampede_ssh
2018-10-02 15:00:13,005: rp.session.two.jdakka.017806.0005: MainProcess                     : MainThread     : DEBUG   : read rcfg for xsede.stampede_ssh (None)
2018-10-02 15:00:13,006: rp.session.two.jdakka.017806.0005: MainProcess                     : MainThread     : INFO    : Load resource configurations for xsede.greenfield
2018-10-02 15:00:13,006: rp.session.two.jdakka.017806.0005: MainProcess                     : MainThread     : DEBUG   : read rcfg for xsede.greenfield (15)
2018-10-02 15:00:13,006: rp.session.two.jdakka.017806.0005: MainProcess                     : MainThread     : INFO    : Load resource configurations for xsede.bridges
2018-10-02 15:00:13,006: rp.session.two.jdakka.017806.0005: MainProcess                     : MainThread     : DEBUG   : read rcfg for xsede.bridges (None)
2018-10-02 15:00:13,006: rp.session.two.jdakka.017806.0005: MainProcess                     : MainThread     : INFO    : Load resource configurations for xsede.trestles_ssh
2018-10-02 15:00:13,007: rp.session.two.jdakka.017806.0005: MainProcess                     : MainThread     : DEBUG   : read rcfg for xsede.trestles_ssh (None)
2018-10-02 15:00:13,007: rp.session.two.jdakka.017806.0005: MainProcess                     : MainThread     : INFO    : Load resource configurations for xsede.supermic_ortelib
2018-10-02 15:00:13,007: rp.session.two.jdakka.017806.0005: MainProcess                     : MainThread     : DEBUG   : read rcfg for xsede.supermic_ortelib (20)
2018-10-02 15:00:13,007: rp.session.two.jdakka.017806.0005: MainProcess                     : MainThread     : INFO    : Load resource configurations for xsede.stampede2_ssh
2018-10-02 15:00:13,007: rp.session.two.jdakka.017806.0005: MainProcess                     : MainThread     : DEBUG   : read rcfg for xsede.stampede2_ssh (68)
2018-10-02 15:00:13,007: rp.session.two.jdakka.017806.0005: MainProcess                     : MainThread     : INFO    : Load resource configurations for xsede.supermic_ssh
2018-10-02 15:00:13,008: rp.session.two.jdakka.017806.0005: MainProcess                     : MainThread     : DEBUG   : read rcfg for xsede.supermic_ssh (20)
2018-10-02 15:00:13,008: rp.session.two.jdakka.017806.0005: MainProcess                     : MainThread     : INFO    : Load resource configurations for xsede.wrangler_ssh
2018-10-02 15:00:13,008: rp.session.two.jdakka.017806.0005: MainProcess                     : MainThread     : DEBUG   : read rcfg for xsede.wrangler_ssh (None)
2018-10-02 15:00:13,008: rp.session.two.jdakka.017806.0005: MainProcess                     : MainThread     : INFO    : Load resource configurations for xsede.supermic_orte
2018-10-02 15:00:13,009: rp.session.two.jdakka.017806.0005: MainProcess                     : MainThread     : DEBUG   : read rcfg for xsede.supermic_orte (20)
2018-10-02 15:00:13,009: rp.session.two.jdakka.017806.0005: MainProcess                     : MainThread     : INFO    : Load resource configurations for xsede.wrangler_spark
2018-10-02 15:00:13,009: rp.session.two.jdakka.017806.0005: MainProcess                     : MainThread     : DEBUG   : read rcfg for xsede.wrangler_spark (None)
2018-10-02 15:00:13,009: rp.session.two.jdakka.017806.0005: MainProcess                     : MainThread     : INFO    : Load resource configurations for xsede.stampede_orte
2018-10-02 15:00:13,009: rp.session.two.jdakka.017806.0005: MainProcess                     : MainThread     : DEBUG   : read rcfg for xsede.stampede_orte (None)
2018-10-02 15:00:13,009: rp.session.two.jdakka.017806.0005: MainProcess                     : MainThread     : INFO    : Load resource configurations for xsede.comet_ortelib
2018-10-02 15:00:13,010: rp.session.two.jdakka.017806.0005: MainProcess                     : MainThread     : DEBUG   : read rcfg for xsede.comet_ortelib (24)
2018-10-02 15:00:13,010: rp.session.two.jdakka.017806.0005: MainProcess                     : MainThread     : INFO    : Load resource configurations for xsede.comet_orte
2018-10-02 15:00:13,010: rp.session.two.jdakka.017806.0005: MainProcess                     : MainThread     : DEBUG   : read rcfg for xsede.comet_orte (24)
2018-10-02 15:00:13,010: rp.session.two.jdakka.017806.0005: MainProcess                     : MainThread     : INFO    : Load resource configurations for xsede.comet_spark
2018-10-02 15:00:13,011: rp.session.two.jdakka.017806.0005: MainProcess                     : MainThread     : DEBUG   : read rcfg for xsede.comet_spark (24)
2018-10-02 15:00:13,011: rp.session.two.jdakka.017806.0005: MainProcess                     : MainThread     : INFO    : Load resource configurations for xsede.comet_ssh
2018-10-02 15:00:13,011: rp.session.two.jdakka.017806.0005: MainProcess                     : MainThread     : DEBUG   : read rcfg for xsede.comet_ssh (24)
2018-10-02 15:00:13,011: rp.session.two.jdakka.017806.0005: MainProcess                     : MainThread     : INFO    : Load resource configurations for xsede.stampede_spark
2018-10-02 15:00:13,011: rp.session.two.jdakka.017806.0005: MainProcess                     : MainThread     : DEBUG   : read rcfg for xsede.stampede_spark (None)
2018-10-02 15:00:13,011: rp.session.two.jdakka.017806.0005: MainProcess                     : MainThread     : INFO    : Load resource configurations from /home/jdakka/hyperspace/python-2.7-ve/local/lib/python2.7/site-packages/radical/pilot/configs/resource_nersc.json
2018-10-02 15:00:13,020: rp.session.two.jdakka.017806.0005: MainProcess                     : MainThread     : INFO    : Load resource configurations for nersc.edison_ccm_ssh
2018-10-02 15:00:13,021: rp.session.two.jdakka.017806.0005: MainProcess                     : MainThread     : DEBUG   : read rcfg for nersc.edison_ccm_ssh (None)
2018-10-02 15:00:13,021: rp.session.two.jdakka.017806.0005: MainProcess                     : MainThread     : INFO    : Load resource configurations for nersc.hopper_orte
2018-10-02 15:00:13,021: rp.session.two.jdakka.017806.0005: MainProcess                     : MainThread     : DEBUG   : read rcfg for nersc.hopper_orte (None)
2018-10-02 15:00:13,021: rp.session.two.jdakka.017806.0005: MainProcess                     : MainThread     : INFO    : Load resource configurations for nersc.hopper_ccm_ssh
2018-10-02 15:00:13,022: rp.session.two.jdakka.017806.0005: MainProcess                     : MainThread     : DEBUG   : read rcfg for nersc.hopper_ccm_ssh (24)
2018-10-02 15:00:13,022: rp.session.two.jdakka.017806.0005: MainProcess                     : MainThread     : INFO    : Load resource configurations for nersc.edison_aprun
2018-10-02 15:00:13,022: rp.session.two.jdakka.017806.0005: MainProcess                     : MainThread     : DEBUG   : read rcfg for nersc.edison_aprun (None)
2018-10-02 15:00:13,022: rp.session.two.jdakka.017806.0005: MainProcess                     : MainThread     : INFO    : Load resource configurations for nersc.hopper_aprun
2018-10-02 15:00:13,023: rp.session.two.jdakka.017806.0005: MainProcess                     : MainThread     : DEBUG   : read rcfg for nersc.hopper_aprun (24)
2018-10-02 15:00:13,023: rp.session.two.jdakka.017806.0005: MainProcess                     : MainThread     : INFO    : Load resource configurations for nersc.edison_orte
2018-10-02 15:00:13,023: rp.session.two.jdakka.017806.0005: MainProcess                     : MainThread     : DEBUG   : read rcfg for nersc.edison_orte (None)
2018-10-02 15:00:13,023: rp.session.two.jdakka.017806.0005: MainProcess                     : MainThread     : INFO    : Load resource configurations from /home/jdakka/hyperspace/python-2.7-ve/local/lib/python2.7/site-packages/radical/pilot/configs/resource_lrz.json
2018-10-02 15:00:13,025: rp.session.two.jdakka.017806.0005: MainProcess                     : MainThread     : INFO    : Load resource configurations for lrz.supermuc_ssh
2018-10-02 15:00:13,025: rp.session.two.jdakka.017806.0005: MainProcess                     : MainThread     : DEBUG   : read rcfg for lrz.supermuc_ssh (None)
2018-10-02 15:00:13,025: rp.session.two.jdakka.017806.0005: MainProcess                     : MainThread     : INFO    : Load resource configurations from /home/jdakka/hyperspace/python-2.7-ve/local/lib/python2.7/site-packages/radical/pilot/configs/resource_epsrc.json
2018-10-02 15:00:13,029: rp.session.two.jdakka.017806.0005: MainProcess                     : MainThread     : INFO    : Load resource configurations for epsrc.archer_orte
2018-10-02 15:00:13,029: rp.session.two.jdakka.017806.0005: MainProcess                     : MainThread     : DEBUG   : read rcfg for epsrc.archer_orte (None)
2018-10-02 15:00:13,029: rp.session.two.jdakka.017806.0005: MainProcess                     : MainThread     : INFO    : Load resource configurations for epsrc.archer_aprun
2018-10-02 15:00:13,029: rp.session.two.jdakka.017806.0005: MainProcess                     : MainThread     : DEBUG   : read rcfg for epsrc.archer_aprun (None)
2018-10-02 15:00:13,029: rp.session.two.jdakka.017806.0005: MainProcess                     : MainThread     : INFO    : Load resource configurations from /home/jdakka/hyperspace/python-2.7-ve/local/lib/python2.7/site-packages/radical/pilot/configs/resource_ncsa.json
2018-10-02 15:00:13,036: rp.session.two.jdakka.017806.0005: MainProcess                     : MainThread     : INFO    : Load resource configurations for ncsa.bw_orte
2018-10-02 15:00:13,036: rp.session.two.jdakka.017806.0005: MainProcess                     : MainThread     : DEBUG   : read rcfg for ncsa.bw_orte (None)
2018-10-02 15:00:13,036: rp.session.two.jdakka.017806.0005: MainProcess                     : MainThread     : INFO    : Load resource configurations for ncsa.bw_ccm_ssh
2018-10-02 15:00:13,037: rp.session.two.jdakka.017806.0005: MainProcess                     : MainThread     : DEBUG   : read rcfg for ncsa.bw_ccm_ssh (None)
2018-10-02 15:00:13,037: rp.session.two.jdakka.017806.0005: MainProcess                     : MainThread     : INFO    : Load resource configurations for ncsa.bw_ortelib
2018-10-02 15:00:13,037: rp.session.two.jdakka.017806.0005: MainProcess                     : MainThread     : DEBUG   : read rcfg for ncsa.bw_ortelib (None)
2018-10-02 15:00:13,037: rp.session.two.jdakka.017806.0005: MainProcess                     : MainThread     : INFO    : Load resource configurations for ncsa.bw_aprun
2018-10-02 15:00:13,038: rp.session.two.jdakka.017806.0005: MainProcess                     : MainThread     : DEBUG   : read rcfg for ncsa.bw_aprun (None)
2018-10-02 15:00:13,038: rp.session.two.jdakka.017806.0005: MainProcess                     : MainThread     : INFO    : Load resource configurations from /home/jdakka/hyperspace/python-2.7-ve/local/lib/python2.7/site-packages/radical/pilot/configs/resource_lumc.json
2018-10-02 15:00:13,040: rp.session.two.jdakka.017806.0005: MainProcess                     : MainThread     : INFO    : Load resource configurations for lumc.gb-ui_ssh
2018-10-02 15:00:13,041: rp.session.two.jdakka.017806.0005: MainProcess                     : MainThread     : DEBUG   : read rcfg for lumc.gb-ui_ssh (None)
2018-10-02 15:00:13,041: rp.session.two.jdakka.017806.0005: MainProcess                     : MainThread     : INFO    : Load resource configurations for lumc.shark_ssh
2018-10-02 15:00:13,041: rp.session.two.jdakka.017806.0005: MainProcess                     : MainThread     : DEBUG   : read rcfg for lumc.shark_ssh (None)
2018-10-02 15:00:13,041: rp.session.two.jdakka.017806.0005: MainProcess                     : MainThread     : INFO    : Load resource configurations from /home/jdakka/hyperspace/python-2.7-ve/local/lib/python2.7/site-packages/radical/pilot/configs/resource_das4.json
2018-10-02 15:00:13,042: rp.session.two.jdakka.017806.0005: MainProcess                     : MainThread     : INFO    : Load resource configurations for das4.fs2_ssh
2018-10-02 15:00:13,043: rp.session.two.jdakka.017806.0005: MainProcess                     : MainThread     : DEBUG   : read rcfg for das4.fs2_ssh (None)
2018-10-02 15:00:13,043: rp.session.two.jdakka.017806.0005: MainProcess                     : MainThread     : INFO    : Load resource configurations from /home/jdakka/hyperspace/python-2.7-ve/local/lib/python2.7/site-packages/radical/pilot/configs/resource_aliases.json
2018-10-02 15:00:13,043: rp.session.two.jdakka.017806.0005: MainProcess                     : MainThread     : INFO    : Load resource configurations from /home/jdakka/hyperspace/python-2.7-ve/local/lib/python2.7/site-packages/radical/pilot/configs/resource_futuregrid.json
2018-10-02 15:00:13,049: rp.session.two.jdakka.017806.0005: MainProcess                     : MainThread     : INFO    : Load resource configurations for futuregrid.delta_ssh
2018-10-02 15:00:13,049: rp.session.two.jdakka.017806.0005: MainProcess                     : MainThread     : DEBUG   : read rcfg for futuregrid.delta_ssh (None)
2018-10-02 15:00:13,049: rp.session.two.jdakka.017806.0005: MainProcess                     : MainThread     : INFO    : Load resource configurations for futuregrid.india_ssh
2018-10-02 15:00:13,050: rp.session.two.jdakka.017806.0005: MainProcess                     : MainThread     : DEBUG   : read rcfg for futuregrid.india_ssh (None)
2018-10-02 15:00:13,050: rp.session.two.jdakka.017806.0005: MainProcess                     : MainThread     : INFO    : Load resource configurations for futuregrid.echo_ssh
2018-10-02 15:00:13,050: rp.session.two.jdakka.017806.0005: MainProcess                     : MainThread     : DEBUG   : read rcfg for futuregrid.echo_ssh (None)
2018-10-02 15:00:13,050: rp.session.two.jdakka.017806.0005: MainProcess                     : MainThread     : INFO    : Load resource configurations for futuregrid.xray_ccm
2018-10-02 15:00:13,050: rp.session.two.jdakka.017806.0005: MainProcess                     : MainThread     : DEBUG   : read rcfg for futuregrid.xray_ccm (None)
2018-10-02 15:00:13,050: rp.session.two.jdakka.017806.0005: MainProcess                     : MainThread     : INFO    : Load resource configurations for futuregrid.bravo_ssh
2018-10-02 15:00:13,050: rp.session.two.jdakka.017806.0005: MainProcess                     : MainThread     : DEBUG   : read rcfg for futuregrid.bravo_ssh (None)
2018-10-02 15:00:13,050: rp.session.two.jdakka.017806.0005: MainProcess                     : MainThread     : INFO    : Load resource configurations for futuregrid.xray_aprun
2018-10-02 15:00:13,050: rp.session.two.jdakka.017806.0005: MainProcess                     : MainThread     : DEBUG   : read rcfg for futuregrid.xray_aprun (None)
2018-10-02 15:00:13,051: rp.session.two.jdakka.017806.0005: MainProcess                     : MainThread     : INFO    : Load resource configurations from /home/jdakka/hyperspace/python-2.7-ve/local/lib/python2.7/site-packages/radical/pilot/configs/resource_ornl.json
2018-10-02 15:00:13,055: rp.session.two.jdakka.017806.0005: MainProcess                     : MainThread     : INFO    : Load resource configurations for ornl.titan_orte
2018-10-02 15:00:13,055: rp.session.two.jdakka.017806.0005: MainProcess                     : MainThread     : DEBUG   : read rcfg for ornl.titan_orte (16)
2018-10-02 15:00:13,055: rp.session.two.jdakka.017806.0005: MainProcess                     : MainThread     : INFO    : Load resource configurations for ornl.titan_aprun
2018-10-02 15:00:13,055: rp.session.two.jdakka.017806.0005: MainProcess                     : MainThread     : DEBUG   : read rcfg for ornl.titan_aprun (None)
2018-10-02 15:00:13,056: rp.session.two.jdakka.017806.0005: MainProcess                     : MainThread     : INFO    : Load resource configurations for ornl.rhea
2018-10-02 15:00:13,056: rp.session.two.jdakka.017806.0005: MainProcess                     : MainThread     : DEBUG   : read rcfg for ornl.rhea (16)
2018-10-02 15:00:13,056: rp.session.two.jdakka.017806.0005: MainProcess                     : MainThread     : INFO    : Load resource configurations for ornl.rhea_aprun
2018-10-02 15:00:13,056: rp.session.two.jdakka.017806.0005: MainProcess                     : MainThread     : DEBUG   : read rcfg for ornl.rhea_aprun (None)
2018-10-02 15:00:13,056: rp.session.two.jdakka.017806.0005: MainProcess                     : MainThread     : INFO    : Load resource configurations for ornl.titan_ortelib
2018-10-02 15:00:13,057: rp.session.two.jdakka.017806.0005: MainProcess                     : MainThread     : DEBUG   : read rcfg for ornl.titan_ortelib (None)
2018-10-02 15:00:13,057: rp.session.two.jdakka.017806.0005: MainProcess                     : MainThread     : INFO    : Load resource configurations from /home/jdakka/hyperspace/python-2.7-ve/local/lib/python2.7/site-packages/radical/pilot/configs/resource_chameleon.json
2018-10-02 15:00:13,058: rp.session.two.jdakka.017806.0005: MainProcess                     : MainThread     : INFO    : Load resource configurations for chameleon.cloud_vm_yarn
2018-10-02 15:00:13,058: rp.session.two.jdakka.017806.0005: MainProcess                     : MainThread     : DEBUG   : read rcfg for chameleon.cloud_vm_yarn (None)
2018-10-02 15:00:13,058: rp.session.two.jdakka.017806.0005: MainProcess                     : MainThread     : INFO    : Load resource configurations from /home/jdakka/hyperspace/python-2.7-ve/local/lib/python2.7/site-packages/radical/pilot/configs/resource_vtarc_dt.json
2018-10-02 15:00:13,059: rp.session.two.jdakka.017806.0005: MainProcess                     : MainThread     : INFO    : Load resource configurations for vtarc_dt.stampede_ssh
2018-10-02 15:00:13,059: rp.session.two.jdakka.017806.0005: MainProcess                     : MainThread     : DEBUG   : read rcfg for vtarc_dt.stampede_ssh (None)
2018-10-02 15:00:13,059: rp.session.two.jdakka.017806.0005: MainProcess                     : MainThread     : INFO    : Load resource configurations from /home/jdakka/hyperspace/python-2.7-ve/local/lib/python2.7/site-packages/radical/pilot/configs/resource_iu.json
2018-10-02 15:00:13,061: rp.session.two.jdakka.017806.0005: MainProcess                     : MainThread     : INFO    : Load resource configurations for iu.bigred2_ccm_ssh
2018-10-02 15:00:13,061: rp.session.two.jdakka.017806.0005: MainProcess                     : MainThread     : DEBUG   : read rcfg for iu.bigred2_ccm_ssh (None)
2018-10-02 15:00:13,061: rp.session.two.jdakka.017806.0005: MainProcess                     : MainThread     : INFO    : Load resource configurations for iu.bigred2_aprun
2018-10-02 15:00:13,061: rp.session.two.jdakka.017806.0005: MainProcess                     : MainThread     : DEBUG   : read rcfg for iu.bigred2_aprun (None)
2018-10-02 15:00:13,061: rp.session.two.jdakka.017806.0005: MainProcess                     : MainThread     : INFO    : Load resource configurations from /home/jdakka/hyperspace/python-2.7-ve/local/lib/python2.7/site-packages/radical/pilot/configs/resource_local.json
2018-10-02 15:00:13,067: rp.session.two.jdakka.017806.0005: MainProcess                     : MainThread     : INFO    : Load resource configurations for local.localhost_orte
2018-10-02 15:00:13,067: rp.session.two.jdakka.017806.0005: MainProcess                     : MainThread     : DEBUG   : read rcfg for local.localhost_orte (None)
2018-10-02 15:00:13,067: rp.session.two.jdakka.017806.0005: MainProcess                     : MainThread     : INFO    : Load resource configurations for local.localhost_anaconda
2018-10-02 15:00:13,067: rp.session.two.jdakka.017806.0005: MainProcess                     : MainThread     : DEBUG   : read rcfg for local.localhost_anaconda (8)
2018-10-02 15:00:13,067: rp.session.two.jdakka.017806.0005: MainProcess                     : MainThread     : INFO    : Load resource configurations for local.localhost_ortelib
2018-10-02 15:00:13,067: rp.session.two.jdakka.017806.0005: MainProcess                     : MainThread     : DEBUG   : read rcfg for local.localhost_ortelib (None)
2018-10-02 15:00:13,067: rp.session.two.jdakka.017806.0005: MainProcess                     : MainThread     : INFO    : Load resource configurations for local.localhost_aprun
2018-10-02 15:00:13,067: rp.session.two.jdakka.017806.0005: MainProcess                     : MainThread     : DEBUG   : read rcfg for local.localhost_aprun (8)
2018-10-02 15:00:13,067: rp.session.two.jdakka.017806.0005: MainProcess                     : MainThread     : INFO    : Load resource configurations for local.localhost
2018-10-02 15:00:13,068: rp.session.two.jdakka.017806.0005: MainProcess                     : MainThread     : DEBUG   : read rcfg for local.localhost (8)
2018-10-02 15:00:13,068: rp.session.two.jdakka.017806.0005: MainProcess                     : MainThread     : INFO    : Load resource configurations for local.localhost_spark
2018-10-02 15:00:13,068: rp.session.two.jdakka.017806.0005: MainProcess                     : MainThread     : DEBUG   : read rcfg for local.localhost_spark (None)
2018-10-02 15:00:13,068: rp.session.two.jdakka.017806.0005: MainProcess                     : MainThread     : INFO    : Load resource configurations for local.localhost_spark_anaconda
2018-10-02 15:00:13,068: rp.session.two.jdakka.017806.0005: MainProcess                     : MainThread     : DEBUG   : read rcfg for local.localhost_spark_anaconda (None)
2018-10-02 15:00:13,068: rp.session.two.jdakka.017806.0005: MainProcess                     : MainThread     : INFO    : Load resource configurations for local.localhost_yarn
2018-10-02 15:00:13,068: rp.session.two.jdakka.017806.0005: MainProcess                     : MainThread     : DEBUG   : read rcfg for local.localhost_yarn (None)
2018-10-02 15:00:13,068: rp.session.two.jdakka.017806.0005: MainProcess                     : MainThread     : INFO    : Load resource configurations from /home/jdakka/hyperspace/python-2.7-ve/local/lib/python2.7/site-packages/radical/pilot/configs/resource_radical.json
2018-10-02 15:00:13,070: rp.session.two.jdakka.017806.0005: MainProcess                     : MainThread     : INFO    : Load resource configurations for radical.two
2018-10-02 15:00:13,071: rp.session.two.jdakka.017806.0005: MainProcess                     : MainThread     : DEBUG   : read rcfg for radical.two (None)
2018-10-02 15:00:13,071: rp.session.two.jdakka.017806.0005: MainProcess                     : MainThread     : INFO    : Load resource configurations for radical.tutorial
2018-10-02 15:00:13,071: rp.session.two.jdakka.017806.0005: MainProcess                     : MainThread     : DEBUG   : read rcfg for radical.tutorial (None)
2018-10-02 15:00:13,071: rp.session.two.jdakka.017806.0005: MainProcess                     : MainThread     : INFO    : Load resource configurations for radical.one
2018-10-02 15:00:13,071: rp.session.two.jdakka.017806.0005: MainProcess                     : MainThread     : DEBUG   : read rcfg for radical.one (None)
2018-10-02 15:00:13,071: rp.session.two.jdakka.017806.0005: MainProcess                     : MainThread     : INFO    : Load resource configurations from /home/jdakka/hyperspace/python-2.7-ve/local/lib/python2.7/site-packages/radical/pilot/configs/resource_ncar.json
2018-10-02 15:00:13,073: rp.session.two.jdakka.017806.0005: MainProcess                     : MainThread     : INFO    : Load resource configurations for ncar.cheyenne_mpirun
2018-10-02 15:00:13,073: rp.session.two.jdakka.017806.0005: MainProcess                     : MainThread     : DEBUG   : read rcfg for ncar.cheyenne_mpirun (None)
2018-10-02 15:00:13,073: rp.session.two.jdakka.017806.0005: MainProcess                     : MainThread     : INFO    : Load resource configurations for ncar.yellowstone_ssh
2018-10-02 15:00:13,073: rp.session.two.jdakka.017806.0005: MainProcess                     : MainThread     : DEBUG   : read rcfg for ncar.yellowstone_ssh (None)
2018-10-02 15:00:13,073: rp.session.two.jdakka.017806.0005: MainProcess                     : MainThread     : INFO    : Load resource configurations from /home/jdakka/hyperspace/python-2.7-ve/local/lib/python2.7/site-packages/radical/pilot/configs/resource_rice.json
2018-10-02 15:00:13,075: rp.session.two.jdakka.017806.0005: MainProcess                     : MainThread     : INFO    : Load resource configurations for rice.davinci_ssh
2018-10-02 15:00:13,075: rp.session.two.jdakka.017806.0005: MainProcess                     : MainThread     : DEBUG   : read rcfg for rice.davinci_ssh (None)
2018-10-02 15:00:13,075: rp.session.two.jdakka.017806.0005: MainProcess                     : MainThread     : INFO    : Load resource configurations for rice.biou_ssh
2018-10-02 15:00:13,075: rp.session.two.jdakka.017806.0005: MainProcess                     : MainThread     : DEBUG   : read rcfg for rice.biou_ssh (None)
2018-10-02 15:00:13,075: rp.session.two.jdakka.017806.0005: MainProcess                     : MainThread     : INFO    : Load resource configurations from /home/jdakka/hyperspace/python-2.7-ve/local/lib/python2.7/site-packages/radical/pilot/configs/resource_das5.json
2018-10-02 15:00:13,077: rp.session.two.jdakka.017806.0005: MainProcess                     : MainThread     : INFO    : Load resource configurations for das5.fs1_ssh
2018-10-02 15:00:13,077: rp.session.two.jdakka.017806.0005: MainProcess                     : MainThread     : DEBUG   : read rcfg for das5.fs1_ssh (None)
2018-10-02 15:00:14,291: rp.session.two.jdakka.017806.0005: MainProcess                     : MainThread     : INFO    : New Session created: rp.session.two.jdakka.017806.0005.
2018-10-02 15:00:14,291: rp.session.two.jdakka.017806.0005: MainProcess                     : MainThread     : DEBUG   : start bridges   : {u'control_pubsub': {u'bulk_size': 0, u'log_level': u'error', u'stall_hwm': 1},
 u'log_pubsub': {u'bulk_size': 0, u'log_level': u'error', u'stall_hwm': 1},
 u'state_pubsub': {u'bulk_size': 0, u'log_level': u'error', u'stall_hwm': 1}}
2018-10-02 15:00:14,291: rp.session.two.jdakka.017806.0005: MainProcess                     : MainThread     : INFO    : create bridge control_pubsub
2018-10-02 15:00:14,309: rp.session.two.jdakka.017806.0005: MainProcess                     : MainThread     : INFO    : created bridge control_pubsub (control.pubsub.bridge.0000)
2018-10-02 15:00:14,310: rp.session.two.jdakka.017806.0005: MainProcess                     : MainThread     : INFO    : create bridge state_pubsub
2018-10-02 15:00:14,321: rp.session.two.jdakka.017806.0005: MainProcess                     : MainThread     : INFO    : created bridge state_pubsub (state.pubsub.bridge.0000)
2018-10-02 15:00:14,321: rp.session.two.jdakka.017806.0005: MainProcess                     : MainThread     : INFO    : create bridge log_pubsub
2018-10-02 15:00:14,330: rp.session.two.jdakka.017806.0005: MainProcess                     : MainThread     : INFO    : created bridge log_pubsub (log.pubsub.bridge.0000)
2018-10-02 15:00:14,331: rp.session.two.jdakka.017806.0005: MainProcess                     : MainThread     : DEBUG   : start components: {u'UpdateWorker': {u'count': 1}}
2018-10-02 15:00:14,331: rp.session.two.jdakka.017806.0005: MainProcess                     : MainThread     : DEBUG   : start 1 component(s) UpdateWorker
2018-10-02 15:00:15,180: rp.session.two.jdakka.017806.0005: MainProcess                     : MainThread     : INFO    : rp.session.two.jdakka.017806.0005 starts update.0
2018-10-02 15:00:15,180: rp.session.two.jdakka.017806.0005: MainProcess                     : MainThread     : INFO    : radical.pilot version: 0.50.8-v0.50.8-1-g8228b9f5@fix-issue_1705
2018-10-02 15:00:15,180: rp.session.two.jdakka.017806.0005: MainProcess                     : MainThread     : INFO    : radical.saga  version: 0.50.0-v0.50.0@master
2018-10-02 15:00:15,180: rp.session.two.jdakka.017806.0005: MainProcess                     : MainThread     : INFO    : radical.utils version: 0.50.2-v0.50.2@master
2018-10-02 15:00:15,563: rp.session.two.jdakka.017806.0005: MainProcess                     : MainThread     : WARNING : using alias 'xsede.supermic_ssh' for deprecated resource key 'xsede.supermic'
2018-10-02 15:00:15,563: rp.session.two.jdakka.017806.0005: MainProcess                     : MainThread     : DEBUG   : get rcfg 1 for xsede.supermic_ssh (20)
2018-10-02 15:00:15,563: rp.session.two.jdakka.017806.0005: MainProcess                     : MainThread     : DEBUG   : get rcfg 2 for xsede.supermic_ssh (20)
2018-10-02 15:00:15,563: rp.session.two.jdakka.017806.0005: MainProcess                     : MainThread     : WARNING : using alias 'xsede.supermic_ssh' for deprecated resource key 'xsede.supermic'
2018-10-02 15:00:15,563: rp.session.two.jdakka.017806.0005: MainProcess                     : MainThread     : DEBUG   : get rcfg 1 for xsede.supermic_ssh (20)
2018-10-02 15:00:15,563: rp.session.two.jdakka.017806.0005: MainProcess                     : MainThread     : DEBUG   : get rcfg 2 for xsede.supermic_ssh (20)
2018-10-02 15:00:15,563: rp.session.two.jdakka.017806.0005: MainProcess                     : MainThread     : DEBUG   : rsup.PTYShell('gsissh://supermic.cct-lsu.xsede.org:2222/')
2018-10-02 15:00:22,866: rp.session.two.jdakka.017806.0005: MainProcess                     : MainThread     : DEBUG   : sandbox base gsissh://supermic.cct-lsu.xsede.org:2222/: '/work/jdakka'
2018-10-02 15:00:23,065: rp.session.two.jdakka.017806.0005: MainProcess                     : MainThread     : DEBUG   : bulk pilot insert result: {'nModified': 0, 'nUpserted': 0, 'nMatched': 0, 'writeErrors': [], 'upserted': [], 'writeConcernErrors': [], 'nRemoved': 0, 'nInserted': 1}
2018-10-02 15:00:23,067: rp.session.two.jdakka.017806.0005: pmgr.0000.launching.0           : MainThread     : WARNING : using alias 'xsede.supermic_ssh' for deprecated resource key 'xsede.supermic'
2018-10-02 15:00:23,068: rp.session.two.jdakka.017806.0005: pmgr.0000.launching.0           : MainThread     : DEBUG   : get rcfg 1 for xsede.supermic_ssh (20)
2018-10-02 15:00:23,068: rp.session.two.jdakka.017806.0005: pmgr.0000.launching.0           : MainThread     : DEBUG   : get rcfg 2 for xsede.supermic_ssh (20)
2018-10-02 15:00:23,070: rp.session.two.jdakka.017806.0005: pmgr.0000.launching.0           : MainThread     : WARNING : using alias 'xsede.supermic_ssh' for deprecated resource key 'xsede.supermic'
2018-10-02 15:00:23,070: rp.session.two.jdakka.017806.0005: pmgr.0000.launching.0           : MainThread     : DEBUG   : get rcfg 1 for xsede.supermic_ssh (20)
2018-10-02 15:00:23,070: rp.session.two.jdakka.017806.0005: pmgr.0000.launching.0           : MainThread     : DEBUG   : get rcfg 2 for xsede.supermic_ssh (20)
2018-10-02 15:00:23,070: rp.session.two.jdakka.017806.0005: pmgr.0000.launching.0           : MainThread     : DEBUG   : rsup.PTYShell('gsissh://supermic.cct-lsu.xsede.org:2222/')
2018-10-02 15:00:29,669: rp.session.two.jdakka.017806.0005: pmgr.0000.launching.0           : MainThread     : DEBUG   : sandbox base gsissh://supermic.cct-lsu.xsede.org:2222/: '/work/jdakka'
2018-10-02 15:02:42,537: rp.session.two.jdakka.017806.0005: task-manager                    : MainThread     : DEBUG   : bulk unit insert result: {'nModified': 0, 'nUpserted': 0, 'nMatched': 0, 'writeErrors': [], 'upserted': [], 'writeConcernErrors': [], 'nRemoved': 0, 'nInserted': 128}
2018-10-03 04:23:58,397: rp.session.two.jdakka.017806.0005: MainProcess                     : MainThread     : DEBUG   : session rp.session.two.jdakka.017806.0005 closing
2018-10-03 04:23:58,397: rp.session.two.jdakka.017806.0005: MainProcess                     : MainThread     : DEBUG   : session rp.session.two.jdakka.017806.0005 closes pmgr   pmgr.0000
2018-10-03 04:24:00,974: rp.session.two.jdakka.017806.0005: MainProcess                     : MainThread     : DEBUG   : session rp.session.two.jdakka.017806.0005 closed pmgr   pmgr.0000
2018-10-03 04:24:00,974: rp.session.two.jdakka.017806.0005: MainProcess                     : MainThread     : DEBUG   : session rp.session.two.jdakka.017806.0005 closes comp   update.0
2018-10-03 04:24:00,974: rp.session.two.jdakka.017806.0005: MainProcess                     : MainThread     : DEBUG   : update.0 stop called
2018-10-03 04:24:01,071: rp.session.two.jdakka.017806.0005: update.0                        : MainThread     : DEBUG   : update.0.child stop called
2018-10-03 04:24:01,235: rp.session.two.jdakka.017806.0005: update.0                        : MainThread     : DEBUG   : update.0.child stop called
2018-10-03 04:24:01,278: rp.session.two.jdakka.017806.0005: MainProcess                     : MainThread     : DEBUG   : session rp.session.two.jdakka.017806.0005 closed comp   update.0
2018-10-03 04:24:01,278: rp.session.two.jdakka.017806.0005: MainProcess                     : MainThread     : DEBUG   : session rp.session.two.jdakka.017806.0005 closes bridge control.pubsub.bridge.0000
2018-10-03 04:24:02,256: rp.session.two.jdakka.017806.0005: MainProcess                     : MainThread     : DEBUG   : session rp.session.two.jdakka.017806.0005 closed bridge control.pubsub.bridge.0000
2018-10-03 04:24:02,256: rp.session.two.jdakka.017806.0005: MainProcess                     : MainThread     : DEBUG   : session rp.session.two.jdakka.017806.0005 closes bridge state.pubsub.bridge.0000
2018-10-03 04:24:03,252: rp.session.two.jdakka.017806.0005: MainProcess                     : MainThread     : DEBUG   : session rp.session.two.jdakka.017806.0005 closed bridge state.pubsub.bridge.0000
2018-10-03 04:24:03,253: rp.session.two.jdakka.017806.0005: MainProcess                     : MainThread     : DEBUG   : session rp.session.two.jdakka.017806.0005 closes bridge log.pubsub.bridge.0000
2018-10-03 04:24:04,232: rp.session.two.jdakka.017806.0005: MainProcess                     : MainThread     : DEBUG   : session rp.session.two.jdakka.017806.0005 closed bridge log.pubsub.bridge.0000
2018-10-03 04:24:04,232: rp.session.two.jdakka.017806.0005: MainProcess                     : MainThread     : DEBUG   : session rp.session.two.jdakka.017806.0005 closes db (False)
2018-10-03 04:24:04,331: rp.session.two.jdakka.017806.0005: MainProcess                     : MainThread     : DEBUG   : session rp.session.two.jdakka.017806.0005 closed (delete=False)
2018-10-03 04:24:04,399: rp.session.two.jdakka.017806.0005: MainProcess                     : MainThread     : DEBUG   : update.0 stop called
2018-10-03 04:24:04,400: rp.session.two.jdakka.017806.0005: MainProcess                     : MainThread     : DEBUG   : start download
2018-10-03 04:24:07,354: rp.session.two.jdakka.017806.0005: MainProcess                     : MainThread     : INFO    : session written to /home/jdakka/hyperspace/hyperspace-RCT/null_workload/supermic/7_hyp_ss_fac_4_run_1/rp.session.two.jdakka.017806.0005/rp.session.two.jdakka.017806.0005.json
2018-10-03 04:24:08,212: rp.session.two.jdakka.017806.0005: MainProcess                     : MainThread     : DEBUG   : Session: rp.session.two.jdakka.017806.0005
2018-10-03 04:24:08,212: rp.session.two.jdakka.017806.0005: MainProcess                     : MainThread     : DEBUG   : Number of pilots in session: 1
2018-10-03 04:24:08,212: rp.session.two.jdakka.017806.0005: MainProcess                     : MainThread     : DEBUG   : processing pilot 'pilot.0000'
2018-10-03 04:24:09,379: rp.session.two.jdakka.017806.0005: MainProcess                     : MainThread     : ERROR   : failed to fet profile for pilot.0000
Traceback (most recent call last):
  File "/home/jdakka/hyperspace/python-2.7-ve/local/lib/python2.7/site-packages/radical/pilot/utils/session.py", line 110, in fetch_profiles
    sandbox = saga.filesystem.Directory (sandbox_url, session=session)
  File "/home/jdakka/hyperspace/python-2.7-ve/local/lib/python2.7/site-packages/saga/filesystem/directory.py", line 95, in __init__
    _adaptor, _adaptor_state, _ttype=_ttype)
  File "/home/jdakka/hyperspace/python-2.7-ve/local/lib/python2.7/site-packages/saga/namespace/directory.py", line 95, in __init__
    _adaptor, _adaptor_state, _ttype=_ttype)
  File "/home/jdakka/hyperspace/python-2.7-ve/local/lib/python2.7/site-packages/saga/namespace/entry.py", line 89, in __init__
    url, flags, session, ttype=_ttype)
  File "/home/jdakka/hyperspace/python-2.7-ve/local/lib/python2.7/site-packages/saga/base.py", line 104, in __init__
    self._init_task = self._adaptor.init_instance (adaptor_state, *args, **kwargs)
  File "/home/jdakka/hyperspace/python-2.7-ve/local/lib/python2.7/site-packages/saga/adaptors/cpi/decorators.py", line 57, in wrap_function
    return sync_function (self, *args, **kwargs)
  File "/home/jdakka/hyperspace/python-2.7-ve/local/lib/python2.7/site-packages/saga/adaptors/shell/shell_file.py", line 292, in init_instance
    self.initialize()
  File "/home/jdakka/hyperspace/python-2.7-ve/local/lib/python2.7/site-packages/saga/adaptors/shell/shell_file.py", line 347, in initialize
    ret, out, _ = self._command(cmd, make_location=mkl)
  File "/home/jdakka/hyperspace/python-2.7-ve/local/lib/python2.7/site-packages/saga/adaptors/shell/shell_file.py", line 306, in _command
    with self.lm.lease(lease_tgt, self.shell_creator, location) \
  File "/home/jdakka/hyperspace/python-2.7-ve/local/lib/python2.7/site-packages/radical/utils/lease_manager.py", line 284, in lease
    obj = self._create_object (pool_id, creator, args)
  File "/home/jdakka/hyperspace/python-2.7-ve/local/lib/python2.7/site-packages/radical/utils/lease_manager.py", line 175, in _create_object
    obj = _LeaseObject (self, self._log, creator, args)
  File "/home/jdakka/hyperspace/python-2.7-ve/local/lib/python2.7/site-packages/radical/utils/lease_manager.py", line 33, in __init__
    self.obj        = creator (*args)
  File "/home/jdakka/hyperspace/python-2.7-ve/local/lib/python2.7/site-packages/saga/adaptors/shell/shell_file.py", line 284, in _shell_creator
    return sups.PTYShell(url, self.get_session(), self._logger)
  File "/home/jdakka/hyperspace/python-2.7-ve/local/lib/python2.7/site-packages/saga/utils/pty_shell.py", line 248, in __init__
    self.pty_shell  = self.factory.run_shell  (self.pty_info)
  File "/home/jdakka/hyperspace/python-2.7-ve/local/lib/python2.7/site-packages/saga/utils/pty_shell_factory.py", line 450, in run_shell
    self._initialize_pty (sh_slave, info)
  File "/home/jdakka/hyperspace/python-2.7-ve/local/lib/python2.7/site-packages/saga/utils/pty_shell_factory.py", line 413, in _initialize_pty
    raise ptye.translate_exception (e)
PermissionDenied: read from process failed '[Errno 5] Input/output error' : (Permission denied (gssapi-keyex,gssapi-with-mic).
) ((Permission denied (gssapi-keyex,gssapi-with-mic).
)) (/home/jdakka/hyperspace/python-2.7-ve/local/lib/python2.7/site-packages/saga/utils/pty_exceptions.py +61 (translate_exception)  :  e = se.PermissionDenied (cmsg))
2018-10-03 04:24:10,118: rp.session.two.jdakka.017806.0005: MainProcess                     : MainThread     : INFO    : Session: rp.session.two.jdakka.017806.0005
2018-10-03 04:24:10,118: rp.session.two.jdakka.017806.0005: MainProcess                     : MainThread     : INFO    : Number of pilots in session: 1
