2018-10-02 15:00:14,338: update.0            : MainProcess                     : MainThread     : INFO    : python.interpreter   version: 2.7.12 (default, Dec 4 2017, 14:50:18) [GCC 5.4.0 20160609]
2018-10-02 15:00:14,338: update.0            : MainProcess                     : MainThread     : INFO    :                      pid/tid: 22792/MainThread
2018-10-02 15:00:14,338: update.0            : MainProcess                     : MainThread     : DEBUG   : alive check in term
2018-10-02 15:00:14,339: update.0            : MainProcess                     : MainThread     : DEBUG   : start process
2018-10-02 15:00:15,172: update.0            : MainProcess                     : MainThread     : INFO    : recv message: alive
2018-10-02 15:00:15,172: update.0            : MainProcess                     : MainThread     : INFO    : initialize update.0
2018-10-02 15:00:15,173: update.0            : MainProcess                     : MainThread     : INFO    : cfg: {'agents': {},
 u'bridges': {u'control_pubsub': {'addr_in': 'tcp://138.201.86.166:38026',
                                  'addr_out': 'tcp://138.201.86.166:35498',
                                  u'bulk_size': 0,
                                  u'log_level': u'error',
                                  u'stall_hwm': 1},
              u'log_pubsub': {'addr_in': 'tcp://138.201.86.166:35990',
                              'addr_out': 'tcp://138.201.86.166:42077',
                              u'bulk_size': 0,
                              u'log_level': u'error',
                              u'stall_hwm': 1},
              u'state_pubsub': {'addr_in': 'tcp://138.201.86.166:42924',
                                'addr_out': 'tcp://138.201.86.166:42196',
                                u'bulk_size': 0,
                                u'log_level': u'error',
                                u'stall_hwm': 1}},
 'cname': u'UpdateWorker',
 u'components': {},
 u'count': 1,
 'dburl': 'mongodb://user:password1@ds229609.mlab.com:29609/bridges-hyperspace',
 u'default_dburl': u'mongodb://rp:rp@ds015335.mlab.com:15335/rp',
 'logdir': '/home/jdakka/hyperspace/hyperspace-RCT/null_workload/supermic/7_hyp_ss_fac_4_run_1/rp.session.two.jdakka.017806.0005',
 'number': 0,
 'owner': 'rp.session.two.jdakka.017806.0005',
 'session_id': 'rp.session.two.jdakka.017806.0005'}
2018-10-02 15:00:15,174: update.0            : MainProcess                     : MainThread     : DEBUG   : alive check in term
2018-10-02 15:00:15,174: update.0            : MainProcess                     : MainThread     : DEBUG   : START: update.0 register publisher log_pubsub
2018-10-02 15:00:15,174: update.0            : MainProcess                     : MainThread     : DEBUG   : using addr tcp://138.201.86.166:35990 for pubsub log_pubsub
2018-10-02 15:00:15,175: update.0            : MainProcess                     : MainThread     : DEBUG   : registered publisher : log_pubsub : log.pubsub.pub.0000
2018-10-02 15:00:15,175: update.0            : MainProcess                     : MainThread     : DEBUG   : alive check in term
2018-10-02 15:00:15,175: update.0            : MainProcess                     : MainThread     : DEBUG   : START: update.0 register publisher state_pubsub
2018-10-02 15:00:15,175: update.0            : MainProcess                     : MainThread     : DEBUG   : using addr tcp://138.201.86.166:42924 for pubsub state_pubsub
2018-10-02 15:00:15,176: update.0            : MainProcess                     : MainThread     : DEBUG   : registered publisher : state_pubsub : state.pubsub.pub.0000
2018-10-02 15:00:15,176: update.0            : MainProcess                     : MainThread     : DEBUG   : alive check in term
2018-10-02 15:00:15,176: update.0            : MainProcess                     : MainThread     : DEBUG   : START: update.0 register publisher control_pubsub
2018-10-02 15:00:15,176: update.0            : MainProcess                     : MainThread     : DEBUG   : using addr tcp://138.201.86.166:38026 for pubsub control_pubsub
2018-10-02 15:00:15,177: update.0            : MainProcess                     : MainThread     : DEBUG   : registered publisher : control_pubsub : control.pubsub.pub.0000
2018-10-02 15:00:15,178: update.0            : MainProcess                     : MainThread     : DEBUG   : parent name: update.0.watch
2018-10-02 15:00:15,178: update.0            : MainProcess                     : MainThread     : DEBUG   : start thread
2018-10-02 15:00:15,179: update.0            : MainProcess                     : update.0.watch : DEBUG   : child name: update.0.watch.thread
2018-10-02 15:00:15,179: update.0            : MainProcess                     : update.0.watch : INFO    : child (me) initializing
2018-10-02 15:00:15,179: update.0            : MainProcess                     : update.0.watch : DEBUG   : ru_initialize_common (NOOP)
2018-10-02 15:00:15,179: update.0            : MainProcess                     : update.0.watch : DEBUG   : ru_initialize_child (NOOP)
2018-10-02 15:00:15,179: update.0            : MainProcess                     : update.0.watch : INFO    : send alive
2018-10-02 15:00:15,179: update.0            : MainProcess                     : update.0.watch : INFO    : put message: [update.0.watch.thread] alive
2018-10-02 15:00:15,179: update.0            : MainProcess                     : MainThread     : INFO    : get msg: alive
2018-10-02 15:00:15,180: update.0            : MainProcess                     : MainThread     : DEBUG   : ru_initialize_common (NOOP)
2018-10-02 15:00:15,180: update.0            : MainProcess                     : MainThread     : DEBUG   : ru_initialize_parent (NOOP)
2018-10-02 15:00:15,180: update.0            : MainProcess                     : MainThread     : DEBUG   : child thread update.0.watch started
2018-10-02 15:00:15,180: update.0            : MainProcess                     : MainThread     : INFO    : child is alive
2018-10-02 15:00:15,180: update.0            : MainProcess                     : MainThread     : DEBUG   : process class started child
2018-10-03 04:24:00,975: update.0            : MainProcess                     : MainThread     : INFO    : stop update.0 (22792 : 22897 : MainThread) [radical.pilot.worker.update.Update.stop]
2018-10-03 04:24:01,014: update.0            : MainProcess                     : MainThread     : INFO    : parent stops child  22792 -> 22897 [update.0]
2018-10-03 04:24:01,014: update.0            : MainProcess                     : MainThread     : INFO    : send message: [update.0] STOP
2018-10-03 04:24:01,014: update.0            : MainProcess                     : MainThread     : DEBUG   : ru_finalize_common()
2018-10-03 04:24:01,015: update.0            : MainProcess                     : MainThread     : DEBUG   : TERM : update.0 unregister publisher log_pubsub
2018-10-03 04:24:01,015: update.0            : MainProcess                     : MainThread     : DEBUG   : unregistered publisher log_pubsub
2018-10-03 04:24:01,015: update.0            : MainProcess                     : MainThread     : DEBUG   : TERM : update.0 unregister publisher state_pubsub
2018-10-03 04:24:01,015: update.0            : MainProcess                     : MainThread     : DEBUG   : unregistered publisher state_pubsub
2018-10-03 04:24:01,015: update.0            : MainProcess                     : MainThread     : DEBUG   : TERM : update.0 unregister publisher control_pubsub
2018-10-03 04:24:01,016: update.0            : MainProcess                     : MainThread     : DEBUG   : unregistered publisher control_pubsub
2018-10-03 04:24:01,016: update.0            : MainProcess                     : MainThread     : DEBUG   : update.0 close prof
2018-10-03 04:24:01,056: update.0            : MainProcess                     : MainThread     : INFO    : parent stops child
2018-10-03 04:24:01,056: update.0            : MainProcess                     : MainThread     : DEBUG   : ru_finalize_parent (NOOP)
2018-10-03 04:24:01,056: update.0            : MainProcess                     : MainThread     : DEBUG   : ru_finalize_common (NOOP)
2018-10-03 04:24:01,062: update.0            : MainProcess                     : update.0.watch : INFO    : watcher closes
2018-10-03 04:24:01,062: update.0            : MainProcess                     : update.0.watch : INFO    : put message: [update.0.watch.thread] work finished
2018-10-03 04:24:01,062: update.0            : MainProcess                     : update.0.watch : DEBUG   : ru_finalize_child (NOOP)
2018-10-03 04:24:01,062: update.0            : MainProcess                     : update.0.watch : DEBUG   : ru_finalize_common (NOOP)
2018-10-03 04:24:01,062: update.0            : MainProcess                     : update.0.watch : INFO    : put message: [update.0.watch.thread] terminating
2018-10-03 04:24:04,399: update.0            : MainProcess                     : MainThread     : INFO    : stop update.0 (22792 : 22897 : MainThread) [radical.pilot.worker.update.Update.stop]
