2019-04-04 18:57:56,469: radical.entk.appmanager.0000: MainProcess                     : MainThread     : INFO    : python.interpreter   version: 2.7.15 | packaged by conda-forge | (default, Feb 28 2019, 04:20:34) [GCC 8.2.0]
2019-04-04 18:57:56,469: radical.entk.appmanager.0000: MainProcess                     : MainThread     : INFO    :                      pid/tid: 128052/MainThread
2019-04-04 18:57:56,554: radical.entk.appmanager.0000: MainProcess                     : MainThread     : INFO    : Application Manager initialized
2019-04-04 18:57:58,051: radical.entk.appmanager.0000: MainProcess                     : MainThread     : INFO    : Workflow assigned to Application Manager
2019-04-04 18:57:58,051: radical.entk.appmanager.0000: MainProcess                     : MainThread     : DEBUG   : Setting up mq connection and channel
2019-04-04 18:57:58,062: radical.entk.appmanager.0000: MainProcess                     : MainThread     : DEBUG   : Connection and channel setup successful
2019-04-04 18:57:58,062: radical.entk.appmanager.0000: MainProcess                     : MainThread     : DEBUG   : Setting up all exchanges and queues
2019-04-04 18:57:58,078: radical.entk.appmanager.0000: MainProcess                     : MainThread     : DEBUG   : All exchanges and queues are setup
2019-04-04 18:57:58,138: radical.entk.appmanager.0000: MainProcess                     : MainThread     : INFO    : Starting resource request submission
2019-04-04 18:59:20,341: radical.entk.appmanager.0000: MainProcess                     : MainThread     : INFO    : Starting synchronizer thread
2019-04-04 18:59:20,342: radical.entk.appmanager.0000: MainProcess                     : MainThread     : INFO    : Starting WFProcessor process from AppManager
2019-04-04 18:59:20,342: radical.entk.appmanager.0000: MainProcess                     : synchronizer-thread: INFO    : synchronizer thread started
2019-04-04 18:59:20,402: radical.entk.appmanager.0000: MainProcess                     : synchronizer-thread: DEBUG   : received pipeline.0000 with state SCHEDULING for sync
2019-04-04 18:59:20,403: radical.entk.appmanager.0000: MainProcess                     : synchronizer-thread: INFO    : Received pipeline.0000 with state SCHEDULING
2019-04-04 18:59:20,403: radical.entk.appmanager.0000: MainProcess                     : synchronizer-thread: INFO    : Found pipeline pipeline.0000, state SCHEDULING, completed False
2019-04-04 18:59:20,407: radical.entk.appmanager.0000: MainProcess                     : synchronizer-thread: DEBUG   : received stage.0000 with state SCHEDULING for sync
2019-04-04 18:59:20,408: radical.entk.appmanager.0000: MainProcess                     : synchronizer-thread: INFO    : Received stage.0000 with state SCHEDULING
2019-04-04 18:59:20,408: radical.entk.appmanager.0000: MainProcess                     : synchronizer-thread: INFO    : Found parent pipeline: pipeline.0000
2019-04-04 18:59:20,408: radical.entk.appmanager.0000: MainProcess                     : synchronizer-thread: DEBUG   : Found stage stage.0000
2019-04-04 18:59:20,441: radical.entk.appmanager.0000: MainProcess                     : synchronizer-thread: DEBUG   : received task.0000 with state SCHEDULING for sync
2019-04-04 18:59:20,442: radical.entk.appmanager.0000: MainProcess                     : synchronizer-thread: INFO    : Received task.0000 with state SCHEDULING
2019-04-04 18:59:20,442: radical.entk.appmanager.0000: MainProcess                     : synchronizer-thread: DEBUG   : Found task task.0000 with state SCHEDULING
2019-04-04 18:59:20,445: radical.entk.appmanager.0000: MainProcess                     : MainThread     : INFO    : Starting task manager process from AppManager
2019-04-04 18:59:20,450: radical.entk.appmanager.0000: MainProcess                     : synchronizer-thread: DEBUG   : received task.0000 with state SCHEDULED for sync
2019-04-04 18:59:20,451: radical.entk.appmanager.0000: MainProcess                     : synchronizer-thread: INFO    : Received task.0000 with state SCHEDULED
2019-04-04 18:59:20,452: radical.entk.appmanager.0000: MainProcess                     : synchronizer-thread: DEBUG   : Found task task.0000 with state SCHEDULED
2019-04-04 18:59:20,458: radical.entk.appmanager.0000: MainProcess                     : synchronizer-thread: DEBUG   : received stage.0000 with state SCHEDULED for sync
2019-04-04 18:59:20,458: radical.entk.appmanager.0000: MainProcess                     : synchronizer-thread: INFO    : Received stage.0000 with state SCHEDULED
2019-04-04 18:59:20,458: radical.entk.appmanager.0000: MainProcess                     : synchronizer-thread: INFO    : Found parent pipeline: pipeline.0000
2019-04-04 18:59:20,458: radical.entk.appmanager.0000: MainProcess                     : synchronizer-thread: DEBUG   : Found stage stage.0000
2019-04-04 18:59:21,462: radical.entk.appmanager.0000: MainProcess                     : synchronizer-thread: DEBUG   : received task.0000 with state SUBMITTING for sync
2019-04-04 18:59:21,463: radical.entk.appmanager.0000: MainProcess                     : synchronizer-thread: INFO    : Received task.0000 with state SUBMITTING
2019-04-04 18:59:21,463: radical.entk.appmanager.0000: MainProcess                     : synchronizer-thread: DEBUG   : Found task task.0000 with state SUBMITTING
2019-04-04 18:59:21,547: radical.entk.appmanager.0000: MainProcess                     : synchronizer-thread: DEBUG   : received task.0000 with state SUBMITTED for sync
2019-04-04 18:59:21,548: radical.entk.appmanager.0000: MainProcess                     : synchronizer-thread: INFO    : Received task.0000 with state SUBMITTED
2019-04-04 18:59:21,548: radical.entk.appmanager.0000: MainProcess                     : synchronizer-thread: DEBUG   : Found task task.0000 with state SUBMITTED
2019-04-04 20:37:33,082: radical.entk.appmanager.0000: MainProcess                     : synchronizer-thread: DEBUG   : received task.0000 with state EXECUTED for sync
2019-04-04 20:37:33,082: radical.entk.appmanager.0000: MainProcess                     : synchronizer-thread: INFO    : Received task.0000 with state EXECUTED
2019-04-04 20:37:33,083: radical.entk.appmanager.0000: MainProcess                     : synchronizer-thread: DEBUG   : Found task task.0000 with state EXECUTED
2019-04-04 20:37:33,091: radical.entk.appmanager.0000: MainProcess                     : synchronizer-thread: DEBUG   : received task.0000 with state DEQUEUEING for sync
2019-04-04 20:37:33,091: radical.entk.appmanager.0000: MainProcess                     : synchronizer-thread: INFO    : Received task.0000 with state DEQUEUEING
2019-04-04 20:37:33,092: radical.entk.appmanager.0000: MainProcess                     : synchronizer-thread: DEBUG   : Found task task.0000 with state DEQUEUEING
2019-04-04 20:37:33,100: radical.entk.appmanager.0000: MainProcess                     : synchronizer-thread: DEBUG   : received task.0000 with state DEQUEUED for sync
2019-04-04 20:37:33,100: radical.entk.appmanager.0000: MainProcess                     : synchronizer-thread: INFO    : Received task.0000 with state DEQUEUED
2019-04-04 20:37:33,100: radical.entk.appmanager.0000: MainProcess                     : synchronizer-thread: DEBUG   : Found task task.0000 with state DEQUEUED
2019-04-04 20:37:33,104: radical.entk.appmanager.0000: MainProcess                     : synchronizer-thread: DEBUG   : received task.0000 with state DONE for sync
2019-04-04 20:37:33,104: radical.entk.appmanager.0000: MainProcess                     : synchronizer-thread: INFO    : Received task.0000 with state DONE
2019-04-04 20:37:33,104: radical.entk.appmanager.0000: MainProcess                     : synchronizer-thread: DEBUG   : Found task task.0000 with state DONE
2019-04-04 20:37:33,111: radical.entk.appmanager.0000: MainProcess                     : synchronizer-thread: DEBUG   : received stage.0000 with state DONE for sync
2019-04-04 20:37:33,111: radical.entk.appmanager.0000: MainProcess                     : synchronizer-thread: INFO    : Received stage.0000 with state DONE
2019-04-04 20:37:33,111: radical.entk.appmanager.0000: MainProcess                     : synchronizer-thread: INFO    : Found parent pipeline: pipeline.0000
2019-04-04 20:37:33,111: radical.entk.appmanager.0000: MainProcess                     : synchronizer-thread: DEBUG   : Found stage stage.0000
2019-04-04 20:37:33,157: radical.entk.appmanager.0000: MainProcess                     : synchronizer-thread: DEBUG   : received pipeline.0000 with state DONE for sync
2019-04-04 20:37:33,157: radical.entk.appmanager.0000: MainProcess                     : synchronizer-thread: INFO    : Received pipeline.0000 with state DONE
2019-04-04 20:37:33,157: radical.entk.appmanager.0000: MainProcess                     : synchronizer-thread: INFO    : Found pipeline pipeline.0000, state DONE, completed False
2019-04-04 20:37:33,158: radical.entk.appmanager.0000: MainProcess                     : MainThread     : INFO    : Terminating WFprocessor
2019-04-04 20:37:33,170: radical.entk.appmanager.0000: MainProcess                     : MainThread     : INFO    : Terminating synchronizer thread
2019-04-04 20:37:33,171: radical.entk.appmanager.0000: MainProcess                     : MainThread     : INFO    : Synchronizer thread terminated
2019-04-04 20:37:33,171: radical.entk.appmanager.0000: MainProcess                     : MainThread     : INFO    : Terminating task manager process
