2019-04-04 18:57:58,182: re.session.login5.jdakka.017990.0005: MainProcess                     : MainThread     : INFO    : python.interpreter   version: 2.7.15 | packaged by conda-forge | (default, Feb 28 2019, 04:20:34) [GCC 8.2.0]
2019-04-04 18:57:58,183: re.session.login5.jdakka.017990.0005: MainProcess                     : MainThread     : INFO    :                      pid/tid: 128052/MainThread
2019-04-04 18:57:58,424: re.session.login5.jdakka.017990.0005: MainProcess                     : MainThread     : INFO    : using database mongodb://user:user@ds223760.mlab.com:23760/adaptivity
2019-04-04 18:57:58,425: re.session.login5.jdakka.017990.0005: MainProcess                     : MainThread     : INFO    : Load resource configurations from /ccs/home/jdakka/.conda/envs/snakes/lib/python2.7/site-packages/radical/pilot/configs/resource_yale.json
2019-04-04 18:57:58,427: re.session.login5.jdakka.017990.0005: MainProcess                     : MainThread     : INFO    : Load resource configurations for yale.grace_ssh
2019-04-04 18:57:58,428: re.session.login5.jdakka.017990.0005: MainProcess                     : MainThread     : DEBUG   : read rcfg for yale.grace_ssh (None)
2019-04-04 18:57:58,428: re.session.login5.jdakka.017990.0005: MainProcess                     : MainThread     : INFO    : Load resource configurations from /ccs/home/jdakka/.conda/envs/snakes/lib/python2.7/site-packages/radical/pilot/configs/resource_xsede.json
2019-04-04 18:57:58,467: re.session.login5.jdakka.017990.0005: MainProcess                     : MainThread     : INFO    : Load resource configurations for xsede.stampede2_ssh
2019-04-04 18:57:58,468: re.session.login5.jdakka.017990.0005: MainProcess                     : MainThread     : DEBUG   : read rcfg for xsede.stampede2_ssh (68)
2019-04-04 18:57:58,468: re.session.login5.jdakka.017990.0005: MainProcess                     : MainThread     : INFO    : Load resource configurations for xsede.supermic_ssh
2019-04-04 18:57:58,468: re.session.login5.jdakka.017990.0005: MainProcess                     : MainThread     : DEBUG   : read rcfg for xsede.supermic_ssh (20)
2019-04-04 18:57:58,468: re.session.login5.jdakka.017990.0005: MainProcess                     : MainThread     : INFO    : Load resource configurations for xsede.trestles_ssh
2019-04-04 18:57:58,469: re.session.login5.jdakka.017990.0005: MainProcess                     : MainThread     : DEBUG   : read rcfg for xsede.trestles_ssh (None)
2019-04-04 18:57:58,469: re.session.login5.jdakka.017990.0005: MainProcess                     : MainThread     : INFO    : Load resource configurations for xsede.comet_orte
2019-04-04 18:57:58,470: re.session.login5.jdakka.017990.0005: MainProcess                     : MainThread     : DEBUG   : read rcfg for xsede.comet_orte (24)
2019-04-04 18:57:58,470: re.session.login5.jdakka.017990.0005: MainProcess                     : MainThread     : INFO    : Load resource configurations for xsede.gordon_ssh
2019-04-04 18:57:58,470: re.session.login5.jdakka.017990.0005: MainProcess                     : MainThread     : DEBUG   : read rcfg for xsede.gordon_ssh (None)
2019-04-04 18:57:58,470: re.session.login5.jdakka.017990.0005: MainProcess                     : MainThread     : INFO    : Load resource configurations for xsede.lonestar_ssh
2019-04-04 18:57:58,471: re.session.login5.jdakka.017990.0005: MainProcess                     : MainThread     : DEBUG   : read rcfg for xsede.lonestar_ssh (None)
2019-04-04 18:57:58,471: re.session.login5.jdakka.017990.0005: MainProcess                     : MainThread     : INFO    : Load resource configurations for xsede.supermic_spark
2019-04-04 18:57:58,471: re.session.login5.jdakka.017990.0005: MainProcess                     : MainThread     : DEBUG   : read rcfg for xsede.supermic_spark (20)
2019-04-04 18:57:58,471: re.session.login5.jdakka.017990.0005: MainProcess                     : MainThread     : INFO    : Load resource configurations for xsede.greenfield
2019-04-04 18:57:58,473: re.session.login5.jdakka.017990.0005: MainProcess                     : MainThread     : DEBUG   : read rcfg for xsede.greenfield (15)
2019-04-04 18:57:58,473: re.session.login5.jdakka.017990.0005: MainProcess                     : MainThread     : INFO    : Load resource configurations for xsede.supermic_ortelib
2019-04-04 18:57:58,474: re.session.login5.jdakka.017990.0005: MainProcess                     : MainThread     : DEBUG   : read rcfg for xsede.supermic_ortelib (20)
2019-04-04 18:57:58,474: re.session.login5.jdakka.017990.0005: MainProcess                     : MainThread     : INFO    : Load resource configurations for xsede.bridges
2019-04-04 18:57:58,474: re.session.login5.jdakka.017990.0005: MainProcess                     : MainThread     : DEBUG   : read rcfg for xsede.bridges (None)
2019-04-04 18:57:58,475: re.session.login5.jdakka.017990.0005: MainProcess                     : MainThread     : INFO    : Load resource configurations for xsede.supermic_orte
2019-04-04 18:57:58,475: re.session.login5.jdakka.017990.0005: MainProcess                     : MainThread     : DEBUG   : read rcfg for xsede.supermic_orte (20)
2019-04-04 18:57:58,475: re.session.login5.jdakka.017990.0005: MainProcess                     : MainThread     : INFO    : Load resource configurations for xsede.wrangler_spark
2019-04-04 18:57:58,476: re.session.login5.jdakka.017990.0005: MainProcess                     : MainThread     : DEBUG   : read rcfg for xsede.wrangler_spark (None)
2019-04-04 18:57:58,476: re.session.login5.jdakka.017990.0005: MainProcess                     : MainThread     : INFO    : Load resource configurations for xsede.comet_spark
2019-04-04 18:57:58,476: re.session.login5.jdakka.017990.0005: MainProcess                     : MainThread     : DEBUG   : read rcfg for xsede.comet_spark (24)
2019-04-04 18:57:58,476: re.session.login5.jdakka.017990.0005: MainProcess                     : MainThread     : INFO    : Load resource configurations for xsede.wrangler_yarn
2019-04-04 18:57:58,477: re.session.login5.jdakka.017990.0005: MainProcess                     : MainThread     : DEBUG   : read rcfg for xsede.wrangler_yarn (None)
2019-04-04 18:57:58,477: re.session.login5.jdakka.017990.0005: MainProcess                     : MainThread     : INFO    : Load resource configurations for xsede.wrangler_ssh
2019-04-04 18:57:58,478: re.session.login5.jdakka.017990.0005: MainProcess                     : MainThread     : DEBUG   : read rcfg for xsede.wrangler_ssh (None)
2019-04-04 18:57:58,478: re.session.login5.jdakka.017990.0005: MainProcess                     : MainThread     : INFO    : Load resource configurations for xsede.comet_ssh
2019-04-04 18:57:58,478: re.session.login5.jdakka.017990.0005: MainProcess                     : MainThread     : DEBUG   : read rcfg for xsede.comet_ssh (24)
2019-04-04 18:57:58,478: re.session.login5.jdakka.017990.0005: MainProcess                     : MainThread     : INFO    : Load resource configurations for xsede.comet_ortelib
2019-04-04 18:57:58,479: re.session.login5.jdakka.017990.0005: MainProcess                     : MainThread     : DEBUG   : read rcfg for xsede.comet_ortelib (24)
2019-04-04 18:57:58,479: re.session.login5.jdakka.017990.0005: MainProcess                     : MainThread     : INFO    : Load resource configurations for xsede.blacklight_ssh
2019-04-04 18:57:58,480: re.session.login5.jdakka.017990.0005: MainProcess                     : MainThread     : DEBUG   : read rcfg for xsede.blacklight_ssh (16)
2019-04-04 18:57:58,480: re.session.login5.jdakka.017990.0005: MainProcess                     : MainThread     : INFO    : Load resource configurations from /ccs/home/jdakka/.conda/envs/snakes/lib/python2.7/site-packages/radical/pilot/configs/resource_vtarc_dt.json
2019-04-04 18:57:58,484: re.session.login5.jdakka.017990.0005: MainProcess                     : MainThread     : INFO    : Load resource configurations for vtarc_dt.stampede_ssh
2019-04-04 18:57:58,484: re.session.login5.jdakka.017990.0005: MainProcess                     : MainThread     : DEBUG   : read rcfg for vtarc_dt.stampede_ssh (None)
2019-04-04 18:57:58,485: re.session.login5.jdakka.017990.0005: MainProcess                     : MainThread     : INFO    : Load resource configurations from /ccs/home/jdakka/.conda/envs/snakes/lib/python2.7/site-packages/radical/pilot/configs/resource_stfc.json
2019-04-04 18:57:58,487: re.session.login5.jdakka.017990.0005: MainProcess                     : MainThread     : INFO    : Load resource configurations for stfc.joule_runjob
2019-04-04 18:57:58,488: re.session.login5.jdakka.017990.0005: MainProcess                     : MainThread     : DEBUG   : read rcfg for stfc.joule_runjob (None)
2019-04-04 18:57:58,488: re.session.login5.jdakka.017990.0005: MainProcess                     : MainThread     : INFO    : Load resource configurations from /ccs/home/jdakka/.conda/envs/snakes/lib/python2.7/site-packages/radical/pilot/configs/resource_rice.json
2019-04-04 18:57:58,492: re.session.login5.jdakka.017990.0005: MainProcess                     : MainThread     : INFO    : Load resource configurations for rice.davinci_ssh
2019-04-04 18:57:58,492: re.session.login5.jdakka.017990.0005: MainProcess                     : MainThread     : DEBUG   : read rcfg for rice.davinci_ssh (None)
2019-04-04 18:57:58,492: re.session.login5.jdakka.017990.0005: MainProcess                     : MainThread     : INFO    : Load resource configurations for rice.biou_ssh
2019-04-04 18:57:58,493: re.session.login5.jdakka.017990.0005: MainProcess                     : MainThread     : DEBUG   : read rcfg for rice.biou_ssh (None)
2019-04-04 18:57:58,493: re.session.login5.jdakka.017990.0005: MainProcess                     : MainThread     : INFO    : Load resource configurations from /ccs/home/jdakka/.conda/envs/snakes/lib/python2.7/site-packages/radical/pilot/configs/resource_radical.json
2019-04-04 18:57:58,500: re.session.login5.jdakka.017990.0005: MainProcess                     : MainThread     : INFO    : Load resource configurations for radical.two
2019-04-04 18:57:58,500: re.session.login5.jdakka.017990.0005: MainProcess                     : MainThread     : DEBUG   : read rcfg for radical.two (None)
2019-04-04 18:57:58,500: re.session.login5.jdakka.017990.0005: MainProcess                     : MainThread     : INFO    : Load resource configurations for radical.tutorial
2019-04-04 18:57:58,501: re.session.login5.jdakka.017990.0005: MainProcess                     : MainThread     : DEBUG   : read rcfg for radical.tutorial (None)
2019-04-04 18:57:58,501: re.session.login5.jdakka.017990.0005: MainProcess                     : MainThread     : INFO    : Load resource configurations for radical.one
2019-04-04 18:57:58,501: re.session.login5.jdakka.017990.0005: MainProcess                     : MainThread     : DEBUG   : read rcfg for radical.one (None)
2019-04-04 18:57:58,501: re.session.login5.jdakka.017990.0005: MainProcess                     : MainThread     : INFO    : Load resource configurations from /ccs/home/jdakka/.conda/envs/snakes/lib/python2.7/site-packages/radical/pilot/configs/resource_osg.json
2019-04-04 18:57:58,506: re.session.login5.jdakka.017990.0005: MainProcess                     : MainThread     : INFO    : Load resource configurations for osg.xsede-virt-clust
2019-04-04 18:57:58,507: re.session.login5.jdakka.017990.0005: MainProcess                     : MainThread     : DEBUG   : read rcfg for osg.xsede-virt-clust (None)
2019-04-04 18:57:58,507: re.session.login5.jdakka.017990.0005: MainProcess                     : MainThread     : INFO    : Load resource configurations for osg.connect
2019-04-04 18:57:58,507: re.session.login5.jdakka.017990.0005: MainProcess                     : MainThread     : DEBUG   : read rcfg for osg.connect (None)
2019-04-04 18:57:58,508: re.session.login5.jdakka.017990.0005: MainProcess                     : MainThread     : INFO    : Load resource configurations from /ccs/home/jdakka/.conda/envs/snakes/lib/python2.7/site-packages/radical/pilot/configs/resource_ornl.json
2019-04-04 18:57:58,524: re.session.login5.jdakka.017990.0005: MainProcess                     : MainThread     : INFO    : Load resource configurations for ornl.rhea
2019-04-04 18:57:58,525: re.session.login5.jdakka.017990.0005: MainProcess                     : MainThread     : DEBUG   : read rcfg for ornl.rhea (16)
2019-04-04 18:57:58,525: re.session.login5.jdakka.017990.0005: MainProcess                     : MainThread     : INFO    : Load resource configurations for ornl.rhea_aprun
2019-04-04 18:57:58,526: re.session.login5.jdakka.017990.0005: MainProcess                     : MainThread     : DEBUG   : read rcfg for ornl.rhea_aprun (None)
2019-04-04 18:57:58,526: re.session.login5.jdakka.017990.0005: MainProcess                     : MainThread     : INFO    : Load resource configurations for ornl.summitdev
2019-04-04 18:57:58,526: re.session.login5.jdakka.017990.0005: MainProcess                     : MainThread     : DEBUG   : read rcfg for ornl.summitdev (None)
2019-04-04 18:57:58,526: re.session.login5.jdakka.017990.0005: MainProcess                     : MainThread     : INFO    : Load resource configurations for ornl.titan_ortelib
2019-04-04 18:57:58,527: re.session.login5.jdakka.017990.0005: MainProcess                     : MainThread     : DEBUG   : read rcfg for ornl.titan_ortelib (None)
2019-04-04 18:57:58,527: re.session.login5.jdakka.017990.0005: MainProcess                     : MainThread     : INFO    : Load resource configurations for ornl.titan_orte
2019-04-04 18:57:58,528: re.session.login5.jdakka.017990.0005: MainProcess                     : MainThread     : DEBUG   : read rcfg for ornl.titan_orte (16)
2019-04-04 18:57:58,528: re.session.login5.jdakka.017990.0005: MainProcess                     : MainThread     : INFO    : Load resource configurations for ornl.summit
2019-04-04 18:57:58,528: re.session.login5.jdakka.017990.0005: MainProcess                     : MainThread     : DEBUG   : read rcfg for ornl.summit (None)
2019-04-04 18:57:58,528: re.session.login5.jdakka.017990.0005: MainProcess                     : MainThread     : INFO    : Load resource configurations for ornl.titan_aprun
2019-04-04 18:57:58,529: re.session.login5.jdakka.017990.0005: MainProcess                     : MainThread     : DEBUG   : read rcfg for ornl.titan_aprun (None)
2019-04-04 18:57:58,529: re.session.login5.jdakka.017990.0005: MainProcess                     : MainThread     : INFO    : Load resource configurations from /ccs/home/jdakka/.conda/envs/snakes/lib/python2.7/site-packages/radical/pilot/configs/resource_nersc.json
2019-04-04 18:57:58,543: re.session.login5.jdakka.017990.0005: MainProcess                     : MainThread     : INFO    : Load resource configurations for nersc.edison_ccm_ssh
2019-04-04 18:57:58,544: re.session.login5.jdakka.017990.0005: MainProcess                     : MainThread     : DEBUG   : read rcfg for nersc.edison_ccm_ssh (None)
2019-04-04 18:57:58,544: re.session.login5.jdakka.017990.0005: MainProcess                     : MainThread     : INFO    : Load resource configurations for nersc.hopper_orte
2019-04-04 18:57:58,544: re.session.login5.jdakka.017990.0005: MainProcess                     : MainThread     : DEBUG   : read rcfg for nersc.hopper_orte (None)
2019-04-04 18:57:58,544: re.session.login5.jdakka.017990.0005: MainProcess                     : MainThread     : INFO    : Load resource configurations for nersc.hopper_ccm_ssh
2019-04-04 18:57:58,545: re.session.login5.jdakka.017990.0005: MainProcess                     : MainThread     : DEBUG   : read rcfg for nersc.hopper_ccm_ssh (24)
2019-04-04 18:57:58,545: re.session.login5.jdakka.017990.0005: MainProcess                     : MainThread     : INFO    : Load resource configurations for nersc.edison_aprun
2019-04-04 18:57:58,545: re.session.login5.jdakka.017990.0005: MainProcess                     : MainThread     : DEBUG   : read rcfg for nersc.edison_aprun (None)
2019-04-04 18:57:58,546: re.session.login5.jdakka.017990.0005: MainProcess                     : MainThread     : INFO    : Load resource configurations for nersc.hopper_aprun
2019-04-04 18:57:58,546: re.session.login5.jdakka.017990.0005: MainProcess                     : MainThread     : DEBUG   : read rcfg for nersc.hopper_aprun (24)
2019-04-04 18:57:58,546: re.session.login5.jdakka.017990.0005: MainProcess                     : MainThread     : INFO    : Load resource configurations for nersc.edison_orte
2019-04-04 18:57:58,547: re.session.login5.jdakka.017990.0005: MainProcess                     : MainThread     : DEBUG   : read rcfg for nersc.edison_orte (None)
2019-04-04 18:57:58,547: re.session.login5.jdakka.017990.0005: MainProcess                     : MainThread     : INFO    : Load resource configurations from /ccs/home/jdakka/.conda/envs/snakes/lib/python2.7/site-packages/radical/pilot/configs/resource_ncsa.json
2019-04-04 18:57:58,557: re.session.login5.jdakka.017990.0005: MainProcess                     : MainThread     : INFO    : Load resource configurations for ncsa.bw_orte
2019-04-04 18:57:58,558: re.session.login5.jdakka.017990.0005: MainProcess                     : MainThread     : DEBUG   : read rcfg for ncsa.bw_orte (None)
2019-04-04 18:57:58,558: re.session.login5.jdakka.017990.0005: MainProcess                     : MainThread     : INFO    : Load resource configurations for ncsa.bw_ccm_ssh
2019-04-04 18:57:58,558: re.session.login5.jdakka.017990.0005: MainProcess                     : MainThread     : DEBUG   : read rcfg for ncsa.bw_ccm_ssh (None)
2019-04-04 18:57:58,558: re.session.login5.jdakka.017990.0005: MainProcess                     : MainThread     : INFO    : Load resource configurations for ncsa.bw_ortelib
2019-04-04 18:57:58,559: re.session.login5.jdakka.017990.0005: MainProcess                     : MainThread     : DEBUG   : read rcfg for ncsa.bw_ortelib (None)
2019-04-04 18:57:58,559: re.session.login5.jdakka.017990.0005: MainProcess                     : MainThread     : INFO    : Load resource configurations for ncsa.bw_aprun
2019-04-04 18:57:58,560: re.session.login5.jdakka.017990.0005: MainProcess                     : MainThread     : DEBUG   : read rcfg for ncsa.bw_aprun (None)
2019-04-04 18:57:58,560: re.session.login5.jdakka.017990.0005: MainProcess                     : MainThread     : INFO    : Load resource configurations from /ccs/home/jdakka/.conda/envs/snakes/lib/python2.7/site-packages/radical/pilot/configs/resource_ncar.json
2019-04-04 18:57:58,565: re.session.login5.jdakka.017990.0005: MainProcess                     : MainThread     : INFO    : Load resource configurations for ncar.cheyenne
2019-04-04 18:57:58,565: re.session.login5.jdakka.017990.0005: MainProcess                     : MainThread     : DEBUG   : read rcfg for ncar.cheyenne (36)
2019-04-04 18:57:58,565: re.session.login5.jdakka.017990.0005: MainProcess                     : MainThread     : INFO    : Load resource configurations for ncar.yellowstone_ssh
2019-04-04 18:57:58,566: re.session.login5.jdakka.017990.0005: MainProcess                     : MainThread     : DEBUG   : read rcfg for ncar.yellowstone_ssh (None)
2019-04-04 18:57:58,566: re.session.login5.jdakka.017990.0005: MainProcess                     : MainThread     : INFO    : Load resource configurations from /ccs/home/jdakka/.conda/envs/snakes/lib/python2.7/site-packages/radical/pilot/configs/resource_lumc.json
2019-04-04 18:57:58,571: re.session.login5.jdakka.017990.0005: MainProcess                     : MainThread     : INFO    : Load resource configurations for lumc.gb-ui_ssh
2019-04-04 18:57:58,571: re.session.login5.jdakka.017990.0005: MainProcess                     : MainThread     : DEBUG   : read rcfg for lumc.gb-ui_ssh (None)
2019-04-04 18:57:58,571: re.session.login5.jdakka.017990.0005: MainProcess                     : MainThread     : INFO    : Load resource configurations for lumc.shark_ssh
2019-04-04 18:57:58,572: re.session.login5.jdakka.017990.0005: MainProcess                     : MainThread     : DEBUG   : read rcfg for lumc.shark_ssh (None)
2019-04-04 18:57:58,572: re.session.login5.jdakka.017990.0005: MainProcess                     : MainThread     : INFO    : Load resource configurations from /ccs/home/jdakka/.conda/envs/snakes/lib/python2.7/site-packages/radical/pilot/configs/resource_lrz.json
2019-04-04 18:57:58,575: re.session.login5.jdakka.017990.0005: MainProcess                     : MainThread     : INFO    : Load resource configurations for lrz.supermuc_ssh
2019-04-04 18:57:58,575: re.session.login5.jdakka.017990.0005: MainProcess                     : MainThread     : DEBUG   : read rcfg for lrz.supermuc_ssh (None)
2019-04-04 18:57:58,575: re.session.login5.jdakka.017990.0005: MainProcess                     : MainThread     : INFO    : Load resource configurations from /ccs/home/jdakka/.conda/envs/snakes/lib/python2.7/site-packages/radical/pilot/configs/resource_local.json
2019-04-04 18:57:58,592: re.session.login5.jdakka.017990.0005: MainProcess                     : MainThread     : INFO    : Load resource configurations for local.localhost_orte
2019-04-04 18:57:58,592: re.session.login5.jdakka.017990.0005: MainProcess                     : MainThread     : DEBUG   : read rcfg for local.localhost_orte (8)
2019-04-04 18:57:58,592: re.session.login5.jdakka.017990.0005: MainProcess                     : MainThread     : INFO    : Load resource configurations for local.localhost_anaconda
2019-04-04 18:57:58,593: re.session.login5.jdakka.017990.0005: MainProcess                     : MainThread     : DEBUG   : read rcfg for local.localhost_anaconda (8)
2019-04-04 18:57:58,593: re.session.login5.jdakka.017990.0005: MainProcess                     : MainThread     : INFO    : Load resource configurations for local.localhost_ortelib
2019-04-04 18:57:58,593: re.session.login5.jdakka.017990.0005: MainProcess                     : MainThread     : DEBUG   : read rcfg for local.localhost_ortelib (8)
2019-04-04 18:57:58,593: re.session.login5.jdakka.017990.0005: MainProcess                     : MainThread     : INFO    : Load resource configurations for local.localhost_aprun
2019-04-04 18:57:58,594: re.session.login5.jdakka.017990.0005: MainProcess                     : MainThread     : DEBUG   : read rcfg for local.localhost_aprun (8)
2019-04-04 18:57:58,594: re.session.login5.jdakka.017990.0005: MainProcess                     : MainThread     : INFO    : Load resource configurations for local.localhost
2019-04-04 18:57:58,595: re.session.login5.jdakka.017990.0005: MainProcess                     : MainThread     : DEBUG   : read rcfg for local.localhost (8)
2019-04-04 18:57:58,595: re.session.login5.jdakka.017990.0005: MainProcess                     : MainThread     : INFO    : Load resource configurations for local.localhost_spark
2019-04-04 18:57:58,595: re.session.login5.jdakka.017990.0005: MainProcess                     : MainThread     : DEBUG   : read rcfg for local.localhost_spark (8)
2019-04-04 18:57:58,595: re.session.login5.jdakka.017990.0005: MainProcess                     : MainThread     : INFO    : Load resource configurations for local.localhost_spark_anaconda
2019-04-04 18:57:58,596: re.session.login5.jdakka.017990.0005: MainProcess                     : MainThread     : DEBUG   : read rcfg for local.localhost_spark_anaconda (8)
2019-04-04 18:57:58,596: re.session.login5.jdakka.017990.0005: MainProcess                     : MainThread     : INFO    : Load resource configurations for local.localhost_yarn
2019-04-04 18:57:58,596: re.session.login5.jdakka.017990.0005: MainProcess                     : MainThread     : DEBUG   : read rcfg for local.localhost_yarn (None)
2019-04-04 18:57:58,596: re.session.login5.jdakka.017990.0005: MainProcess                     : MainThread     : INFO    : Load resource configurations from /ccs/home/jdakka/.conda/envs/snakes/lib/python2.7/site-packages/radical/pilot/configs/resource_iu.json
2019-04-04 18:57:58,601: re.session.login5.jdakka.017990.0005: MainProcess                     : MainThread     : INFO    : Load resource configurations for iu.bigred2_ccm_ssh
2019-04-04 18:57:58,602: re.session.login5.jdakka.017990.0005: MainProcess                     : MainThread     : DEBUG   : read rcfg for iu.bigred2_ccm_ssh (None)
2019-04-04 18:57:58,602: re.session.login5.jdakka.017990.0005: MainProcess                     : MainThread     : INFO    : Load resource configurations for iu.bigred2_aprun
2019-04-04 18:57:58,602: re.session.login5.jdakka.017990.0005: MainProcess                     : MainThread     : DEBUG   : read rcfg for iu.bigred2_aprun (None)
2019-04-04 18:57:58,602: re.session.login5.jdakka.017990.0005: MainProcess                     : MainThread     : INFO    : Load resource configurations from /ccs/home/jdakka/.conda/envs/snakes/lib/python2.7/site-packages/radical/pilot/configs/resource_futuregrid.json
2019-04-04 18:57:58,614: re.session.login5.jdakka.017990.0005: MainProcess                     : MainThread     : INFO    : Load resource configurations for futuregrid.delta_ssh
2019-04-04 18:57:58,614: re.session.login5.jdakka.017990.0005: MainProcess                     : MainThread     : DEBUG   : read rcfg for futuregrid.delta_ssh (None)
2019-04-04 18:57:58,615: re.session.login5.jdakka.017990.0005: MainProcess                     : MainThread     : INFO    : Load resource configurations for futuregrid.india_ssh
2019-04-04 18:57:58,615: re.session.login5.jdakka.017990.0005: MainProcess                     : MainThread     : DEBUG   : read rcfg for futuregrid.india_ssh (None)
2019-04-04 18:57:58,615: re.session.login5.jdakka.017990.0005: MainProcess                     : MainThread     : INFO    : Load resource configurations for futuregrid.echo_ssh
2019-04-04 18:57:58,615: re.session.login5.jdakka.017990.0005: MainProcess                     : MainThread     : DEBUG   : read rcfg for futuregrid.echo_ssh (None)
2019-04-04 18:57:58,616: re.session.login5.jdakka.017990.0005: MainProcess                     : MainThread     : INFO    : Load resource configurations for futuregrid.xray_ccm
2019-04-04 18:57:58,616: re.session.login5.jdakka.017990.0005: MainProcess                     : MainThread     : DEBUG   : read rcfg for futuregrid.xray_ccm (None)
2019-04-04 18:57:58,616: re.session.login5.jdakka.017990.0005: MainProcess                     : MainThread     : INFO    : Load resource configurations for futuregrid.bravo_ssh
2019-04-04 18:57:58,617: re.session.login5.jdakka.017990.0005: MainProcess                     : MainThread     : DEBUG   : read rcfg for futuregrid.bravo_ssh (None)
2019-04-04 18:57:58,617: re.session.login5.jdakka.017990.0005: MainProcess                     : MainThread     : INFO    : Load resource configurations for futuregrid.xray_aprun
2019-04-04 18:57:58,617: re.session.login5.jdakka.017990.0005: MainProcess                     : MainThread     : DEBUG   : read rcfg for futuregrid.xray_aprun (None)
2019-04-04 18:57:58,617: re.session.login5.jdakka.017990.0005: MainProcess                     : MainThread     : INFO    : Load resource configurations from /ccs/home/jdakka/.conda/envs/snakes/lib/python2.7/site-packages/radical/pilot/configs/resource_fub.json
2019-04-04 18:57:58,620: re.session.login5.jdakka.017990.0005: MainProcess                     : MainThread     : INFO    : Load resource configurations for fub.allegro_rsh
2019-04-04 18:57:58,621: re.session.login5.jdakka.017990.0005: MainProcess                     : MainThread     : DEBUG   : read rcfg for fub.allegro_rsh (None)
2019-04-04 18:57:58,621: re.session.login5.jdakka.017990.0005: MainProcess                     : MainThread     : INFO    : Load resource configurations from /ccs/home/jdakka/.conda/envs/snakes/lib/python2.7/site-packages/radical/pilot/configs/resource_epsrc.json
2019-04-04 18:57:58,626: re.session.login5.jdakka.017990.0005: MainProcess                     : MainThread     : INFO    : Load resource configurations for epsrc.archer_orte
2019-04-04 18:57:58,627: re.session.login5.jdakka.017990.0005: MainProcess                     : MainThread     : DEBUG   : read rcfg for epsrc.archer_orte (None)
2019-04-04 18:57:58,627: re.session.login5.jdakka.017990.0005: MainProcess                     : MainThread     : INFO    : Load resource configurations for epsrc.archer_aprun
2019-04-04 18:57:58,627: re.session.login5.jdakka.017990.0005: MainProcess                     : MainThread     : DEBUG   : read rcfg for epsrc.archer_aprun (None)
2019-04-04 18:57:58,628: re.session.login5.jdakka.017990.0005: MainProcess                     : MainThread     : INFO    : Load resource configurations from /ccs/home/jdakka/.conda/envs/snakes/lib/python2.7/site-packages/radical/pilot/configs/resource_das5.json
2019-04-04 18:57:58,630: re.session.login5.jdakka.017990.0005: MainProcess                     : MainThread     : INFO    : Load resource configurations for das5.fs1_ssh
2019-04-04 18:57:58,631: re.session.login5.jdakka.017990.0005: MainProcess                     : MainThread     : DEBUG   : read rcfg for das5.fs1_ssh (None)
2019-04-04 18:57:58,631: re.session.login5.jdakka.017990.0005: MainProcess                     : MainThread     : INFO    : Load resource configurations from /ccs/home/jdakka/.conda/envs/snakes/lib/python2.7/site-packages/radical/pilot/configs/resource_das4.json
2019-04-04 18:57:58,633: re.session.login5.jdakka.017990.0005: MainProcess                     : MainThread     : INFO    : Load resource configurations for das4.fs2_ssh
2019-04-04 18:57:58,634: re.session.login5.jdakka.017990.0005: MainProcess                     : MainThread     : DEBUG   : read rcfg for das4.fs2_ssh (None)
2019-04-04 18:57:58,634: re.session.login5.jdakka.017990.0005: MainProcess                     : MainThread     : INFO    : Load resource configurations from /ccs/home/jdakka/.conda/envs/snakes/lib/python2.7/site-packages/radical/pilot/configs/resource_chameleon.json
2019-04-04 18:57:58,636: re.session.login5.jdakka.017990.0005: MainProcess                     : MainThread     : INFO    : Load resource configurations for chameleon.cloud_vm_yarn
2019-04-04 18:57:58,637: re.session.login5.jdakka.017990.0005: MainProcess                     : MainThread     : DEBUG   : read rcfg for chameleon.cloud_vm_yarn (None)
2019-04-04 18:57:58,637: re.session.login5.jdakka.017990.0005: MainProcess                     : MainThread     : INFO    : Load resource configurations from /ccs/home/jdakka/.conda/envs/snakes/lib/python2.7/site-packages/radical/pilot/configs/resource_aliases.json
2019-04-04 18:57:59,205: re.session.login5.jdakka.017990.0005: MainProcess                     : MainThread     : INFO    : New Session created: re.session.login5.jdakka.017990.0005.
2019-04-04 18:57:59,205: re.session.login5.jdakka.017990.0005: MainProcess                     : MainThread     : DEBUG   : start bridges   : {u'control_pubsub': {u'bulk_size': 0, u'log_level': u'error', u'stall_hwm': 1},
 u'log_pubsub': {u'bulk_size': 0, u'log_level': u'error', u'stall_hwm': 1},
 u'state_pubsub': {u'bulk_size': 0, u'log_level': u'error', u'stall_hwm': 1}}
2019-04-04 18:57:59,205: re.session.login5.jdakka.017990.0005: MainProcess                     : MainThread     : INFO    : create bridge control_pubsub
2019-04-04 18:57:59,220: re.session.login5.jdakka.017990.0005: MainProcess                     : MainThread     : INFO    : created bridge control_pubsub (control.pubsub.bridge.0000)
2019-04-04 18:57:59,220: re.session.login5.jdakka.017990.0005: MainProcess                     : MainThread     : INFO    : create bridge state_pubsub
2019-04-04 18:57:59,229: re.session.login5.jdakka.017990.0005: MainProcess                     : MainThread     : INFO    : created bridge state_pubsub (state.pubsub.bridge.0000)
2019-04-04 18:57:59,229: re.session.login5.jdakka.017990.0005: MainProcess                     : MainThread     : INFO    : create bridge log_pubsub
2019-04-04 18:57:59,236: re.session.login5.jdakka.017990.0005: MainProcess                     : MainThread     : INFO    : created bridge log_pubsub (log.pubsub.bridge.0000)
2019-04-04 18:57:59,237: re.session.login5.jdakka.017990.0005: MainProcess                     : MainThread     : DEBUG   : start components: {u'UpdateWorker': {u'count': 1}}
2019-04-04 18:57:59,237: re.session.login5.jdakka.017990.0005: MainProcess                     : MainThread     : DEBUG   : start 1 component(s) UpdateWorker
2019-04-04 18:57:59,632: re.session.login5.jdakka.017990.0005: MainProcess                     : MainThread     : INFO    : re.session.login5.jdakka.017990.0005 starts update.0
2019-04-04 18:57:59,632: re.session.login5.jdakka.017990.0005: MainProcess                     : MainThread     : INFO    : radical.pilot version: 0.50.22-v0.50.22-189-g3ac6a19@fix-issue_1830
2019-04-04 18:57:59,632: re.session.login5.jdakka.017990.0005: MainProcess                     : MainThread     : INFO    : radical.saga  version: 0.50.0-v0.50.0-22-g8c260f8@feature-summit
2019-04-04 18:57:59,632: re.session.login5.jdakka.017990.0005: MainProcess                     : MainThread     : INFO    : radical.utils version: 0.50.3
2019-04-04 18:58:00,012: re.session.login5.jdakka.017990.0005: MainProcess                     : MainThread     : DEBUG   : get rcfg 1 for ornl.summit (None)
2019-04-04 18:58:00,012: re.session.login5.jdakka.017990.0005: MainProcess                     : MainThread     : DEBUG   : get rcfg 2 for ornl.summit (None)
2019-04-04 18:58:00,012: re.session.login5.jdakka.017990.0005: MainProcess                     : MainThread     : DEBUG   : get rcfg 1 for ornl.summit (None)
2019-04-04 18:58:00,012: re.session.login5.jdakka.017990.0005: MainProcess                     : MainThread     : DEBUG   : get rcfg 2 for ornl.summit (None)
2019-04-04 18:58:00,012: re.session.login5.jdakka.017990.0005: MainProcess                     : MainThread     : DEBUG   : rsup.PTYShell('fork://localhost/')
2019-04-04 18:58:04,329: re.session.login5.jdakka.017990.0005: MainProcess                     : MainThread     : DEBUG   : sandbox base fork://localhost/: '/ccs/home/jdakka'
2019-04-04 18:58:04,452: re.session.login5.jdakka.017990.0005: MainProcess                     : MainThread     : DEBUG   : bulk pilot insert result: {'nModified': 0, 'nUpserted': 0, 'nMatched': 0, 'writeErrors': [], 'upserted': [], 'writeConcernErrors': [], 'nRemoved': 0, 'nInserted': 1}
2019-04-04 18:58:04,454: re.session.login5.jdakka.017990.0005: pmgr.0000.launching.0           : MainThread     : DEBUG   : get rcfg 1 for ornl.summit (None)
2019-04-04 18:58:04,454: re.session.login5.jdakka.017990.0005: pmgr.0000.launching.0           : MainThread     : DEBUG   : get rcfg 2 for ornl.summit (None)
2019-04-04 18:58:04,455: re.session.login5.jdakka.017990.0005: pmgr.0000.launching.0           : MainThread     : DEBUG   : get rcfg 1 for ornl.summit (None)
2019-04-04 18:58:04,455: re.session.login5.jdakka.017990.0005: pmgr.0000.launching.0           : MainThread     : DEBUG   : get rcfg 2 for ornl.summit (None)
2019-04-04 18:58:04,456: re.session.login5.jdakka.017990.0005: pmgr.0000.launching.0           : MainThread     : DEBUG   : rsup.PTYShell('fork://localhost/')
2019-04-04 18:58:08,392: re.session.login5.jdakka.017990.0005: pmgr.0000.launching.0           : MainThread     : DEBUG   : sandbox base fork://localhost/: '/ccs/home/jdakka'
2019-04-04 18:59:21,492: re.session.login5.jdakka.017990.0005: task-manager                    : Thread-1       : DEBUG   : bulk unit insert result: {'nModified': 0, 'nUpserted': 0, 'nMatched': 0, 'writeErrors': [], 'upserted': [], 'writeConcernErrors': [], 'nRemoved': 0, 'nInserted': 1}
2019-04-04 20:38:33,346: re.session.login5.jdakka.017990.0005: MainProcess                     : MainThread     : DEBUG   : session re.session.login5.jdakka.017990.0005 closing
2019-04-04 20:38:33,346: re.session.login5.jdakka.017990.0005: MainProcess                     : MainThread     : DEBUG   : session re.session.login5.jdakka.017990.0005 closes pmgr   pmgr.0000
2019-04-04 20:38:36,676: re.session.login5.jdakka.017990.0005: MainProcess                     : MainThread     : DEBUG   : session re.session.login5.jdakka.017990.0005 closed pmgr   pmgr.0000
2019-04-04 20:38:36,676: re.session.login5.jdakka.017990.0005: MainProcess                     : MainThread     : DEBUG   : session re.session.login5.jdakka.017990.0005 closes comp   update.0
2019-04-04 20:38:36,676: re.session.login5.jdakka.017990.0005: MainProcess                     : MainThread     : DEBUG   : update.0 stop called
2019-04-04 20:38:36,750: re.session.login5.jdakka.017990.0005: update.0                        : MainThread     : DEBUG   : update.0.child stop called
2019-04-04 20:38:36,858: re.session.login5.jdakka.017990.0005: update.0                        : MainThread     : DEBUG   : update.0.child stop called
2019-04-04 20:38:36,862: re.session.login5.jdakka.017990.0005: MainProcess                     : MainThread     : DEBUG   : session re.session.login5.jdakka.017990.0005 closed comp   update.0
2019-04-04 20:38:36,862: re.session.login5.jdakka.017990.0005: MainProcess                     : MainThread     : DEBUG   : session re.session.login5.jdakka.017990.0005 closes bridge control.pubsub.bridge.0000
2019-04-04 20:38:37,891: re.session.login5.jdakka.017990.0005: MainProcess                     : MainThread     : DEBUG   : session re.session.login5.jdakka.017990.0005 closed bridge control.pubsub.bridge.0000
2019-04-04 20:38:37,891: re.session.login5.jdakka.017990.0005: MainProcess                     : MainThread     : DEBUG   : session re.session.login5.jdakka.017990.0005 closes bridge state.pubsub.bridge.0000
2019-04-04 20:38:38,908: re.session.login5.jdakka.017990.0005: MainProcess                     : MainThread     : DEBUG   : session re.session.login5.jdakka.017990.0005 closed bridge state.pubsub.bridge.0000
2019-04-04 20:38:38,908: re.session.login5.jdakka.017990.0005: MainProcess                     : MainThread     : DEBUG   : session re.session.login5.jdakka.017990.0005 closes bridge log.pubsub.bridge.0000
2019-04-04 20:38:39,454: re.session.login5.jdakka.017990.0005: MainProcess                     : MainThread     : DEBUG   : session re.session.login5.jdakka.017990.0005 closed bridge log.pubsub.bridge.0000
2019-04-04 20:38:39,454: re.session.login5.jdakka.017990.0005: MainProcess                     : MainThread     : DEBUG   : session re.session.login5.jdakka.017990.0005 closes db (False)
2019-04-04 20:38:39,476: re.session.login5.jdakka.017990.0005: MainProcess                     : MainThread     : DEBUG   : session re.session.login5.jdakka.017990.0005 closed (delete=False)
2019-04-04 20:38:39,478: re.session.login5.jdakka.017990.0005: MainProcess                     : MainThread     : DEBUG   : update.0 stop called
2019-04-04 20:38:39,481: re.session.login5.jdakka.017990.0005: MainProcess                     : MainThread     : DEBUG   : start download
2019-04-04 20:38:39,798: re.session.login5.jdakka.017990.0005: MainProcess                     : MainThread     : INFO    : session written to /gpfs/alpine/bip178/scratch/jdakka/hyperspace/microscope/re.session.login5.jdakka.017990.0005/re.session.login5.jdakka.017990.0005.json
2019-04-04 20:38:40,001: re.session.login5.jdakka.017990.0005: MainProcess                     : MainThread     : DEBUG   : Session: re.session.login5.jdakka.017990.0005
2019-04-04 20:38:40,001: re.session.login5.jdakka.017990.0005: MainProcess                     : MainThread     : DEBUG   : Number of pilots in session: 1
2019-04-04 20:38:40,001: re.session.login5.jdakka.017990.0005: MainProcess                     : MainThread     : DEBUG   : processing pilot 'pilot.0000'
2019-04-04 20:38:42,744: re.session.login5.jdakka.017990.0005: MainProcess                     : MainThread     : INFO    : profiles tarball exists
2019-04-04 20:38:42,744: re.session.login5.jdakka.017990.0005: MainProcess                     : MainThread     : INFO    : fetch 'file://localhost/ccs/home/jdakka/radical.pilot.sandbox/re.session.login5.jdakka.017990.0005/pilot.0000/pilot.0000.prof.tgz' to 'file://localhost/gpfs/alpine/bip178/scratch/jdakka/hyperspace/microscope/re.session.login5.jdakka.017990.0005/'.
2019-04-04 20:38:43,062: re.session.login5.jdakka.017990.0005: MainProcess                     : MainThread     : INFO    : Extract tarball /gpfs/alpine/bip178/scratch/jdakka/hyperspace/microscope/re.session.login5.jdakka.017990.0005/pilot.0000.prof.tgz to '/gpfs/alpine/bip178/scratch/jdakka/hyperspace/microscope/re.session.login5.jdakka.017990.0005/'.
2019-04-04 20:38:43,250: re.session.login5.jdakka.017990.0005: MainProcess                     : MainThread     : INFO    : Session: re.session.login5.jdakka.017990.0005
2019-04-04 20:38:43,250: re.session.login5.jdakka.017990.0005: MainProcess                     : MainThread     : INFO    : Number of pilots in session: 1
2019-04-04 20:38:43,563: re.session.login5.jdakka.017990.0005: MainProcess                     : MainThread     : INFO    : logfiles tarball exists
2019-04-04 20:38:43,563: re.session.login5.jdakka.017990.0005: MainProcess                     : MainThread     : INFO    : Fetching 'file://localhost/ccs/home/jdakka/radical.pilot.sandbox/re.session.login5.jdakka.017990.0005/pilot.0000/pilot.0000.log.tgz' to 'file://localhost/gpfs/alpine/bip178/scratch/jdakka/hyperspace/microscope/re.session.login5.jdakka.017990.0005/'.
2019-04-04 20:38:43,878: re.session.login5.jdakka.017990.0005: MainProcess                     : MainThread     : DEBUG   : Extract tarball /gpfs/alpine/bip178/scratch/jdakka/hyperspace/microscope/re.session.login5.jdakka.017990.0005/pilot.0000.log.tgz to /gpfs/alpine/bip178/scratch/jdakka/hyperspace/microscope/re.session.login5.jdakka.017990.0005/
2019-04-04 20:38:43,928: re.session.login5.jdakka.017990.0005: MainProcess                     : MainThread     : INFO    : tarball /gpfs/alpine/bip178/scratch/jdakka/hyperspace/microscope/re.session.login5.jdakka.017990.0005/pilot.0000.log.tgz extracted to '/gpfs/alpine/bip178/scratch/jdakka/hyperspace/microscope/re.session.login5.jdakka.017990.0005//pilot.0000/'.
