2019-04-04 18:59:21,066: umgr.0000.staging.output.0.child: umgr.0000.staging.output.0      : Thread-1       : INFO    : python.interpreter   version: 2.7.15 | packaged by conda-forge | (default, Feb 28 2019, 04:20:34) [GCC 8.2.0]
2019-04-04 18:59:21,067: umgr.0000.staging.output.0.child: umgr.0000.staging.output.0      : Thread-1       : INFO    :                      pid/tid: 3488/Thread-1
2019-04-04 18:59:21,067: umgr.0000.staging.output.0.child: umgr.0000.staging.output.0      : Thread-1       : INFO    : initialize umgr.0000.staging.output.0.child
2019-04-04 18:59:21,072: umgr.0000.staging.output.0.child: umgr.0000.staging.output.0      : Thread-1       : INFO    : cfg: {'agents': {},
 u'bridges': {u'control_pubsub': {'addr_in': 'tcp://128.219.134.75:45095',
                                  'addr_out': 'tcp://128.219.134.75:35081',
                                  u'bulk_size': 0,
                                  u'log_level': u'error',
                                  u'stall_hwm': 1},
              u'log_pubsub': {'addr_in': 'tcp://128.219.134.75:42607',
                              'addr_out': 'tcp://128.219.134.75:33415',
                              u'bulk_size': 0,
                              u'log_level': u'error',
                              u'stall_hwm': 1},
              u'state_pubsub': {'addr_in': 'tcp://128.219.134.75:34755',
                                'addr_out': 'tcp://128.219.134.75:34307',
                                u'bulk_size': 0,
                                u'log_level': u'error',
                                u'stall_hwm': 1},
              u'umgr_reschedule_pubsub': {'addr_in': 'tcp://128.219.134.75:44325',
                                          'addr_out': 'tcp://128.219.134.75:43647',
                                          u'bulk_size': 0,
                                          u'log_level': u'error',
                                          u'stall_hwm': 1},
              u'umgr_scheduling_queue': {'addr_in': 'tcp://128.219.134.75:38175',
                                         'addr_out': 'tcp://128.219.134.75:38329',
                                         u'bulk_size': 0,
                                         u'log_level': u'error',
                                         u'stall_hwm': 1},
              u'umgr_staging_input_queue': {'addr_in': 'tcp://128.219.134.75:35535',
                                            'addr_out': 'tcp://128.219.134.75:36341',
                                            u'bulk_size': 0,
                                            u'log_level': u'error',
                                            u'stall_hwm': 1},
              u'umgr_staging_output_queue': {'addr_in': 'tcp://128.219.134.75:36767',
                                             'addr_out': 'tcp://128.219.134.75:42681',
                                             u'bulk_size': 0,
                                             u'log_level': u'error',
                                             u'stall_hwm': 1},
              u'umgr_unschedule_pubsub': {'addr_in': 'tcp://128.219.134.75:34873',
                                          'addr_out': 'tcp://128.219.134.75:41245',
                                          u'bulk_size': 0,
                                          u'log_level': u'error',
                                          u'stall_hwm': 1}},
 u'bulk_collection_size': 100,
 u'bulk_collection_time': 1.0,
 'cname': u'UMGRStagingOutputComponent',
 u'components': {},
 u'count': 1,
 u'db_poll_sleeptime': 1.0,
 'number': 0,
 'owner': 'umgr.0000',
 u'scheduler': u'round_robin',
 'uid': 'umgr.0000'}
2019-04-04 18:59:21,072: umgr.0000.staging.output.0.child: umgr.0000.staging.output.0      : Thread-1       : DEBUG   : start components: {}
2019-04-04 18:59:21,072: umgr.0000.staging.output.0.child: umgr.0000.staging.output.0      : Thread-1       : DEBUG   : alive check in term
2019-04-04 18:59:21,072: umgr.0000.staging.output.0.child: umgr.0000.staging.output.0      : Thread-1       : DEBUG   : START: umgr.0000.staging.output.0.child register publisher log_pubsub
2019-04-04 18:59:21,074: umgr.0000.staging.output.0.child: umgr.0000.staging.output.0      : Thread-1       : DEBUG   : using addr tcp://128.219.134.75:42607 for pubsub log_pubsub
2019-04-04 18:59:21,077: umgr.0000.staging.output.0.child: umgr.0000.staging.output.0      : Thread-1       : DEBUG   : registered publisher : log_pubsub : log.pubsub.pub.0004
2019-04-04 18:59:21,077: umgr.0000.staging.output.0.child: umgr.0000.staging.output.0      : Thread-1       : DEBUG   : alive check in term
2019-04-04 18:59:21,077: umgr.0000.staging.output.0.child: umgr.0000.staging.output.0      : Thread-1       : DEBUG   : START: umgr.0000.staging.output.0.child register publisher state_pubsub
2019-04-04 18:59:21,077: umgr.0000.staging.output.0.child: umgr.0000.staging.output.0      : Thread-1       : DEBUG   : using addr tcp://128.219.134.75:34755 for pubsub state_pubsub
2019-04-04 18:59:21,080: umgr.0000.staging.output.0.child: umgr.0000.staging.output.0      : Thread-1       : DEBUG   : registered publisher : state_pubsub : state.pubsub.pub.0004
2019-04-04 18:59:21,080: umgr.0000.staging.output.0.child: umgr.0000.staging.output.0      : Thread-1       : DEBUG   : alive check in term
2019-04-04 18:59:21,080: umgr.0000.staging.output.0.child: umgr.0000.staging.output.0      : Thread-1       : DEBUG   : START: umgr.0000.staging.output.0.child register publisher control_pubsub
2019-04-04 18:59:21,080: umgr.0000.staging.output.0.child: umgr.0000.staging.output.0      : Thread-1       : DEBUG   : using addr tcp://128.219.134.75:45095 for pubsub control_pubsub
2019-04-04 18:59:21,083: umgr.0000.staging.output.0.child: umgr.0000.staging.output.0      : Thread-1       : DEBUG   : registered publisher : control_pubsub : control.pubsub.pub.0004
2019-04-04 18:59:21,083: umgr.0000.staging.output.0.child: umgr.0000.staging.output.0      : Thread-1       : DEBUG   : alive check in term
2019-04-04 18:59:21,083: umgr.0000.staging.output.0.child: umgr.0000.staging.output.0      : Thread-1       : DEBUG   : START: umgr.0000.staging.output.0.child register subscriber umgr.0000.staging.output.0.child.subscriber._cancel_monitor_cb
2019-04-04 18:59:21,083: umgr.0000.staging.output.0.child: umgr.0000.staging.output.0      : Thread-1       : DEBUG   : using addr tcp://128.219.134.75:35081 for pubsub control_pubsub
2019-04-04 18:59:21,086: umgr.0000.staging.output.0.child: umgr.0000.staging.output.0      : Thread-1       : DEBUG   : parent name: umgr.0000.staging.output.0.child.subscriber._cancel_monitor_cb
2019-04-04 18:59:21,086: umgr.0000.staging.output.0.child: umgr.0000.staging.output.0      : Thread-1       : DEBUG   : start thread
2019-04-04 18:59:21,086: umgr.0000.staging.output.0.child: umgr.0000.staging.output.0      : umgr.0000.staging.output.0.child.subscriber._cancel_monitor_cb: DEBUG   : child name: umgr.0000.staging.output.0.child.subscriber._cancel_monitor_cb.thread
2019-04-04 18:59:21,086: umgr.0000.staging.output.0.child: umgr.0000.staging.output.0      : umgr.0000.staging.output.0.child.subscriber._cancel_monitor_cb: INFO    : child (me) initializing
2019-04-04 18:59:21,087: umgr.0000.staging.output.0.child: umgr.0000.staging.output.0      : umgr.0000.staging.output.0.child.subscriber._cancel_monitor_cb: DEBUG   : ru_initialize_common (NOOP)
2019-04-04 18:59:21,087: umgr.0000.staging.output.0.child: umgr.0000.staging.output.0      : umgr.0000.staging.output.0.child.subscriber._cancel_monitor_cb: DEBUG   : ru_initialize_child (NOOP)
2019-04-04 18:59:21,087: umgr.0000.staging.output.0.child: umgr.0000.staging.output.0      : umgr.0000.staging.output.0.child.subscriber._cancel_monitor_cb: INFO    : send alive
2019-04-04 18:59:21,087: umgr.0000.staging.output.0.child: umgr.0000.staging.output.0      : umgr.0000.staging.output.0.child.subscriber._cancel_monitor_cb: INFO    : put message: [umgr.0000.staging.output.0.child.subscriber._cancel_monitor_cb.thread] alive
2019-04-04 18:59:21,087: umgr.0000.staging.output.0.child: umgr.0000.staging.output.0      : Thread-1       : INFO    : get msg: alive
2019-04-04 18:59:21,087: umgr.0000.staging.output.0.child: umgr.0000.staging.output.0      : Thread-1       : DEBUG   : ru_initialize_common (NOOP)
2019-04-04 18:59:21,087: umgr.0000.staging.output.0.child: umgr.0000.staging.output.0      : Thread-1       : DEBUG   : ru_initialize_parent (NOOP)
2019-04-04 18:59:21,088: umgr.0000.staging.output.0.child: umgr.0000.staging.output.0      : Thread-1       : DEBUG   : child thread umgr.0000.staging.output.0.child.subscriber._cancel_monitor_cb started
2019-04-04 18:59:21,088: umgr.0000.staging.output.0.child: umgr.0000.staging.output.0      : Thread-1       : DEBUG   : umgr.0000.staging.output.0.child registered control_pubsub subscriber umgr.0000.staging.output.0.child.subscriber._cancel_monitor_cb
2019-04-04 18:59:21,088: umgr.0000.staging.output.0.child: umgr.0000.staging.output.0      : Thread-1       : DEBUG   : alive check in term
2019-04-04 18:59:21,088: umgr.0000.staging.output.0.child: umgr.0000.staging.output.0      : Thread-1       : DEBUG   : using addr tcp://128.219.134.75:42681 for input umgr_staging_output_queue
2019-04-04 18:59:21,091: umgr.0000.staging.output.0.child: umgr.0000.staging.output.0      : Thread-1       : DEBUG   : registered input umgr.0000.staging.output.0.child.work.UMGR_STAGING_OUTPUT_PENDING
2019-04-04 18:59:21,091: umgr.0000.staging.output.0.child: umgr.0000.staging.output.0      : Thread-1       : DEBUG   : START: umgr.0000.staging.output.0.child register input UMGR_STAGING_OUTPUT_PENDING: umgr.0000.staging.output.0.child.work.UMGR_STAGING_OUTPUT_PENDING
2019-04-04 18:59:21,091: umgr.0000.staging.output.0.child: umgr.0000.staging.output.0      : Thread-1       : DEBUG   : registered worker work [UMGR_STAGING_OUTPUT_PENDING]
2019-04-04 18:59:21,091: umgr.0000.staging.output.0.child: umgr.0000.staging.output.0      : Thread-1       : INFO    : child (me) initializing
2019-04-04 18:59:21,091: umgr.0000.staging.output.0.child: umgr.0000.staging.output.0      : Thread-1       : DEBUG   : parent name: umgr.0000.staging.output.0.child.watch
2019-04-04 18:59:21,091: umgr.0000.staging.output.0.child: umgr.0000.staging.output.0      : Thread-1       : DEBUG   : start thread
2019-04-04 18:59:21,091: umgr.0000.staging.output.0.child: umgr.0000.staging.output.0      : umgr.0000.staging.output.0.child.watch: DEBUG   : child name: umgr.0000.staging.output.0.child.watch.thread
2019-04-04 18:59:21,091: umgr.0000.staging.output.0.child: umgr.0000.staging.output.0      : umgr.0000.staging.output.0.child.watch: INFO    : child (me) initializing
2019-04-04 18:59:21,092: umgr.0000.staging.output.0.child: umgr.0000.staging.output.0      : umgr.0000.staging.output.0.child.watch: DEBUG   : ru_initialize_common (NOOP)
2019-04-04 18:59:21,092: umgr.0000.staging.output.0.child: umgr.0000.staging.output.0      : umgr.0000.staging.output.0.child.watch: DEBUG   : ru_initialize_child (NOOP)
2019-04-04 18:59:21,092: umgr.0000.staging.output.0.child: umgr.0000.staging.output.0      : umgr.0000.staging.output.0.child.watch: INFO    : send alive
2019-04-04 18:59:21,092: umgr.0000.staging.output.0.child: umgr.0000.staging.output.0      : umgr.0000.staging.output.0.child.watch: INFO    : put message: [umgr.0000.staging.output.0.child.watch.thread] alive
2019-04-04 18:59:21,093: umgr.0000.staging.output.0.child: umgr.0000.staging.output.0      : Thread-1       : INFO    : get msg: alive
2019-04-04 18:59:21,093: umgr.0000.staging.output.0.child: umgr.0000.staging.output.0      : Thread-1       : DEBUG   : ru_initialize_common (NOOP)
2019-04-04 18:59:21,093: umgr.0000.staging.output.0.child: umgr.0000.staging.output.0      : Thread-1       : DEBUG   : ru_initialize_parent (NOOP)
2019-04-04 18:59:21,093: umgr.0000.staging.output.0.child: umgr.0000.staging.output.0      : Thread-1       : DEBUG   : child thread umgr.0000.staging.output.0.child.watch started
2019-04-04 18:59:21,093: umgr.0000.staging.output.0.child: umgr.0000.staging.output.0      : Thread-1       : INFO    : child (me) is alive
2019-04-04 18:59:21,093: umgr.0000.staging.output.0.child: umgr.0000.staging.output.0      : Thread-1       : INFO    : send alive
2019-04-04 18:59:21,093: umgr.0000.staging.output.0.child: umgr.0000.staging.output.0      : Thread-1       : INFO    : send message: [umgr.0000.staging.output.0.child] alive
2019-04-04 18:59:21,451: umgr.0000.staging.output.0.child: umgr.0000.staging.output.0      : umgr.0000.staging.output.0.child.subscriber._cancel_monitor_cb: DEBUG   : command ignored: add_pilots
2019-04-04 20:37:33,064: umgr.0000.staging.output.0.child: umgr.0000.staging.output.0      : Thread-1       : DEBUG   : got unit (unit.000000)
2019-04-04 20:37:33,064: umgr.0000.staging.output.0.child: umgr.0000.staging.output.0      : Thread-1       : DEBUG   : advance bulk size: 1 [False, True]
2019-04-04 20:37:33,065: umgr.0000.staging.output.0.child: umgr.0000.staging.output.0      : Thread-1       : DEBUG   : advance bulk size: 1 [True, True]
2019-04-04 20:37:33,065: umgr.0000.staging.output.0.child: umgr.0000.staging.output.0      : Thread-1       : DEBUG   : final unit.000000 [DONE]
2019-04-04 20:37:58,079: umgr.0000.staging.output.0.child: umgr.0000.staging.output.0      : umgr.0000.staging.output.0.child.watch: INFO    : recv message: 
2019-04-04 20:37:58,079: umgr.0000.staging.output.0.child: umgr.0000.staging.output.0      : umgr.0000.staging.output.0.child.watch: INFO    : message received: 
2019-04-04 20:37:58,079: umgr.0000.staging.output.0.child: umgr.0000.staging.output.0      : umgr.0000.staging.output.0.child.watch: WARNING : no message, parent closed ep!
2019-04-04 20:37:58,079: umgr.0000.staging.output.0.child: umgr.0000.staging.output.0      : umgr.0000.staging.output.0.child.watch: INFO    : watcher closes
2019-04-04 20:37:58,079: umgr.0000.staging.output.0.child: umgr.0000.staging.output.0      : umgr.0000.staging.output.0.child.watch: INFO    : put message: [umgr.0000.staging.output.0.child.watch.thread] work finished
2019-04-04 20:37:58,079: umgr.0000.staging.output.0.child: umgr.0000.staging.output.0      : umgr.0000.staging.output.0.child.watch: DEBUG   : ru_finalize_child (NOOP)
2019-04-04 20:37:58,079: umgr.0000.staging.output.0.child: umgr.0000.staging.output.0      : umgr.0000.staging.output.0.child.watch: DEBUG   : ru_finalize_common (NOOP)
2019-04-04 20:37:58,079: umgr.0000.staging.output.0.child: umgr.0000.staging.output.0      : umgr.0000.staging.output.0.child.watch: INFO    : put message: [umgr.0000.staging.output.0.child.watch.thread] terminating
2019-04-04 20:37:58,099: umgr.0000.staging.output.0.child: umgr.0000.staging.output.0      : Thread-1       : DEBUG   : ru_finalize_common()
2019-04-04 20:37:58,099: umgr.0000.staging.output.0.child: umgr.0000.staging.output.0      : Thread-1       : WARNING : alive check: proc invalid - stop [False - True]
2019-04-04 20:37:58,196: umgr.0000.staging.output.0.child: umgr.0000.staging.output.0      : Thread-1       : INFO    : stop umgr.0000.staging.output.0.child (3488 : 3488 : Thread-1) [radical.utils.process.Default.is_valid]
2019-04-04 20:37:58,198: umgr.0000.staging.output.0.child: umgr.0000.staging.output.0      : Thread-1       : INFO    : parent stops child  3488 -> 3488 [umgr.0000.staging.output.0.child]
2019-04-04 20:37:58,198: umgr.0000.staging.output.0.child: umgr.0000.staging.output.0      : Thread-1       : INFO    : send message: [umgr.0000.staging.output.0.child] STOP
2019-04-04 20:37:58,198: umgr.0000.staging.output.0.child: umgr.0000.staging.output.0      : Thread-1       : WARNING : send failed ([Errno 9] Bad file descriptor) - terminate
2019-04-04 20:37:58,198: umgr.0000.staging.output.0.child: umgr.0000.staging.output.0      : Thread-1       : DEBUG   : ru_finalize_common()
2019-04-04 20:37:58,198: umgr.0000.staging.output.0.child: umgr.0000.staging.output.0      : Thread-1       : DEBUG   : TERM : umgr.0000.staging.output.0.child unregister publisher log_pubsub
2019-04-04 20:37:58,199: umgr.0000.staging.output.0.child: umgr.0000.staging.output.0      : Thread-1       : DEBUG   : unregistered publisher log_pubsub
2019-04-04 20:37:58,199: umgr.0000.staging.output.0.child: umgr.0000.staging.output.0      : Thread-1       : DEBUG   : TERM : umgr.0000.staging.output.0.child unregister publisher state_pubsub
2019-04-04 20:37:58,199: umgr.0000.staging.output.0.child: umgr.0000.staging.output.0      : Thread-1       : DEBUG   : unregistered publisher state_pubsub
2019-04-04 20:37:58,200: umgr.0000.staging.output.0.child: umgr.0000.staging.output.0      : Thread-1       : DEBUG   : TERM : umgr.0000.staging.output.0.child unregister publisher control_pubsub
2019-04-04 20:37:58,200: umgr.0000.staging.output.0.child: umgr.0000.staging.output.0      : Thread-1       : DEBUG   : unregistered publisher control_pubsub
2019-04-04 20:37:58,200: umgr.0000.staging.output.0.child: umgr.0000.staging.output.0      : Thread-1       : DEBUG   : umgr.0000.staging.output.0.child close prof
2019-04-04 20:37:58,202: umgr.0000.staging.output.0.child: umgr.0000.staging.output.0      : Thread-1       : INFO    : parent stops child
2019-04-04 20:37:58,202: umgr.0000.staging.output.0.child: umgr.0000.staging.output.0      : Thread-1       : DEBUG   : ru_finalize_parent (NOOP)
2019-04-04 20:37:58,202: umgr.0000.staging.output.0.child: umgr.0000.staging.output.0      : Thread-1       : DEBUG   : ru_finalize_common (NOOP)
2019-04-04 20:37:58,202: umgr.0000.staging.output.0.child: umgr.0000.staging.output.0      : Thread-1       : INFO    : parent stops child
2019-04-04 20:37:58,202: umgr.0000.staging.output.0.child: umgr.0000.staging.output.0      : Thread-1       : DEBUG   : ru_finalize_parent (NOOP)
2019-04-04 20:37:58,202: umgr.0000.staging.output.0.child: umgr.0000.staging.output.0      : umgr.0000.staging.output.0.child.subscriber._cancel_monitor_cb: DEBUG   : ru_finalize_child (NOOP)
2019-04-04 20:37:58,202: umgr.0000.staging.output.0.child: umgr.0000.staging.output.0      : umgr.0000.staging.output.0.child.subscriber._cancel_monitor_cb: INFO    : put message: [umgr.0000.staging.output.0.child.subscriber._cancel_monitor_cb.thread] terminating
2019-04-04 20:37:58,202: umgr.0000.staging.output.0.child: umgr.0000.staging.output.0      : Thread-1       : WARNING : super umgr.0000.staging.output.0.child is invalid
2019-04-04 20:37:58,203: umgr.0000.staging.output.0.child: umgr.0000.staging.output.0      : Thread-1       : WARNING : component umgr.0000.staging.output.0.child is invalid
2019-04-04 20:37:58,204: umgr.0000.staging.output.0.child: umgr.0000.staging.output.0      : Thread-1       : INFO    : stop umgr.0000.staging.output.0.child (3488 : 3488 : Thread-1) [radical.pilot.utils.component.Default.is_valid]
2019-04-04 20:37:58,204: umgr.0000.staging.output.0.child: umgr.0000.staging.output.0      : Thread-1       : WARNING : publisher log_pubsub is not registered
2019-04-04 20:37:58,204: umgr.0000.staging.output.0.child: umgr.0000.staging.output.0      : Thread-1       : WARNING : publisher state_pubsub is not registered
2019-04-04 20:37:58,204: umgr.0000.staging.output.0.child: umgr.0000.staging.output.0      : Thread-1       : WARNING : publisher control_pubsub is not registered
2019-04-04 20:37:58,204: umgr.0000.staging.output.0.child: umgr.0000.staging.output.0      : Thread-1       : DEBUG   : umgr.0000.staging.output.0.child close prof
2019-04-04 20:37:58,204: umgr.0000.staging.output.0.child: umgr.0000.staging.output.0      : Thread-1       : INFO    : send message: [umgr.0000.staging.output.0.child] terminating
2019-04-04 20:37:58,204: umgr.0000.staging.output.0.child: umgr.0000.staging.output.0      : Thread-1       : WARNING : send failed ([Errno 9] Bad file descriptor) - terminate
2019-04-04 20:37:58,204: umgr.0000.staging.output.0.child: umgr.0000.staging.output.0      : Thread-1       : INFO    : parent stops child
