2019-04-04 18:57:59,431: control.pubsub.sub.0000: update.0                        : MainThread     : INFO    : python.interpreter   version: 2.7.15 | packaged by conda-forge | (default, Feb 28 2019, 04:20:34) [GCC 8.2.0]
2019-04-04 18:57:59,431: control.pubsub.sub.0000: update.0                        : MainThread     : INFO    :                      pid/tid: 128133/MainThread
2019-04-04 18:57:59,431: control.pubsub.sub.0000: update.0                        : MainThread     : INFO    : create control_pubsub - sub - tcp://128.219.134.75:35081
2019-04-04 18:57:59,431: control.pubsub.sub.0000: update.0                        : MainThread     : DEBUG   : start process
2019-04-04 18:57:59,432: control.pubsub.sub.0000: update.0                        : MainThread     : DEBUG   : ru_initialize_common (NOOP)
2019-04-04 18:57:59,432: control.pubsub.sub.0000: update.0                        : MainThread     : DEBUG   : ru_initialize_parent (NOOP)
2019-04-04 18:57:59,432: control.pubsub.sub.0000: update.0                        : MainThread     : DEBUG   : process class started (no child)
2019-04-04 18:57:59,818: control.pubsub.sub.0000: pmgr.0000.launching.0           : MainThread     : INFO    : python.interpreter   version: 2.7.15 | packaged by conda-forge | (default, Feb 28 2019, 04:20:34) [GCC 8.2.0]
2019-04-04 18:57:59,819: control.pubsub.sub.0000: pmgr.0000.launching.0           : MainThread     : INFO    :                      pid/tid: 128164/MainThread
2019-04-04 18:57:59,819: control.pubsub.sub.0000: pmgr.0000.launching.0           : MainThread     : INFO    : create control_pubsub - sub - tcp://128.219.134.75:35081
2019-04-04 18:57:59,917: control.pubsub.sub.0000: pmgr.0000.launching.0           : MainThread     : DEBUG   : start process
2019-04-04 18:57:59,917: control.pubsub.sub.0000: pmgr.0000.launching.0           : MainThread     : DEBUG   : ru_initialize_common (NOOP)
2019-04-04 18:57:59,917: control.pubsub.sub.0000: pmgr.0000.launching.0           : MainThread     : DEBUG   : ru_initialize_parent (NOOP)
2019-04-04 18:57:59,917: control.pubsub.sub.0000: pmgr.0000.launching.0           : MainThread     : DEBUG   : process class started (no child)
2019-04-04 18:57:59,961: control.pubsub.sub.0000: MainProcess                     : MainThread     : INFO    : python.interpreter   version: 2.7.15 | packaged by conda-forge | (default, Feb 28 2019, 04:20:34) [GCC 8.2.0]
2019-04-04 18:57:59,962: control.pubsub.sub.0000: MainProcess                     : MainThread     : INFO    :                      pid/tid: 128052/MainThread
2019-04-04 18:57:59,962: control.pubsub.sub.0000: MainProcess                     : MainThread     : INFO    : create control_pubsub - sub - tcp://128.219.134.75:35081
2019-04-04 18:57:59,962: control.pubsub.sub.0000: MainProcess                     : MainThread     : DEBUG   : start process
2019-04-04 18:57:59,962: control.pubsub.sub.0000: MainProcess                     : MainThread     : DEBUG   : ru_initialize_common (NOOP)
2019-04-04 18:57:59,962: control.pubsub.sub.0000: MainProcess                     : MainThread     : DEBUG   : ru_initialize_parent (NOOP)
2019-04-04 18:57:59,962: control.pubsub.sub.0000: MainProcess                     : MainThread     : DEBUG   : process class started (no child)
2019-04-04 20:38:36,641: control.pubsub.sub.0000: MainProcess                     : MainThread     : INFO    : parent stops child  128052 -> None [control.pubsub.sub.0000]
2019-04-04 20:38:36,641: control.pubsub.sub.0000: MainProcess                     : MainThread     : DEBUG   : ru_finalize_parent (NOOP)
2019-04-04 20:38:36,855: control.pubsub.sub.0000: update.0                        : MainThread     : INFO    : parent stops child  128133 -> None [control.pubsub.sub.0000]
2019-04-04 20:38:36,855: control.pubsub.sub.0000: update.0                        : MainThread     : DEBUG   : ru_finalize_parent (NOOP)
