2019-04-04 18:57:59,926: control.pubsub.sub.0001: pmgr.0000.launching.0           : MainThread     : INFO    : python.interpreter   version: 2.7.15 | packaged by conda-forge | (default, Feb 28 2019, 04:20:34) [GCC 8.2.0]
2019-04-04 18:57:59,926: control.pubsub.sub.0001: pmgr.0000.launching.0           : MainThread     : INFO    :                      pid/tid: 128164/MainThread
2019-04-04 18:57:59,926: control.pubsub.sub.0001: pmgr.0000.launching.0           : MainThread     : INFO    : create control_pubsub - sub - tcp://128.219.134.75:35081
2019-04-04 18:57:59,926: control.pubsub.sub.0001: pmgr.0000.launching.0           : MainThread     : DEBUG   : start process
2019-04-04 18:57:59,926: control.pubsub.sub.0001: pmgr.0000.launching.0           : MainThread     : DEBUG   : ru_initialize_common (NOOP)
2019-04-04 18:57:59,926: control.pubsub.sub.0001: pmgr.0000.launching.0           : MainThread     : DEBUG   : ru_initialize_parent (NOOP)
2019-04-04 18:57:59,926: control.pubsub.sub.0001: pmgr.0000.launching.0           : MainThread     : DEBUG   : process class started (no child)
2019-04-04 18:59:20,841: control.pubsub.sub.0001: umgr.0000.staging.input.0       : Thread-1       : INFO    : python.interpreter   version: 2.7.15 | packaged by conda-forge | (default, Feb 28 2019, 04:20:34) [GCC 8.2.0]
2019-04-04 18:59:20,841: control.pubsub.sub.0001: umgr.0000.staging.input.0       : Thread-1       : INFO    :                      pid/tid: 3465/Thread-1
2019-04-04 18:59:20,841: control.pubsub.sub.0001: umgr.0000.staging.input.0       : Thread-1       : INFO    : create control_pubsub - sub - tcp://128.219.134.75:35081
2019-04-04 18:59:20,841: control.pubsub.sub.0001: umgr.0000.staging.input.0       : Thread-1       : DEBUG   : start process
2019-04-04 18:59:20,842: control.pubsub.sub.0001: umgr.0000.staging.input.0       : Thread-1       : DEBUG   : ru_initialize_common (NOOP)
2019-04-04 18:59:20,842: control.pubsub.sub.0001: umgr.0000.staging.input.0       : Thread-1       : DEBUG   : ru_initialize_parent (NOOP)
2019-04-04 18:59:20,842: control.pubsub.sub.0001: umgr.0000.staging.input.0       : Thread-1       : DEBUG   : process class started (no child)
2019-04-04 18:59:21,084: control.pubsub.sub.0001: umgr.0000.staging.output.0      : Thread-1       : INFO    : python.interpreter   version: 2.7.15 | packaged by conda-forge | (default, Feb 28 2019, 04:20:34) [GCC 8.2.0]
2019-04-04 18:59:21,085: control.pubsub.sub.0001: umgr.0000.staging.output.0      : Thread-1       : INFO    :                      pid/tid: 3488/Thread-1
2019-04-04 18:59:21,085: control.pubsub.sub.0001: umgr.0000.staging.output.0      : Thread-1       : INFO    : create control_pubsub - sub - tcp://128.219.134.75:35081
2019-04-04 18:59:21,085: control.pubsub.sub.0001: umgr.0000.staging.output.0      : Thread-1       : DEBUG   : start process
2019-04-04 18:59:21,085: control.pubsub.sub.0001: umgr.0000.staging.output.0      : Thread-1       : DEBUG   : ru_initialize_common (NOOP)
2019-04-04 18:59:21,086: control.pubsub.sub.0001: umgr.0000.staging.output.0      : Thread-1       : DEBUG   : ru_initialize_parent (NOOP)
2019-04-04 18:59:21,086: control.pubsub.sub.0001: umgr.0000.staging.output.0      : Thread-1       : DEBUG   : process class started (no child)
2019-04-04 18:59:21,219: control.pubsub.sub.0001: umgr.0000.scheduling.0          : Thread-1       : INFO    : python.interpreter   version: 2.7.15 | packaged by conda-forge | (default, Feb 28 2019, 04:20:34) [GCC 8.2.0]
2019-04-04 18:59:21,219: control.pubsub.sub.0001: umgr.0000.scheduling.0          : Thread-1       : INFO    :                      pid/tid: 3508/Thread-1
2019-04-04 18:59:21,219: control.pubsub.sub.0001: umgr.0000.scheduling.0          : Thread-1       : INFO    : create control_pubsub - sub - tcp://128.219.134.75:35081
2019-04-04 18:59:21,220: control.pubsub.sub.0001: umgr.0000.scheduling.0          : Thread-1       : DEBUG   : start process
2019-04-04 18:59:21,220: control.pubsub.sub.0001: umgr.0000.scheduling.0          : Thread-1       : DEBUG   : ru_initialize_common (NOOP)
2019-04-04 18:59:21,221: control.pubsub.sub.0001: umgr.0000.scheduling.0          : Thread-1       : DEBUG   : ru_initialize_parent (NOOP)
2019-04-04 18:59:21,221: control.pubsub.sub.0001: umgr.0000.scheduling.0          : Thread-1       : DEBUG   : process class started (no child)
2019-04-04 20:37:58,073: control.pubsub.sub.0001: umgr.0000.scheduling.0          : Thread-1       : INFO    : parent stops child  3508 -> None [control.pubsub.sub.0001]
2019-04-04 20:37:58,073: control.pubsub.sub.0001: umgr.0000.scheduling.0          : Thread-1       : DEBUG   : ru_finalize_parent (NOOP)
2019-04-04 20:37:58,202: control.pubsub.sub.0001: umgr.0000.staging.output.0      : Thread-1       : INFO    : parent stops child  3488 -> None [control.pubsub.sub.0001]
2019-04-04 20:37:58,202: control.pubsub.sub.0001: umgr.0000.staging.output.0      : Thread-1       : DEBUG   : ru_finalize_parent (NOOP)
2019-04-04 20:37:58,599: control.pubsub.sub.0001: umgr.0000.staging.input.0       : Thread-1       : INFO    : parent stops child  3465 -> None [control.pubsub.sub.0001]
2019-04-04 20:37:58,599: control.pubsub.sub.0001: umgr.0000.staging.input.0       : Thread-1       : DEBUG   : ru_finalize_parent (NOOP)
