2019-04-04 18:57:59,282: update.0            : MainProcess                     : MainThread     : INFO    : python.interpreter   version: 2.7.15 | packaged by conda-forge | (default, Feb 28 2019, 04:20:34) [GCC 8.2.0]
2019-04-04 18:57:59,282: update.0            : MainProcess                     : MainThread     : INFO    :                      pid/tid: 128052/MainThread
2019-04-04 18:57:59,282: update.0            : MainProcess                     : MainThread     : DEBUG   : alive check in term
2019-04-04 18:57:59,283: update.0            : MainProcess                     : MainThread     : DEBUG   : start process
2019-04-04 18:57:59,620: update.0            : MainProcess                     : MainThread     : INFO    : recv message: alive
2019-04-04 18:57:59,620: update.0            : MainProcess                     : MainThread     : INFO    : initialize update.0
2019-04-04 18:57:59,622: update.0            : MainProcess                     : MainThread     : INFO    : cfg: {'agents': {},
 u'bridges': {u'control_pubsub': {'addr_in': 'tcp://128.219.134.75:45095',
                                  'addr_out': 'tcp://128.219.134.75:35081',
                                  u'bulk_size': 0,
                                  u'log_level': u'error',
                                  u'stall_hwm': 1},
              u'log_pubsub': {'addr_in': 'tcp://128.219.134.75:42607',
                              'addr_out': 'tcp://128.219.134.75:33415',
                              u'bulk_size': 0,
                              u'log_level': u'error',
                              u'stall_hwm': 1},
              u'state_pubsub': {'addr_in': 'tcp://128.219.134.75:34755',
                                'addr_out': 'tcp://128.219.134.75:34307',
                                u'bulk_size': 0,
                                u'log_level': u'error',
                                u'stall_hwm': 1}},
 'cname': u'UpdateWorker',
 u'components': {},
 u'count': 1,
 'dburl': 'mongodb://user:user@ds223760.mlab.com:23760/adaptivity',
 u'default_dburl': u'mongodb://rp:rp@ds015335.mlab.com:15335/rp',
 'logdir': '/gpfs/alpine/bip178/scratch/jdakka/hyperspace/microscope/re.session.login5.jdakka.017990.0005',
 'number': 0,
 'owner': 're.session.login5.jdakka.017990.0005',
 'session_id': 're.session.login5.jdakka.017990.0005'}
2019-04-04 18:57:59,622: update.0            : MainProcess                     : MainThread     : DEBUG   : alive check in term
2019-04-04 18:57:59,622: update.0            : MainProcess                     : MainThread     : DEBUG   : START: update.0 register publisher log_pubsub
2019-04-04 18:57:59,622: update.0            : MainProcess                     : MainThread     : DEBUG   : using addr tcp://128.219.134.75:42607 for pubsub log_pubsub
2019-04-04 18:57:59,624: update.0            : MainProcess                     : MainThread     : DEBUG   : registered publisher : log_pubsub : log.pubsub.pub.0000
2019-04-04 18:57:59,624: update.0            : MainProcess                     : MainThread     : DEBUG   : alive check in term
2019-04-04 18:57:59,624: update.0            : MainProcess                     : MainThread     : DEBUG   : START: update.0 register publisher state_pubsub
2019-04-04 18:57:59,624: update.0            : MainProcess                     : MainThread     : DEBUG   : using addr tcp://128.219.134.75:34755 for pubsub state_pubsub
2019-04-04 18:57:59,627: update.0            : MainProcess                     : MainThread     : DEBUG   : registered publisher : state_pubsub : state.pubsub.pub.0000
2019-04-04 18:57:59,627: update.0            : MainProcess                     : MainThread     : DEBUG   : alive check in term
2019-04-04 18:57:59,627: update.0            : MainProcess                     : MainThread     : DEBUG   : START: update.0 register publisher control_pubsub
2019-04-04 18:57:59,627: update.0            : MainProcess                     : MainThread     : DEBUG   : using addr tcp://128.219.134.75:45095 for pubsub control_pubsub
2019-04-04 18:57:59,630: update.0            : MainProcess                     : MainThread     : DEBUG   : registered publisher : control_pubsub : control.pubsub.pub.0000
2019-04-04 18:57:59,630: update.0            : MainProcess                     : MainThread     : DEBUG   : parent name: update.0.watch
2019-04-04 18:57:59,630: update.0            : MainProcess                     : MainThread     : DEBUG   : start thread
2019-04-04 18:57:59,630: update.0            : MainProcess                     : update.0.watch : DEBUG   : child name: update.0.watch.thread
2019-04-04 18:57:59,631: update.0            : MainProcess                     : update.0.watch : INFO    : child (me) initializing
2019-04-04 18:57:59,631: update.0            : MainProcess                     : update.0.watch : DEBUG   : ru_initialize_common (NOOP)
2019-04-04 18:57:59,631: update.0            : MainProcess                     : update.0.watch : DEBUG   : ru_initialize_child (NOOP)
2019-04-04 18:57:59,631: update.0            : MainProcess                     : update.0.watch : INFO    : send alive
2019-04-04 18:57:59,631: update.0            : MainProcess                     : update.0.watch : INFO    : put message: [update.0.watch.thread] alive
2019-04-04 18:57:59,632: update.0            : MainProcess                     : MainThread     : INFO    : get msg: alive
2019-04-04 18:57:59,632: update.0            : MainProcess                     : MainThread     : DEBUG   : ru_initialize_common (NOOP)
2019-04-04 18:57:59,632: update.0            : MainProcess                     : MainThread     : DEBUG   : ru_initialize_parent (NOOP)
2019-04-04 18:57:59,632: update.0            : MainProcess                     : MainThread     : DEBUG   : child thread update.0.watch started
2019-04-04 18:57:59,632: update.0            : MainProcess                     : MainThread     : INFO    : child is alive
2019-04-04 18:57:59,632: update.0            : MainProcess                     : MainThread     : DEBUG   : process class started child
2019-04-04 20:38:36,679: update.0            : MainProcess                     : MainThread     : INFO    : stop update.0 (128052 : 128133 : MainThread) [radical.pilot.worker.update.Update.stop]
2019-04-04 20:38:36,680: update.0            : MainProcess                     : MainThread     : INFO    : parent stops child  128052 -> 128133 [update.0]
2019-04-04 20:38:36,681: update.0            : MainProcess                     : MainThread     : INFO    : send message: [update.0] STOP
2019-04-04 20:38:36,681: update.0            : MainProcess                     : MainThread     : DEBUG   : ru_finalize_common()
2019-04-04 20:38:36,681: update.0            : MainProcess                     : MainThread     : DEBUG   : TERM : update.0 unregister publisher log_pubsub
2019-04-04 20:38:36,681: update.0            : MainProcess                     : MainThread     : DEBUG   : unregistered publisher log_pubsub
2019-04-04 20:38:36,681: update.0            : MainProcess                     : MainThread     : DEBUG   : TERM : update.0 unregister publisher state_pubsub
2019-04-04 20:38:36,682: update.0            : MainProcess                     : MainThread     : DEBUG   : unregistered publisher state_pubsub
2019-04-04 20:38:36,682: update.0            : MainProcess                     : MainThread     : DEBUG   : TERM : update.0 unregister publisher control_pubsub
2019-04-04 20:38:36,683: update.0            : MainProcess                     : MainThread     : DEBUG   : unregistered publisher control_pubsub
2019-04-04 20:38:36,683: update.0            : MainProcess                     : MainThread     : DEBUG   : update.0 close prof
2019-04-04 20:38:36,685: update.0            : MainProcess                     : MainThread     : INFO    : parent stops child
2019-04-04 20:38:36,685: update.0            : MainProcess                     : MainThread     : DEBUG   : ru_finalize_parent (NOOP)
2019-04-04 20:38:36,685: update.0            : MainProcess                     : MainThread     : DEBUG   : ru_finalize_common (NOOP)
2019-04-04 20:38:36,760: update.0            : MainProcess                     : update.0.watch : INFO    : watcher closes
2019-04-04 20:38:36,760: update.0            : MainProcess                     : update.0.watch : INFO    : put message: [update.0.watch.thread] work finished
2019-04-04 20:38:36,760: update.0            : MainProcess                     : update.0.watch : DEBUG   : ru_finalize_child (NOOP)
2019-04-04 20:38:36,760: update.0            : MainProcess                     : update.0.watch : DEBUG   : ru_finalize_common (NOOP)
2019-04-04 20:38:36,760: update.0            : MainProcess                     : update.0.watch : INFO    : put message: [update.0.watch.thread] terminating
2019-04-04 20:38:39,479: update.0            : MainProcess                     : MainThread     : INFO    : stop update.0 (128052 : 128133 : MainThread) [radical.pilot.worker.update.Update.stop]
