2019-04-03 18:43:25,656: control.pubsub.sub.0000: agent_0.staging.output.0        : MainThread     : INFO    : python.interpreter   version: 2.7.5 (default, May 31 2018, 09:45:54) [GCC 4.8.5 20150623 (Red Hat 4.8.5-28)]
2019-04-03 18:43:25,657: control.pubsub.sub.0000: agent_0.staging.output.0        : MainThread     : INFO    :                      pid/tid: 34834/MainThread
2019-04-03 18:43:25,657: control.pubsub.sub.0000: agent_0.staging.output.0        : MainThread     : INFO    : create control_pubsub - sub - tcp://128.219.134.85:37511
2019-04-03 18:43:25,657: control.pubsub.sub.0000: agent_0.staging.output.0        : MainThread     : DEBUG   : start process
2019-04-03 18:43:25,657: control.pubsub.sub.0000: agent_0.staging.output.0        : MainThread     : DEBUG   : ru_initialize_common (NOOP)
2019-04-03 18:43:25,657: control.pubsub.sub.0000: agent_0.staging.output.0        : MainThread     : DEBUG   : ru_initialize_parent (NOOP)
2019-04-03 18:43:25,658: control.pubsub.sub.0000: agent_0.staging.output.0        : MainThread     : DEBUG   : process class started (no child)
2019-04-03 18:43:26,043: control.pubsub.sub.0000: agent_0.scheduling.0            : MainThread     : INFO    : python.interpreter   version: 2.7.5 (default, May 31 2018, 09:45:54) [GCC 4.8.5 20150623 (Red Hat 4.8.5-28)]
2019-04-03 18:43:26,043: control.pubsub.sub.0000: agent_0.scheduling.0            : MainThread     : INFO    :                      pid/tid: 34897/MainThread
2019-04-03 18:43:26,043: control.pubsub.sub.0000: agent_0.scheduling.0            : MainThread     : INFO    : create control_pubsub - sub - tcp://128.219.134.85:37511
2019-04-03 18:43:26,044: control.pubsub.sub.0000: agent_0.scheduling.0            : MainThread     : DEBUG   : start process
2019-04-03 18:43:26,044: control.pubsub.sub.0000: agent_0.scheduling.0            : MainThread     : DEBUG   : ru_initialize_common (NOOP)
2019-04-03 18:43:26,044: control.pubsub.sub.0000: agent_0.scheduling.0            : MainThread     : DEBUG   : ru_initialize_parent (NOOP)
2019-04-03 18:43:26,044: control.pubsub.sub.0000: agent_0.scheduling.0            : MainThread     : DEBUG   : process class started (no child)
2019-04-03 18:43:26,293: control.pubsub.sub.0000: agent_0.staging.input.0         : MainThread     : INFO    : python.interpreter   version: 2.7.5 (default, May 31 2018, 09:45:54) [GCC 4.8.5 20150623 (Red Hat 4.8.5-28)]
2019-04-03 18:43:26,293: control.pubsub.sub.0000: agent_0.staging.input.0         : MainThread     : INFO    :                      pid/tid: 34966/MainThread
2019-04-03 18:43:26,293: control.pubsub.sub.0000: agent_0.staging.input.0         : MainThread     : INFO    : create control_pubsub - sub - tcp://128.219.134.85:37511
2019-04-03 18:43:26,294: control.pubsub.sub.0000: agent_0.staging.input.0         : MainThread     : DEBUG   : start process
2019-04-03 18:43:26,294: control.pubsub.sub.0000: agent_0.staging.input.0         : MainThread     : DEBUG   : ru_initialize_common (NOOP)
2019-04-03 18:43:26,294: control.pubsub.sub.0000: agent_0.staging.input.0         : MainThread     : DEBUG   : ru_initialize_parent (NOOP)
2019-04-03 18:43:26,294: control.pubsub.sub.0000: agent_0.staging.input.0         : MainThread     : DEBUG   : process class started (no child)
2019-04-03 18:43:26,522: control.pubsub.sub.0000: update.0                        : MainThread     : INFO    : python.interpreter   version: 2.7.5 (default, May 31 2018, 09:45:54) [GCC 4.8.5 20150623 (Red Hat 4.8.5-28)]
2019-04-03 18:43:26,522: control.pubsub.sub.0000: update.0                        : MainThread     : INFO    :                      pid/tid: 35024/MainThread
2019-04-03 18:43:26,522: control.pubsub.sub.0000: update.0                        : MainThread     : INFO    : create control_pubsub - sub - tcp://128.219.134.85:37511
2019-04-03 18:43:26,523: control.pubsub.sub.0000: update.0                        : MainThread     : DEBUG   : start process
2019-04-03 18:43:26,523: control.pubsub.sub.0000: update.0                        : MainThread     : DEBUG   : ru_initialize_common (NOOP)
2019-04-03 18:43:26,523: control.pubsub.sub.0000: update.0                        : MainThread     : DEBUG   : ru_initialize_parent (NOOP)
2019-04-03 18:43:26,523: control.pubsub.sub.0000: update.0                        : MainThread     : DEBUG   : process class started (no child)
2019-04-03 18:43:26,950: control.pubsub.sub.0000: agent_0.executing.0             : MainThread     : INFO    : python.interpreter   version: 2.7.5 (default, May 31 2018, 09:45:54) [GCC 4.8.5 20150623 (Red Hat 4.8.5-28)]
2019-04-03 18:43:26,950: control.pubsub.sub.0000: agent_0.executing.0             : MainThread     : INFO    :                      pid/tid: 35089/MainThread
2019-04-03 18:43:26,950: control.pubsub.sub.0000: agent_0.executing.0             : MainThread     : INFO    : create control_pubsub - sub - tcp://128.219.134.85:37511
2019-04-03 18:43:26,950: control.pubsub.sub.0000: agent_0.executing.0             : MainThread     : DEBUG   : start process
2019-04-03 18:43:26,950: control.pubsub.sub.0000: agent_0.executing.0             : MainThread     : DEBUG   : ru_initialize_common (NOOP)
2019-04-03 18:43:26,950: control.pubsub.sub.0000: agent_0.executing.0             : MainThread     : DEBUG   : ru_initialize_parent (NOOP)
2019-04-03 18:43:26,951: control.pubsub.sub.0000: agent_0.executing.0             : MainThread     : DEBUG   : process class started (no child)
2019-04-03 18:44:32,858: control.pubsub.sub.0000: agent_0.staging.output.0        : agent_0.staging.output.0.child.subscriber._cancel_monitor_cb: INFO    : parent stops child  34834 -> None [control.pubsub.sub.0000]
2019-04-03 18:44:32,859: control.pubsub.sub.0000: agent_0.staging.output.0        : agent_0.staging.output.0.child.subscriber._cancel_monitor_cb: DEBUG   : ru_finalize_parent (NOOP)
2019-04-03 18:44:32,859: control.pubsub.sub.0000: agent_0.executing.0             : agent_0.executing.0.child.subscriber._cancel_monitor_cb: INFO    : parent stops child  35089 -> None [control.pubsub.sub.0000]
2019-04-03 18:44:32,859: control.pubsub.sub.0000: agent_0.scheduling.0            : agent_0.scheduling.0.child.subscriber._cancel_monitor_cb: INFO    : parent stops child  34897 -> None [control.pubsub.sub.0000]
2019-04-03 18:44:32,859: control.pubsub.sub.0000: agent_0.scheduling.0            : agent_0.scheduling.0.child.subscriber._cancel_monitor_cb: DEBUG   : ru_finalize_parent (NOOP)
2019-04-03 18:44:32,859: control.pubsub.sub.0000: agent_0.executing.0             : agent_0.executing.0.child.subscriber._cancel_monitor_cb: DEBUG   : ru_finalize_parent (NOOP)
2019-04-03 18:44:32,859: control.pubsub.sub.0000: agent_0.staging.input.0         : agent_0.staging.input.0.child.subscriber._cancel_monitor_cb: INFO    : parent stops child  34966 -> None [control.pubsub.sub.0000]
2019-04-03 18:44:32,859: control.pubsub.sub.0000: agent_0.staging.input.0         : agent_0.staging.input.0.child.subscriber._cancel_monitor_cb: DEBUG   : ru_finalize_parent (NOOP)
2019-04-03 18:44:32,861: control.pubsub.sub.0000: update.0                        : update.0.child.subscriber._cancel_monitor_cb: INFO    : parent stops child  35024 -> None [control.pubsub.sub.0000]
2019-04-03 18:44:32,861: control.pubsub.sub.0000: update.0                        : update.0.child.subscriber._cancel_monitor_cb: DEBUG   : ru_finalize_parent (NOOP)
