2019-04-05 10:42:18,860: control.pubsub.sub.0000: update.0                        : MainThread     : INFO    : python.interpreter   version: 2.7.15 | packaged by conda-forge | (default, Feb 28 2019, 04:20:34) [GCC 8.2.0]
2019-04-05 10:42:18,861: control.pubsub.sub.0000: update.0                        : MainThread     : INFO    :                      pid/tid: 19509/MainThread
2019-04-05 10:42:18,861: control.pubsub.sub.0000: update.0                        : MainThread     : INFO    : create control_pubsub - sub - tcp://128.219.134.75:44539
2019-04-05 10:42:18,861: control.pubsub.sub.0000: update.0                        : MainThread     : DEBUG   : start process
2019-04-05 10:42:18,861: control.pubsub.sub.0000: update.0                        : MainThread     : DEBUG   : ru_initialize_common (NOOP)
2019-04-05 10:42:18,861: control.pubsub.sub.0000: update.0                        : MainThread     : DEBUG   : ru_initialize_parent (NOOP)
2019-04-05 10:42:18,861: control.pubsub.sub.0000: update.0                        : MainThread     : DEBUG   : process class started (no child)
2019-04-05 10:42:19,294: control.pubsub.sub.0000: pmgr.0000.launching.0           : MainThread     : INFO    : python.interpreter   version: 2.7.15 | packaged by conda-forge | (default, Feb 28 2019, 04:20:34) [GCC 8.2.0]
2019-04-05 10:42:19,294: control.pubsub.sub.0000: pmgr.0000.launching.0           : MainThread     : INFO    :                      pid/tid: 19609/MainThread
2019-04-05 10:42:19,294: control.pubsub.sub.0000: pmgr.0000.launching.0           : MainThread     : INFO    : create control_pubsub - sub - tcp://128.219.134.75:44539
2019-04-05 10:42:19,357: control.pubsub.sub.0000: pmgr.0000.launching.0           : MainThread     : DEBUG   : start process
2019-04-05 10:42:19,357: control.pubsub.sub.0000: pmgr.0000.launching.0           : MainThread     : DEBUG   : ru_initialize_common (NOOP)
2019-04-05 10:42:19,357: control.pubsub.sub.0000: pmgr.0000.launching.0           : MainThread     : DEBUG   : ru_initialize_parent (NOOP)
2019-04-05 10:42:19,358: control.pubsub.sub.0000: pmgr.0000.launching.0           : MainThread     : DEBUG   : process class started (no child)
2019-04-05 10:42:19,401: control.pubsub.sub.0000: MainProcess                     : MainThread     : INFO    : python.interpreter   version: 2.7.15 | packaged by conda-forge | (default, Feb 28 2019, 04:20:34) [GCC 8.2.0]
2019-04-05 10:42:19,402: control.pubsub.sub.0000: MainProcess                     : MainThread     : INFO    :                      pid/tid: 19286/MainThread
2019-04-05 10:42:19,402: control.pubsub.sub.0000: MainProcess                     : MainThread     : INFO    : create control_pubsub - sub - tcp://128.219.134.75:44539
2019-04-05 10:42:19,402: control.pubsub.sub.0000: MainProcess                     : MainThread     : DEBUG   : start process
2019-04-05 10:42:19,402: control.pubsub.sub.0000: MainProcess                     : MainThread     : DEBUG   : ru_initialize_common (NOOP)
2019-04-05 10:42:19,402: control.pubsub.sub.0000: MainProcess                     : MainThread     : DEBUG   : ru_initialize_parent (NOOP)
2019-04-05 10:42:19,402: control.pubsub.sub.0000: MainProcess                     : MainThread     : DEBUG   : process class started (no child)
2019-04-05 12:21:26,103: control.pubsub.sub.0000: MainProcess                     : MainThread     : INFO    : parent stops child  19286 -> None [control.pubsub.sub.0000]
2019-04-05 12:21:26,103: control.pubsub.sub.0000: MainProcess                     : MainThread     : DEBUG   : ru_finalize_parent (NOOP)
2019-04-05 12:21:26,438: control.pubsub.sub.0000: update.0                        : MainThread     : INFO    : parent stops child  19509 -> None [control.pubsub.sub.0000]
2019-04-05 12:21:26,438: control.pubsub.sub.0000: update.0                        : MainThread     : DEBUG   : ru_finalize_parent (NOOP)
