2019-04-05 10:42:17,188: radical.entk.appmanager.0000: MainProcess                     : MainThread     : INFO    : python.interpreter   version: 2.7.15 | packaged by conda-forge | (default, Feb 28 2019, 04:20:34) [GCC 8.2.0]
2019-04-05 10:42:17,188: radical.entk.appmanager.0000: MainProcess                     : MainThread     : INFO    :                      pid/tid: 19286/MainThread
2019-04-05 10:42:17,269: radical.entk.appmanager.0000: MainProcess                     : MainThread     : INFO    : Application Manager initialized
2019-04-05 10:42:17,665: radical.entk.appmanager.0000: MainProcess                     : MainThread     : INFO    : Workflow assigned to Application Manager
2019-04-05 10:42:17,665: radical.entk.appmanager.0000: MainProcess                     : MainThread     : DEBUG   : Setting up mq connection and channel
2019-04-05 10:42:17,677: radical.entk.appmanager.0000: MainProcess                     : MainThread     : DEBUG   : Connection and channel setup successful
2019-04-05 10:42:17,677: radical.entk.appmanager.0000: MainProcess                     : MainThread     : DEBUG   : Setting up all exchanges and queues
2019-04-05 10:42:17,692: radical.entk.appmanager.0000: MainProcess                     : MainThread     : DEBUG   : All exchanges and queues are setup
2019-04-05 10:42:17,761: radical.entk.appmanager.0000: MainProcess                     : MainThread     : INFO    : Starting resource request submission
2019-04-05 10:43:39,745: radical.entk.appmanager.0000: MainProcess                     : MainThread     : INFO    : Starting synchronizer thread
2019-04-05 10:43:39,746: radical.entk.appmanager.0000: MainProcess                     : MainThread     : INFO    : Starting WFProcessor process from AppManager
2019-04-05 10:43:39,746: radical.entk.appmanager.0000: MainProcess                     : synchronizer-thread: INFO    : synchronizer thread started
2019-04-05 10:43:39,818: radical.entk.appmanager.0000: MainProcess                     : synchronizer-thread: DEBUG   : received pipeline.0000 with state SCHEDULING for sync
2019-04-05 10:43:39,818: radical.entk.appmanager.0000: MainProcess                     : synchronizer-thread: INFO    : Received pipeline.0000 with state SCHEDULING
2019-04-05 10:43:39,818: radical.entk.appmanager.0000: MainProcess                     : synchronizer-thread: INFO    : Found pipeline pipeline.0000, state SCHEDULING, completed False
2019-04-05 10:43:39,842: radical.entk.appmanager.0000: MainProcess                     : synchronizer-thread: DEBUG   : received stage.0000 with state SCHEDULING for sync
2019-04-05 10:43:39,842: radical.entk.appmanager.0000: MainProcess                     : synchronizer-thread: INFO    : Received stage.0000 with state SCHEDULING
2019-04-05 10:43:39,842: radical.entk.appmanager.0000: MainProcess                     : synchronizer-thread: INFO    : Found parent pipeline: pipeline.0000
2019-04-05 10:43:39,842: radical.entk.appmanager.0000: MainProcess                     : synchronizer-thread: DEBUG   : Found stage stage.0000
2019-04-05 10:43:39,845: radical.entk.appmanager.0000: MainProcess                     : MainThread     : INFO    : Starting task manager process from AppManager
2019-04-05 10:43:39,849: radical.entk.appmanager.0000: MainProcess                     : synchronizer-thread: DEBUG   : received task.0000 with state SCHEDULING for sync
2019-04-05 10:43:39,850: radical.entk.appmanager.0000: MainProcess                     : synchronizer-thread: INFO    : Received task.0000 with state SCHEDULING
2019-04-05 10:43:39,850: radical.entk.appmanager.0000: MainProcess                     : synchronizer-thread: DEBUG   : Found task task.0000 with state SCHEDULING
2019-04-05 10:43:39,856: radical.entk.appmanager.0000: MainProcess                     : synchronizer-thread: DEBUG   : received task.0000 with state SCHEDULED for sync
2019-04-05 10:43:39,857: radical.entk.appmanager.0000: MainProcess                     : synchronizer-thread: INFO    : Received task.0000 with state SCHEDULED
2019-04-05 10:43:39,859: radical.entk.appmanager.0000: MainProcess                     : synchronizer-thread: DEBUG   : Found task task.0000 with state SCHEDULED
2019-04-05 10:43:39,862: radical.entk.appmanager.0000: MainProcess                     : synchronizer-thread: DEBUG   : received stage.0000 with state SCHEDULED for sync
2019-04-05 10:43:39,862: radical.entk.appmanager.0000: MainProcess                     : synchronizer-thread: INFO    : Received stage.0000 with state SCHEDULED
2019-04-05 10:43:39,863: radical.entk.appmanager.0000: MainProcess                     : synchronizer-thread: INFO    : Found parent pipeline: pipeline.0000
2019-04-05 10:43:39,863: radical.entk.appmanager.0000: MainProcess                     : synchronizer-thread: DEBUG   : Found stage stage.0000
2019-04-05 10:43:40,949: radical.entk.appmanager.0000: MainProcess                     : synchronizer-thread: DEBUG   : received task.0000 with state SUBMITTING for sync
2019-04-05 10:43:40,949: radical.entk.appmanager.0000: MainProcess                     : synchronizer-thread: INFO    : Received task.0000 with state SUBMITTING
2019-04-05 10:43:40,949: radical.entk.appmanager.0000: MainProcess                     : synchronizer-thread: DEBUG   : Found task task.0000 with state SUBMITTING
2019-04-05 10:43:41,059: radical.entk.appmanager.0000: MainProcess                     : synchronizer-thread: DEBUG   : received task.0000 with state SUBMITTED for sync
2019-04-05 10:43:41,060: radical.entk.appmanager.0000: MainProcess                     : synchronizer-thread: INFO    : Received task.0000 with state SUBMITTED
2019-04-05 10:43:41,060: radical.entk.appmanager.0000: MainProcess                     : synchronizer-thread: DEBUG   : Found task task.0000 with state SUBMITTED
2019-04-05 12:20:40,249: radical.entk.appmanager.0000: MainProcess                     : synchronizer-thread: DEBUG   : received task.0000 with state EXECUTED for sync
2019-04-05 12:20:40,261: radical.entk.appmanager.0000: MainProcess                     : synchronizer-thread: INFO    : Received task.0000 with state EXECUTED
2019-04-05 12:20:40,262: radical.entk.appmanager.0000: MainProcess                     : synchronizer-thread: DEBUG   : Found task task.0000 with state EXECUTED
2019-04-05 12:20:40,343: radical.entk.appmanager.0000: MainProcess                     : synchronizer-thread: DEBUG   : received task.0000 with state DEQUEUEING for sync
2019-04-05 12:20:40,344: radical.entk.appmanager.0000: MainProcess                     : synchronizer-thread: INFO    : Received task.0000 with state DEQUEUEING
2019-04-05 12:20:40,344: radical.entk.appmanager.0000: MainProcess                     : synchronizer-thread: DEBUG   : Found task task.0000 with state DEQUEUEING
2019-04-05 12:20:40,347: radical.entk.appmanager.0000: MainProcess                     : synchronizer-thread: DEBUG   : received task.0000 with state DEQUEUED for sync
2019-04-05 12:20:40,348: radical.entk.appmanager.0000: MainProcess                     : synchronizer-thread: INFO    : Received task.0000 with state DEQUEUED
2019-04-05 12:20:40,348: radical.entk.appmanager.0000: MainProcess                     : synchronizer-thread: DEBUG   : Found task task.0000 with state DEQUEUED
2019-04-05 12:20:40,352: radical.entk.appmanager.0000: MainProcess                     : synchronizer-thread: DEBUG   : received task.0000 with state DONE for sync
2019-04-05 12:20:40,353: radical.entk.appmanager.0000: MainProcess                     : synchronizer-thread: INFO    : Received task.0000 with state DONE
2019-04-05 12:20:40,353: radical.entk.appmanager.0000: MainProcess                     : synchronizer-thread: DEBUG   : Found task task.0000 with state DONE
2019-04-05 12:20:40,361: radical.entk.appmanager.0000: MainProcess                     : synchronizer-thread: DEBUG   : received stage.0000 with state DONE for sync
2019-04-05 12:20:40,361: radical.entk.appmanager.0000: MainProcess                     : synchronizer-thread: INFO    : Received stage.0000 with state DONE
2019-04-05 12:20:40,361: radical.entk.appmanager.0000: MainProcess                     : synchronizer-thread: INFO    : Found parent pipeline: pipeline.0000
2019-04-05 12:20:40,362: radical.entk.appmanager.0000: MainProcess                     : synchronizer-thread: DEBUG   : Found stage stage.0000
2019-04-05 12:20:40,367: radical.entk.appmanager.0000: MainProcess                     : synchronizer-thread: DEBUG   : received pipeline.0000 with state DONE for sync
2019-04-05 12:20:40,367: radical.entk.appmanager.0000: MainProcess                     : synchronizer-thread: INFO    : Received pipeline.0000 with state DONE
2019-04-05 12:20:40,367: radical.entk.appmanager.0000: MainProcess                     : synchronizer-thread: INFO    : Found pipeline pipeline.0000, state DONE, completed False
2019-04-05 12:20:40,368: radical.entk.appmanager.0000: MainProcess                     : MainThread     : INFO    : Terminating WFprocessor
2019-04-05 12:20:40,381: radical.entk.appmanager.0000: MainProcess                     : MainThread     : INFO    : Terminating synchronizer thread
2019-04-05 12:20:40,383: radical.entk.appmanager.0000: MainProcess                     : MainThread     : INFO    : Synchronizer thread terminated
2019-04-05 12:20:40,383: radical.entk.appmanager.0000: MainProcess                     : MainThread     : INFO    : Terminating task manager process
