2019-04-05 10:42:17,697: radical.entk.wfprocessor.0000: MainProcess                     : MainThread     : INFO    : python.interpreter   version: 2.7.15 | packaged by conda-forge | (default, Feb 28 2019, 04:20:34) [GCC 8.2.0]
2019-04-05 10:42:17,699: radical.entk.wfprocessor.0000: MainProcess                     : MainThread     : INFO    :                      pid/tid: 19286/MainThread
2019-04-05 10:42:17,752: radical.entk.wfprocessor.0000: MainProcess                     : MainThread     : INFO    : Created WFProcessor object: wfprocessor.0000
2019-04-05 10:43:39,746: radical.entk.wfprocessor.0000: MainProcess                     : MainThread     : INFO    : Starting WFprocessor process
2019-04-05 10:43:39,806: radical.entk.wfprocessor.0000: wfprocessor                     : MainThread     : INFO    : WFprocessor started
2019-04-05 10:43:39,806: radical.entk.wfprocessor.0000: wfprocessor                     : MainThread     : INFO    : Starting dequeue-thread
2019-04-05 10:43:39,806: radical.entk.wfprocessor.0000: wfprocessor                     : MainThread     : INFO    : Starting enqueue-thread
2019-04-05 10:43:39,806: radical.entk.wfprocessor.0000: wfprocessor                     : dequeue-thread : INFO    : Dequeue thread started
2019-04-05 10:43:39,807: radical.entk.wfprocessor.0000: wfprocessor                     : enqueue-thread : INFO    : enqueue-thread started
2019-04-05 10:43:39,815: radical.entk.wfprocessor.0000: wfprocessor                     : enqueue-thread : DEBUG   : Attempting to sync pipeline.0000 with state SCHEDULING with AppManager
2019-04-05 10:43:39,820: radical.entk.wfprocessor.0000: wfprocessor                     : enqueue-thread : DEBUG   : pipeline.0000 with state SCHEDULING synced with AppManager
2019-04-05 10:43:39,820: radical.entk.wfprocessor.0000: wfprocessor                     : enqueue-thread : INFO    : Transition of pipeline.0000 to new state SCHEDULING successful
2019-04-05 10:43:39,820: radical.entk.wfprocessor.0000: wfprocessor                     : enqueue-thread : DEBUG   : Attempting to sync stage.0000 with state SCHEDULING with AppManager
2019-04-05 10:43:39,843: radical.entk.wfprocessor.0000: wfprocessor                     : enqueue-thread : DEBUG   : stage.0000 with state SCHEDULING synced with AppManager
2019-04-05 10:43:39,844: radical.entk.wfprocessor.0000: wfprocessor                     : enqueue-thread : INFO    : Transition of stage.0000 to new state SCHEDULING successful
2019-04-05 10:43:39,844: radical.entk.wfprocessor.0000: wfprocessor                     : enqueue-thread : DEBUG   : Attempting to sync task.0000 with state SCHEDULING with AppManager
2019-04-05 10:43:39,852: radical.entk.wfprocessor.0000: wfprocessor                     : enqueue-thread : DEBUG   : task.0000 with state SCHEDULING synced with AppManager
2019-04-05 10:43:39,852: radical.entk.wfprocessor.0000: wfprocessor                     : enqueue-thread : INFO    : Transition of task.0000 to new state SCHEDULING successful
2019-04-05 10:43:39,853: radical.entk.wfprocessor.0000: wfprocessor                     : enqueue-thread : DEBUG   : Attempting to sync task.0000 with state SCHEDULED with AppManager
2019-04-05 10:43:39,860: radical.entk.wfprocessor.0000: wfprocessor                     : enqueue-thread : DEBUG   : task.0000 with state SCHEDULED synced with AppManager
2019-04-05 10:43:39,860: radical.entk.wfprocessor.0000: wfprocessor                     : enqueue-thread : INFO    : Transition of task.0000 to new state SCHEDULED successful
2019-04-05 10:43:39,861: radical.entk.wfprocessor.0000: wfprocessor                     : enqueue-thread : DEBUG   : Task task.0000 published to pending queue
2019-04-05 10:43:39,861: radical.entk.wfprocessor.0000: wfprocessor                     : enqueue-thread : DEBUG   : Attempting to sync stage.0000 with state SCHEDULED with AppManager
2019-04-05 10:43:39,864: radical.entk.wfprocessor.0000: wfprocessor                     : enqueue-thread : DEBUG   : stage.0000 with state SCHEDULED synced with AppManager
2019-04-05 10:43:39,866: radical.entk.wfprocessor.0000: wfprocessor                     : enqueue-thread : INFO    : Transition of stage.0000 to new state SCHEDULED successful
2019-04-05 12:20:40,265: radical.entk.wfprocessor.0000: wfprocessor                     : dequeue-thread : INFO    : Got finished task task.0000 from queue
2019-04-05 12:20:40,305: radical.entk.wfprocessor.0000: wfprocessor                     : dequeue-thread : DEBUG   : Attempting to sync task.0000 with state DEQUEUEING with AppManager
2019-04-05 12:20:40,345: radical.entk.wfprocessor.0000: wfprocessor                     : dequeue-thread : DEBUG   : task.0000 with state DEQUEUEING synced with AppManager
2019-04-05 12:20:40,346: radical.entk.wfprocessor.0000: wfprocessor                     : dequeue-thread : INFO    : Transition of task.0000 to new state DEQUEUEING successful
2019-04-05 12:20:40,346: radical.entk.wfprocessor.0000: wfprocessor                     : dequeue-thread : DEBUG   : Found parent pipeline: pipeline.0000
2019-04-05 12:20:40,346: radical.entk.wfprocessor.0000: wfprocessor                     : dequeue-thread : DEBUG   : Found parent stage: stage.0000
2019-04-05 12:20:40,346: radical.entk.wfprocessor.0000: wfprocessor                     : dequeue-thread : DEBUG   : Attempting to sync task.0000 with state DEQUEUED with AppManager
2019-04-05 12:20:40,350: radical.entk.wfprocessor.0000: wfprocessor                     : dequeue-thread : DEBUG   : task.0000 with state DEQUEUED synced with AppManager
2019-04-05 12:20:40,350: radical.entk.wfprocessor.0000: wfprocessor                     : dequeue-thread : INFO    : Transition of task.0000 to new state DEQUEUED successful
2019-04-05 12:20:40,350: radical.entk.wfprocessor.0000: wfprocessor                     : dequeue-thread : DEBUG   : Attempting to sync task.0000 with state DONE with AppManager
2019-04-05 12:20:40,354: radical.entk.wfprocessor.0000: wfprocessor                     : dequeue-thread : DEBUG   : task.0000 with state DONE synced with AppManager
2019-04-05 12:20:40,354: radical.entk.wfprocessor.0000: wfprocessor                     : dequeue-thread : INFO    : Transition of task.0000 to new state DONE successful
2019-04-05 12:20:40,355: radical.entk.wfprocessor.0000: wfprocessor                     : dequeue-thread : DEBUG   : Attempting to sync stage.0000 with state DONE with AppManager
2019-04-05 12:20:40,363: radical.entk.wfprocessor.0000: wfprocessor                     : dequeue-thread : DEBUG   : stage.0000 with state DONE synced with AppManager
2019-04-05 12:20:40,364: radical.entk.wfprocessor.0000: wfprocessor                     : dequeue-thread : INFO    : Transition of stage.0000 to new state DONE successful
2019-04-05 12:20:40,364: radical.entk.wfprocessor.0000: wfprocessor                     : dequeue-thread : DEBUG   : Attempting to sync pipeline.0000 with state DONE with AppManager
2019-04-05 12:20:40,368: radical.entk.wfprocessor.0000: MainProcess                     : MainThread     : DEBUG   : Attempting to end WFprocessor... event: False
2019-04-05 12:20:40,368: radical.entk.wfprocessor.0000: wfprocessor                     : MainThread     : INFO    : Terminating enqueue-thread
2019-04-05 12:20:40,370: radical.entk.wfprocessor.0000: wfprocessor                     : dequeue-thread : DEBUG   : pipeline.0000 with state DONE synced with AppManager
2019-04-05 12:20:40,370: radical.entk.wfprocessor.0000: wfprocessor                     : dequeue-thread : INFO    : Transition of pipeline.0000 to new state DONE successful
2019-04-05 12:20:40,370: radical.entk.wfprocessor.0000: wfprocessor                     : enqueue-thread : INFO    : Enqueue thread terminated
2019-04-05 12:20:40,374: radical.entk.wfprocessor.0000: wfprocessor                     : MainThread     : INFO    : Terminating dequeue-thread
2019-04-05 12:20:40,374: radical.entk.wfprocessor.0000: wfprocessor                     : dequeue-thread : INFO    : Terminated dequeue thread
2019-04-05 12:20:40,379: radical.entk.wfprocessor.0000: MainProcess                     : MainThread     : DEBUG   : WFprocessor process terminated
