2019-04-05 10:42:17,816: re.session.login5.jdakka.017991.0001: MainProcess                     : MainThread     : INFO    : python.interpreter   version: 2.7.15 | packaged by conda-forge | (default, Feb 28 2019, 04:20:34) [GCC 8.2.0]
2019-04-05 10:42:17,816: re.session.login5.jdakka.017991.0001: MainProcess                     : MainThread     : INFO    :                      pid/tid: 19286/MainThread
2019-04-05 10:42:18,033: re.session.login5.jdakka.017991.0001: MainProcess                     : MainThread     : INFO    : using database mongodb://user:user@ds223760.mlab.com:23760/adaptivity
2019-04-05 10:42:18,034: re.session.login5.jdakka.017991.0001: MainProcess                     : MainThread     : INFO    : Load resource configurations from /ccs/home/jdakka/.conda/envs/snakes/lib/python2.7/site-packages/radical/pilot/configs/resource_yale.json
2019-04-05 10:42:18,036: re.session.login5.jdakka.017991.0001: MainProcess                     : MainThread     : INFO    : Load resource configurations for yale.grace_ssh
2019-04-05 10:42:18,037: re.session.login5.jdakka.017991.0001: MainProcess                     : MainThread     : DEBUG   : read rcfg for yale.grace_ssh (None)
2019-04-05 10:42:18,037: re.session.login5.jdakka.017991.0001: MainProcess                     : MainThread     : INFO    : Load resource configurations from /ccs/home/jdakka/.conda/envs/snakes/lib/python2.7/site-packages/radical/pilot/configs/resource_xsede.json
2019-04-05 10:42:18,076: re.session.login5.jdakka.017991.0001: MainProcess                     : MainThread     : INFO    : Load resource configurations for xsede.stampede2_ssh
2019-04-05 10:42:18,077: re.session.login5.jdakka.017991.0001: MainProcess                     : MainThread     : DEBUG   : read rcfg for xsede.stampede2_ssh (68)
2019-04-05 10:42:18,077: re.session.login5.jdakka.017991.0001: MainProcess                     : MainThread     : INFO    : Load resource configurations for xsede.supermic_ssh
2019-04-05 10:42:18,077: re.session.login5.jdakka.017991.0001: MainProcess                     : MainThread     : DEBUG   : read rcfg for xsede.supermic_ssh (20)
2019-04-05 10:42:18,077: re.session.login5.jdakka.017991.0001: MainProcess                     : MainThread     : INFO    : Load resource configurations for xsede.trestles_ssh
2019-04-05 10:42:18,078: re.session.login5.jdakka.017991.0001: MainProcess                     : MainThread     : DEBUG   : read rcfg for xsede.trestles_ssh (None)
2019-04-05 10:42:18,078: re.session.login5.jdakka.017991.0001: MainProcess                     : MainThread     : INFO    : Load resource configurations for xsede.comet_orte
2019-04-05 10:42:18,078: re.session.login5.jdakka.017991.0001: MainProcess                     : MainThread     : DEBUG   : read rcfg for xsede.comet_orte (24)
2019-04-05 10:42:18,078: re.session.login5.jdakka.017991.0001: MainProcess                     : MainThread     : INFO    : Load resource configurations for xsede.gordon_ssh
2019-04-05 10:42:18,079: re.session.login5.jdakka.017991.0001: MainProcess                     : MainThread     : DEBUG   : read rcfg for xsede.gordon_ssh (None)
2019-04-05 10:42:18,079: re.session.login5.jdakka.017991.0001: MainProcess                     : MainThread     : INFO    : Load resource configurations for xsede.lonestar_ssh
2019-04-05 10:42:18,079: re.session.login5.jdakka.017991.0001: MainProcess                     : MainThread     : DEBUG   : read rcfg for xsede.lonestar_ssh (None)
2019-04-05 10:42:18,079: re.session.login5.jdakka.017991.0001: MainProcess                     : MainThread     : INFO    : Load resource configurations for xsede.supermic_spark
2019-04-05 10:42:18,080: re.session.login5.jdakka.017991.0001: MainProcess                     : MainThread     : DEBUG   : read rcfg for xsede.supermic_spark (20)
2019-04-05 10:42:18,080: re.session.login5.jdakka.017991.0001: MainProcess                     : MainThread     : INFO    : Load resource configurations for xsede.greenfield
2019-04-05 10:42:18,082: re.session.login5.jdakka.017991.0001: MainProcess                     : MainThread     : DEBUG   : read rcfg for xsede.greenfield (15)
2019-04-05 10:42:18,082: re.session.login5.jdakka.017991.0001: MainProcess                     : MainThread     : INFO    : Load resource configurations for xsede.supermic_ortelib
2019-04-05 10:42:18,082: re.session.login5.jdakka.017991.0001: MainProcess                     : MainThread     : DEBUG   : read rcfg for xsede.supermic_ortelib (20)
2019-04-05 10:42:18,082: re.session.login5.jdakka.017991.0001: MainProcess                     : MainThread     : INFO    : Load resource configurations for xsede.bridges
2019-04-05 10:42:18,083: re.session.login5.jdakka.017991.0001: MainProcess                     : MainThread     : DEBUG   : read rcfg for xsede.bridges (None)
2019-04-05 10:42:18,083: re.session.login5.jdakka.017991.0001: MainProcess                     : MainThread     : INFO    : Load resource configurations for xsede.supermic_orte
2019-04-05 10:42:18,084: re.session.login5.jdakka.017991.0001: MainProcess                     : MainThread     : DEBUG   : read rcfg for xsede.supermic_orte (20)
2019-04-05 10:42:18,084: re.session.login5.jdakka.017991.0001: MainProcess                     : MainThread     : INFO    : Load resource configurations for xsede.wrangler_spark
2019-04-05 10:42:18,084: re.session.login5.jdakka.017991.0001: MainProcess                     : MainThread     : DEBUG   : read rcfg for xsede.wrangler_spark (None)
2019-04-05 10:42:18,084: re.session.login5.jdakka.017991.0001: MainProcess                     : MainThread     : INFO    : Load resource configurations for xsede.comet_spark
2019-04-05 10:42:18,085: re.session.login5.jdakka.017991.0001: MainProcess                     : MainThread     : DEBUG   : read rcfg for xsede.comet_spark (24)
2019-04-05 10:42:18,085: re.session.login5.jdakka.017991.0001: MainProcess                     : MainThread     : INFO    : Load resource configurations for xsede.wrangler_yarn
2019-04-05 10:42:18,086: re.session.login5.jdakka.017991.0001: MainProcess                     : MainThread     : DEBUG   : read rcfg for xsede.wrangler_yarn (None)
2019-04-05 10:42:18,086: re.session.login5.jdakka.017991.0001: MainProcess                     : MainThread     : INFO    : Load resource configurations for xsede.wrangler_ssh
2019-04-05 10:42:18,086: re.session.login5.jdakka.017991.0001: MainProcess                     : MainThread     : DEBUG   : read rcfg for xsede.wrangler_ssh (None)
2019-04-05 10:42:18,086: re.session.login5.jdakka.017991.0001: MainProcess                     : MainThread     : INFO    : Load resource configurations for xsede.comet_ssh
2019-04-05 10:42:18,087: re.session.login5.jdakka.017991.0001: MainProcess                     : MainThread     : DEBUG   : read rcfg for xsede.comet_ssh (24)
2019-04-05 10:42:18,087: re.session.login5.jdakka.017991.0001: MainProcess                     : MainThread     : INFO    : Load resource configurations for xsede.comet_ortelib
2019-04-05 10:42:18,087: re.session.login5.jdakka.017991.0001: MainProcess                     : MainThread     : DEBUG   : read rcfg for xsede.comet_ortelib (24)
2019-04-05 10:42:18,087: re.session.login5.jdakka.017991.0001: MainProcess                     : MainThread     : INFO    : Load resource configurations for xsede.blacklight_ssh
2019-04-05 10:42:18,088: re.session.login5.jdakka.017991.0001: MainProcess                     : MainThread     : DEBUG   : read rcfg for xsede.blacklight_ssh (16)
2019-04-05 10:42:18,088: re.session.login5.jdakka.017991.0001: MainProcess                     : MainThread     : INFO    : Load resource configurations from /ccs/home/jdakka/.conda/envs/snakes/lib/python2.7/site-packages/radical/pilot/configs/resource_vtarc_dt.json
2019-04-05 10:42:18,093: re.session.login5.jdakka.017991.0001: MainProcess                     : MainThread     : INFO    : Load resource configurations for vtarc_dt.stampede_ssh
2019-04-05 10:42:18,093: re.session.login5.jdakka.017991.0001: MainProcess                     : MainThread     : DEBUG   : read rcfg for vtarc_dt.stampede_ssh (None)
2019-04-05 10:42:18,093: re.session.login5.jdakka.017991.0001: MainProcess                     : MainThread     : INFO    : Load resource configurations from /ccs/home/jdakka/.conda/envs/snakes/lib/python2.7/site-packages/radical/pilot/configs/resource_stfc.json
2019-04-05 10:42:18,096: re.session.login5.jdakka.017991.0001: MainProcess                     : MainThread     : INFO    : Load resource configurations for stfc.joule_runjob
2019-04-05 10:42:18,096: re.session.login5.jdakka.017991.0001: MainProcess                     : MainThread     : DEBUG   : read rcfg for stfc.joule_runjob (None)
2019-04-05 10:42:18,096: re.session.login5.jdakka.017991.0001: MainProcess                     : MainThread     : INFO    : Load resource configurations from /ccs/home/jdakka/.conda/envs/snakes/lib/python2.7/site-packages/radical/pilot/configs/resource_rice.json
2019-04-05 10:42:18,101: re.session.login5.jdakka.017991.0001: MainProcess                     : MainThread     : INFO    : Load resource configurations for rice.davinci_ssh
2019-04-05 10:42:18,101: re.session.login5.jdakka.017991.0001: MainProcess                     : MainThread     : DEBUG   : read rcfg for rice.davinci_ssh (None)
2019-04-05 10:42:18,101: re.session.login5.jdakka.017991.0001: MainProcess                     : MainThread     : INFO    : Load resource configurations for rice.biou_ssh
2019-04-05 10:42:18,102: re.session.login5.jdakka.017991.0001: MainProcess                     : MainThread     : DEBUG   : read rcfg for rice.biou_ssh (None)
2019-04-05 10:42:18,102: re.session.login5.jdakka.017991.0001: MainProcess                     : MainThread     : INFO    : Load resource configurations from /ccs/home/jdakka/.conda/envs/snakes/lib/python2.7/site-packages/radical/pilot/configs/resource_radical.json
2019-04-05 10:42:18,108: re.session.login5.jdakka.017991.0001: MainProcess                     : MainThread     : INFO    : Load resource configurations for radical.two
2019-04-05 10:42:18,109: re.session.login5.jdakka.017991.0001: MainProcess                     : MainThread     : DEBUG   : read rcfg for radical.two (None)
2019-04-05 10:42:18,109: re.session.login5.jdakka.017991.0001: MainProcess                     : MainThread     : INFO    : Load resource configurations for radical.tutorial
2019-04-05 10:42:18,109: re.session.login5.jdakka.017991.0001: MainProcess                     : MainThread     : DEBUG   : read rcfg for radical.tutorial (None)
2019-04-05 10:42:18,109: re.session.login5.jdakka.017991.0001: MainProcess                     : MainThread     : INFO    : Load resource configurations for radical.one
2019-04-05 10:42:18,110: re.session.login5.jdakka.017991.0001: MainProcess                     : MainThread     : DEBUG   : read rcfg for radical.one (None)
2019-04-05 10:42:18,110: re.session.login5.jdakka.017991.0001: MainProcess                     : MainThread     : INFO    : Load resource configurations from /ccs/home/jdakka/.conda/envs/snakes/lib/python2.7/site-packages/radical/pilot/configs/resource_osg.json
2019-04-05 10:42:18,115: re.session.login5.jdakka.017991.0001: MainProcess                     : MainThread     : INFO    : Load resource configurations for osg.xsede-virt-clust
2019-04-05 10:42:18,115: re.session.login5.jdakka.017991.0001: MainProcess                     : MainThread     : DEBUG   : read rcfg for osg.xsede-virt-clust (None)
2019-04-05 10:42:18,115: re.session.login5.jdakka.017991.0001: MainProcess                     : MainThread     : INFO    : Load resource configurations for osg.connect
2019-04-05 10:42:18,116: re.session.login5.jdakka.017991.0001: MainProcess                     : MainThread     : DEBUG   : read rcfg for osg.connect (None)
2019-04-05 10:42:18,116: re.session.login5.jdakka.017991.0001: MainProcess                     : MainThread     : INFO    : Load resource configurations from /ccs/home/jdakka/.conda/envs/snakes/lib/python2.7/site-packages/radical/pilot/configs/resource_ornl.json
2019-04-05 10:42:18,133: re.session.login5.jdakka.017991.0001: MainProcess                     : MainThread     : INFO    : Load resource configurations for ornl.rhea
2019-04-05 10:42:18,133: re.session.login5.jdakka.017991.0001: MainProcess                     : MainThread     : DEBUG   : read rcfg for ornl.rhea (16)
2019-04-05 10:42:18,133: re.session.login5.jdakka.017991.0001: MainProcess                     : MainThread     : INFO    : Load resource configurations for ornl.rhea_aprun
2019-04-05 10:42:18,134: re.session.login5.jdakka.017991.0001: MainProcess                     : MainThread     : DEBUG   : read rcfg for ornl.rhea_aprun (None)
2019-04-05 10:42:18,134: re.session.login5.jdakka.017991.0001: MainProcess                     : MainThread     : INFO    : Load resource configurations for ornl.summitdev
2019-04-05 10:42:18,135: re.session.login5.jdakka.017991.0001: MainProcess                     : MainThread     : DEBUG   : read rcfg for ornl.summitdev (None)
2019-04-05 10:42:18,135: re.session.login5.jdakka.017991.0001: MainProcess                     : MainThread     : INFO    : Load resource configurations for ornl.titan_ortelib
2019-04-05 10:42:18,135: re.session.login5.jdakka.017991.0001: MainProcess                     : MainThread     : DEBUG   : read rcfg for ornl.titan_ortelib (None)
2019-04-05 10:42:18,136: re.session.login5.jdakka.017991.0001: MainProcess                     : MainThread     : INFO    : Load resource configurations for ornl.titan_orte
2019-04-05 10:42:18,136: re.session.login5.jdakka.017991.0001: MainProcess                     : MainThread     : DEBUG   : read rcfg for ornl.titan_orte (16)
2019-04-05 10:42:18,136: re.session.login5.jdakka.017991.0001: MainProcess                     : MainThread     : INFO    : Load resource configurations for ornl.summit
2019-04-05 10:42:18,137: re.session.login5.jdakka.017991.0001: MainProcess                     : MainThread     : DEBUG   : read rcfg for ornl.summit (None)
2019-04-05 10:42:18,137: re.session.login5.jdakka.017991.0001: MainProcess                     : MainThread     : INFO    : Load resource configurations for ornl.titan_aprun
2019-04-05 10:42:18,138: re.session.login5.jdakka.017991.0001: MainProcess                     : MainThread     : DEBUG   : read rcfg for ornl.titan_aprun (None)
2019-04-05 10:42:18,138: re.session.login5.jdakka.017991.0001: MainProcess                     : MainThread     : INFO    : Load resource configurations from /ccs/home/jdakka/.conda/envs/snakes/lib/python2.7/site-packages/radical/pilot/configs/resource_nersc.json
2019-04-05 10:42:18,151: re.session.login5.jdakka.017991.0001: MainProcess                     : MainThread     : INFO    : Load resource configurations for nersc.edison_ccm_ssh
2019-04-05 10:42:18,152: re.session.login5.jdakka.017991.0001: MainProcess                     : MainThread     : DEBUG   : read rcfg for nersc.edison_ccm_ssh (None)
2019-04-05 10:42:18,152: re.session.login5.jdakka.017991.0001: MainProcess                     : MainThread     : INFO    : Load resource configurations for nersc.hopper_orte
2019-04-05 10:42:18,152: re.session.login5.jdakka.017991.0001: MainProcess                     : MainThread     : DEBUG   : read rcfg for nersc.hopper_orte (None)
2019-04-05 10:42:18,153: re.session.login5.jdakka.017991.0001: MainProcess                     : MainThread     : INFO    : Load resource configurations for nersc.hopper_ccm_ssh
2019-04-05 10:42:18,153: re.session.login5.jdakka.017991.0001: MainProcess                     : MainThread     : DEBUG   : read rcfg for nersc.hopper_ccm_ssh (24)
2019-04-05 10:42:18,153: re.session.login5.jdakka.017991.0001: MainProcess                     : MainThread     : INFO    : Load resource configurations for nersc.edison_aprun
2019-04-05 10:42:18,154: re.session.login5.jdakka.017991.0001: MainProcess                     : MainThread     : DEBUG   : read rcfg for nersc.edison_aprun (None)
2019-04-05 10:42:18,154: re.session.login5.jdakka.017991.0001: MainProcess                     : MainThread     : INFO    : Load resource configurations for nersc.hopper_aprun
2019-04-05 10:42:18,154: re.session.login5.jdakka.017991.0001: MainProcess                     : MainThread     : DEBUG   : read rcfg for nersc.hopper_aprun (24)
2019-04-05 10:42:18,154: re.session.login5.jdakka.017991.0001: MainProcess                     : MainThread     : INFO    : Load resource configurations for nersc.edison_orte
2019-04-05 10:42:18,155: re.session.login5.jdakka.017991.0001: MainProcess                     : MainThread     : DEBUG   : read rcfg for nersc.edison_orte (None)
2019-04-05 10:42:18,155: re.session.login5.jdakka.017991.0001: MainProcess                     : MainThread     : INFO    : Load resource configurations from /ccs/home/jdakka/.conda/envs/snakes/lib/python2.7/site-packages/radical/pilot/configs/resource_ncsa.json
2019-04-05 10:42:18,165: re.session.login5.jdakka.017991.0001: MainProcess                     : MainThread     : INFO    : Load resource configurations for ncsa.bw_orte
2019-04-05 10:42:18,166: re.session.login5.jdakka.017991.0001: MainProcess                     : MainThread     : DEBUG   : read rcfg for ncsa.bw_orte (None)
2019-04-05 10:42:18,166: re.session.login5.jdakka.017991.0001: MainProcess                     : MainThread     : INFO    : Load resource configurations for ncsa.bw_ccm_ssh
2019-04-05 10:42:18,166: re.session.login5.jdakka.017991.0001: MainProcess                     : MainThread     : DEBUG   : read rcfg for ncsa.bw_ccm_ssh (None)
2019-04-05 10:42:18,166: re.session.login5.jdakka.017991.0001: MainProcess                     : MainThread     : INFO    : Load resource configurations for ncsa.bw_ortelib
2019-04-05 10:42:18,167: re.session.login5.jdakka.017991.0001: MainProcess                     : MainThread     : DEBUG   : read rcfg for ncsa.bw_ortelib (None)
2019-04-05 10:42:18,167: re.session.login5.jdakka.017991.0001: MainProcess                     : MainThread     : INFO    : Load resource configurations for ncsa.bw_aprun
2019-04-05 10:42:18,168: re.session.login5.jdakka.017991.0001: MainProcess                     : MainThread     : DEBUG   : read rcfg for ncsa.bw_aprun (None)
2019-04-05 10:42:18,168: re.session.login5.jdakka.017991.0001: MainProcess                     : MainThread     : INFO    : Load resource configurations from /ccs/home/jdakka/.conda/envs/snakes/lib/python2.7/site-packages/radical/pilot/configs/resource_ncar.json
2019-04-05 10:42:18,173: re.session.login5.jdakka.017991.0001: MainProcess                     : MainThread     : INFO    : Load resource configurations for ncar.cheyenne
2019-04-05 10:42:18,173: re.session.login5.jdakka.017991.0001: MainProcess                     : MainThread     : DEBUG   : read rcfg for ncar.cheyenne (36)
2019-04-05 10:42:18,173: re.session.login5.jdakka.017991.0001: MainProcess                     : MainThread     : INFO    : Load resource configurations for ncar.yellowstone_ssh
2019-04-05 10:42:18,174: re.session.login5.jdakka.017991.0001: MainProcess                     : MainThread     : DEBUG   : read rcfg for ncar.yellowstone_ssh (None)
2019-04-05 10:42:18,174: re.session.login5.jdakka.017991.0001: MainProcess                     : MainThread     : INFO    : Load resource configurations from /ccs/home/jdakka/.conda/envs/snakes/lib/python2.7/site-packages/radical/pilot/configs/resource_lumc.json
2019-04-05 10:42:18,179: re.session.login5.jdakka.017991.0001: MainProcess                     : MainThread     : INFO    : Load resource configurations for lumc.gb-ui_ssh
2019-04-05 10:42:18,179: re.session.login5.jdakka.017991.0001: MainProcess                     : MainThread     : DEBUG   : read rcfg for lumc.gb-ui_ssh (None)
2019-04-05 10:42:18,179: re.session.login5.jdakka.017991.0001: MainProcess                     : MainThread     : INFO    : Load resource configurations for lumc.shark_ssh
2019-04-05 10:42:18,180: re.session.login5.jdakka.017991.0001: MainProcess                     : MainThread     : DEBUG   : read rcfg for lumc.shark_ssh (None)
2019-04-05 10:42:18,180: re.session.login5.jdakka.017991.0001: MainProcess                     : MainThread     : INFO    : Load resource configurations from /ccs/home/jdakka/.conda/envs/snakes/lib/python2.7/site-packages/radical/pilot/configs/resource_lrz.json
2019-04-05 10:42:18,183: re.session.login5.jdakka.017991.0001: MainProcess                     : MainThread     : INFO    : Load resource configurations for lrz.supermuc_ssh
2019-04-05 10:42:18,183: re.session.login5.jdakka.017991.0001: MainProcess                     : MainThread     : DEBUG   : read rcfg for lrz.supermuc_ssh (None)
2019-04-05 10:42:18,183: re.session.login5.jdakka.017991.0001: MainProcess                     : MainThread     : INFO    : Load resource configurations from /ccs/home/jdakka/.conda/envs/snakes/lib/python2.7/site-packages/radical/pilot/configs/resource_local.json
2019-04-05 10:42:18,199: re.session.login5.jdakka.017991.0001: MainProcess                     : MainThread     : INFO    : Load resource configurations for local.localhost_orte
2019-04-05 10:42:18,200: re.session.login5.jdakka.017991.0001: MainProcess                     : MainThread     : DEBUG   : read rcfg for local.localhost_orte (8)
2019-04-05 10:42:18,200: re.session.login5.jdakka.017991.0001: MainProcess                     : MainThread     : INFO    : Load resource configurations for local.localhost_anaconda
2019-04-05 10:42:18,200: re.session.login5.jdakka.017991.0001: MainProcess                     : MainThread     : DEBUG   : read rcfg for local.localhost_anaconda (8)
2019-04-05 10:42:18,201: re.session.login5.jdakka.017991.0001: MainProcess                     : MainThread     : INFO    : Load resource configurations for local.localhost_ortelib
2019-04-05 10:42:18,201: re.session.login5.jdakka.017991.0001: MainProcess                     : MainThread     : DEBUG   : read rcfg for local.localhost_ortelib (8)
2019-04-05 10:42:18,201: re.session.login5.jdakka.017991.0001: MainProcess                     : MainThread     : INFO    : Load resource configurations for local.localhost_aprun
2019-04-05 10:42:18,202: re.session.login5.jdakka.017991.0001: MainProcess                     : MainThread     : DEBUG   : read rcfg for local.localhost_aprun (8)
2019-04-05 10:42:18,202: re.session.login5.jdakka.017991.0001: MainProcess                     : MainThread     : INFO    : Load resource configurations for local.localhost
2019-04-05 10:42:18,202: re.session.login5.jdakka.017991.0001: MainProcess                     : MainThread     : DEBUG   : read rcfg for local.localhost (8)
2019-04-05 10:42:18,202: re.session.login5.jdakka.017991.0001: MainProcess                     : MainThread     : INFO    : Load resource configurations for local.localhost_spark
2019-04-05 10:42:18,203: re.session.login5.jdakka.017991.0001: MainProcess                     : MainThread     : DEBUG   : read rcfg for local.localhost_spark (8)
2019-04-05 10:42:18,203: re.session.login5.jdakka.017991.0001: MainProcess                     : MainThread     : INFO    : Load resource configurations for local.localhost_spark_anaconda
2019-04-05 10:42:18,203: re.session.login5.jdakka.017991.0001: MainProcess                     : MainThread     : DEBUG   : read rcfg for local.localhost_spark_anaconda (8)
2019-04-05 10:42:18,203: re.session.login5.jdakka.017991.0001: MainProcess                     : MainThread     : INFO    : Load resource configurations for local.localhost_yarn
2019-04-05 10:42:18,204: re.session.login5.jdakka.017991.0001: MainProcess                     : MainThread     : DEBUG   : read rcfg for local.localhost_yarn (None)
2019-04-05 10:42:18,204: re.session.login5.jdakka.017991.0001: MainProcess                     : MainThread     : INFO    : Load resource configurations from /ccs/home/jdakka/.conda/envs/snakes/lib/python2.7/site-packages/radical/pilot/configs/resource_iu.json
2019-04-05 10:42:18,208: re.session.login5.jdakka.017991.0001: MainProcess                     : MainThread     : INFO    : Load resource configurations for iu.bigred2_ccm_ssh
2019-04-05 10:42:18,209: re.session.login5.jdakka.017991.0001: MainProcess                     : MainThread     : DEBUG   : read rcfg for iu.bigred2_ccm_ssh (None)
2019-04-05 10:42:18,209: re.session.login5.jdakka.017991.0001: MainProcess                     : MainThread     : INFO    : Load resource configurations for iu.bigred2_aprun
2019-04-05 10:42:18,209: re.session.login5.jdakka.017991.0001: MainProcess                     : MainThread     : DEBUG   : read rcfg for iu.bigred2_aprun (None)
2019-04-05 10:42:18,209: re.session.login5.jdakka.017991.0001: MainProcess                     : MainThread     : INFO    : Load resource configurations from /ccs/home/jdakka/.conda/envs/snakes/lib/python2.7/site-packages/radical/pilot/configs/resource_futuregrid.json
2019-04-05 10:42:18,221: re.session.login5.jdakka.017991.0001: MainProcess                     : MainThread     : INFO    : Load resource configurations for futuregrid.delta_ssh
2019-04-05 10:42:18,221: re.session.login5.jdakka.017991.0001: MainProcess                     : MainThread     : DEBUG   : read rcfg for futuregrid.delta_ssh (None)
2019-04-05 10:42:18,221: re.session.login5.jdakka.017991.0001: MainProcess                     : MainThread     : INFO    : Load resource configurations for futuregrid.india_ssh
2019-04-05 10:42:18,222: re.session.login5.jdakka.017991.0001: MainProcess                     : MainThread     : DEBUG   : read rcfg for futuregrid.india_ssh (None)
2019-04-05 10:42:18,222: re.session.login5.jdakka.017991.0001: MainProcess                     : MainThread     : INFO    : Load resource configurations for futuregrid.echo_ssh
2019-04-05 10:42:18,222: re.session.login5.jdakka.017991.0001: MainProcess                     : MainThread     : DEBUG   : read rcfg for futuregrid.echo_ssh (None)
2019-04-05 10:42:18,222: re.session.login5.jdakka.017991.0001: MainProcess                     : MainThread     : INFO    : Load resource configurations for futuregrid.xray_ccm
2019-04-05 10:42:18,223: re.session.login5.jdakka.017991.0001: MainProcess                     : MainThread     : DEBUG   : read rcfg for futuregrid.xray_ccm (None)
2019-04-05 10:42:18,223: re.session.login5.jdakka.017991.0001: MainProcess                     : MainThread     : INFO    : Load resource configurations for futuregrid.bravo_ssh
2019-04-05 10:42:18,223: re.session.login5.jdakka.017991.0001: MainProcess                     : MainThread     : DEBUG   : read rcfg for futuregrid.bravo_ssh (None)
2019-04-05 10:42:18,223: re.session.login5.jdakka.017991.0001: MainProcess                     : MainThread     : INFO    : Load resource configurations for futuregrid.xray_aprun
2019-04-05 10:42:18,224: re.session.login5.jdakka.017991.0001: MainProcess                     : MainThread     : DEBUG   : read rcfg for futuregrid.xray_aprun (None)
2019-04-05 10:42:18,224: re.session.login5.jdakka.017991.0001: MainProcess                     : MainThread     : INFO    : Load resource configurations from /ccs/home/jdakka/.conda/envs/snakes/lib/python2.7/site-packages/radical/pilot/configs/resource_fub.json
2019-04-05 10:42:18,227: re.session.login5.jdakka.017991.0001: MainProcess                     : MainThread     : INFO    : Load resource configurations for fub.allegro_rsh
2019-04-05 10:42:18,227: re.session.login5.jdakka.017991.0001: MainProcess                     : MainThread     : DEBUG   : read rcfg for fub.allegro_rsh (None)
2019-04-05 10:42:18,227: re.session.login5.jdakka.017991.0001: MainProcess                     : MainThread     : INFO    : Load resource configurations from /ccs/home/jdakka/.conda/envs/snakes/lib/python2.7/site-packages/radical/pilot/configs/resource_epsrc.json
2019-04-05 10:42:18,232: re.session.login5.jdakka.017991.0001: MainProcess                     : MainThread     : INFO    : Load resource configurations for epsrc.archer_orte
2019-04-05 10:42:18,233: re.session.login5.jdakka.017991.0001: MainProcess                     : MainThread     : DEBUG   : read rcfg for epsrc.archer_orte (None)
2019-04-05 10:42:18,233: re.session.login5.jdakka.017991.0001: MainProcess                     : MainThread     : INFO    : Load resource configurations for epsrc.archer_aprun
2019-04-05 10:42:18,233: re.session.login5.jdakka.017991.0001: MainProcess                     : MainThread     : DEBUG   : read rcfg for epsrc.archer_aprun (None)
2019-04-05 10:42:18,233: re.session.login5.jdakka.017991.0001: MainProcess                     : MainThread     : INFO    : Load resource configurations from /ccs/home/jdakka/.conda/envs/snakes/lib/python2.7/site-packages/radical/pilot/configs/resource_das5.json
2019-04-05 10:42:18,236: re.session.login5.jdakka.017991.0001: MainProcess                     : MainThread     : INFO    : Load resource configurations for das5.fs1_ssh
2019-04-05 10:42:18,236: re.session.login5.jdakka.017991.0001: MainProcess                     : MainThread     : DEBUG   : read rcfg for das5.fs1_ssh (None)
2019-04-05 10:42:18,236: re.session.login5.jdakka.017991.0001: MainProcess                     : MainThread     : INFO    : Load resource configurations from /ccs/home/jdakka/.conda/envs/snakes/lib/python2.7/site-packages/radical/pilot/configs/resource_das4.json
2019-04-05 10:42:18,239: re.session.login5.jdakka.017991.0001: MainProcess                     : MainThread     : INFO    : Load resource configurations for das4.fs2_ssh
2019-04-05 10:42:18,239: re.session.login5.jdakka.017991.0001: MainProcess                     : MainThread     : DEBUG   : read rcfg for das4.fs2_ssh (None)
2019-04-05 10:42:18,239: re.session.login5.jdakka.017991.0001: MainProcess                     : MainThread     : INFO    : Load resource configurations from /ccs/home/jdakka/.conda/envs/snakes/lib/python2.7/site-packages/radical/pilot/configs/resource_chameleon.json
2019-04-05 10:42:18,242: re.session.login5.jdakka.017991.0001: MainProcess                     : MainThread     : INFO    : Load resource configurations for chameleon.cloud_vm_yarn
2019-04-05 10:42:18,242: re.session.login5.jdakka.017991.0001: MainProcess                     : MainThread     : DEBUG   : read rcfg for chameleon.cloud_vm_yarn (None)
2019-04-05 10:42:18,242: re.session.login5.jdakka.017991.0001: MainProcess                     : MainThread     : INFO    : Load resource configurations from /ccs/home/jdakka/.conda/envs/snakes/lib/python2.7/site-packages/radical/pilot/configs/resource_aliases.json
2019-04-05 10:42:18,632: re.session.login5.jdakka.017991.0001: MainProcess                     : MainThread     : INFO    : New Session created: re.session.login5.jdakka.017991.0001.
2019-04-05 10:42:18,633: re.session.login5.jdakka.017991.0001: MainProcess                     : MainThread     : DEBUG   : start bridges   : {u'control_pubsub': {u'bulk_size': 0, u'log_level': u'error', u'stall_hwm': 1},
 u'log_pubsub': {u'bulk_size': 0, u'log_level': u'error', u'stall_hwm': 1},
 u'state_pubsub': {u'bulk_size': 0, u'log_level': u'error', u'stall_hwm': 1}}
2019-04-05 10:42:18,633: re.session.login5.jdakka.017991.0001: MainProcess                     : MainThread     : INFO    : create bridge control_pubsub
2019-04-05 10:42:18,647: re.session.login5.jdakka.017991.0001: MainProcess                     : MainThread     : INFO    : created bridge control_pubsub (control.pubsub.bridge.0000)
2019-04-05 10:42:18,648: re.session.login5.jdakka.017991.0001: MainProcess                     : MainThread     : INFO    : create bridge state_pubsub
2019-04-05 10:42:18,656: re.session.login5.jdakka.017991.0001: MainProcess                     : MainThread     : INFO    : created bridge state_pubsub (state.pubsub.bridge.0000)
2019-04-05 10:42:18,656: re.session.login5.jdakka.017991.0001: MainProcess                     : MainThread     : INFO    : create bridge log_pubsub
2019-04-05 10:42:18,666: re.session.login5.jdakka.017991.0001: MainProcess                     : MainThread     : INFO    : created bridge log_pubsub (log.pubsub.bridge.0000)
2019-04-05 10:42:18,666: re.session.login5.jdakka.017991.0001: MainProcess                     : MainThread     : DEBUG   : start components: {u'UpdateWorker': {u'count': 1}}
2019-04-05 10:42:18,666: re.session.login5.jdakka.017991.0001: MainProcess                     : MainThread     : DEBUG   : start 1 component(s) UpdateWorker
2019-04-05 10:42:19,071: re.session.login5.jdakka.017991.0001: MainProcess                     : MainThread     : INFO    : re.session.login5.jdakka.017991.0001 starts update.0
2019-04-05 10:42:19,072: re.session.login5.jdakka.017991.0001: MainProcess                     : MainThread     : INFO    : radical.pilot version: 0.50.22-v0.50.22-189-g3ac6a19@fix-issue_1830
2019-04-05 10:42:19,072: re.session.login5.jdakka.017991.0001: MainProcess                     : MainThread     : INFO    : radical.saga  version: 0.50.0-v0.50.0-22-g8c260f8@feature-summit
2019-04-05 10:42:19,072: re.session.login5.jdakka.017991.0001: MainProcess                     : MainThread     : INFO    : radical.utils version: 0.50.3
2019-04-05 10:42:19,452: re.session.login5.jdakka.017991.0001: MainProcess                     : MainThread     : DEBUG   : get rcfg 1 for ornl.summit (None)
2019-04-05 10:42:19,452: re.session.login5.jdakka.017991.0001: MainProcess                     : MainThread     : DEBUG   : get rcfg 2 for ornl.summit (None)
2019-04-05 10:42:19,452: re.session.login5.jdakka.017991.0001: MainProcess                     : MainThread     : DEBUG   : get rcfg 1 for ornl.summit (None)
2019-04-05 10:42:19,452: re.session.login5.jdakka.017991.0001: MainProcess                     : MainThread     : DEBUG   : get rcfg 2 for ornl.summit (None)
2019-04-05 10:42:19,452: re.session.login5.jdakka.017991.0001: MainProcess                     : MainThread     : DEBUG   : rsup.PTYShell('fork://localhost/')
2019-04-05 10:42:23,624: re.session.login5.jdakka.017991.0001: MainProcess                     : MainThread     : DEBUG   : sandbox base fork://localhost/: '/ccs/home/jdakka'
2019-04-05 10:42:23,747: re.session.login5.jdakka.017991.0001: MainProcess                     : MainThread     : DEBUG   : bulk pilot insert result: {'nModified': 0, 'nUpserted': 0, 'nMatched': 0, 'writeErrors': [], 'upserted': [], 'writeConcernErrors': [], 'nRemoved': 0, 'nInserted': 1}
2019-04-05 10:42:23,750: re.session.login5.jdakka.017991.0001: pmgr.0000.launching.0           : MainThread     : DEBUG   : get rcfg 1 for ornl.summit (None)
2019-04-05 10:42:23,751: re.session.login5.jdakka.017991.0001: pmgr.0000.launching.0           : MainThread     : DEBUG   : get rcfg 2 for ornl.summit (None)
2019-04-05 10:42:23,752: re.session.login5.jdakka.017991.0001: pmgr.0000.launching.0           : MainThread     : DEBUG   : get rcfg 1 for ornl.summit (None)
2019-04-05 10:42:23,752: re.session.login5.jdakka.017991.0001: pmgr.0000.launching.0           : MainThread     : DEBUG   : get rcfg 2 for ornl.summit (None)
2019-04-05 10:42:23,753: re.session.login5.jdakka.017991.0001: pmgr.0000.launching.0           : MainThread     : DEBUG   : rsup.PTYShell('fork://localhost/')
2019-04-05 10:42:27,588: re.session.login5.jdakka.017991.0001: pmgr.0000.launching.0           : MainThread     : DEBUG   : sandbox base fork://localhost/: '/ccs/home/jdakka'
2019-04-05 10:43:40,978: re.session.login5.jdakka.017991.0001: task-manager                    : Thread-1       : DEBUG   : bulk unit insert result: {'nModified': 0, 'nUpserted': 0, 'nMatched': 0, 'writeErrors': [], 'upserted': [], 'writeConcernErrors': [], 'nRemoved': 0, 'nInserted': 1}
2019-04-05 12:21:23,317: re.session.login5.jdakka.017991.0001: MainProcess                     : MainThread     : DEBUG   : session re.session.login5.jdakka.017991.0001 closing
2019-04-05 12:21:23,326: re.session.login5.jdakka.017991.0001: MainProcess                     : MainThread     : DEBUG   : session re.session.login5.jdakka.017991.0001 closes pmgr   pmgr.0000
2019-04-05 12:21:26,170: re.session.login5.jdakka.017991.0001: MainProcess                     : MainThread     : DEBUG   : session re.session.login5.jdakka.017991.0001 closed pmgr   pmgr.0000
2019-04-05 12:21:26,170: re.session.login5.jdakka.017991.0001: MainProcess                     : MainThread     : DEBUG   : session re.session.login5.jdakka.017991.0001 closes comp   update.0
2019-04-05 12:21:26,170: re.session.login5.jdakka.017991.0001: MainProcess                     : MainThread     : DEBUG   : update.0 stop called
2019-04-05 12:21:26,301: re.session.login5.jdakka.017991.0001: update.0                        : MainThread     : DEBUG   : update.0.child stop called
2019-04-05 12:21:26,440: re.session.login5.jdakka.017991.0001: update.0                        : MainThread     : DEBUG   : update.0.child stop called
2019-04-05 12:21:26,526: re.session.login5.jdakka.017991.0001: MainProcess                     : MainThread     : DEBUG   : session re.session.login5.jdakka.017991.0001 closed comp   update.0
2019-04-05 12:21:26,526: re.session.login5.jdakka.017991.0001: MainProcess                     : MainThread     : DEBUG   : session re.session.login5.jdakka.017991.0001 closes bridge control.pubsub.bridge.0000
2019-04-05 12:21:27,472: re.session.login5.jdakka.017991.0001: MainProcess                     : MainThread     : DEBUG   : session re.session.login5.jdakka.017991.0001 closed bridge control.pubsub.bridge.0000
2019-04-05 12:21:27,472: re.session.login5.jdakka.017991.0001: MainProcess                     : MainThread     : DEBUG   : session re.session.login5.jdakka.017991.0001 closes bridge state.pubsub.bridge.0000
2019-04-05 12:21:28,468: re.session.login5.jdakka.017991.0001: MainProcess                     : MainThread     : DEBUG   : session re.session.login5.jdakka.017991.0001 closed bridge state.pubsub.bridge.0000
2019-04-05 12:21:28,468: re.session.login5.jdakka.017991.0001: MainProcess                     : MainThread     : DEBUG   : session re.session.login5.jdakka.017991.0001 closes bridge log.pubsub.bridge.0000
2019-04-05 12:21:28,846: re.session.login5.jdakka.017991.0001: MainProcess                     : MainThread     : DEBUG   : session re.session.login5.jdakka.017991.0001 closed bridge log.pubsub.bridge.0000
2019-04-05 12:21:28,846: re.session.login5.jdakka.017991.0001: MainProcess                     : MainThread     : DEBUG   : session re.session.login5.jdakka.017991.0001 closes db (False)
2019-04-05 12:21:28,867: re.session.login5.jdakka.017991.0001: MainProcess                     : MainThread     : DEBUG   : session re.session.login5.jdakka.017991.0001 closed (delete=False)
2019-04-05 12:21:28,870: re.session.login5.jdakka.017991.0001: MainProcess                     : MainThread     : DEBUG   : update.0 stop called
2019-04-05 12:21:28,872: re.session.login5.jdakka.017991.0001: MainProcess                     : MainThread     : DEBUG   : start download
2019-04-05 12:21:29,197: re.session.login5.jdakka.017991.0001: MainProcess                     : MainThread     : INFO    : session written to /gpfs/alpine/bip178/scratch/jdakka/hyperspace/microscope/re.session.login5.jdakka.017991.0001/re.session.login5.jdakka.017991.0001.json
2019-04-05 12:21:29,398: re.session.login5.jdakka.017991.0001: MainProcess                     : MainThread     : DEBUG   : Session: re.session.login5.jdakka.017991.0001
2019-04-05 12:21:29,398: re.session.login5.jdakka.017991.0001: MainProcess                     : MainThread     : DEBUG   : Number of pilots in session: 1
2019-04-05 12:21:29,398: re.session.login5.jdakka.017991.0001: MainProcess                     : MainThread     : DEBUG   : processing pilot 'pilot.0000'
2019-04-05 12:21:31,770: re.session.login5.jdakka.017991.0001: MainProcess                     : MainThread     : INFO    : profiles tarball exists
2019-04-05 12:21:31,771: re.session.login5.jdakka.017991.0001: MainProcess                     : MainThread     : INFO    : fetch 'file://localhost/ccs/home/jdakka/radical.pilot.sandbox/re.session.login5.jdakka.017991.0001/pilot.0000/pilot.0000.prof.tgz' to 'file://localhost/gpfs/alpine/bip178/scratch/jdakka/hyperspace/microscope/re.session.login5.jdakka.017991.0001/'.
2019-04-05 12:21:32,087: re.session.login5.jdakka.017991.0001: MainProcess                     : MainThread     : INFO    : Extract tarball /gpfs/alpine/bip178/scratch/jdakka/hyperspace/microscope/re.session.login5.jdakka.017991.0001/pilot.0000.prof.tgz to '/gpfs/alpine/bip178/scratch/jdakka/hyperspace/microscope/re.session.login5.jdakka.017991.0001/'.
2019-04-05 12:21:32,273: re.session.login5.jdakka.017991.0001: MainProcess                     : MainThread     : INFO    : Session: re.session.login5.jdakka.017991.0001
2019-04-05 12:21:32,273: re.session.login5.jdakka.017991.0001: MainProcess                     : MainThread     : INFO    : Number of pilots in session: 1
2019-04-05 12:21:32,586: re.session.login5.jdakka.017991.0001: MainProcess                     : MainThread     : INFO    : logfiles tarball exists
2019-04-05 12:21:32,586: re.session.login5.jdakka.017991.0001: MainProcess                     : MainThread     : INFO    : Fetching 'file://localhost/ccs/home/jdakka/radical.pilot.sandbox/re.session.login5.jdakka.017991.0001/pilot.0000/pilot.0000.log.tgz' to 'file://localhost/gpfs/alpine/bip178/scratch/jdakka/hyperspace/microscope/re.session.login5.jdakka.017991.0001/'.
2019-04-05 12:21:32,898: re.session.login5.jdakka.017991.0001: MainProcess                     : MainThread     : DEBUG   : Extract tarball /gpfs/alpine/bip178/scratch/jdakka/hyperspace/microscope/re.session.login5.jdakka.017991.0001/pilot.0000.log.tgz to /gpfs/alpine/bip178/scratch/jdakka/hyperspace/microscope/re.session.login5.jdakka.017991.0001/
2019-04-05 12:21:32,940: re.session.login5.jdakka.017991.0001: MainProcess                     : MainThread     : INFO    : tarball /gpfs/alpine/bip178/scratch/jdakka/hyperspace/microscope/re.session.login5.jdakka.017991.0001/pilot.0000.log.tgz extracted to '/gpfs/alpine/bip178/scratch/jdakka/hyperspace/microscope/re.session.login5.jdakka.017991.0001//pilot.0000/'.
