2019-04-05 10:43:40,193: umgr.0000.staging.input.0.child: umgr.0000.staging.input.0       : Thread-1       : INFO    : python.interpreter   version: 2.7.15 | packaged by conda-forge | (default, Feb 28 2019, 04:20:34) [GCC 8.2.0]
2019-04-05 10:43:40,193: umgr.0000.staging.input.0.child: umgr.0000.staging.input.0       : Thread-1       : INFO    :                      pid/tid: 26120/Thread-1
2019-04-05 10:43:40,193: umgr.0000.staging.input.0.child: umgr.0000.staging.input.0       : Thread-1       : INFO    : initialize umgr.0000.staging.input.0.child
2019-04-05 10:43:40,197: umgr.0000.staging.input.0.child: umgr.0000.staging.input.0       : Thread-1       : INFO    : cfg: {'agents': {},
 u'bridges': {u'control_pubsub': {'addr_in': 'tcp://128.219.134.75:34497',
                                  'addr_out': 'tcp://128.219.134.75:44539',
                                  u'bulk_size': 0,
                                  u'log_level': u'error',
                                  u'stall_hwm': 1},
              u'log_pubsub': {'addr_in': 'tcp://128.219.134.75:42145',
                              'addr_out': 'tcp://128.219.134.75:37057',
                              u'bulk_size': 0,
                              u'log_level': u'error',
                              u'stall_hwm': 1},
              u'state_pubsub': {'addr_in': 'tcp://128.219.134.75:40233',
                                'addr_out': 'tcp://128.219.134.75:36617',
                                u'bulk_size': 0,
                                u'log_level': u'error',
                                u'stall_hwm': 1},
              u'umgr_reschedule_pubsub': {'addr_in': 'tcp://128.219.134.75:34847',
                                          'addr_out': 'tcp://128.219.134.75:37219',
                                          u'bulk_size': 0,
                                          u'log_level': u'error',
                                          u'stall_hwm': 1},
              u'umgr_scheduling_queue': {'addr_in': 'tcp://128.219.134.75:35841',
                                         'addr_out': 'tcp://128.219.134.75:44125',
                                         u'bulk_size': 0,
                                         u'log_level': u'error',
                                         u'stall_hwm': 1},
              u'umgr_staging_input_queue': {'addr_in': 'tcp://128.219.134.75:42519',
                                            'addr_out': 'tcp://128.219.134.75:43337',
                                            u'bulk_size': 0,
                                            u'log_level': u'error',
                                            u'stall_hwm': 1},
              u'umgr_staging_output_queue': {'addr_in': 'tcp://128.219.134.75:42893',
                                             'addr_out': 'tcp://128.219.134.75:45295',
                                             u'bulk_size': 0,
                                             u'log_level': u'error',
                                             u'stall_hwm': 1},
              u'umgr_unschedule_pubsub': {'addr_in': 'tcp://128.219.134.75:38619',
                                          'addr_out': 'tcp://128.219.134.75:43955',
                                          u'bulk_size': 0,
                                          u'log_level': u'error',
                                          u'stall_hwm': 1}},
 u'bulk_collection_size': 100,
 u'bulk_collection_time': 1.0,
 'cname': u'UMGRStagingInputComponent',
 u'components': {},
 u'count': 1,
 u'db_poll_sleeptime': 1.0,
 'number': 0,
 'owner': 'umgr.0000',
 u'scheduler': u'round_robin',
 'uid': 'umgr.0000'}
2019-04-05 10:43:40,197: umgr.0000.staging.input.0.child: umgr.0000.staging.input.0       : Thread-1       : DEBUG   : start components: {}
2019-04-05 10:43:40,197: umgr.0000.staging.input.0.child: umgr.0000.staging.input.0       : Thread-1       : DEBUG   : alive check in term
2019-04-05 10:43:40,198: umgr.0000.staging.input.0.child: umgr.0000.staging.input.0       : Thread-1       : DEBUG   : START: umgr.0000.staging.input.0.child register publisher log_pubsub
2019-04-05 10:43:40,199: umgr.0000.staging.input.0.child: umgr.0000.staging.input.0       : Thread-1       : DEBUG   : using addr tcp://128.219.134.75:42145 for pubsub log_pubsub
2019-04-05 10:43:40,201: umgr.0000.staging.input.0.child: umgr.0000.staging.input.0       : Thread-1       : DEBUG   : registered publisher : log_pubsub : log.pubsub.pub.0003
2019-04-05 10:43:40,202: umgr.0000.staging.input.0.child: umgr.0000.staging.input.0       : Thread-1       : DEBUG   : alive check in term
2019-04-05 10:43:40,202: umgr.0000.staging.input.0.child: umgr.0000.staging.input.0       : Thread-1       : DEBUG   : START: umgr.0000.staging.input.0.child register publisher state_pubsub
2019-04-05 10:43:40,202: umgr.0000.staging.input.0.child: umgr.0000.staging.input.0       : Thread-1       : DEBUG   : using addr tcp://128.219.134.75:40233 for pubsub state_pubsub
2019-04-05 10:43:40,267: umgr.0000.staging.input.0.child: umgr.0000.staging.input.0       : Thread-1       : DEBUG   : registered publisher : state_pubsub : state.pubsub.pub.0003
2019-04-05 10:43:40,267: umgr.0000.staging.input.0.child: umgr.0000.staging.input.0       : Thread-1       : DEBUG   : alive check in term
2019-04-05 10:43:40,267: umgr.0000.staging.input.0.child: umgr.0000.staging.input.0       : Thread-1       : DEBUG   : START: umgr.0000.staging.input.0.child register publisher control_pubsub
2019-04-05 10:43:40,267: umgr.0000.staging.input.0.child: umgr.0000.staging.input.0       : Thread-1       : DEBUG   : using addr tcp://128.219.134.75:34497 for pubsub control_pubsub
2019-04-05 10:43:40,269: umgr.0000.staging.input.0.child: umgr.0000.staging.input.0       : Thread-1       : DEBUG   : registered publisher : control_pubsub : control.pubsub.pub.0003
2019-04-05 10:43:40,270: umgr.0000.staging.input.0.child: umgr.0000.staging.input.0       : Thread-1       : DEBUG   : alive check in term
2019-04-05 10:43:40,270: umgr.0000.staging.input.0.child: umgr.0000.staging.input.0       : Thread-1       : DEBUG   : START: umgr.0000.staging.input.0.child register subscriber umgr.0000.staging.input.0.child.subscriber._cancel_monitor_cb
2019-04-05 10:43:40,270: umgr.0000.staging.input.0.child: umgr.0000.staging.input.0       : Thread-1       : DEBUG   : using addr tcp://128.219.134.75:44539 for pubsub control_pubsub
2019-04-05 10:43:40,272: umgr.0000.staging.input.0.child: umgr.0000.staging.input.0       : Thread-1       : DEBUG   : parent name: umgr.0000.staging.input.0.child.subscriber._cancel_monitor_cb
2019-04-05 10:43:40,272: umgr.0000.staging.input.0.child: umgr.0000.staging.input.0       : Thread-1       : DEBUG   : start thread
2019-04-05 10:43:40,272: umgr.0000.staging.input.0.child: umgr.0000.staging.input.0       : umgr.0000.staging.input.0.child.subscriber._cancel_monitor_cb: DEBUG   : child name: umgr.0000.staging.input.0.child.subscriber._cancel_monitor_cb.thread
2019-04-05 10:43:40,272: umgr.0000.staging.input.0.child: umgr.0000.staging.input.0       : umgr.0000.staging.input.0.child.subscriber._cancel_monitor_cb: INFO    : child (me) initializing
2019-04-05 10:43:40,272: umgr.0000.staging.input.0.child: umgr.0000.staging.input.0       : umgr.0000.staging.input.0.child.subscriber._cancel_monitor_cb: DEBUG   : ru_initialize_common (NOOP)
2019-04-05 10:43:40,272: umgr.0000.staging.input.0.child: umgr.0000.staging.input.0       : umgr.0000.staging.input.0.child.subscriber._cancel_monitor_cb: DEBUG   : ru_initialize_child (NOOP)
2019-04-05 10:43:40,272: umgr.0000.staging.input.0.child: umgr.0000.staging.input.0       : umgr.0000.staging.input.0.child.subscriber._cancel_monitor_cb: INFO    : send alive
2019-04-05 10:43:40,273: umgr.0000.staging.input.0.child: umgr.0000.staging.input.0       : umgr.0000.staging.input.0.child.subscriber._cancel_monitor_cb: INFO    : put message: [umgr.0000.staging.input.0.child.subscriber._cancel_monitor_cb.thread] alive
2019-04-05 10:43:40,273: umgr.0000.staging.input.0.child: umgr.0000.staging.input.0       : Thread-1       : INFO    : get msg: alive
2019-04-05 10:43:40,273: umgr.0000.staging.input.0.child: umgr.0000.staging.input.0       : Thread-1       : DEBUG   : ru_initialize_common (NOOP)
2019-04-05 10:43:40,273: umgr.0000.staging.input.0.child: umgr.0000.staging.input.0       : Thread-1       : DEBUG   : ru_initialize_parent (NOOP)
2019-04-05 10:43:40,274: umgr.0000.staging.input.0.child: umgr.0000.staging.input.0       : Thread-1       : DEBUG   : child thread umgr.0000.staging.input.0.child.subscriber._cancel_monitor_cb started
2019-04-05 10:43:40,274: umgr.0000.staging.input.0.child: umgr.0000.staging.input.0       : Thread-1       : DEBUG   : umgr.0000.staging.input.0.child registered control_pubsub subscriber umgr.0000.staging.input.0.child.subscriber._cancel_monitor_cb
2019-04-05 10:43:40,274: umgr.0000.staging.input.0.child: umgr.0000.staging.input.0       : Thread-1       : DEBUG   : alive check in term
2019-04-05 10:43:40,274: umgr.0000.staging.input.0.child: umgr.0000.staging.input.0       : Thread-1       : DEBUG   : using addr tcp://128.219.134.75:43337 for input umgr_staging_input_queue
2019-04-05 10:43:40,276: umgr.0000.staging.input.0.child: umgr.0000.staging.input.0       : Thread-1       : DEBUG   : registered input umgr.0000.staging.input.0.child.work.UMGR_STAGING_INPUT_PENDING
2019-04-05 10:43:40,276: umgr.0000.staging.input.0.child: umgr.0000.staging.input.0       : Thread-1       : DEBUG   : START: umgr.0000.staging.input.0.child register input UMGR_STAGING_INPUT_PENDING: umgr.0000.staging.input.0.child.work.UMGR_STAGING_INPUT_PENDING
2019-04-05 10:43:40,276: umgr.0000.staging.input.0.child: umgr.0000.staging.input.0       : Thread-1       : DEBUG   : registered worker work [UMGR_STAGING_INPUT_PENDING]
2019-04-05 10:43:40,276: umgr.0000.staging.input.0.child: umgr.0000.staging.input.0       : Thread-1       : DEBUG   : alive check in term
2019-04-05 10:43:40,276: umgr.0000.staging.input.0.child: umgr.0000.staging.input.0       : Thread-1       : DEBUG   : START: umgr.0000.staging.input.0.child register output AGENT_STAGING_INPUT_PENDING
2019-04-05 10:43:40,276: umgr.0000.staging.input.0.child: umgr.0000.staging.input.0       : Thread-1       : DEBUG   : alive check in term
2019-04-05 10:43:40,276: umgr.0000.staging.input.0.child: umgr.0000.staging.input.0       : Thread-1       : DEBUG   : START: umgr.0000.staging.input.0.child register subscriber umgr.0000.staging.input.0.child.subscriber._base_command_cb
2019-04-05 10:43:40,276: umgr.0000.staging.input.0.child: umgr.0000.staging.input.0       : Thread-1       : DEBUG   : using addr tcp://128.219.134.75:44539 for pubsub control_pubsub
2019-04-05 10:43:40,278: umgr.0000.staging.input.0.child: umgr.0000.staging.input.0       : Thread-1       : DEBUG   : parent name: umgr.0000.staging.input.0.child.subscriber._base_command_cb
2019-04-05 10:43:40,278: umgr.0000.staging.input.0.child: umgr.0000.staging.input.0       : Thread-1       : DEBUG   : start thread
2019-04-05 10:43:40,279: umgr.0000.staging.input.0.child: umgr.0000.staging.input.0       : umgr.0000.staging.input.0.child.subscriber._base_command_cb: DEBUG   : child name: umgr.0000.staging.input.0.child.subscriber._base_command_cb.thread
2019-04-05 10:43:40,279: umgr.0000.staging.input.0.child: umgr.0000.staging.input.0       : umgr.0000.staging.input.0.child.subscriber._base_command_cb: INFO    : child (me) initializing
2019-04-05 10:43:40,279: umgr.0000.staging.input.0.child: umgr.0000.staging.input.0       : umgr.0000.staging.input.0.child.subscriber._base_command_cb: DEBUG   : ru_initialize_common (NOOP)
2019-04-05 10:43:40,279: umgr.0000.staging.input.0.child: umgr.0000.staging.input.0       : umgr.0000.staging.input.0.child.subscriber._base_command_cb: DEBUG   : ru_initialize_child (NOOP)
2019-04-05 10:43:40,279: umgr.0000.staging.input.0.child: umgr.0000.staging.input.0       : umgr.0000.staging.input.0.child.subscriber._base_command_cb: INFO    : send alive
2019-04-05 10:43:40,279: umgr.0000.staging.input.0.child: umgr.0000.staging.input.0       : umgr.0000.staging.input.0.child.subscriber._base_command_cb: INFO    : put message: [umgr.0000.staging.input.0.child.subscriber._base_command_cb.thread] alive
2019-04-05 10:43:40,280: umgr.0000.staging.input.0.child: umgr.0000.staging.input.0       : Thread-1       : INFO    : get msg: alive
2019-04-05 10:43:40,280: umgr.0000.staging.input.0.child: umgr.0000.staging.input.0       : Thread-1       : DEBUG   : ru_initialize_common (NOOP)
2019-04-05 10:43:40,280: umgr.0000.staging.input.0.child: umgr.0000.staging.input.0       : Thread-1       : DEBUG   : ru_initialize_parent (NOOP)
2019-04-05 10:43:40,280: umgr.0000.staging.input.0.child: umgr.0000.staging.input.0       : Thread-1       : DEBUG   : child thread umgr.0000.staging.input.0.child.subscriber._base_command_cb started
2019-04-05 10:43:40,280: umgr.0000.staging.input.0.child: umgr.0000.staging.input.0       : Thread-1       : DEBUG   : umgr.0000.staging.input.0.child registered control_pubsub subscriber umgr.0000.staging.input.0.child.subscriber._base_command_cb
2019-04-05 10:43:40,280: umgr.0000.staging.input.0.child: umgr.0000.staging.input.0       : Thread-1       : INFO    : child (me) initializing
2019-04-05 10:43:40,280: umgr.0000.staging.input.0.child: umgr.0000.staging.input.0       : Thread-1       : DEBUG   : parent name: umgr.0000.staging.input.0.child.watch
2019-04-05 10:43:40,280: umgr.0000.staging.input.0.child: umgr.0000.staging.input.0       : Thread-1       : DEBUG   : start thread
2019-04-05 10:43:40,280: umgr.0000.staging.input.0.child: umgr.0000.staging.input.0       : umgr.0000.staging.input.0.child.watch: DEBUG   : child name: umgr.0000.staging.input.0.child.watch.thread
2019-04-05 10:43:40,281: umgr.0000.staging.input.0.child: umgr.0000.staging.input.0       : umgr.0000.staging.input.0.child.watch: INFO    : child (me) initializing
2019-04-05 10:43:40,281: umgr.0000.staging.input.0.child: umgr.0000.staging.input.0       : umgr.0000.staging.input.0.child.watch: DEBUG   : ru_initialize_common (NOOP)
2019-04-05 10:43:40,281: umgr.0000.staging.input.0.child: umgr.0000.staging.input.0       : umgr.0000.staging.input.0.child.watch: DEBUG   : ru_initialize_child (NOOP)
2019-04-05 10:43:40,281: umgr.0000.staging.input.0.child: umgr.0000.staging.input.0       : umgr.0000.staging.input.0.child.watch: INFO    : send alive
2019-04-05 10:43:40,281: umgr.0000.staging.input.0.child: umgr.0000.staging.input.0       : umgr.0000.staging.input.0.child.watch: INFO    : put message: [umgr.0000.staging.input.0.child.watch.thread] alive
2019-04-05 10:43:40,282: umgr.0000.staging.input.0.child: umgr.0000.staging.input.0       : Thread-1       : INFO    : get msg: alive
2019-04-05 10:43:40,282: umgr.0000.staging.input.0.child: umgr.0000.staging.input.0       : Thread-1       : DEBUG   : ru_initialize_common (NOOP)
2019-04-05 10:43:40,282: umgr.0000.staging.input.0.child: umgr.0000.staging.input.0       : Thread-1       : DEBUG   : ru_initialize_parent (NOOP)
2019-04-05 10:43:40,282: umgr.0000.staging.input.0.child: umgr.0000.staging.input.0       : Thread-1       : DEBUG   : child thread umgr.0000.staging.input.0.child.watch started
2019-04-05 10:43:40,282: umgr.0000.staging.input.0.child: umgr.0000.staging.input.0       : Thread-1       : INFO    : child (me) is alive
2019-04-05 10:43:40,282: umgr.0000.staging.input.0.child: umgr.0000.staging.input.0       : Thread-1       : INFO    : send alive
2019-04-05 10:43:40,282: umgr.0000.staging.input.0.child: umgr.0000.staging.input.0       : Thread-1       : INFO    : send message: [umgr.0000.staging.input.0.child] alive
2019-04-05 10:43:40,899: umgr.0000.staging.input.0.child: umgr.0000.staging.input.0       : umgr.0000.staging.input.0.child.subscriber._cancel_monitor_cb: DEBUG   : command ignored: add_pilots
2019-04-05 10:43:40,899: umgr.0000.staging.input.0.child: umgr.0000.staging.input.0       : umgr.0000.staging.input.0.child.subscriber._base_command_cb: DEBUG   : add pilot pilot.0000
2019-04-05 10:43:40,981: umgr.0000.staging.input.0.child: umgr.0000.staging.input.0       : Thread-1       : DEBUG   : got unit (unit.000000)
2019-04-05 10:43:40,981: umgr.0000.staging.input.0.child: umgr.0000.staging.input.0       : Thread-1       : DEBUG   : advance bulk size: 1 [False, True]
2019-04-05 10:43:40,982: umgr.0000.staging.input.0.child: umgr.0000.staging.input.0       : Thread-1       : DEBUG   : advance bulk size: 1 [True, True]
2019-04-05 10:43:40,982: umgr.0000.staging.input.0.child: umgr.0000.staging.input.0       : Thread-1       : DEBUG   : drop  unit.000000 [AGENT_STAGING_INPUT_PENDING]
2019-04-05 12:20:57,330: umgr.0000.staging.input.0.child: umgr.0000.staging.input.0       : Thread-1       : DEBUG   : TERM : umgr.0000.staging.input.0.child unregister subscriber umgr.0000.staging.input.0.child.subscriber._base_command_cb
2019-04-05 12:20:57,344: umgr.0000.staging.input.0.child: umgr.0000.staging.input.0       : Thread-1       : DEBUG   : unregistered subscriber umgr.0000.staging.input.0.child.subscriber._base_command_cb
2019-04-05 12:20:57,344: umgr.0000.staging.input.0.child: umgr.0000.staging.input.0       : Thread-1       : DEBUG   : ru_finalize_common()
2019-04-05 12:20:57,344: umgr.0000.staging.input.0.child: umgr.0000.staging.input.0       : Thread-1       : DEBUG   : TERM : umgr.0000.staging.input.0.child unregister publisher log_pubsub
2019-04-05 12:20:57,345: umgr.0000.staging.input.0.child: umgr.0000.staging.input.0       : Thread-1       : DEBUG   : unregistered publisher log_pubsub
2019-04-05 12:20:57,345: umgr.0000.staging.input.0.child: umgr.0000.staging.input.0       : Thread-1       : DEBUG   : TERM : umgr.0000.staging.input.0.child unregister publisher state_pubsub
2019-04-05 12:20:57,346: umgr.0000.staging.input.0.child: umgr.0000.staging.input.0       : Thread-1       : DEBUG   : unregistered publisher state_pubsub
2019-04-05 12:20:57,346: umgr.0000.staging.input.0.child: umgr.0000.staging.input.0       : Thread-1       : DEBUG   : TERM : umgr.0000.staging.input.0.child unregister publisher control_pubsub
2019-04-05 12:20:57,347: umgr.0000.staging.input.0.child: umgr.0000.staging.input.0       : Thread-1       : DEBUG   : unregistered publisher control_pubsub
2019-04-05 12:20:57,347: umgr.0000.staging.input.0.child: umgr.0000.staging.input.0       : Thread-1       : DEBUG   : umgr.0000.staging.input.0.child close prof
2019-04-05 12:20:57,348: umgr.0000.staging.input.0.child: umgr.0000.staging.input.0       : Thread-1       : INFO    : send message: [umgr.0000.staging.input.0.child] terminating
2019-04-05 12:20:57,454: umgr.0000.staging.input.0.child: umgr.0000.staging.input.0       : umgr.0000.staging.input.0.child.watch: INFO    : watcher closes
2019-04-05 12:20:57,454: umgr.0000.staging.input.0.child: umgr.0000.staging.input.0       : umgr.0000.staging.input.0.child.watch: INFO    : put message: [umgr.0000.staging.input.0.child.watch.thread] work finished
2019-04-05 12:20:57,454: umgr.0000.staging.input.0.child: umgr.0000.staging.input.0       : umgr.0000.staging.input.0.child.watch: DEBUG   : ru_finalize_child (NOOP)
2019-04-05 12:20:57,454: umgr.0000.staging.input.0.child: umgr.0000.staging.input.0       : umgr.0000.staging.input.0.child.watch: DEBUG   : ru_finalize_common (NOOP)
2019-04-05 12:20:57,454: umgr.0000.staging.input.0.child: umgr.0000.staging.input.0       : umgr.0000.staging.input.0.child.watch: INFO    : put message: [umgr.0000.staging.input.0.child.watch.thread] terminating
2019-04-05 12:20:57,462: umgr.0000.staging.input.0.child: umgr.0000.staging.input.0       : Thread-1       : INFO    : parent stops child
2019-04-05 12:20:57,462: umgr.0000.staging.input.0.child: umgr.0000.staging.input.0       : Thread-1       : DEBUG   : ru_finalize_parent (NOOP)
2019-04-05 12:20:57,462: umgr.0000.staging.input.0.child: umgr.0000.staging.input.0       : umgr.0000.staging.input.0.child.subscriber._base_command_cb: DEBUG   : ru_finalize_child (NOOP)
2019-04-05 12:20:57,463: umgr.0000.staging.input.0.child: umgr.0000.staging.input.0       : umgr.0000.staging.input.0.child.subscriber._base_command_cb: INFO    : put message: [umgr.0000.staging.input.0.child.subscriber._base_command_cb.thread] terminating
2019-04-05 12:20:57,463: umgr.0000.staging.input.0.child: umgr.0000.staging.input.0       : Thread-1       : INFO    : parent stops child
2019-04-05 12:20:57,463: umgr.0000.staging.input.0.child: umgr.0000.staging.input.0       : Thread-1       : DEBUG   : ru_finalize_parent (NOOP)
2019-04-05 12:20:57,463: umgr.0000.staging.input.0.child: umgr.0000.staging.input.0       : umgr.0000.staging.input.0.child.subscriber._cancel_monitor_cb: DEBUG   : ru_finalize_child (NOOP)
2019-04-05 12:20:57,464: umgr.0000.staging.input.0.child: umgr.0000.staging.input.0       : umgr.0000.staging.input.0.child.subscriber._cancel_monitor_cb: INFO    : put message: [umgr.0000.staging.input.0.child.subscriber._cancel_monitor_cb.thread] terminating
