2019-04-04 23:26:45,556: radical.entk.wfprocessor.0000: MainProcess                     : MainThread     : INFO    : python.interpreter   version: 2.7.15 | packaged by conda-forge | (default, Feb 28 2019, 04:20:34) [GCC 8.2.0]
2019-04-04 23:26:45,558: radical.entk.wfprocessor.0000: MainProcess                     : MainThread     : INFO    :                      pid/tid: 917/MainThread
2019-04-04 23:26:45,614: radical.entk.wfprocessor.0000: MainProcess                     : MainThread     : INFO    : Created WFProcessor object: wfprocessor.0000
2019-04-04 23:28:09,749: radical.entk.wfprocessor.0000: MainProcess                     : MainThread     : INFO    : Starting WFprocessor process
2019-04-04 23:28:09,810: radical.entk.wfprocessor.0000: wfprocessor                     : MainThread     : INFO    : WFprocessor started
2019-04-04 23:28:09,810: radical.entk.wfprocessor.0000: wfprocessor                     : MainThread     : INFO    : Starting dequeue-thread
2019-04-04 23:28:09,811: radical.entk.wfprocessor.0000: wfprocessor                     : MainThread     : INFO    : Starting enqueue-thread
2019-04-04 23:28:09,811: radical.entk.wfprocessor.0000: wfprocessor                     : dequeue-thread : INFO    : Dequeue thread started
2019-04-04 23:28:09,812: radical.entk.wfprocessor.0000: wfprocessor                     : enqueue-thread : INFO    : enqueue-thread started
2019-04-04 23:28:09,819: radical.entk.wfprocessor.0000: wfprocessor                     : enqueue-thread : DEBUG   : Attempting to sync pipeline.0000 with state SCHEDULING with AppManager
2019-04-04 23:28:09,825: radical.entk.wfprocessor.0000: wfprocessor                     : enqueue-thread : DEBUG   : pipeline.0000 with state SCHEDULING synced with AppManager
2019-04-04 23:28:09,825: radical.entk.wfprocessor.0000: wfprocessor                     : enqueue-thread : INFO    : Transition of pipeline.0000 to new state SCHEDULING successful
2019-04-04 23:28:09,826: radical.entk.wfprocessor.0000: wfprocessor                     : enqueue-thread : DEBUG   : Attempting to sync stage.0000 with state SCHEDULING with AppManager
2019-04-04 23:28:09,843: radical.entk.wfprocessor.0000: wfprocessor                     : enqueue-thread : DEBUG   : stage.0000 with state SCHEDULING synced with AppManager
2019-04-04 23:28:09,843: radical.entk.wfprocessor.0000: wfprocessor                     : enqueue-thread : INFO    : Transition of stage.0000 to new state SCHEDULING successful
2019-04-04 23:28:09,844: radical.entk.wfprocessor.0000: wfprocessor                     : enqueue-thread : DEBUG   : Attempting to sync task.0000 with state SCHEDULING with AppManager
2019-04-04 23:28:09,849: radical.entk.wfprocessor.0000: wfprocessor                     : enqueue-thread : DEBUG   : task.0000 with state SCHEDULING synced with AppManager
2019-04-04 23:28:09,850: radical.entk.wfprocessor.0000: wfprocessor                     : enqueue-thread : INFO    : Transition of task.0000 to new state SCHEDULING successful
2019-04-04 23:28:09,851: radical.entk.wfprocessor.0000: wfprocessor                     : enqueue-thread : DEBUG   : Attempting to sync task.0000 with state SCHEDULED with AppManager
2019-04-04 23:28:09,858: radical.entk.wfprocessor.0000: wfprocessor                     : enqueue-thread : DEBUG   : task.0000 with state SCHEDULED synced with AppManager
2019-04-04 23:28:09,859: radical.entk.wfprocessor.0000: wfprocessor                     : enqueue-thread : INFO    : Transition of task.0000 to new state SCHEDULED successful
2019-04-04 23:28:09,859: radical.entk.wfprocessor.0000: wfprocessor                     : enqueue-thread : DEBUG   : Task task.0000 published to pending queue
2019-04-04 23:28:09,859: radical.entk.wfprocessor.0000: wfprocessor                     : enqueue-thread : DEBUG   : Attempting to sync stage.0000 with state SCHEDULED with AppManager
2019-04-04 23:28:09,863: radical.entk.wfprocessor.0000: wfprocessor                     : enqueue-thread : DEBUG   : stage.0000 with state SCHEDULED synced with AppManager
2019-04-04 23:28:09,865: radical.entk.wfprocessor.0000: wfprocessor                     : enqueue-thread : INFO    : Transition of stage.0000 to new state SCHEDULED successful
2019-04-05 01:05:14,057: radical.entk.wfprocessor.0000: wfprocessor                     : dequeue-thread : INFO    : Got finished task task.0000 from queue
2019-04-05 01:05:14,057: radical.entk.wfprocessor.0000: wfprocessor                     : dequeue-thread : DEBUG   : Attempting to sync task.0000 with state DEQUEUEING with AppManager
2019-04-05 01:05:14,063: radical.entk.wfprocessor.0000: wfprocessor                     : dequeue-thread : DEBUG   : task.0000 with state DEQUEUEING synced with AppManager
2019-04-05 01:05:14,063: radical.entk.wfprocessor.0000: wfprocessor                     : dequeue-thread : INFO    : Transition of task.0000 to new state DEQUEUEING successful
2019-04-05 01:05:14,063: radical.entk.wfprocessor.0000: wfprocessor                     : dequeue-thread : DEBUG   : Found parent pipeline: pipeline.0000
2019-04-05 01:05:14,063: radical.entk.wfprocessor.0000: wfprocessor                     : dequeue-thread : DEBUG   : Found parent stage: stage.0000
2019-04-05 01:05:14,064: radical.entk.wfprocessor.0000: wfprocessor                     : dequeue-thread : DEBUG   : Attempting to sync task.0000 with state DEQUEUED with AppManager
2019-04-05 01:05:14,069: radical.entk.wfprocessor.0000: wfprocessor                     : dequeue-thread : DEBUG   : task.0000 with state DEQUEUED synced with AppManager
2019-04-05 01:05:14,070: radical.entk.wfprocessor.0000: wfprocessor                     : dequeue-thread : INFO    : Transition of task.0000 to new state DEQUEUED successful
2019-04-05 01:05:14,070: radical.entk.wfprocessor.0000: wfprocessor                     : dequeue-thread : DEBUG   : Attempting to sync task.0000 with state DONE with AppManager
2019-04-05 01:05:14,077: radical.entk.wfprocessor.0000: wfprocessor                     : dequeue-thread : DEBUG   : task.0000 with state DONE synced with AppManager
2019-04-05 01:05:14,077: radical.entk.wfprocessor.0000: wfprocessor                     : dequeue-thread : INFO    : Transition of task.0000 to new state DONE successful
2019-04-05 01:05:14,078: radical.entk.wfprocessor.0000: wfprocessor                     : dequeue-thread : DEBUG   : Attempting to sync stage.0000 with state DONE with AppManager
2019-04-05 01:05:14,085: radical.entk.wfprocessor.0000: wfprocessor                     : dequeue-thread : DEBUG   : stage.0000 with state DONE synced with AppManager
2019-04-05 01:05:14,086: radical.entk.wfprocessor.0000: wfprocessor                     : dequeue-thread : INFO    : Transition of stage.0000 to new state DONE successful
2019-04-05 01:05:14,086: radical.entk.wfprocessor.0000: wfprocessor                     : dequeue-thread : DEBUG   : Attempting to sync pipeline.0000 with state DONE with AppManager
2019-04-05 01:05:14,090: radical.entk.wfprocessor.0000: MainProcess                     : MainThread     : DEBUG   : Attempting to end WFprocessor... event: False
2019-04-05 01:05:14,090: radical.entk.wfprocessor.0000: wfprocessor                     : MainThread     : INFO    : Terminating enqueue-thread
2019-04-05 01:05:14,091: radical.entk.wfprocessor.0000: wfprocessor                     : dequeue-thread : DEBUG   : pipeline.0000 with state DONE synced with AppManager
2019-04-05 01:05:14,091: radical.entk.wfprocessor.0000: wfprocessor                     : dequeue-thread : INFO    : Transition of pipeline.0000 to new state DONE successful
2019-04-05 01:05:14,091: radical.entk.wfprocessor.0000: wfprocessor                     : enqueue-thread : INFO    : Enqueue thread terminated
2019-04-05 01:05:14,095: radical.entk.wfprocessor.0000: wfprocessor                     : MainThread     : INFO    : Terminating dequeue-thread
2019-04-05 01:05:14,095: radical.entk.wfprocessor.0000: wfprocessor                     : dequeue-thread : INFO    : Terminated dequeue thread
2019-04-05 01:05:14,101: radical.entk.wfprocessor.0000: MainProcess                     : MainThread     : DEBUG   : WFprocessor process terminated
