2019-04-04 23:26:46,928: update.0.child      : update.0                        : MainThread     : INFO    : python.interpreter   version: 2.7.15 | packaged by conda-forge | (default, Feb 28 2019, 04:20:34) [GCC 8.2.0]
2019-04-04 23:26:46,928: update.0.child      : update.0                        : MainThread     : INFO    :                      pid/tid: 1138/MainThread
2019-04-04 23:26:46,928: update.0.child      : update.0                        : MainThread     : INFO    : initialize update.0.child
2019-04-04 23:26:46,930: update.0.child      : update.0                        : MainThread     : INFO    : cfg: {'agents': {},
 u'bridges': {u'control_pubsub': {'addr_in': 'tcp://128.219.134.75:42817',
                                  'addr_out': 'tcp://128.219.134.75:40859',
                                  u'bulk_size': 0,
                                  u'log_level': u'error',
                                  u'stall_hwm': 1},
              u'log_pubsub': {'addr_in': 'tcp://128.219.134.75:37143',
                              'addr_out': 'tcp://128.219.134.75:44789',
                              u'bulk_size': 0,
                              u'log_level': u'error',
                              u'stall_hwm': 1},
              u'state_pubsub': {'addr_in': 'tcp://128.219.134.75:35793',
                                'addr_out': 'tcp://128.219.134.75:43291',
                                u'bulk_size': 0,
                                u'log_level': u'error',
                                u'stall_hwm': 1}},
 'cname': u'UpdateWorker',
 u'components': {},
 u'count': 1,
 'dburl': 'mongodb://user:user@ds223760.mlab.com:23760/adaptivity',
 u'default_dburl': u'mongodb://rp:rp@ds015335.mlab.com:15335/rp',
 'logdir': '/gpfs/alpine/bip178/scratch/jdakka/hyperspace/microscope/re.session.login5.jdakka.017991.0000',
 'number': 0,
 'owner': 're.session.login5.jdakka.017991.0000',
 'session_id': 're.session.login5.jdakka.017991.0000'}
2019-04-04 23:26:46,930: update.0.child      : update.0                        : MainThread     : DEBUG   : start components: {}
2019-04-04 23:26:46,931: update.0.child      : update.0                        : MainThread     : DEBUG   : alive check in term
2019-04-04 23:26:46,931: update.0.child      : update.0                        : MainThread     : DEBUG   : START: update.0.child register publisher log_pubsub
2019-04-04 23:26:46,931: update.0.child      : update.0                        : MainThread     : DEBUG   : using addr tcp://128.219.134.75:37143 for pubsub log_pubsub
2019-04-04 23:26:46,933: update.0.child      : update.0                        : MainThread     : DEBUG   : registered publisher : log_pubsub : log.pubsub.pub.0000
2019-04-04 23:26:46,933: update.0.child      : update.0                        : MainThread     : DEBUG   : alive check in term
2019-04-04 23:26:46,933: update.0.child      : update.0                        : MainThread     : DEBUG   : START: update.0.child register publisher state_pubsub
2019-04-04 23:26:46,933: update.0.child      : update.0                        : MainThread     : DEBUG   : using addr tcp://128.219.134.75:35793 for pubsub state_pubsub
2019-04-04 23:26:46,935: update.0.child      : update.0                        : MainThread     : DEBUG   : registered publisher : state_pubsub : state.pubsub.pub.0000
2019-04-04 23:26:46,935: update.0.child      : update.0                        : MainThread     : DEBUG   : alive check in term
2019-04-04 23:26:46,935: update.0.child      : update.0                        : MainThread     : DEBUG   : START: update.0.child register publisher control_pubsub
2019-04-04 23:26:46,935: update.0.child      : update.0                        : MainThread     : DEBUG   : using addr tcp://128.219.134.75:42817 for pubsub control_pubsub
2019-04-04 23:26:46,987: update.0.child      : update.0                        : MainThread     : DEBUG   : registered publisher : control_pubsub : control.pubsub.pub.0000
2019-04-04 23:26:46,989: update.0.child      : update.0                        : MainThread     : DEBUG   : alive check in term
2019-04-04 23:26:46,989: update.0.child      : update.0                        : MainThread     : DEBUG   : START: update.0.child register subscriber update.0.child.subscriber._cancel_monitor_cb
2019-04-04 23:26:46,989: update.0.child      : update.0                        : MainThread     : DEBUG   : using addr tcp://128.219.134.75:40859 for pubsub control_pubsub
2019-04-04 23:26:46,991: update.0.child      : update.0                        : MainThread     : DEBUG   : parent name: update.0.child.subscriber._cancel_monitor_cb
2019-04-04 23:26:46,992: update.0.child      : update.0                        : MainThread     : DEBUG   : start thread
2019-04-04 23:26:46,992: update.0.child      : update.0                        : update.0.child.subscriber._cancel_monitor_cb: DEBUG   : child name: update.0.child.subscriber._cancel_monitor_cb.thread
2019-04-04 23:26:46,992: update.0.child      : update.0                        : update.0.child.subscriber._cancel_monitor_cb: INFO    : child (me) initializing
2019-04-04 23:26:46,992: update.0.child      : update.0                        : update.0.child.subscriber._cancel_monitor_cb: DEBUG   : ru_initialize_common (NOOP)
2019-04-04 23:26:46,992: update.0.child      : update.0                        : update.0.child.subscriber._cancel_monitor_cb: DEBUG   : ru_initialize_child (NOOP)
2019-04-04 23:26:46,992: update.0.child      : update.0                        : update.0.child.subscriber._cancel_monitor_cb: INFO    : send alive
2019-04-04 23:26:46,992: update.0.child      : update.0                        : update.0.child.subscriber._cancel_monitor_cb: INFO    : put message: [update.0.child.subscriber._cancel_monitor_cb.thread] alive
2019-04-04 23:26:46,993: update.0.child      : update.0                        : MainThread     : INFO    : get msg: alive
2019-04-04 23:26:46,993: update.0.child      : update.0                        : MainThread     : DEBUG   : ru_initialize_common (NOOP)
2019-04-04 23:26:46,993: update.0.child      : update.0                        : MainThread     : DEBUG   : ru_initialize_parent (NOOP)
2019-04-04 23:26:46,993: update.0.child      : update.0                        : MainThread     : DEBUG   : child thread update.0.child.subscriber._cancel_monitor_cb started
2019-04-04 23:26:46,993: update.0.child      : update.0                        : MainThread     : DEBUG   : update.0.child registered control_pubsub subscriber update.0.child.subscriber._cancel_monitor_cb
2019-04-04 23:26:47,170: update.0.child      : update.0                        : MainThread     : DEBUG   : alive check in term
2019-04-04 23:26:47,170: update.0.child      : update.0                        : MainThread     : DEBUG   : START: update.0.child register subscriber update.0.child.subscriber._state_cb
2019-04-04 23:26:47,170: update.0.child      : update.0                        : MainThread     : DEBUG   : using addr tcp://128.219.134.75:43291 for pubsub state_pubsub
2019-04-04 23:26:47,173: update.0.child      : update.0                        : MainThread     : DEBUG   : parent name: update.0.child.subscriber._state_cb
2019-04-04 23:26:47,173: update.0.child      : update.0                        : MainThread     : DEBUG   : start thread
2019-04-04 23:26:47,173: update.0.child      : update.0                        : update.0.child.subscriber._state_cb: DEBUG   : child name: update.0.child.subscriber._state_cb.thread
2019-04-04 23:26:47,173: update.0.child      : update.0                        : update.0.child.subscriber._state_cb: INFO    : child (me) initializing
2019-04-04 23:26:47,173: update.0.child      : update.0                        : update.0.child.subscriber._state_cb: DEBUG   : ru_initialize_common (NOOP)
2019-04-04 23:26:47,173: update.0.child      : update.0                        : update.0.child.subscriber._state_cb: DEBUG   : ru_initialize_child (NOOP)
2019-04-04 23:26:47,173: update.0.child      : update.0                        : update.0.child.subscriber._state_cb: INFO    : send alive
2019-04-04 23:26:47,173: update.0.child      : update.0                        : update.0.child.subscriber._state_cb: INFO    : put message: [update.0.child.subscriber._state_cb.thread] alive
2019-04-04 23:26:47,174: update.0.child      : update.0                        : MainThread     : INFO    : get msg: alive
2019-04-04 23:26:47,174: update.0.child      : update.0                        : MainThread     : DEBUG   : ru_initialize_common (NOOP)
2019-04-04 23:26:47,174: update.0.child      : update.0                        : MainThread     : DEBUG   : ru_initialize_parent (NOOP)
2019-04-04 23:26:47,174: update.0.child      : update.0                        : MainThread     : DEBUG   : child thread update.0.child.subscriber._state_cb started
2019-04-04 23:26:47,174: update.0.child      : update.0                        : MainThread     : DEBUG   : update.0.child registered state_pubsub subscriber update.0.child.subscriber._state_cb
2019-04-04 23:26:47,175: update.0.child      : update.0                        : MainThread     : DEBUG   : alive check in term
2019-04-04 23:26:47,175: update.0.child      : update.0                        : MainThread     : DEBUG   : START: update.0.child register idler update.0.child.idler._idle_cb
2019-04-04 23:26:47,175: update.0.child      : update.0                        : MainThread     : DEBUG   : parent name: update.0.child.idler._idle_cb
2019-04-04 23:26:47,175: update.0.child      : update.0                        : MainThread     : DEBUG   : start thread
2019-04-04 23:26:47,175: update.0.child      : update.0                        : update.0.child.idler._idle_cb: DEBUG   : child name: update.0.child.idler._idle_cb.thread
2019-04-04 23:26:47,175: update.0.child      : update.0                        : update.0.child.idler._idle_cb: INFO    : child (me) initializing
2019-04-04 23:26:47,175: update.0.child      : update.0                        : update.0.child.idler._idle_cb: DEBUG   : ru_initialize_common (NOOP)
2019-04-04 23:26:47,175: update.0.child      : update.0                        : update.0.child.idler._idle_cb: DEBUG   : ru_initialize_child (NOOP)
2019-04-04 23:26:47,175: update.0.child      : update.0                        : update.0.child.idler._idle_cb: INFO    : send alive
2019-04-04 23:26:47,175: update.0.child      : update.0                        : update.0.child.idler._idle_cb: INFO    : put message: [update.0.child.idler._idle_cb.thread] alive
2019-04-04 23:26:47,176: update.0.child      : update.0                        : MainThread     : INFO    : get msg: alive
2019-04-04 23:26:47,176: update.0.child      : update.0                        : MainThread     : DEBUG   : ru_initialize_common (NOOP)
2019-04-04 23:26:47,176: update.0.child      : update.0                        : MainThread     : DEBUG   : ru_initialize_parent (NOOP)
2019-04-04 23:26:47,176: update.0.child      : update.0                        : MainThread     : DEBUG   : child thread update.0.child.idler._idle_cb started
2019-04-04 23:26:47,176: update.0.child      : update.0                        : MainThread     : DEBUG   : update.0.child registered idler update.0.child.idler._idle_cb
2019-04-04 23:26:47,177: update.0.child      : update.0                        : MainThread     : INFO    : child (me) initializing
2019-04-04 23:26:47,177: update.0.child      : update.0                        : MainThread     : DEBUG   : parent name: update.0.child.watch
2019-04-04 23:26:47,177: update.0.child      : update.0                        : MainThread     : DEBUG   : start thread
2019-04-04 23:26:47,177: update.0.child      : update.0                        : update.0.child.watch: DEBUG   : child name: update.0.child.watch.thread
2019-04-04 23:26:47,177: update.0.child      : update.0                        : update.0.child.watch: INFO    : child (me) initializing
2019-04-04 23:26:47,177: update.0.child      : update.0                        : update.0.child.watch: DEBUG   : ru_initialize_common (NOOP)
2019-04-04 23:26:47,177: update.0.child      : update.0                        : update.0.child.watch: DEBUG   : ru_initialize_child (NOOP)
2019-04-04 23:26:47,177: update.0.child      : update.0                        : update.0.child.watch: INFO    : send alive
2019-04-04 23:26:47,177: update.0.child      : update.0                        : update.0.child.watch: INFO    : put message: [update.0.child.watch.thread] alive
2019-04-04 23:26:47,178: update.0.child      : update.0                        : MainThread     : INFO    : get msg: alive
2019-04-04 23:26:47,178: update.0.child      : update.0                        : MainThread     : DEBUG   : ru_initialize_common (NOOP)
2019-04-04 23:26:47,178: update.0.child      : update.0                        : MainThread     : DEBUG   : ru_initialize_parent (NOOP)
2019-04-04 23:26:47,178: update.0.child      : update.0                        : MainThread     : DEBUG   : child thread update.0.child.watch started
2019-04-04 23:26:47,178: update.0.child      : update.0                        : MainThread     : INFO    : child (me) is alive
2019-04-04 23:26:47,178: update.0.child      : update.0                        : MainThread     : INFO    : send alive
2019-04-04 23:26:47,178: update.0.child      : update.0                        : MainThread     : INFO    : send message: [update.0.child] alive
2019-04-04 23:26:54,181: update.0.child      : update.0                        : update.0.child.subscriber._state_cb: DEBUG   : bulk update result: {'nModified': 1, 'nUpserted': 0, 'nMatched': 1, 'writeErrors': [], 'upserted': [], 'writeConcernErrors': [], 'nRemoved': 0, 'nInserted': 0}
2019-04-04 23:26:54,182: update.0.child      : update.0                        : update.0.child.subscriber._cancel_monitor_cb: DEBUG   : command ignored: pilot_staging_input_request
2019-04-04 23:26:54,182: update.0.child      : update.0                        : update.0.child.subscriber._cancel_monitor_cb: DEBUG   : command ignored: pilot_staging_input_result
2019-04-04 23:26:55,208: update.0.child      : update.0                        : update.0.child.idler._idle_cb: DEBUG   : bulk update result: {'nModified': 1, 'nUpserted': 0, 'nMatched': 1, 'writeErrors': [], 'upserted': [], 'writeConcernErrors': [], 'nRemoved': 0, 'nInserted': 0}
2019-04-04 23:27:09,803: update.0.child      : update.0                        : update.0.child.subscriber._state_cb: DEBUG   : bulk update result: {'nModified': 1, 'nUpserted': 0, 'nMatched': 1, 'writeErrors': [], 'upserted': [], 'writeConcernErrors': [], 'nRemoved': 0, 'nInserted': 0}
2019-04-04 23:28:09,745: update.0.child      : update.0                        : update.0.child.subscriber._state_cb: DEBUG   : bulk update result: {'nModified': 1, 'nUpserted': 0, 'nMatched': 1, 'writeErrors': [], 'upserted': [], 'writeConcernErrors': [], 'nRemoved': 0, 'nInserted': 0}
2019-04-04 23:28:14,774: update.0.child      : update.0                        : update.0.child.subscriber._cancel_monitor_cb: DEBUG   : command ignored: add_pilots
2019-04-04 23:28:14,839: update.0.child      : update.0                        : update.0.child.subscriber._state_cb: DEBUG   : bulk update result: {'nModified': 1, 'nUpserted': 0, 'nMatched': 1, 'writeErrors': [], 'upserted': [], 'writeConcernErrors': [], 'nRemoved': 0, 'nInserted': 0}
2019-04-04 23:28:16,327: update.0.child      : update.0                        : update.0.child.idler._idle_cb: DEBUG   : bulk update result: {'nModified': 4, 'nUpserted': 0, 'nMatched': 4, 'writeErrors': [], 'upserted': [], 'writeConcernErrors': [], 'nRemoved': 0, 'nInserted': 0}
2019-04-05 01:05:14,052: update.0.child      : update.0                        : update.0.child.subscriber._state_cb: DEBUG   : bulk update result: {'nModified': 1, 'nUpserted': 0, 'nMatched': 1, 'writeErrors': [], 'upserted': [], 'writeConcernErrors': [], 'nRemoved': 0, 'nInserted': 0}
2019-04-05 01:05:15,247: update.0.child      : update.0                        : update.0.child.idler._idle_cb: DEBUG   : bulk update result: {'nModified': 2, 'nUpserted': 0, 'nMatched': 2, 'writeErrors': [], 'upserted': [], 'writeConcernErrors': [], 'nRemoved': 0, 'nInserted': 0}
2019-04-05 01:05:40,844: update.0.child      : update.0                        : update.0.child.subscriber._cancel_monitor_cb: DEBUG   : command ignored: cancel_pilots
2019-04-05 01:05:52,341: update.0.child      : update.0                        : update.0.child.subscriber._state_cb: DEBUG   : bulk update result: {'nModified': 1, 'nUpserted': 0, 'nMatched': 1, 'writeErrors': [], 'upserted': [], 'writeConcernErrors': [], 'nRemoved': 0, 'nInserted': 0}
2019-04-05 01:05:52,358: update.0.child      : update.0                        : update.0.child.subscriber._cancel_monitor_cb: DEBUG   : command ignored: cancel_pilots
2019-04-05 01:05:55,356: update.0.child      : update.0                        : update.0.child.watch: INFO    : recv message: STOP
2019-04-05 01:05:55,356: update.0.child      : update.0                        : update.0.child.watch: INFO    : message received: STOP
2019-04-05 01:05:55,356: update.0.child      : update.0                        : update.0.child.watch: INFO    : STOP received: STOP
2019-04-05 01:05:55,356: update.0.child      : update.0                        : update.0.child.watch: INFO    : watcher closes
2019-04-05 01:05:55,356: update.0.child      : update.0                        : update.0.child.watch: INFO    : put message: [update.0.child.watch.thread] work finished
2019-04-05 01:05:55,356: update.0.child      : update.0                        : update.0.child.watch: DEBUG   : ru_finalize_child (NOOP)
2019-04-05 01:05:55,356: update.0.child      : update.0                        : update.0.child.watch: DEBUG   : ru_finalize_common (NOOP)
2019-04-05 01:05:55,356: update.0.child      : update.0                        : update.0.child.watch: INFO    : put message: [update.0.child.watch.thread] terminating
2019-04-05 01:05:55,432: update.0.child      : update.0                        : MainThread     : WARNING : alive check: proc invalid - stop [False - True]
2019-04-05 01:05:55,525: update.0.child      : update.0                        : MainThread     : INFO    : stop update.0.child (1138 : 1138 : MainThread) [radical.pilot.worker.update.Update.stop]
2019-04-05 01:05:55,528: update.0.child      : update.0                        : MainThread     : INFO    : parent stops child  1138 -> 1138 [update.0.child]
2019-04-05 01:05:55,528: update.0.child      : update.0                        : MainThread     : INFO    : send message: [update.0.child] STOP
2019-04-05 01:05:55,528: update.0.child      : update.0                        : MainThread     : WARNING : send failed ([Errno 9] Bad file descriptor) - terminate
2019-04-05 01:05:55,528: update.0.child      : update.0                        : MainThread     : DEBUG   : TERM : update.0.child unregister idler update.0.child.idler._idle_cb
2019-04-05 01:05:55,528: update.0.child      : update.0                        : MainThread     : INFO    : parent stops child
2019-04-05 01:05:55,528: update.0.child      : update.0                        : MainThread     : DEBUG   : ru_finalize_parent (NOOP)
2019-04-05 01:05:55,528: update.0.child      : update.0                        : MainThread     : DEBUG   : ru_finalize_common (NOOP)
2019-04-05 01:05:55,596: update.0.child      : update.0                        : update.0.child.idler._idle_cb: DEBUG   : ru_finalize_child (NOOP)
2019-04-05 01:05:55,596: update.0.child      : update.0                        : update.0.child.idler._idle_cb: DEBUG   : ru_finalize_common (NOOP)
2019-04-05 01:05:55,596: update.0.child      : update.0                        : update.0.child.idler._idle_cb: INFO    : put message: [update.0.child.idler._idle_cb.thread] terminating
2019-04-05 01:05:55,642: update.0.child      : update.0                        : MainThread     : DEBUG   : TERM : update.0.child unregistered idler update.0.child.idler._idle_cb
2019-04-05 01:05:55,642: update.0.child      : update.0                        : MainThread     : DEBUG   : TERM : update.0.child unregister subscriber update.0.child.subscriber._state_cb
2019-04-05 01:05:55,642: update.0.child      : update.0                        : MainThread     : DEBUG   : unregistered subscriber update.0.child.subscriber._state_cb
2019-04-05 01:05:55,642: update.0.child      : update.0                        : MainThread     : DEBUG   : ru_finalize_common()
2019-04-05 01:05:55,642: update.0.child      : update.0                        : MainThread     : DEBUG   : TERM : update.0.child unregister publisher log_pubsub
2019-04-05 01:05:55,642: update.0.child      : update.0                        : MainThread     : DEBUG   : unregistered publisher log_pubsub
2019-04-05 01:05:55,642: update.0.child      : update.0                        : MainThread     : DEBUG   : TERM : update.0.child unregister publisher state_pubsub
2019-04-05 01:05:55,643: update.0.child      : update.0                        : MainThread     : DEBUG   : unregistered publisher state_pubsub
2019-04-05 01:05:55,643: update.0.child      : update.0                        : MainThread     : DEBUG   : TERM : update.0.child unregister publisher control_pubsub
2019-04-05 01:05:55,643: update.0.child      : update.0                        : MainThread     : DEBUG   : unregistered publisher control_pubsub
2019-04-05 01:05:55,644: update.0.child      : update.0                        : MainThread     : DEBUG   : update.0.child close prof
2019-04-05 01:05:55,645: update.0.child      : update.0                        : MainThread     : INFO    : parent stops child
2019-04-05 01:05:55,645: update.0.child      : update.0                        : MainThread     : DEBUG   : ru_finalize_parent (NOOP)
2019-04-05 01:05:55,646: update.0.child      : update.0                        : MainThread     : DEBUG   : ru_finalize_common (NOOP)
2019-04-05 01:05:55,646: update.0.child      : update.0                        : MainThread     : INFO    : parent stops child
2019-04-05 01:05:55,646: update.0.child      : update.0                        : MainThread     : DEBUG   : ru_finalize_parent (NOOP)
2019-04-05 01:05:55,646: update.0.child      : update.0                        : update.0.child.subscriber._cancel_monitor_cb: DEBUG   : ru_finalize_child (NOOP)
2019-04-05 01:05:55,646: update.0.child      : update.0                        : update.0.child.subscriber._cancel_monitor_cb: INFO    : put message: [update.0.child.subscriber._cancel_monitor_cb.thread] terminating
2019-04-05 01:05:55,647: update.0.child      : update.0                        : MainThread     : INFO    : parent stops child
2019-04-05 01:05:55,647: update.0.child      : update.0                        : MainThread     : DEBUG   : ru_finalize_parent (NOOP)
2019-04-05 01:05:55,648: update.0.child      : update.0                        : update.0.child.subscriber._state_cb: DEBUG   : ru_finalize_child (NOOP)
2019-04-05 01:05:55,648: update.0.child      : update.0                        : update.0.child.subscriber._state_cb: INFO    : put message: [update.0.child.subscriber._state_cb.thread] terminating
2019-04-05 01:05:55,648: update.0.child      : update.0                        : MainThread     : INFO    : parent stops child
2019-04-05 01:05:55,648: update.0.child      : update.0                        : MainThread     : WARNING : super update.0.child is invalid
2019-04-05 01:05:55,648: update.0.child      : update.0                        : MainThread     : WARNING : component update.0.child is invalid
2019-04-05 01:05:55,649: update.0.child      : update.0                        : MainThread     : INFO    : stop update.0.child (1138 : 1138 : MainThread) [radical.pilot.worker.update.Update.stop]
2019-04-05 01:05:55,649: update.0.child      : update.0                        : MainThread     : DEBUG   : TERM : update.0.child unregister idler update.0.child.idler._idle_cb
2019-04-05 01:05:55,650: update.0.child      : update.0                        : MainThread     : WARNING : timed cb update.0.child.idler._idle_cb is not registered
2019-04-05 01:05:55,650: update.0.child      : update.0                        : MainThread     : DEBUG   : TERM : update.0.child unregister subscriber update.0.child.subscriber._state_cb
2019-04-05 01:05:55,650: update.0.child      : update.0                        : MainThread     : WARNING : subscriber _state_cb is not registered
2019-04-05 01:05:55,650: update.0.child      : update.0                        : MainThread     : DEBUG   : ru_finalize_common()
2019-04-05 01:05:55,650: update.0.child      : update.0                        : MainThread     : WARNING : publisher log_pubsub is not registered
2019-04-05 01:05:55,650: update.0.child      : update.0                        : MainThread     : WARNING : publisher state_pubsub is not registered
2019-04-05 01:05:55,650: update.0.child      : update.0                        : MainThread     : WARNING : publisher control_pubsub is not registered
2019-04-05 01:05:55,650: update.0.child      : update.0                        : MainThread     : DEBUG   : update.0.child close prof
2019-04-05 01:05:55,650: update.0.child      : update.0                        : MainThread     : INFO    : send message: [update.0.child] terminating
2019-04-05 01:05:55,650: update.0.child      : update.0                        : MainThread     : WARNING : send failed ([Errno 9] Bad file descriptor) - terminate
2019-04-05 01:05:55,650: update.0.child      : update.0                        : MainThread     : INFO    : parent stops child
2019-04-05 01:05:55,650: update.0.child      : update.0                        : MainThread     : INFO    : parent stops child
2019-04-05 01:05:55,650: update.0.child      : update.0                        : MainThread     : INFO    : parent stops child
