2019-04-05 10:42:19,366: control.pubsub.sub.0001: pmgr.0000.launching.0           : MainThread     : INFO    : python.interpreter   version: 2.7.15 | packaged by conda-forge | (default, Feb 28 2019, 04:20:34) [GCC 8.2.0]
2019-04-05 10:42:19,367: control.pubsub.sub.0001: pmgr.0000.launching.0           : MainThread     : INFO    :                      pid/tid: 19609/MainThread
2019-04-05 10:42:19,367: control.pubsub.sub.0001: pmgr.0000.launching.0           : MainThread     : INFO    : create control_pubsub - sub - tcp://128.219.134.75:44539
2019-04-05 10:42:19,367: control.pubsub.sub.0001: pmgr.0000.launching.0           : MainThread     : DEBUG   : start process
2019-04-05 10:42:19,368: control.pubsub.sub.0001: pmgr.0000.launching.0           : MainThread     : DEBUG   : ru_initialize_common (NOOP)
2019-04-05 10:42:19,368: control.pubsub.sub.0001: pmgr.0000.launching.0           : MainThread     : DEBUG   : ru_initialize_parent (NOOP)
2019-04-05 10:42:19,368: control.pubsub.sub.0001: pmgr.0000.launching.0           : MainThread     : DEBUG   : process class started (no child)
2019-04-05 10:43:40,271: control.pubsub.sub.0001: umgr.0000.staging.input.0       : Thread-1       : INFO    : python.interpreter   version: 2.7.15 | packaged by conda-forge | (default, Feb 28 2019, 04:20:34) [GCC 8.2.0]
2019-04-05 10:43:40,271: control.pubsub.sub.0001: umgr.0000.staging.input.0       : Thread-1       : INFO    :                      pid/tid: 26120/Thread-1
2019-04-05 10:43:40,271: control.pubsub.sub.0001: umgr.0000.staging.input.0       : Thread-1       : INFO    : create control_pubsub - sub - tcp://128.219.134.75:44539
2019-04-05 10:43:40,272: control.pubsub.sub.0001: umgr.0000.staging.input.0       : Thread-1       : DEBUG   : start process
2019-04-05 10:43:40,272: control.pubsub.sub.0001: umgr.0000.staging.input.0       : Thread-1       : DEBUG   : ru_initialize_common (NOOP)
2019-04-05 10:43:40,272: control.pubsub.sub.0001: umgr.0000.staging.input.0       : Thread-1       : DEBUG   : ru_initialize_parent (NOOP)
2019-04-05 10:43:40,272: control.pubsub.sub.0001: umgr.0000.staging.input.0       : Thread-1       : DEBUG   : process class started (no child)
2019-04-05 10:43:40,515: control.pubsub.sub.0001: umgr.0000.staging.output.0      : Thread-1       : INFO    : python.interpreter   version: 2.7.15 | packaged by conda-forge | (default, Feb 28 2019, 04:20:34) [GCC 8.2.0]
2019-04-05 10:43:40,516: control.pubsub.sub.0001: umgr.0000.staging.output.0      : Thread-1       : INFO    :                      pid/tid: 26147/Thread-1
2019-04-05 10:43:40,516: control.pubsub.sub.0001: umgr.0000.staging.output.0      : Thread-1       : INFO    : create control_pubsub - sub - tcp://128.219.134.75:44539
2019-04-05 10:43:40,516: control.pubsub.sub.0001: umgr.0000.staging.output.0      : Thread-1       : DEBUG   : start process
2019-04-05 10:43:40,516: control.pubsub.sub.0001: umgr.0000.staging.output.0      : Thread-1       : DEBUG   : ru_initialize_common (NOOP)
2019-04-05 10:43:40,516: control.pubsub.sub.0001: umgr.0000.staging.output.0      : Thread-1       : DEBUG   : ru_initialize_parent (NOOP)
2019-04-05 10:43:40,516: control.pubsub.sub.0001: umgr.0000.staging.output.0      : Thread-1       : DEBUG   : process class started (no child)
2019-04-05 10:43:40,676: control.pubsub.sub.0001: umgr.0000.scheduling.0          : Thread-1       : INFO    : python.interpreter   version: 2.7.15 | packaged by conda-forge | (default, Feb 28 2019, 04:20:34) [GCC 8.2.0]
2019-04-05 10:43:40,676: control.pubsub.sub.0001: umgr.0000.scheduling.0          : Thread-1       : INFO    :                      pid/tid: 26167/Thread-1
2019-04-05 10:43:40,676: control.pubsub.sub.0001: umgr.0000.scheduling.0          : Thread-1       : INFO    : create control_pubsub - sub - tcp://128.219.134.75:44539
2019-04-05 10:43:40,676: control.pubsub.sub.0001: umgr.0000.scheduling.0          : Thread-1       : DEBUG   : start process
2019-04-05 10:43:40,676: control.pubsub.sub.0001: umgr.0000.scheduling.0          : Thread-1       : DEBUG   : ru_initialize_common (NOOP)
2019-04-05 10:43:40,678: control.pubsub.sub.0001: umgr.0000.scheduling.0          : Thread-1       : DEBUG   : ru_initialize_parent (NOOP)
2019-04-05 10:43:40,678: control.pubsub.sub.0001: umgr.0000.scheduling.0          : Thread-1       : DEBUG   : process class started (no child)
2019-04-05 12:20:57,336: control.pubsub.sub.0001: umgr.0000.staging.output.0      : Thread-1       : INFO    : parent stops child  26147 -> None [control.pubsub.sub.0001]
2019-04-05 12:20:57,365: control.pubsub.sub.0001: umgr.0000.staging.output.0      : Thread-1       : DEBUG   : ru_finalize_parent (NOOP)
2019-04-05 12:20:57,463: control.pubsub.sub.0001: umgr.0000.staging.input.0       : Thread-1       : INFO    : parent stops child  26120 -> None [control.pubsub.sub.0001]
2019-04-05 12:20:57,463: control.pubsub.sub.0001: umgr.0000.staging.input.0       : Thread-1       : DEBUG   : ru_finalize_parent (NOOP)
2019-04-05 12:20:57,776: control.pubsub.sub.0001: umgr.0000.scheduling.0          : Thread-1       : INFO    : parent stops child  26167 -> None [control.pubsub.sub.0001]
2019-04-05 12:20:57,776: control.pubsub.sub.0001: umgr.0000.scheduling.0          : Thread-1       : DEBUG   : ru_finalize_parent (NOOP)
