2019-04-05 10:42:19,149: pmgr.0000           : MainProcess                     : MainThread     : INFO    : python.interpreter   version: 2.7.15 | packaged by conda-forge | (default, Feb 28 2019, 04:20:34) [GCC 8.2.0]
2019-04-05 10:42:19,149: pmgr.0000           : MainProcess                     : MainThread     : INFO    :                      pid/tid: 19286/MainThread
2019-04-05 10:42:19,149: pmgr.0000           : MainProcess                     : MainThread     : DEBUG   : alive check in term
2019-04-05 10:42:19,149: pmgr.0000           : MainProcess                     : MainThread     : DEBUG   : start process
2019-04-05 10:42:19,149: pmgr.0000           : MainProcess                     : MainThread     : INFO    : initialize pmgr.0000
2019-04-05 10:42:19,150: pmgr.0000           : MainProcess                     : MainThread     : INFO    : cfg: {u'bridges': {u'pmgr_launching_queue': {u'bulk_size': 0,
                                        u'log_level': u'error',
                                        u'stall_hwm': 1}},
 u'components': {u'PMGRLaunchingComponent': {u'count': 1}},
 u'db_poll_sleeptime': 10.0,
 'owner': 'pmgr.0000'}
2019-04-05 10:42:19,150: pmgr.0000           : MainProcess                     : MainThread     : DEBUG   : start bridges   : {u'pmgr_launching_queue': {u'bulk_size': 0,
                           u'log_level': u'error',
                           u'stall_hwm': 1}}
2019-04-05 10:42:19,150: pmgr.0000           : MainProcess                     : MainThread     : INFO    : create bridge pmgr_launching_queue
2019-04-05 10:42:19,159: pmgr.0000           : MainProcess                     : MainThread     : INFO    : created bridge pmgr_launching_queue (pmgr.launching.queue.bridge.0000)
2019-04-05 10:42:19,159: pmgr.0000           : MainProcess                     : MainThread     : DEBUG   : start components: {u'PMGRLaunchingComponent': {u'count': 1}}
2019-04-05 10:42:19,160: pmgr.0000           : MainProcess                     : MainThread     : DEBUG   : start 1 component(s) PMGRLaunchingComponent
2019-04-05 10:42:19,389: pmgr.0000           : MainProcess                     : MainThread     : INFO    : pmgr.0000                      starts pmgr.0000.launching.0
2019-04-05 10:42:19,389: pmgr.0000           : MainProcess                     : MainThread     : DEBUG   : alive check in term
2019-04-05 10:42:19,390: pmgr.0000           : MainProcess                     : MainThread     : DEBUG   : START: pmgr.0000 register publisher log_pubsub
2019-04-05 10:42:19,390: pmgr.0000           : MainProcess                     : MainThread     : DEBUG   : using addr tcp://128.219.134.75:42145 for pubsub log_pubsub
2019-04-05 10:42:19,393: pmgr.0000           : MainProcess                     : MainThread     : DEBUG   : registered publisher : log_pubsub : log.pubsub.pub.0002
2019-04-05 10:42:19,393: pmgr.0000           : MainProcess                     : MainThread     : DEBUG   : alive check in term
2019-04-05 10:42:19,393: pmgr.0000           : MainProcess                     : MainThread     : DEBUG   : START: pmgr.0000 register publisher state_pubsub
2019-04-05 10:42:19,393: pmgr.0000           : MainProcess                     : MainThread     : DEBUG   : using addr tcp://128.219.134.75:40233 for pubsub state_pubsub
2019-04-05 10:42:19,395: pmgr.0000           : MainProcess                     : MainThread     : DEBUG   : registered publisher : state_pubsub : state.pubsub.pub.0002
2019-04-05 10:42:19,395: pmgr.0000           : MainProcess                     : MainThread     : DEBUG   : alive check in term
2019-04-05 10:42:19,395: pmgr.0000           : MainProcess                     : MainThread     : DEBUG   : START: pmgr.0000 register publisher control_pubsub
2019-04-05 10:42:19,395: pmgr.0000           : MainProcess                     : MainThread     : DEBUG   : using addr tcp://128.219.134.75:34497 for pubsub control_pubsub
2019-04-05 10:42:19,397: pmgr.0000           : MainProcess                     : MainThread     : DEBUG   : registered publisher : control_pubsub : control.pubsub.pub.0002
2019-04-05 10:42:19,398: pmgr.0000           : MainProcess                     : MainThread     : DEBUG   : process class started (no child)
2019-04-05 10:42:19,398: pmgr.0000           : MainProcess                     : MainThread     : DEBUG   : START: pmgr.0000 register output PMGR_LAUNCHING_PENDING
2019-04-05 10:42:19,398: pmgr.0000           : MainProcess                     : MainThread     : DEBUG   : using addr tcp://128.219.134.75:40719 for output pmgr_launching_queue
2019-04-05 10:42:19,400: pmgr.0000           : MainProcess                     : MainThread     : DEBUG   : registered output    : PMGR_LAUNCHING_PENDING : pmgr_launching_queue : pmgr.launching.queue.input.0000
2019-04-05 10:42:19,400: pmgr.0000           : MainProcess                     : MainThread     : DEBUG   : START: pmgr.0000 register subscriber pmgr.0000.subscriber._staging_ack_cb
2019-04-05 10:42:19,400: pmgr.0000           : MainProcess                     : MainThread     : DEBUG   : using addr tcp://128.219.134.75:44539 for pubsub control_pubsub
2019-04-05 10:42:19,402: pmgr.0000           : MainProcess                     : MainThread     : DEBUG   : parent name: pmgr.0000.subscriber._staging_ack_cb
2019-04-05 10:42:19,402: pmgr.0000           : MainProcess                     : MainThread     : DEBUG   : start thread
2019-04-05 10:42:19,403: pmgr.0000           : MainProcess                     : pmgr.0000.subscriber._staging_ack_cb: DEBUG   : child name: pmgr.0000.subscriber._staging_ack_cb.thread
2019-04-05 10:42:19,403: pmgr.0000           : MainProcess                     : pmgr.0000.subscriber._staging_ack_cb: INFO    : child (me) initializing
2019-04-05 10:42:19,403: pmgr.0000           : MainProcess                     : pmgr.0000.subscriber._staging_ack_cb: DEBUG   : ru_initialize_common (NOOP)
2019-04-05 10:42:19,403: pmgr.0000           : MainProcess                     : pmgr.0000.subscriber._staging_ack_cb: DEBUG   : ru_initialize_child (NOOP)
2019-04-05 10:42:19,403: pmgr.0000           : MainProcess                     : pmgr.0000.subscriber._staging_ack_cb: INFO    : send alive
2019-04-05 10:42:19,403: pmgr.0000           : MainProcess                     : pmgr.0000.subscriber._staging_ack_cb: INFO    : put message: [pmgr.0000.subscriber._staging_ack_cb.thread] alive
2019-04-05 10:42:19,404: pmgr.0000           : MainProcess                     : MainThread     : INFO    : get msg: alive
2019-04-05 10:42:19,404: pmgr.0000           : MainProcess                     : MainThread     : DEBUG   : ru_initialize_common (NOOP)
2019-04-05 10:42:19,404: pmgr.0000           : MainProcess                     : MainThread     : DEBUG   : ru_initialize_parent (NOOP)
2019-04-05 10:42:19,404: pmgr.0000           : MainProcess                     : MainThread     : DEBUG   : child thread pmgr.0000.subscriber._staging_ack_cb started
2019-04-05 10:42:19,404: pmgr.0000           : MainProcess                     : MainThread     : DEBUG   : pmgr.0000 registered control_pubsub subscriber pmgr.0000.subscriber._staging_ack_cb
2019-04-05 10:42:19,404: pmgr.0000           : MainProcess                     : MainThread     : DEBUG   : START: pmgr.0000 register idler pmgr.0000.idler._state_pull_cb
2019-04-05 10:42:19,404: pmgr.0000           : MainProcess                     : MainThread     : DEBUG   : parent name: pmgr.0000.idler._state_pull_cb
2019-04-05 10:42:19,405: pmgr.0000           : MainProcess                     : MainThread     : DEBUG   : start thread
2019-04-05 10:42:19,405: pmgr.0000           : MainProcess                     : pmgr.0000.idler._state_pull_cb: DEBUG   : child name: pmgr.0000.idler._state_pull_cb.thread
2019-04-05 10:42:19,405: pmgr.0000           : MainProcess                     : pmgr.0000.idler._state_pull_cb: INFO    : child (me) initializing
2019-04-05 10:42:19,405: pmgr.0000           : MainProcess                     : pmgr.0000.idler._state_pull_cb: DEBUG   : ru_initialize_common (NOOP)
2019-04-05 10:42:19,405: pmgr.0000           : MainProcess                     : pmgr.0000.idler._state_pull_cb: DEBUG   : ru_initialize_child (NOOP)
2019-04-05 10:42:19,405: pmgr.0000           : MainProcess                     : pmgr.0000.idler._state_pull_cb: INFO    : send alive
2019-04-05 10:42:19,405: pmgr.0000           : MainProcess                     : pmgr.0000.idler._state_pull_cb: INFO    : put message: [pmgr.0000.idler._state_pull_cb.thread] alive
2019-04-05 10:42:19,406: pmgr.0000           : MainProcess                     : MainThread     : INFO    : get msg: alive
2019-04-05 10:42:19,406: pmgr.0000           : MainProcess                     : MainThread     : DEBUG   : ru_initialize_common (NOOP)
2019-04-05 10:42:19,406: pmgr.0000           : MainProcess                     : MainThread     : DEBUG   : ru_initialize_parent (NOOP)
2019-04-05 10:42:19,406: pmgr.0000           : MainProcess                     : MainThread     : DEBUG   : child thread pmgr.0000.idler._state_pull_cb started
2019-04-05 10:42:19,406: pmgr.0000           : MainProcess                     : MainThread     : DEBUG   : pmgr.0000 registered idler pmgr.0000.idler._state_pull_cb
2019-04-05 10:42:19,407: pmgr.0000           : MainProcess                     : MainThread     : DEBUG   : START: pmgr.0000 register subscriber pmgr.0000.subscriber._state_sub_cb
2019-04-05 10:42:19,407: pmgr.0000           : MainProcess                     : MainThread     : DEBUG   : using addr tcp://128.219.134.75:36617 for pubsub state_pubsub
2019-04-05 10:42:19,409: pmgr.0000           : MainProcess                     : MainThread     : DEBUG   : parent name: pmgr.0000.subscriber._state_sub_cb
2019-04-05 10:42:19,409: pmgr.0000           : MainProcess                     : MainThread     : DEBUG   : start thread
2019-04-05 10:42:19,409: pmgr.0000           : MainProcess                     : pmgr.0000.subscriber._state_sub_cb: DEBUG   : child name: pmgr.0000.subscriber._state_sub_cb.thread
2019-04-05 10:42:19,409: pmgr.0000           : MainProcess                     : pmgr.0000.subscriber._state_sub_cb: INFO    : child (me) initializing
2019-04-05 10:42:19,409: pmgr.0000           : MainProcess                     : pmgr.0000.subscriber._state_sub_cb: DEBUG   : ru_initialize_common (NOOP)
2019-04-05 10:42:19,409: pmgr.0000           : MainProcess                     : pmgr.0000.subscriber._state_sub_cb: DEBUG   : ru_initialize_child (NOOP)
2019-04-05 10:42:19,409: pmgr.0000           : MainProcess                     : pmgr.0000.subscriber._state_sub_cb: INFO    : send alive
2019-04-05 10:42:19,410: pmgr.0000           : MainProcess                     : pmgr.0000.subscriber._state_sub_cb: INFO    : put message: [pmgr.0000.subscriber._state_sub_cb.thread] alive
2019-04-05 10:42:19,410: pmgr.0000           : MainProcess                     : MainThread     : INFO    : get msg: alive
2019-04-05 10:42:19,410: pmgr.0000           : MainProcess                     : MainThread     : DEBUG   : ru_initialize_common (NOOP)
2019-04-05 10:42:19,411: pmgr.0000           : MainProcess                     : MainThread     : DEBUG   : ru_initialize_parent (NOOP)
2019-04-05 10:42:19,411: pmgr.0000           : MainProcess                     : MainThread     : DEBUG   : child thread pmgr.0000.subscriber._state_sub_cb started
2019-04-05 10:42:19,428: pmgr.0000           : MainProcess                     : MainThread     : DEBUG   : pmgr.0000 registered state_pubsub subscriber pmgr.0000.subscriber._state_sub_cb
2019-04-05 10:42:19,451: pmgr.0000           : MainProcess                     : MainThread     : DEBUG   :  ===== 1:  [<class 'radical.utils.url.Url'>]
2019-04-05 10:42:19,452: pmgr.0000           : MainProcess                     : MainThread     : DEBUG   :  ===== 2:  [<type 'str'>]
2019-04-05 10:42:23,725: pmgr.0000           : MainProcess                     : MainThread     : DEBUG   :  ===== 3: file://localhost/ccs/home/jdakka/radical.pilot.sandbox/re.session.login5.jdakka.017991.0001/pilot.0000/ [<class 'saga.url.Url'>]
2019-04-05 10:42:23,725: pmgr.0000           : MainProcess                     : MainThread     : DEBUG   : advance bulk size: 1 [False, False]
2019-04-05 10:42:23,747: pmgr.0000           : MainProcess                     : MainThread     : DEBUG   : pilot.0000 calls cb <bound method ComputePilot._default_state_cb of ['pilot.0000', 'ornl.summit', 'PMGR_LAUNCHING_PENDING']>
2019-04-05 10:42:23,747: pmgr.0000           : MainProcess                     : MainThread     : INFO    : [Callback]: pilot pilot.0000 state: PMGR_LAUNCHING_PENDING.
2019-04-05 10:42:23,747: pmgr.0000           : MainProcess                     : MainThread     : DEBUG   : pmgr calls cb pilot.0000 for <function _pilot_state_cb at 0x7fffa4efa7d0>
2019-04-05 10:42:23,748: pmgr.0000           : MainProcess                     : MainThread     : DEBUG   : advance bulk size: 1 [True, True]
2019-04-05 10:42:23,748: pmgr.0000           : MainProcess                     : MainThread     : DEBUG   : put bulk PMGR_LAUNCHING_PENDING: 1
2019-04-05 10:42:23,748: pmgr.0000           : MainProcess                     : pmgr.0000.subscriber._state_sub_cb: DEBUG   : state event: {'cmd': 'update', 'arg': [{'state': 'PMGR_LAUNCHING_PENDING', 'type': 'pilot', 'uid': 'pilot.0000'}]}
2019-04-05 10:42:23,750: pmgr.0000           : MainProcess                     : pmgr.0000.subscriber._state_sub_cb: DEBUG   : state event: {'cmd': 'update', 'arg': [{'state': 'PMGR_LAUNCHING', 'type': 'pilot', 'uid': 'pilot.0000'}]}
2019-04-05 10:42:23,750: pmgr.0000           : MainProcess                     : pmgr.0000.subscriber._state_sub_cb: DEBUG   : pilot.0000 calls cb <bound method ComputePilot._default_state_cb of ['pilot.0000', 'ornl.summit', 'PMGR_LAUNCHING']>
2019-04-05 10:42:23,751: pmgr.0000           : MainProcess                     : pmgr.0000.subscriber._state_sub_cb: INFO    : [Callback]: pilot pilot.0000 state: PMGR_LAUNCHING.
2019-04-05 10:42:23,751: pmgr.0000           : MainProcess                     : pmgr.0000.subscriber._state_sub_cb: DEBUG   : pmgr calls cb pilot.0000 for <function _pilot_state_cb at 0x7fffa4efa7d0>
2019-04-05 10:42:23,751: pmgr.0000           : MainProcess                     : pmgr.0000.subscriber._state_sub_cb: DEBUG   : advance bulk size: 1 [False, False]
2019-04-05 10:42:39,643: pmgr.0000           : MainProcess                     : pmgr.0000.subscriber._state_sub_cb: DEBUG   : state event: {'cmd': 'update', 'arg': [{'control': 'pmgr', 'resource_sandbox': 'file://localhost/ccs/home/jdakka/radical.pilot.sandbox', '_id': 'pilot.0000', 'resource': 'ornl.summit', 'js_url': 'lsfsummit://localhost/', 'pmgr': 'pmgr.0000', 'stdout': None, 'cfg': {'export_to_cu': None, 'spawner': 'POPEN', 'cu_pre_exec': None, 'owner': 'agent_0', 'bridges': {'state_pubsub': {'bulk_size': 0, 'stall_hwm': 1, 'log_level': 'error'}, 'agent_unschedule_pubsub': {'bulk_size': 0, 'stall_hwm': 1, 'log_level': 'error'}, 'log_pubsub': {'bulk_size': 0, 'stall_hwm': 1, 'log_level': 'error'}, 'agent_staging_output_queue': {'bulk_size': 0, 'stall_hwm': 1, 'log_level': 'error'}, 'agent_schedule_pubsub': {'bulk_size': 0, 'stall_hwm': 1, 'log_level': 'error'}, 'agent_scheduling_queue': {'bulk_size': 0, 'stall_hwm': 1, 'log_level': 'error'}, 'control_pubsub': {'bulk_size': 0, 'stall_hwm': 1, 'log_level': 'error'}, 'agent_executing_queue': {'bulk_size': 0, 'stall_hwm': 1, 'log_level': 'error'}, 'agent_staging_input_queue': {'bulk_size': 0, 'stall_hwm': 1, 'log_level': 'error'}}, 'logdir': '.', 'task_launch_method': 'JSRUN', 'gpus_per_node': 6, 'pilot_sandbox': '/ccs/home/jdakka/radical.pilot.sandbox/re.session.login5.jdakka.017991.0001/pilot.0000/', 'cu_tmp': None, 'cu_post_exec': None, 'lfs_path_per_node': None, 'cores_per_node': 0, 'agent_launch_method': 'JSRUN', 'bulk_collection_time': 1.0, 'mpi_launch_method': 'JSRUN', 'scheduler': 'CONTINUOUS_SUMMIT', 'session_sandbox': '/ccs/home/jdakka/radical.pilot.sandbox/re.session.login5.jdakka.017991.0001', 'gpus': 0, 'lrms': 'LSF_SUMMIT', 'max_io_loglength': 1024, 'lfs_size_per_node': 0, 'pilot_id': 'pilot.0000', 'runtime': 120, 'dburl': 'mongodb://user:user@ds223760.mlab.com:23760/adaptivity', 'target': 'local', 'staging_area': 'staging_area', 'bulk_collection_size': 100, 'staging_schema': 'staging', 'resource_sandbox': '/ccs/home/jdakka/radical.pilot.sandbox', 'session_id': 're.session.login5.jdakka.017991.0001', 'mode': 'shared', 'components': {'AgentStagingOutputComponent': {'count': 1}, 'AgentSchedulingComponent': {'count': 1}, 'AgentStagingInputComponent': {'count': 1}, 'UpdateWorker': {'count': 1}, 'AgentExecutingComponent': {'count': 1}}, 'debug': 10, 'cores': 42, 'resource_cfg': {'agent_scheduler': 'CONTINUOUS_SUMMIT', 'rp_version': 'local', 'pre_bootstrap_0': [], 'pre_bootstrap_1': [], 'python_dist': 'default', 'agent_spawner': 'POPEN', 'job_manager_hop': 'fork://localhost/', 'job_manager_endpoint': 'lsfsummit://localhost/', 'schemas': ['local'], 'filesystem_endpoint': 'file://localhost/', 'sockets_per_node': 2, 'label': 'ornl.summit', 'valid_roots': ['/ccs/home/$USER'], 'agent_type': 'multicore', 'task_launch_method': 'JSRUN', 'gpus_per_node': 6, 'local': {'filesystem_endpoint': 'file://localhost/', 'job_manager_endpoint': 'lsfsummit://localhost/', 'job_manager_hop': 'fork://localhost/'}, 'virtenv_mode': 'create', 'description': 'The Cray XK7 supercomputer located at the Oak Ridge Leadership Computing Facility (OLCF), (https://www.olcf.ornl.gov/titan/)', 'default_queue': 'batch', 'stage_cacerts': True, 'agent_launch_method': 'JSRUN', 'lfs_per_node': '/tmp', 'mpi_launch_method': 'JSRUN', 'lrms': 'LSF_SUMMIT', 'notes': 'Requires the use of an RSA SecurID on every connection.', 'agent_config': 'default', 'virtenv_dist': 'default'}, 'db_poll_sleeptime': 1.0}, 'description': {'queue': 'batch', 'resource': 'ornl.summit', 'exit_on_error': False, 'candidate_hosts': None, 'project': 'BIP178', 'sandbox': None, 'cleanup': None, 'access_schema': 'local', 'gpus': 0, 'memory': None, 'cores': 42, 'runtime': 120}, 'cmd': [], 'states': ['NEW'], 'state': 'PMGR_ACTIVE_PENDING', 'session': 're.session.login5.jdakka.017991.0001', 'log': None, 'stderr': None, 'resource_details': None, 'js_hop': 'fork://localhost/', 'client_sandbox': '/gpfs/alpine/bip178/scratch/jdakka/hyperspace/microscope', 'type': 'pilot', 'pilot_sandbox': 'file://localhost/ccs/home/jdakka/radical.pilot.sandbox/re.session.login5.jdakka.017991.0001/pilot.0000/', 'uid': 'pilot.0000'}]}
2019-04-05 10:42:39,644: pmgr.0000           : MainProcess                     : pmgr.0000.subscriber._state_sub_cb: DEBUG   : pilot.0000 calls cb <bound method ComputePilot._default_state_cb of ['pilot.0000', 'ornl.summit', 'PMGR_ACTIVE_PENDING']>
2019-04-05 10:42:39,644: pmgr.0000           : MainProcess                     : pmgr.0000.subscriber._state_sub_cb: INFO    : [Callback]: pilot pilot.0000 state: PMGR_ACTIVE_PENDING.
2019-04-05 10:42:39,644: pmgr.0000           : MainProcess                     : pmgr.0000.subscriber._state_sub_cb: DEBUG   : pmgr calls cb pilot.0000 for <function _pilot_state_cb at 0x7fffa4efa7d0>
2019-04-05 10:42:39,644: pmgr.0000           : MainProcess                     : pmgr.0000.subscriber._state_sub_cb: DEBUG   : advance bulk size: 1 [False, False]
2019-04-05 10:43:39,712: pmgr.0000           : MainProcess                     : pmgr.0000.idler._state_pull_cb: DEBUG   : pilot.0000 calls cb <bound method ComputePilot._default_state_cb of ['pilot.0000', 'ornl.summit', u'PMGR_ACTIVE']>
2019-04-05 10:43:39,712: pmgr.0000           : MainProcess                     : pmgr.0000.idler._state_pull_cb: INFO    : [Callback]: pilot pilot.0000 state: PMGR_ACTIVE.
2019-04-05 10:43:39,712: pmgr.0000           : MainProcess                     : pmgr.0000.idler._state_pull_cb: DEBUG   : pmgr calls cb pilot.0000 for <function _pilot_state_cb at 0x7fffa4efa7d0>
2019-04-05 10:43:39,712: pmgr.0000           : MainProcess                     : pmgr.0000.idler._state_pull_cb: DEBUG   : advance bulk size: 1 [False, True]
2019-04-05 10:43:39,713: pmgr.0000           : MainProcess                     : pmgr.0000.idler._state_pull_cb: INFO    : pilot pilot.0000 is PMGR_ACTIVE: None [None]
2019-04-05 10:43:39,713: pmgr.0000           : MainProcess                     : pmgr.0000.subscriber._state_sub_cb: DEBUG   : state event: {'cmd': 'update', 'arg': [{'state': 'PMGR_ACTIVE', 'type': 'pilot', 'uid': 'pilot.0000'}]}
2019-04-05 10:43:40,979: pmgr.0000           : MainProcess                     : pmgr.0000.subscriber._state_sub_cb: DEBUG   : state event: {'cmd': 'update', 'arg': [{'state': 'UMGR_SCHEDULING_PENDING', 'type': 'unit', 'uid': 'unit.000000'}]}
2019-04-05 10:43:40,980: pmgr.0000           : MainProcess                     : pmgr.0000.subscriber._state_sub_cb: DEBUG   : state event: {'cmd': 'update', 'arg': [{'state': 'UMGR_SCHEDULING', 'type': 'unit', 'uid': 'unit.000000'}]}
2019-04-05 10:43:40,981: pmgr.0000           : MainProcess                     : pmgr.0000.subscriber._state_sub_cb: DEBUG   : state event: {'cmd': 'update', 'arg': []}
2019-04-05 10:43:40,981: pmgr.0000           : MainProcess                     : pmgr.0000.subscriber._state_sub_cb: DEBUG   : state event: {'cmd': 'update', 'arg': [{'state': 'UMGR_STAGING_INPUT_PENDING', 'type': 'unit', 'uid': 'unit.000000'}]}
2019-04-05 10:43:40,982: pmgr.0000           : MainProcess                     : pmgr.0000.subscriber._state_sub_cb: DEBUG   : state event: {'cmd': 'update', 'arg': [{'state': 'UMGR_STAGING_INPUT', 'type': 'unit', 'uid': 'unit.000000'}]}
2019-04-05 10:43:40,982: pmgr.0000           : MainProcess                     : pmgr.0000.subscriber._state_sub_cb: DEBUG   : state event: {'cmd': 'update', 'arg': [{'resource_sandbox': 'file://localhost/ccs/home/jdakka/radical.pilot.sandbox', 'control': 'agent_pending', 'client_sandbox': '/gpfs/alpine/bip178/scratch/jdakka/hyperspace/microscope', 'description': {'kernel': '', 'stdout': '', 'lfs_per_process': 0, 'post_exec': [], 'tag': None, 'gpu_process_type': '', 'executable': '/ccs/home/jdakka/.conda/envs/openmm/bin/python', 'cpu_thread_type': '', 'pre_exec': ['module load python/2.7.15-anaconda2-5.3.0', 'module load cuda/9.1.85', 'module load gcc/6.4.0', 'source activate openmm', 'cd /gpfs/alpine/scratch/jdakka/bip178/benchmarks/MD_exps/fs-pep/'], 'environment': {}, 'gpu_threads': 1, 'arguments': ['run_openmm.py', '-f', '/gpfs/alpine/scratch/jdakka/bip178/benchmarks/MD_exps/fs-pep/pdb/100-fs-peptide-400K.pdb'], 'gpu_processes': 1, 'cpu_processes': 1, 'restartable': False, 'tags': {}, 'output_staging': [], 'input_staging': [], 'cpu_threads': 1, 'cpu_process_type': '', 'pilot': '', 'name': 'task.0000,md,stage.0000,OpenMM,pipeline.0000,MD', 'gpu_thread_type': 'CUDA', 'stderr': '', 'metadata': None, 'cleanup': False}, 'stdout': None, 'cmd': [], 'exit_code': None, 'states': ['NEW'], 'state': 'AGENT_STAGING_INPUT_PENDING', 'umgr': 'umgr.0000', 'pilot': 'pilot.0000', 'uid': 'unit.000000', 'pilot_sandbox': 'file://localhost/ccs/home/jdakka/radical.pilot.sandbox/re.session.login5.jdakka.017991.0001/pilot.0000/', '_id': 'unit.000000', 'type': 'unit', 'stderr': None, 'unit_sandbox': 'file://localhost/ccs/home/jdakka/radical.pilot.sandbox/re.session.login5.jdakka.017991.0001/pilot.0000//unit.000000/', 'name': 'task.0000,md,stage.0000,OpenMM,pipeline.0000,MD'}]}
2019-04-05 12:20:40,181: pmgr.0000           : MainProcess                     : pmgr.0000.subscriber._state_sub_cb: DEBUG   : state event: {'cmd': 'update', 'arg': [{'state': 'UMGR_STAGING_OUTPUT_PENDING', 'type': 'unit', 'uid': 'unit.000000'}]}
2019-04-05 12:20:40,200: pmgr.0000           : MainProcess                     : pmgr.0000.subscriber._state_sub_cb: DEBUG   : state event: {'cmd': 'update', 'arg': [{'state': 'UMGR_STAGING_OUTPUT', 'type': 'unit', 'uid': 'unit.000000'}]}
2019-04-05 12:20:40,201: pmgr.0000           : MainProcess                     : pmgr.0000.subscriber._state_sub_cb: DEBUG   : state event: {'cmd': 'update', 'arg': [{'control': None, 'uid': 'unit.000000', 'stdout': '', 'states': ['NEW', 'UMGR_SCHEDULING_PENDING', 'UMGR_SCHEDULING', 'UMGR_STAGING_INPUT_PENDING', 'UMGR_STAGING_INPUT', 'AGENT_STAGING_INPUT_PENDING', 'AGENT_STAGING_INPUT', 'AGENT_SCHEDULING_PENDING', 'AGENT_SCHEDULING', 'AGENT_EXECUTING_PENDING', 'AGENT_EXECUTING', 'AGENT_STAGING_OUTPUT_PENDING', 'AGENT_STAGING_OUTPUT', 'UMGR_STAGING_OUTPUT_PENDING'], 'target_state': 'DONE', 'slots': {'lfs_per_node': {'path': None, 'size': 0}, 'cores_per_node': 42, 'nodes': [{'lfs': {'path': None, 'size': 0}, 'core_map': [[0]], 'uid': 1, 'gpu_map': [[0]], 'name': 'd15n11'}], 'gpus_per_node': 6, 'lm_info': {}}, 'umgr': 'umgr.0000', 'exit_code': 0, 'state': 'DONE', 'client_sandbox': '/gpfs/alpine/bip178/scratch/jdakka/hyperspace/microscope', 'type': 'unit', 'pilot_sandbox': 'file://localhost/ccs/home/jdakka/radical.pilot.sandbox/re.session.login5.jdakka.017991.0001/pilot.0000/', 'resource_sandbox': 'file://localhost/ccs/home/jdakka/radical.pilot.sandbox', 'description': {'kernel': '', 'stdout': '', 'lfs_per_process': 0, 'post_exec': [], 'tag': None, 'gpu_process_type': '', 'executable': '/ccs/home/jdakka/.conda/envs/openmm/bin/python', 'cpu_thread_type': '', 'pre_exec': ['module load python/2.7.15-anaconda2-5.3.0', 'module load cuda/9.1.85', 'module load gcc/6.4.0', 'source activate openmm', 'cd /gpfs/alpine/scratch/jdakka/bip178/benchmarks/MD_exps/fs-pep/'], 'environment': {'NODE_LFS_PATH': None}, 'gpu_threads': 1, 'arguments': ['run_openmm.py', '-f', '/gpfs/alpine/scratch/jdakka/bip178/benchmarks/MD_exps/fs-pep/pdb/100-fs-peptide-400K.pdb'], 'gpu_processes': 1, 'cpu_processes': 1, 'restartable': False, 'tags': {}, 'output_staging': [], 'input_staging': [], 'cpu_threads': 1, 'cpu_process_type': '', 'pilot': '', 'name': 'task.0000,md,stage.0000,OpenMM,pipeline.0000,MD', 'gpu_thread_type': 'CUDA', 'stderr': '', 'metadata': None, 'cleanup': False}, 'stderr_file': '/autofs/nccs-svm1_home1/jdakka/radical.pilot.sandbox/re.session.login5.jdakka.017991.0001/pilot.0000/unit.000000/STDERR', 'stdout_file': '/autofs/nccs-svm1_home1/jdakka/radical.pilot.sandbox/re.session.login5.jdakka.017991.0001/pilot.0000/unit.000000/STDOUT', 'pilot': 'pilot.0000', 'name': 'task.0000,md,stage.0000,OpenMM,pipeline.0000,MD', 'cmd': [], 'stderr': '', '_id': 'unit.000000', 'unit_sandbox': 'file://localhost/ccs/home/jdakka/radical.pilot.sandbox/re.session.login5.jdakka.017991.0001/pilot.0000//unit.000000/'}]}
2019-04-05 12:21:10,601: pmgr.0000           : MainProcess                     : MainThread     : DEBUG   : in cancel_pilots: ['  File "summit.py", line 96, in <module>\n    appman.run()\n', '  File "/ccs/home/jdakka/.conda/envs/snakes/lib/python2.7/site-packages/radical/entk/appman/appmanager.py", line 440, in run\n    self.resource_terminate()\n', '  File "/ccs/home/jdakka/.conda/envs/snakes/lib/python2.7/site-packages/radical/entk/appman/appmanager.py", line 513, in resource_terminate\n    self._resource_manager._terminate_resource_request()\n', '  File "/ccs/home/jdakka/.conda/envs/snakes/lib/python2.7/site-packages/radical/entk/execman/rp/resource_manager.py", line 200, in _terminate_resource_request\n    self._pilot.cancel()\n', '  File "/ccs/home/jdakka/.conda/envs/snakes/lib/python2.7/site-packages/radical/pilot/compute_pilot.py", line 539, in cancel\n    self._pmgr.cancel_pilots(self.uid)\n', '  File "/ccs/home/jdakka/.conda/envs/snakes/lib/python2.7/site-packages/radical/pilot/pilot_manager.py", line 722, in cancel_pilots\n    self._log.debug(\'in cancel_pilots: %s\', ru.get_stacktrace())\n']
2019-04-05 12:21:23,242: pmgr.0000           : MainProcess                     : pmgr.0000.idler._state_pull_cb: DEBUG   : pilot.0000 calls cb <bound method ComputePilot._default_state_cb of ['pilot.0000', 'ornl.summit', 'CANCELED']>
2019-04-05 12:21:23,242: pmgr.0000           : MainProcess                     : pmgr.0000.idler._state_pull_cb: INFO    : [Callback]: pilot pilot.0000 state: CANCELED.
2019-04-05 12:21:23,242: pmgr.0000           : MainProcess                     : pmgr.0000.idler._state_pull_cb: DEBUG   : pmgr calls cb pilot.0000 for <function _pilot_state_cb at 0x7fffa4efa7d0>
2019-04-05 12:21:23,242: pmgr.0000           : MainProcess                     : pmgr.0000.idler._state_pull_cb: DEBUG   : advance bulk size: 1 [False, True]
2019-04-05 12:21:23,243: pmgr.0000           : MainProcess                     : pmgr.0000.subscriber._state_sub_cb: DEBUG   : state event: {'cmd': 'update', 'arg': [{'control': 'pmgr', 'uid': 'pilot.0000', 'stdout': None, 'cfg': {'export_to_cu': None, 'spawner': 'POPEN', 'cu_pre_exec': None, 'owner': 'agent_0', 'bridges': {'state_pubsub': {'bulk_size': 0, 'stall_hwm': 1, 'log_level': 'error'}, 'agent_unschedule_pubsub': {'bulk_size': 0, 'stall_hwm': 1, 'log_level': 'error'}, 'log_pubsub': {'bulk_size': 0, 'stall_hwm': 1, 'log_level': 'error'}, 'agent_staging_output_queue': {'bulk_size': 0, 'stall_hwm': 1, 'log_level': 'error'}, 'agent_schedule_pubsub': {'bulk_size': 0, 'stall_hwm': 1, 'log_level': 'error'}, 'agent_scheduling_queue': {'bulk_size': 0, 'stall_hwm': 1, 'log_level': 'error'}, 'control_pubsub': {'bulk_size': 0, 'stall_hwm': 1, 'log_level': 'error'}, 'agent_executing_queue': {'bulk_size': 0, 'stall_hwm': 1, 'log_level': 'error'}, 'agent_staging_input_queue': {'bulk_size': 0, 'stall_hwm': 1, 'log_level': 'error'}}, 'logdir': '.', 'task_launch_method': 'JSRUN', 'gpus_per_node': 6, 'pilot_sandbox': '/ccs/home/jdakka/radical.pilot.sandbox/re.session.login5.jdakka.017991.0001/pilot.0000/', 'cu_tmp': None, 'cu_post_exec': None, 'lfs_path_per_node': None, 'cores_per_node': 0, 'agent_launch_method': 'JSRUN', 'bulk_collection_time': 1.0, 'mpi_launch_method': 'JSRUN', 'scheduler': 'CONTINUOUS_SUMMIT', 'session_sandbox': '/ccs/home/jdakka/radical.pilot.sandbox/re.session.login5.jdakka.017991.0001', 'gpus': 0, 'lrms': 'LSF_SUMMIT', 'max_io_loglength': 1024, 'lfs_size_per_node': 0, 'pilot_id': 'pilot.0000', 'runtime': 120, 'dburl': 'mongodb://user:user@ds223760.mlab.com:23760/adaptivity', 'target': 'local', 'staging_area': 'staging_area', 'bulk_collection_size': 100, 'staging_schema': 'staging', 'resource_sandbox': '/ccs/home/jdakka/radical.pilot.sandbox', 'session_id': 're.session.login5.jdakka.017991.0001', 'mode': 'shared', 'components': {'AgentStagingOutputComponent': {'count': 1}, 'AgentSchedulingComponent': {'count': 1}, 'UpdateWorker': {'count': 1}, 'AgentStagingInputComponent': {'count': 1}, 'AgentExecutingComponent': {'count': 1}}, 'debug': 10, 'cores': 42, 'resource_cfg': {'agent_scheduler': 'CONTINUOUS_SUMMIT', 'rp_version': 'local', 'pre_bootstrap_0': [], 'pre_bootstrap_1': [], 'python_dist': 'default', 'agent_spawner': 'POPEN', 'job_manager_hop': 'fork://localhost/', 'job_manager_endpoint': 'lsfsummit://localhost/', 'schemas': ['local'], 'filesystem_endpoint': 'file://localhost/', 'sockets_per_node': 2, 'label': 'ornl.summit', 'valid_roots': ['/ccs/home/$USER'], 'agent_type': 'multicore', 'task_launch_method': 'JSRUN', 'gpus_per_node': 6, 'local': {'filesystem_endpoint': 'file://localhost/', 'job_manager_endpoint': 'lsfsummit://localhost/', 'job_manager_hop': 'fork://localhost/'}, 'virtenv_mode': 'create', 'description': 'The Cray XK7 supercomputer located at the Oak Ridge Leadership Computing Facility (OLCF), (https://www.olcf.ornl.gov/titan/)', 'default_queue': 'batch', 'stage_cacerts': True, 'agent_launch_method': 'JSRUN', 'lfs_per_node': '/tmp', 'mpi_launch_method': 'JSRUN', 'lrms': 'LSF_SUMMIT', 'notes': 'Requires the use of an RSA SecurID on every connection.', 'agent_config': 'default', 'virtenv_dist': 'default'}, 'db_poll_sleeptime': 1.0}, 'states': ['NEW', 'PMGR_LAUNCHING_PENDING', 'PMGR_LAUNCHING', 'PMGR_ACTIVE_PENDING', 'PMGR_ACTIVE', 'PMGR_ACTIVE', 'CANCELED'], 'session': 're.session.login5.jdakka.017991.0001', 'js_url': 'lsfsummit://localhost/', 'log': None, 'state': 'CANCELED', 'client_sandbox': '/gpfs/alpine/bip178/scratch/jdakka/hyperspace/microscope', 'type': 'pilot', 'pilot_sandbox': 'file://localhost/ccs/home/jdakka/radical.pilot.sandbox/re.session.login5.jdakka.017991.0001/pilot.0000/', 'resource_sandbox': 'file://localhost/ccs/home/jdakka/radical.pilot.sandbox', 'description': {'queue': 'batch', 'resource': 'ornl.summit', 'exit_on_error': False, 'candidate_hosts': None, 'project': 'BIP178', 'sandbox': None, 'cleanup': None, 'access_schema': 'local', 'gpus': 0, 'memory': None, 'cores': 42, 'runtime': 120}, 'pmgr': 'pmgr.0000', 'finished': 1554481274.949641, 'resource_details': {'lm_detail': None, 'lm_info': None}, 'resource': 'ornl.summit', 'cmd': [], 'stderr': None, 'js_hop': 'fork://localhost/', '_id': 'pilot.0000'}]}
2019-04-05 12:21:23,326: pmgr.0000           : MainProcess                     : MainThread     : DEBUG   : in cancel_pilots: ['  File "summit.py", line 96, in <module>\n    appman.run()\n', '  File "/ccs/home/jdakka/.conda/envs/snakes/lib/python2.7/site-packages/radical/entk/appman/appmanager.py", line 440, in run\n    self.resource_terminate()\n', '  File "/ccs/home/jdakka/.conda/envs/snakes/lib/python2.7/site-packages/radical/entk/appman/appmanager.py", line 513, in resource_terminate\n    self._resource_manager._terminate_resource_request()\n', '  File "/ccs/home/jdakka/.conda/envs/snakes/lib/python2.7/site-packages/radical/entk/execman/rp/resource_manager.py", line 203, in _terminate_resource_request\n    download=download_rp_profile)\n', '  File "/ccs/home/jdakka/.conda/envs/snakes/lib/python2.7/site-packages/radical/pilot/session.py", line 489, in close\n    pmgr.close(terminate=terminate)\n', '  File "/ccs/home/jdakka/.conda/envs/snakes/lib/python2.7/site-packages/radical/pilot/pilot_manager.py", line 196, in close\n    self.cancel_pilots(_timeout=10)\n', '  File "/ccs/home/jdakka/.conda/envs/snakes/lib/python2.7/site-packages/radical/pilot/pilot_manager.py", line 722, in cancel_pilots\n    self._log.debug(\'in cancel_pilots: %s\', ru.get_stacktrace())\n']
2019-04-05 12:21:23,441: pmgr.0000           : MainProcess                     : MainThread     : INFO    : stop pmgr.0000 (19286 : None : MainThread) [radical.pilot.pilot_manager.PilotManager.close]
2019-04-05 12:21:23,443: pmgr.0000           : MainProcess                     : MainThread     : INFO    : parent stops child  19286 -> None [pmgr.0000]
2019-04-05 12:21:26,098: pmgr.0000           : MainProcess                     : MainThread     : DEBUG   : ru_finalize_common()
2019-04-05 12:21:26,098: pmgr.0000           : MainProcess                     : MainThread     : DEBUG   : TERM : pmgr.0000 unregister publisher log_pubsub
2019-04-05 12:21:26,099: pmgr.0000           : MainProcess                     : MainThread     : DEBUG   : unregistered publisher log_pubsub
2019-04-05 12:21:26,099: pmgr.0000           : MainProcess                     : MainThread     : DEBUG   : TERM : pmgr.0000 unregister publisher state_pubsub
2019-04-05 12:21:26,099: pmgr.0000           : MainProcess                     : MainThread     : DEBUG   : unregistered publisher state_pubsub
2019-04-05 12:21:26,099: pmgr.0000           : MainProcess                     : MainThread     : DEBUG   : TERM : pmgr.0000 unregister publisher control_pubsub
2019-04-05 12:21:26,100: pmgr.0000           : MainProcess                     : MainThread     : DEBUG   : unregistered publisher control_pubsub
2019-04-05 12:21:26,100: pmgr.0000           : MainProcess                     : MainThread     : DEBUG   : pmgr.0000 close prof
2019-04-05 12:21:26,103: pmgr.0000           : MainProcess                     : MainThread     : INFO    : parent stops child
2019-04-05 12:21:26,103: pmgr.0000           : MainProcess                     : MainThread     : DEBUG   : ru_finalize_parent (NOOP)
2019-04-05 12:21:26,103: pmgr.0000           : MainProcess                     : pmgr.0000.subscriber._staging_ack_cb: DEBUG   : ru_finalize_child (NOOP)
2019-04-05 12:21:26,103: pmgr.0000           : MainProcess                     : pmgr.0000.subscriber._staging_ack_cb: INFO    : put message: [pmgr.0000.subscriber._staging_ack_cb.thread] terminating
2019-04-05 12:21:26,105: pmgr.0000           : MainProcess                     : MainThread     : INFO    : parent stops child
2019-04-05 12:21:26,105: pmgr.0000           : MainProcess                     : MainThread     : DEBUG   : ru_finalize_parent (NOOP)
2019-04-05 12:21:26,105: pmgr.0000           : MainProcess                     : pmgr.0000.subscriber._state_sub_cb: DEBUG   : ru_finalize_child (NOOP)
2019-04-05 12:21:26,105: pmgr.0000           : MainProcess                     : pmgr.0000.subscriber._state_sub_cb: INFO    : put message: [pmgr.0000.subscriber._state_sub_cb.thread] terminating
2019-04-05 12:21:26,106: pmgr.0000           : MainProcess                     : MainThread     : INFO    : parent stops child
2019-04-05 12:21:26,107: pmgr.0000           : MainProcess                     : MainThread     : DEBUG   : ru_finalize_parent (NOOP)
2019-04-05 12:21:26,107: pmgr.0000           : MainProcess                     : MainThread     : DEBUG   : ru_finalize_common (NOOP)
2019-04-05 12:21:26,146: pmgr.0000           : MainProcess                     : pmgr.0000.idler._state_pull_cb: DEBUG   : ru_finalize_child (NOOP)
2019-04-05 12:21:26,146: pmgr.0000           : MainProcess                     : pmgr.0000.idler._state_pull_cb: DEBUG   : ru_finalize_common (NOOP)
2019-04-05 12:21:26,146: pmgr.0000           : MainProcess                     : pmgr.0000.idler._state_pull_cb: INFO    : put message: [pmgr.0000.idler._state_pull_cb.thread] terminating
2019-04-05 12:21:26,170: pmgr.0000           : MainProcess                     : MainThread     : INFO    : Closed PilotManager pmgr.0000.
2019-04-05 12:21:28,871: pmgr.0000           : MainProcess                     : MainThread     : INFO    : stop pmgr.0000 (19286 : None : MainThread) [radical.pilot.session.Session.close]
2019-04-05 12:21:28,872: pmgr.0000           : MainProcess                     : MainThread     : INFO    : parent stops child
2019-04-05 12:21:28,872: pmgr.0000           : MainProcess                     : MainThread     : INFO    : parent stops child
2019-04-05 12:21:28,872: pmgr.0000           : MainProcess                     : MainThread     : INFO    : parent stops child
