2019-04-05 10:42:19,218: pmgr.0000.launching.0: MainProcess                     : MainThread     : INFO    : python.interpreter   version: 2.7.15 | packaged by conda-forge | (default, Feb 28 2019, 04:20:34) [GCC 8.2.0]
2019-04-05 10:42:19,219: pmgr.0000.launching.0: MainProcess                     : MainThread     : INFO    :                      pid/tid: 19286/MainThread
2019-04-05 10:42:19,219: pmgr.0000.launching.0: MainProcess                     : MainThread     : DEBUG   : alive check in term
2019-04-05 10:42:19,219: pmgr.0000.launching.0: MainProcess                     : MainThread     : DEBUG   : start process
2019-04-05 10:42:19,376: pmgr.0000.launching.0: MainProcess                     : MainThread     : INFO    : recv message: alive
2019-04-05 10:42:19,377: pmgr.0000.launching.0: MainProcess                     : MainThread     : INFO    : initialize pmgr.0000.launching.0
2019-04-05 10:42:19,379: pmgr.0000.launching.0: MainProcess                     : MainThread     : INFO    : cfg: {'agents': {},
 u'bridges': {u'control_pubsub': {'addr_in': 'tcp://128.219.134.75:34497',
                                  'addr_out': 'tcp://128.219.134.75:44539',
                                  u'bulk_size': 0,
                                  u'log_level': u'error',
                                  u'stall_hwm': 1},
              u'log_pubsub': {'addr_in': 'tcp://128.219.134.75:42145',
                              'addr_out': 'tcp://128.219.134.75:37057',
                              u'bulk_size': 0,
                              u'log_level': u'error',
                              u'stall_hwm': 1},
              u'pmgr_launching_queue': {'addr_in': 'tcp://128.219.134.75:40719',
                                        'addr_out': 'tcp://128.219.134.75:41187',
                                        u'bulk_size': 0,
                                        u'log_level': u'error',
                                        u'stall_hwm': 1},
              u'state_pubsub': {'addr_in': 'tcp://128.219.134.75:40233',
                                'addr_out': 'tcp://128.219.134.75:36617',
                                u'bulk_size': 0,
                                u'log_level': u'error',
                                u'stall_hwm': 1}},
 'cname': u'PMGRLaunchingComponent',
 u'components': {},
 u'count': 1,
 u'db_poll_sleeptime': 10.0,
 'number': 0,
 'owner': 'pmgr.0000',
 'uid': 'pmgr.0000'}
2019-04-05 10:42:19,379: pmgr.0000.launching.0: MainProcess                     : MainThread     : DEBUG   : alive check in term
2019-04-05 10:42:19,379: pmgr.0000.launching.0: MainProcess                     : MainThread     : DEBUG   : START: pmgr.0000.launching.0 register publisher log_pubsub
2019-04-05 10:42:19,379: pmgr.0000.launching.0: MainProcess                     : MainThread     : DEBUG   : using addr tcp://128.219.134.75:42145 for pubsub log_pubsub
2019-04-05 10:42:19,381: pmgr.0000.launching.0: MainProcess                     : MainThread     : DEBUG   : registered publisher : log_pubsub : log.pubsub.pub.0001
2019-04-05 10:42:19,381: pmgr.0000.launching.0: MainProcess                     : MainThread     : DEBUG   : alive check in term
2019-04-05 10:42:19,382: pmgr.0000.launching.0: MainProcess                     : MainThread     : DEBUG   : START: pmgr.0000.launching.0 register publisher state_pubsub
2019-04-05 10:42:19,382: pmgr.0000.launching.0: MainProcess                     : MainThread     : DEBUG   : using addr tcp://128.219.134.75:40233 for pubsub state_pubsub
2019-04-05 10:42:19,384: pmgr.0000.launching.0: MainProcess                     : MainThread     : DEBUG   : registered publisher : state_pubsub : state.pubsub.pub.0001
2019-04-05 10:42:19,384: pmgr.0000.launching.0: MainProcess                     : MainThread     : DEBUG   : alive check in term
2019-04-05 10:42:19,384: pmgr.0000.launching.0: MainProcess                     : MainThread     : DEBUG   : START: pmgr.0000.launching.0 register publisher control_pubsub
2019-04-05 10:42:19,385: pmgr.0000.launching.0: MainProcess                     : MainThread     : DEBUG   : using addr tcp://128.219.134.75:34497 for pubsub control_pubsub
2019-04-05 10:42:19,387: pmgr.0000.launching.0: MainProcess                     : MainThread     : DEBUG   : registered publisher : control_pubsub : control.pubsub.pub.0001
2019-04-05 10:42:19,387: pmgr.0000.launching.0: MainProcess                     : MainThread     : DEBUG   : parent name: pmgr.0000.launching.0.watch
2019-04-05 10:42:19,388: pmgr.0000.launching.0: MainProcess                     : MainThread     : DEBUG   : start thread
2019-04-05 10:42:19,388: pmgr.0000.launching.0: MainProcess                     : pmgr.0000.launching.0.watch: DEBUG   : child name: pmgr.0000.launching.0.watch.thread
2019-04-05 10:42:19,388: pmgr.0000.launching.0: MainProcess                     : pmgr.0000.launching.0.watch: INFO    : child (me) initializing
2019-04-05 10:42:19,388: pmgr.0000.launching.0: MainProcess                     : pmgr.0000.launching.0.watch: DEBUG   : ru_initialize_common (NOOP)
2019-04-05 10:42:19,388: pmgr.0000.launching.0: MainProcess                     : pmgr.0000.launching.0.watch: DEBUG   : ru_initialize_child (NOOP)
2019-04-05 10:42:19,388: pmgr.0000.launching.0: MainProcess                     : pmgr.0000.launching.0.watch: INFO    : send alive
2019-04-05 10:42:19,388: pmgr.0000.launching.0: MainProcess                     : pmgr.0000.launching.0.watch: INFO    : put message: [pmgr.0000.launching.0.watch.thread] alive
2019-04-05 10:42:19,389: pmgr.0000.launching.0: MainProcess                     : MainThread     : INFO    : get msg: alive
2019-04-05 10:42:19,389: pmgr.0000.launching.0: MainProcess                     : MainThread     : DEBUG   : ru_initialize_common (NOOP)
2019-04-05 10:42:19,389: pmgr.0000.launching.0: MainProcess                     : MainThread     : DEBUG   : ru_initialize_parent (NOOP)
2019-04-05 10:42:19,389: pmgr.0000.launching.0: MainProcess                     : MainThread     : DEBUG   : child thread pmgr.0000.launching.0.watch started
2019-04-05 10:42:19,389: pmgr.0000.launching.0: MainProcess                     : MainThread     : INFO    : child is alive
2019-04-05 10:42:19,389: pmgr.0000.launching.0: MainProcess                     : MainThread     : DEBUG   : process class started child
2019-04-05 12:21:23,445: pmgr.0000.launching.0: MainProcess                     : MainThread     : INFO    : stop pmgr.0000.launching.0 (19286 : 19609 : MainThread) [radical.pilot.pilot_manager.PilotManager.finalize_parent]
2019-04-05 12:21:23,481: pmgr.0000.launching.0: MainProcess                     : MainThread     : INFO    : parent stops child  19286 -> 19609 [pmgr.0000.launching.0]
2019-04-05 12:21:23,481: pmgr.0000.launching.0: MainProcess                     : MainThread     : INFO    : send message: [pmgr.0000.launching.0] STOP
2019-04-05 12:21:23,481: pmgr.0000.launching.0: MainProcess                     : MainThread     : DEBUG   : ru_finalize_common()
2019-04-05 12:21:23,481: pmgr.0000.launching.0: MainProcess                     : MainThread     : DEBUG   : TERM : pmgr.0000.launching.0 unregister publisher log_pubsub
2019-04-05 12:21:23,481: pmgr.0000.launching.0: MainProcess                     : MainThread     : DEBUG   : unregistered publisher log_pubsub
2019-04-05 12:21:23,482: pmgr.0000.launching.0: MainProcess                     : MainThread     : DEBUG   : TERM : pmgr.0000.launching.0 unregister publisher state_pubsub
2019-04-05 12:21:23,482: pmgr.0000.launching.0: MainProcess                     : MainThread     : DEBUG   : unregistered publisher state_pubsub
2019-04-05 12:21:23,482: pmgr.0000.launching.0: MainProcess                     : MainThread     : DEBUG   : TERM : pmgr.0000.launching.0 unregister publisher control_pubsub
2019-04-05 12:21:23,483: pmgr.0000.launching.0: MainProcess                     : MainThread     : DEBUG   : unregistered publisher control_pubsub
2019-04-05 12:21:23,483: pmgr.0000.launching.0: MainProcess                     : MainThread     : DEBUG   : pmgr.0000.launching.0 close prof
2019-04-05 12:21:23,484: pmgr.0000.launching.0: MainProcess                     : MainThread     : INFO    : parent stops child
2019-04-05 12:21:23,485: pmgr.0000.launching.0: MainProcess                     : MainThread     : DEBUG   : ru_finalize_parent (NOOP)
2019-04-05 12:21:23,485: pmgr.0000.launching.0: MainProcess                     : MainThread     : DEBUG   : ru_finalize_common (NOOP)
2019-04-05 12:21:23,511: pmgr.0000.launching.0: MainProcess                     : pmgr.0000.launching.0.watch: INFO    : watcher closes
2019-04-05 12:21:23,511: pmgr.0000.launching.0: MainProcess                     : pmgr.0000.launching.0.watch: INFO    : put message: [pmgr.0000.launching.0.watch.thread] work finished
2019-04-05 12:21:23,511: pmgr.0000.launching.0: MainProcess                     : pmgr.0000.launching.0.watch: DEBUG   : ru_finalize_child (NOOP)
2019-04-05 12:21:23,511: pmgr.0000.launching.0: MainProcess                     : pmgr.0000.launching.0.watch: DEBUG   : ru_finalize_common (NOOP)
2019-04-05 12:21:23,511: pmgr.0000.launching.0: MainProcess                     : pmgr.0000.launching.0.watch: INFO    : put message: [pmgr.0000.launching.0.watch.thread] terminating
2019-04-05 12:21:25,516: pmgr.0000.launching.0: MainProcess                     : MainThread     : WARNING : failed to stop child - terminate: 19286 -> 19609 [pmgr.0000.launching.0]
2019-04-05 12:21:26,103: pmgr.0000.launching.0: MainProcess                     : MainThread     : INFO    : stop pmgr.0000.launching.0 (19286 : 19609 : MainThread) [radical.pilot.utils.component.PilotManager.ru_finalize_common]
2019-04-05 12:21:28,871: pmgr.0000.launching.0: MainProcess                     : MainThread     : INFO    : stop pmgr.0000.launching.0 (19286 : 19609 : MainThread) [radical.pilot.session.Session.close]
